Log file open, 03/13/17 18:29:07
LogInit:Display: Running engine for game: Call_Of_bread
LogPlatformFile: Not using cached read wrapper
LogInit:Display: RandInit(-1574455310) SRandInit(-1574455310).
LogTaskGraph: Started task graph with 5 named threads and 6 total threads with 1 sets of task threads.
LogStats: Stats thread started at 0.106692
LogPluginManager: Loaded Plugin Paper2D, From C:/Program Files (x86)/Epic Games/4.14/Engine/Plugins/2D/Paper2D/Paper2D.uplugin
LogPluginManager: Loaded Plugin LightPropagationVolume, From C:/Program Files (x86)/Epic Games/4.14/Engine/Plugins/Blendables/LightPropagationVolume/LightPropagationVolume.uplugin
LogPluginManager: Loaded Plugin BlankPlugin, From C:/Program Files (x86)/Epic Games/4.14/Engine/Plugins/Developer/BlankPlugin/BlankPlugin.uplugin
LogPluginManager: Loaded Plugin CodeLiteSourceCodeAccess, From C:/Program Files (x86)/Epic Games/4.14/Engine/Plugins/Developer/CodeLiteSourceCodeAccess/CodeLiteSourceCodeAccess.uplugin
LogPluginManager: Loaded Plugin GitSourceControl, From C:/Program Files (x86)/Epic Games/4.14/Engine/Plugins/Developer/GitSourceControl/GitSourceControl.uplugin
LogPluginManager: Loaded Plugin KDevelopSourceCodeAccess, From C:/Program Files (x86)/Epic Games/4.14/Engine/Plugins/Developer/KDevelopSourceCodeAccess/KDevelopSourceCodeAccess.uplugin
LogPluginManager: Loaded Plugin NullSourceCodeAccess, From C:/Program Files (x86)/Epic Games/4.14/Engine/Plugins/Developer/NullSourceCodeAccess/NullSourceCodeAccess.uplugin
LogPluginManager: Loaded Plugin OneSkyLocalizationService, From C:/Program Files (x86)/Epic Games/4.14/Engine/Plugins/Developer/OneSkyLocalizationService/OneSkyLocalizationService.uplugin
LogPluginManager: Loaded Plugin PerforceSourceControl, From C:/Program Files (x86)/Epic Games/4.14/Engine/Plugins/Developer/PerforceSourceControl/PerforceSourceControl.uplugin
LogPluginManager: Loaded Plugin SubversionSourceControl, From C:/Program Files (x86)/Epic Games/4.14/Engine/Plugins/Developer/SubversionSourceControl/SubversionSourceControl.uplugin
LogPluginManager: Loaded Plugin UObjectPlugin, From C:/Program Files (x86)/Epic Games/4.14/Engine/Plugins/Developer/UObjectPlugin/UObjectPlugin.uplugin
LogPluginManager: Loaded Plugin VisualStudioSourceCodeAccess, From C:/Program Files (x86)/Epic Games/4.14/Engine/Plugins/Developer/VisualStudioSourceCodeAccess/VisualStudioSourceCodeAccess.uplugin
LogPluginManager: Loaded Plugin XCodeSourceCodeAccess, From C:/Program Files (x86)/Epic Games/4.14/Engine/Plugins/Developer/XCodeSourceCodeAccess/XCodeSourceCodeAccess.uplugin
LogPluginManager: Loaded Plugin AudioCapture, From C:/Program Files (x86)/Epic Games/4.14/Engine/Plugins/Editor/AudioCapture/AudioCapture.uplugin
LogPluginManager: Loaded Plugin EpicSurvey, From C:/Program Files (x86)/Epic Games/4.14/Engine/Plugins/Editor/EpicSurvey/EpicSurvey.uplugin
LogPluginManager: Loaded Plugin MacGraphicsSwitching, From C:/Program Files (x86)/Epic Games/4.14/Engine/Plugins/Editor/MacGraphicsSwitching/MacGraphicsSwitching.uplugin
LogPluginManager: Loaded Plugin MobileLauncherProfileWizard, From C:/Program Files (x86)/Epic Games/4.14/Engine/Plugins/Editor/MobileLauncherProfileWizard/MobileLauncherProfileWizard.uplugin
LogPluginManager: Loaded Plugin PluginBrowser, From C:/Program Files (x86)/Epic Games/4.14/Engine/Plugins/Editor/PluginBrowser/PluginBrowser.uplugin
LogPluginManager: Loaded Plugin SpeedTreeImporter, From C:/Program Files (x86)/Epic Games/4.14/Engine/Plugins/Editor/SpeedTreeImporter/SpeedTreeImporter.uplugin
LogPluginManager: Loaded Plugin SuperSearchEditor, From C:/Program Files (x86)/Epic Games/4.14/Engine/Plugins/Editor/SuperSearchEditor/SuperSearchEditor.uplugin
LogPluginManager: Loaded Plugin AlembicImporter, From C:/Program Files (x86)/Epic Games/4.14/Engine/Plugins/Experimental/AlembicImporter/AlembicImporter.uplugin
LogPluginManager: Loaded Plugin BlueprintStats, From C:/Program Files (x86)/Epic Games/4.14/Engine/Plugins/Experimental/BlueprintStats/BlueprintStats.uplugin
LogPluginManager: Loaded Plugin CharacterAI, From C:/Program Files (x86)/Epic Games/4.14/Engine/Plugins/Experimental/CharacterAI/CharacterAI.uplugin
LogPluginManager: Loaded Plugin CodeEditor, From C:/Program Files (x86)/Epic Games/4.14/Engine/Plugins/Experimental/CodeEditor/CodeEditor.uplugin
LogPluginManager: Loaded Plugin CodeView, From C:/Program Files (x86)/Epic Games/4.14/Engine/Plugins/Experimental/CodeView/CodeView.uplugin
LogPluginManager: Loaded Plugin HTML5Networking, From C:/Program Files (x86)/Epic Games/4.14/Engine/Plugins/Experimental/HTML5Networking/HTML5Networking.uplugin
LogPluginManager: Loaded Plugin OSVR, From C:/Program Files (x86)/Epic Games/4.14/Engine/Plugins/Experimental/OSVR/OSVR.uplugin
LogPluginManager: Loaded Plugin Phya, From C:/Program Files (x86)/Epic Games/4.14/Engine/Plugins/Experimental/Phya/Phya.uplugin
LogPluginManager: Loaded Plugin SignificanceManager, From C:/Program Files (x86)/Epic Games/4.14/Engine/Plugins/Experimental/SignificanceManager/SignificanceManager.uplugin
LogPluginManager: Loaded Plugin SimpleHMD, From C:/Program Files (x86)/Epic Games/4.14/Engine/Plugins/Experimental/SimpleHMD/SimpleHMD.uplugin
LogPluginManager: Loaded Plugin StereoPanorama, From C:/Program Files (x86)/Epic Games/4.14/Engine/Plugins/Experimental/StereoPanorama/StereoPanorama.uplugin
LogPluginManager: Loaded Plugin StructBox, From C:/Program Files (x86)/Epic Games/4.14/Engine/Plugins/Experimental/StructBox/StructBox.uplugin
LogPluginManager: Loaded Plugin AndroidMedia, From C:/Program Files (x86)/Epic Games/4.14/Engine/Plugins/Media/AndroidMedia/AndroidMedia.uplugin
LogPluginManager: Loaded Plugin AvfMedia, From C:/Program Files (x86)/Epic Games/4.14/Engine/Plugins/Media/AvfMedia/AvfMedia.uplugin
LogPluginManager: Loaded Plugin MediaPlayerEditor, From C:/Program Files (x86)/Epic Games/4.14/Engine/Plugins/Media/MediaPlayerEditor/MediaPlayerEditor.uplugin
LogPluginManager: Loaded Plugin WmfMedia, From C:/Program Files (x86)/Epic Games/4.14/Engine/Plugins/Media/WmfMedia/WmfMedia.uplugin
LogPluginManager: Loaded Plugin MessagingDebugger, From C:/Program Files (x86)/Epic Games/4.14/Engine/Plugins/Messaging/MessagingDebugger/MessagingDebugger.uplugin
LogPluginManager: Loaded Plugin TcpMessaging, From C:/Program Files (x86)/Epic Games/4.14/Engine/Plugins/Messaging/TcpMessaging/TcpMessaging.uplugin
LogPluginManager: Loaded Plugin UdpMessaging, From C:/Program Files (x86)/Epic Games/4.14/Engine/Plugins/Messaging/UdpMessaging/UdpMessaging.uplugin
LogPluginManager: Loaded Plugin LevelSequenceEditor, From C:/Program Files (x86)/Epic Games/4.14/Engine/Plugins/MovieScene/LevelSequenceEditor/LevelSequenceEditor.uplugin
LogPluginManager: Loaded Plugin MatineeToLevelSequence, From C:/Program Files (x86)/Epic Games/4.14/Engine/Plugins/MovieScene/MatineeToLevelSequence/MatineeToLevelSequence.uplugin
LogPluginManager: Loaded Plugin NetcodeUnitTest, From C:/Program Files (x86)/Epic Games/4.14/Engine/Plugins/NetcodeUnitTest/NetcodeUnitTest/NetcodeUnitTest.uplugin
LogPluginManager: Loaded Plugin NUTUnrealEngine4, From C:/Program Files (x86)/Epic Games/4.14/Engine/Plugins/NetcodeUnitTest/NUTUnrealEngine4/NUTUnrealEngine4.uplugin
LogPluginManager: Loaded Plugin OnlineSubsystemGameCircle, From C:/Program Files (x86)/Epic Games/4.14/Engine/Plugins/Online/Android/OnlineSubsystemGameCircle/OnlineSubsystemGameCircle.uplugin
LogPluginManager: Loaded Plugin OnlineSubsystemGooglePlay, From C:/Program Files (x86)/Epic Games/4.14/Engine/Plugins/Online/Android/OnlineSubsystemGooglePlay/OnlineSubsystemGooglePlay.uplugin
LogPluginManager: Loaded Plugin OnlineSubsystemIOS, From C:/Program Files (x86)/Epic Games/4.14/Engine/Plugins/Online/IOS/OnlineSubsystemIOS/OnlineSubsystemIOS.uplugin
LogPluginManager: Loaded Plugin OnlineFramework, From C:/Program Files (x86)/Epic Games/4.14/Engine/Plugins/Online/OnlineFramework/OnlineFramework.uplugin
LogPluginManager: Loaded Plugin OnlineSubsystem, From C:/Program Files (x86)/Epic Games/4.14/Engine/Plugins/Online/OnlineSubsystem/OnlineSubsystem.uplugin
LogPluginManager: Loaded Plugin OnlineSubsystemAmazon, From C:/Program Files (x86)/Epic Games/4.14/Engine/Plugins/Online/OnlineSubsystemAmazon/OnlineSubsystemAmazon.uplugin
LogPluginManager: Loaded Plugin OnlineSubsystemFacebook, From C:/Program Files (x86)/Epic Games/4.14/Engine/Plugins/Online/OnlineSubsystemFacebook/OnlineSubsystemFacebook.uplugin
LogPluginManager: Loaded Plugin OnlineSubsystemNull, From C:/Program Files (x86)/Epic Games/4.14/Engine/Plugins/Online/OnlineSubsystemNull/OnlineSubsystemNull.uplugin
LogPluginManager: Loaded Plugin OnlineSubsystemOculus, From C:/Program Files (x86)/Epic Games/4.14/Engine/Plugins/Online/OnlineSubsystemOculus/OnlineSubsystemOculus.uplugin
LogPluginManager: Loaded Plugin OnlineSubsystemSteam, From C:/Program Files (x86)/Epic Games/4.14/Engine/Plugins/Online/OnlineSubsystemSteam/OnlineSubsystemSteam.uplugin
LogPluginManager: Loaded Plugin OnlineSubsystemUtils, From C:/Program Files (x86)/Epic Games/4.14/Engine/Plugins/Online/OnlineSubsystemUtils/OnlineSubsystemUtils.uplugin
LogPluginManager: Loaded Plugin IOSTapJoy, From C:/Program Files (x86)/Epic Games/4.14/Engine/Plugins/Runtime/Advertising/IOSTapJoy/IOSTapJoy.uplugin
LogPluginManager: Loaded Plugin AnalyticsBlueprintLibrary, From C:/Program Files (x86)/Epic Games/4.14/Engine/Plugins/Runtime/Analytics/AnalyticsBlueprintLibrary/AnalyticsBlueprintLibrary.uplugin
LogPluginManager: Loaded Plugin AnalyticsMulticast, From C:/Program Files (x86)/Epic Games/4.14/Engine/Plugins/Runtime/Analytics/AnalyticsMulticast/AnalyticsMulticast.uplugin
LogPluginManager: Loaded Plugin Apsalar, From C:/Program Files (x86)/Epic Games/4.14/Engine/Plugins/Runtime/Analytics/Apsalar/Apsalar.uplugin
LogPluginManager: Loaded Plugin FileLogging, From C:/Program Files (x86)/Epic Games/4.14/Engine/Plugins/Runtime/Analytics/FileLogging/FileLogging.uplugin
LogPluginManager: Loaded Plugin Flurry, From C:/Program Files (x86)/Epic Games/4.14/Engine/Plugins/Runtime/Analytics/Flurry/Flurry.uplugin
LogPluginManager: Loaded Plugin AndroidDeviceProfileSelector, From C:/Program Files (x86)/Epic Games/4.14/Engine/Plugins/Runtime/AndroidDeviceProfileSelector/AndroidDeviceProfileSelector.uplugin
LogPluginManager: Loaded Plugin AndroidMoviePlayer, From C:/Program Files (x86)/Epic Games/4.14/Engine/Plugins/Runtime/AndroidMoviePlayer/AndroidMoviePlayer.uplugin
LogPluginManager: Loaded Plugin AppleMoviePlayer, From C:/Program Files (x86)/Epic Games/4.14/Engine/Plugins/Runtime/AppleMoviePlayer/AppleMoviePlayer.uplugin
LogPluginManager: Loaded Plugin ArchVisCharacter, From C:/Program Files (x86)/Epic Games/4.14/Engine/Plugins/Runtime/ArchVisCharacter/ArchVisCharacter.uplugin
LogPluginManager: Loaded Plugin CableComponent, From C:/Program Files (x86)/Epic Games/4.14/Engine/Plugins/Runtime/CableComponent/CableComponent.uplugin
LogPluginManager: Loaded Plugin CustomMeshComponent, From C:/Program Files (x86)/Epic Games/4.14/Engine/Plugins/Runtime/CustomMeshComponent/CustomMeshComponent.uplugin
LogPluginManager: Loaded Plugin ExampleDeviceProfileSelector, From C:/Program Files (x86)/Epic Games/4.14/Engine/Plugins/Runtime/ExampleDeviceProfileSelector/ExampleDeviceProfileSelector.uplugin
LogPluginManager: Loaded Plugin GearVR, From C:/Program Files (x86)/Epic Games/4.14/Engine/Plugins/Runtime/GearVR/GearVR.uplugin
LogPluginManager: Loaded Plugin GoogleVRController, From C:/Program Files (x86)/Epic Games/4.14/Engine/Plugins/Runtime/GoogleVR/GoogleVRController/GoogleVRController.uplugin
LogPluginManager: Loaded Plugin GoogleVRHMD, From C:/Program Files (x86)/Epic Games/4.14/Engine/Plugins/Runtime/GoogleVR/GoogleVRHMD/GoogleVRHMD.uplugin
LogPluginManager: Loaded Plugin IOSDeviceProfileSelector, From C:/Program Files (x86)/Epic Games/4.14/Engine/Plugins/Runtime/IOSDeviceProfileSelector/IOSDeviceProfileSelector.uplugin
LogPluginManager: Loaded Plugin LeapMotion, From C:/Program Files (x86)/Epic Games/4.14/Engine/Plugins/Runtime/LeapMotion/LeapMotion.uplugin
LogPluginManager: Loaded Plugin LinuxDeviceProfileSelector, From C:/Program Files (x86)/Epic Games/4.14/Engine/Plugins/Runtime/LinuxDeviceProfileSelector/LinuxDeviceProfileSelector.uplugin
LogPluginManager: Loaded Plugin MIDIDevice, From C:/Program Files (x86)/Epic Games/4.14/Engine/Plugins/Runtime/MIDIDevice/MIDIDevice.uplugin
LogPluginManager: Loaded Plugin MobilePatchingUtils, From C:/Program Files (x86)/Epic Games/4.14/Engine/Plugins/Runtime/MobilePatchingUtils/MobilePatchingUtils.uplugin
LogPluginManager: Loaded Plugin Ansel, From C:/Program Files (x86)/Epic Games/4.14/Engine/Plugins/Runtime/Nvidia/Ansel/Ansel.uplugin
LogPluginManager: Loaded Plugin OculusAudio, From C:/Program Files (x86)/Epic Games/4.14/Engine/Plugins/Runtime/OculusAudio/OculusAudio.uplugin
LogPluginManager: Loaded Plugin OculusInput, From C:/Program Files (x86)/Epic Games/4.14/Engine/Plugins/Runtime/OculusInput/OculusInput.uplugin
LogPluginManager: Loaded Plugin OculusLibrary, From C:/Program Files (x86)/Epic Games/4.14/Engine/Plugins/Runtime/OculusLibrary/OculusLibrary.uplugin
LogPluginManager: Loaded Plugin OculusRift, From C:/Program Files (x86)/Epic Games/4.14/Engine/Plugins/Runtime/OculusRift/OculusRift.uplugin
LogPluginManager: Loaded Plugin Oodle, From C:/Program Files (x86)/Epic Games/4.14/Engine/Plugins/Runtime/PacketHandlers/CompressionComponents/Oodle/Oodle.uplugin
LogPluginManager: Loaded Plugin ProceduralMeshComponent, From C:/Program Files (x86)/Epic Games/4.14/Engine/Plugins/Runtime/ProceduralMeshComponent/ProceduralMeshComponent.uplugin
LogPluginManager: Loaded Plugin SoundMod, From C:/Program Files (x86)/Epic Games/4.14/Engine/Plugins/Runtime/SoundMod/SoundMod.uplugin
LogPluginManager: Loaded Plugin SoundVisualizations, From C:/Program Files (x86)/Epic Games/4.14/Engine/Plugins/Runtime/SoundVisualizations/SoundVisualizations.uplugin
LogPluginManager: Loaded Plugin SteamController, From C:/Program Files (x86)/Epic Games/4.14/Engine/Plugins/Runtime/Steam/SteamController/SteamController.uplugin
LogPluginManager: Loaded Plugin SteamVR, From C:/Program Files (x86)/Epic Games/4.14/Engine/Plugins/Runtime/Steam/SteamVR/SteamVR.uplugin
LogPluginManager: Loaded Plugin WebBrowserWidget, From C:/Program Files (x86)/Epic Games/4.14/Engine/Plugins/Runtime/WebBrowserWidget/WebBrowserWidget.uplugin
LogPluginManager: Loaded Plugin WindowsDeviceProfileSelector, From C:/Program Files (x86)/Epic Games/4.14/Engine/Plugins/Runtime/WindowsDeviceProfileSelector/WindowsDeviceProfileSelector.uplugin
LogPluginManager: Loaded Plugin WindowsMoviePlayer, From C:/Program Files (x86)/Epic Games/4.14/Engine/Plugins/Runtime/WindowsMoviePlayer/WindowsMoviePlayer.uplugin
LogPluginManager: Loaded Plugin ScriptPlugin, From C:/Program Files (x86)/Epic Games/4.14/Engine/Plugins/ScriptPlugin/ScriptPlugin.uplugin
LogPluginManager: Loaded Plugin SlateRemote, From C:/Program Files (x86)/Epic Games/4.14/Engine/Plugins/Slate/SlateRemote/SlateRemote.uplugin
LogPluginManager: Loaded Plugin EditorTests, From C:/Program Files (x86)/Epic Games/4.14/Engine/Plugins/Tests/EditorTests/EditorTests.uplugin
LogPluginManager: Loaded Plugin FbxAutomationTestBuilder, From C:/Program Files (x86)/Epic Games/4.14/Engine/Plugins/Tests/FbxAutomationTestBuilder/FbxAutomationTestBuilder.uplugin
LogPluginManager: Loaded Plugin FunctionalTestingEditor, From C:/Program Files (x86)/Epic Games/4.14/Engine/Plugins/Tests/FunctionalTestingEditor/FunctionalTestingEditor.uplugin
LogPluginManager: Loaded Plugin RuntimeTests, From C:/Program Files (x86)/Epic Games/4.14/Engine/Plugins/Tests/RuntimeTests/RuntimeTests.uplugin
LogPluginManager: Loaded Plugin ScreenshotTools, From C:/Program Files (x86)/Epic Games/4.14/Engine/Plugins/Tests/ScreenshotTools/ScreenshotTools.uplugin
LogInit: Using libcurl 7.47.1
LogInit:  - built for x86_64-pc-win32
LogInit:  - supports SSL with OpenSSL/1.0.2g
LogInit:  - supports HTTP deflate (compression) using libz 1.2.8
LogInit:  - other features:
LogInit:      CURL_VERSION_SSL
LogInit:      CURL_VERSION_LIBZ
LogInit:      CURL_VERSION_IPV6
LogInit:      CURL_VERSION_ASYNCHDNS
LogInit:      CURL_VERSION_LARGEFILE
LogInit:      CURL_VERSION_IDN
LogInit:  CurlRequestOptions (configurable via config and command line):
LogInit:  - bVerifyPeer = false  - Libcurl will NOT verify peer certificate
LogInit:  - bUseHttpProxy = false  - Libcurl will NOT use HTTP proxy
LogInit:  - bDontReuseConnections = false  - Libcurl will reuse connections
LogInit:  - CertBundlePath = nullptr  - Libcurl will use whatever was configured at build time.
LogInit: Build: ++UE4+Release-4.14-CL-3224400
LogInit: Engine Version: 4.14.1-3224400+++UE4+Release-4.14
LogInit: Compatible Engine Version: 4.14.0-3195953+++UE4+Release-4.14
LogInit: Net CL: 3195953
LogDevObjectVersion: Number of dev versions registered: 13
LogDevObjectVersion:   Dev-Blueprints (B0D832E4-1F89-4F0D-ACCF-7EB736FD4AA2): 7
LogDevObjectVersion:   Dev-Build (E1C64328-A22C-4D53-A36C-8E866417BD8C): 0
LogDevObjectVersion:   Dev-Core (375EC13C-06E4-48FB-B500-84F0262A717E): 1
LogDevObjectVersion:   Dev-Editor (E4B068ED-F494-42E9-A231-DA0B2E46BB41): 8
LogDevObjectVersion:   Dev-Framework (CFFC743F-43B0-4480-9391-14DF171D2073): 17
LogDevObjectVersion:   Dev-Mobile (B02B49B5-BB20-44E9-A304-32B752E40360): 0
LogDevObjectVersion:   Dev-Networking (A4E4105C-59A1-49B5-A7C5-40C4547EDFEE): 0
LogDevObjectVersion:   Dev-Online (39C831C9-5AE6-47DC-9A44-9C173E1C8E7C): 0
LogDevObjectVersion:   Dev-Physics (78F01B33-EBEA-4F98-B9B4-84EACCB95AA2): 0
LogDevObjectVersion:   Dev-Platform (6631380F-2D4D-43E0-8009-CF276956A95A): 0
LogDevObjectVersion:   Dev-Rendering (12F88B9F-8875-4AFC-A67C-D90C383ABD29): 12
LogDevObjectVersion:   Dev-Sequencer (7B5AE74C-D270-4C10-A958-57980B212A5A): 1
LogDevObjectVersion:   Dev-VR (D7296918-1DD6-4BDD-9DE2-64A83CC13884): 0
LogInit: Compiled (64-bit): Dec  7 2016 02:14:32
LogInit: Compiled with Visual C++: 19.00.23026.00
LogInit: Build Configuration: Development
LogInit: Branch Name: ++UE4+Release-4.14
LogInit: Command line:  
LogInit: Base directory: C:/Program Files (x86)/Epic Games/4.14/Engine/Binaries/Win64/
LogInit: Installed Engine Build: 1
LogInit: Presizing for max 8388607 objects, including 0 objects not considered by GC, pre-allocating 0 bytes for permanent pool.
LogInit: Object subsystem initialized
[2017.03.13-18.29.07:775][  0]LogInit: Selected Device Profile: [Windows]
[2017.03.13-18.29.07:775][  0]LogInit: Applying CVar settings loaded from the selected device profile: [Windows]
[2017.03.13-18.29.07:803][  0]LogInit: Computer: DESKTOP-VTD5TTC
[2017.03.13-18.29.07:803][  0]LogInit: User: Sabrina
[2017.03.13-18.29.07:803][  0]LogInit: CPU Page size=65536, Cores=2
[2017.03.13-18.29.07:803][  0]LogInit: High frequency timer resolution =2.742187 MHz
[2017.03.13-18.29.07:804][  0]LogMemory: Memory total: Physical=15.9GB (16GB approx)
[2017.03.13-18.29.07:804][  0]LogMemory: Platform Memory Stats for Windows
[2017.03.13-18.29.07:804][  0]LogMemory: Process Physical Memory: 263.52 MB used, 263.52 MB peak
[2017.03.13-18.29.07:804][  0]LogMemory: Process Virtual Memory: 262.44 MB used, 262.44 MB peak
[2017.03.13-18.29.07:804][  0]LogMemory: Physical Memory: 7797.00 MB used,  8513.11 MB free, 16310.11 MB total
[2017.03.13-18.29.07:804][  0]LogMemory: Virtual Memory: 674.53 MB used,  8513.11 MB free, 134217728.00 MB total
[2017.03.13-18.29.08:067][  0]LogTextLocalizationManager: No specific translations for ('en-US') exist, so ('en') translations will be used.
[2017.03.13-18.29.11:210][  0]LogD3D11RHI: D3D11 adapters:
[2017.03.13-18.29.11:316][  0]LogD3D11RHI:    0. 'NVIDIA GeForce GPU' (Feature Level 11_0)
[2017.03.13-18.29.11:316][  0]LogD3D11RHI:       996/0/8155 MB DedicatedVideo/DedicatedSystem/SharedSystem, Outputs:1, VendorId:0x10de
[2017.03.13-18.29.11:323][  0]LogD3D11RHI:    1. 'Intel(R) HD Graphics 520' (Feature Level 11_0)
[2017.03.13-18.29.11:323][  0]LogD3D11RHI:       128/0/8155 MB DedicatedVideo/DedicatedSystem/SharedSystem, Outputs:0, VendorId:0x8086
[2017.03.13-18.29.11:324][  0]LogD3D11RHI:    2. 'Microsoft Basic Render Driver' (Feature Level 11_0)
[2017.03.13-18.29.11:324][  0]LogD3D11RHI:       0/0/8155 MB DedicatedVideo/DedicatedSystem/SharedSystem, Outputs:0, VendorId:0x1414
[2017.03.13-18.29.11:324][  0]LogD3D11RHI: Chosen D3D11 Adapter: 0
[2017.03.13-18.29.11:330][  0]LogD3D11RHI: Creating new Direct3DDevice
[2017.03.13-18.29.11:330][  0]LogD3D11RHI:     GPU DeviceId: 0x134b (for the marketing name, search the web for "GPU Device Id")
[2017.03.13-18.29.11:330][  0]LogWindows: EnumDisplayDevices:
[2017.03.13-18.29.11:331][  0]LogWindows:    0. 'Intel(R) HD Graphics 520' (P:1 D:1)
[2017.03.13-18.29.11:331][  0]LogWindows:    1. 'Intel(R) HD Graphics 520' (P:0 D:0)
[2017.03.13-18.29.11:331][  0]LogWindows:    2. 'Intel(R) HD Graphics 520' (P:0 D:0)
[2017.03.13-18.29.11:331][  0]LogWindows: DebugString: PrimaryIsNotTheChoosenAdapter PrimaryIsNotTheChoosenAdapter PrimaryIsNotTheChoosenAdapter FoundDriverCount:0 
[2017.03.13-18.29.11:331][  0]LogD3D11RHI:     Adapter Name: NVIDIA GeForce GPU
[2017.03.13-18.29.11:331][  0]LogD3D11RHI:   Driver Version: Unknown (internal:Unknown, unified:Unknown)
[2017.03.13-18.29.11:331][  0]LogD3D11RHI:      Driver Date: Unknown
[2017.03.13-18.29.11:331][  0]LogRHI: Texture pool is 697 MB (70% of 996 MB)
[2017.03.13-18.29.11:349][  0]LogD3D11RHI: Async texture creation enabled
[2017.03.13-18.29.11:367][  0]LogD3D11RHI: GPU Timing Frequency: 1000.000000 (Debug: 2 2)
[2017.03.13-18.29.11:367][  0]LogShaderCompilers: Guid format shader working directory is -21 characters bigger than the processId version (../../../../../../Users/Sabrina/Documents/Call-Of-Bread/Call_Of_bread/Intermediate/Shaders/WorkingDirectory/6916/).
[2017.03.13-18.29.11:367][  0]LogShaderCompilers: Cleaned the shader compiler working directory 'C:/Users/Sabrina/AppData/Local/Temp/UnrealShaderWorkingDir/35A5B7A449293935343A39AA45B8B124/'.
[2017.03.13-18.29.11:367][  0]LogShaderCompilers:Display: Using Local Shader Compiler.
[2017.03.13-18.29.13:970][  0]LogTemp:Display: Loaded TP AllDesktopTargetPlatform
[2017.03.13-18.29.14:025][  0]LogTemp:Display: Loaded TP MacClientTargetPlatform
[2017.03.13-18.29.14:081][  0]LogTemp:Display: Loaded TP MacNoEditorTargetPlatform
[2017.03.13-18.29.14:148][  0]LogTemp:Display: Loaded TP MacServerTargetPlatform
[2017.03.13-18.29.14:209][  0]LogTemp:Display: Loaded TP MacTargetPlatform
[2017.03.13-18.29.14:264][  0]LogTemp:Display: Loaded TP WindowsClientTargetPlatform
[2017.03.13-18.29.14:328][  0]LogTemp:Display: Loaded TP WindowsNoEditorTargetPlatform
[2017.03.13-18.29.14:384][  0]LogTemp:Display: Loaded TP WindowsServerTargetPlatform
[2017.03.13-18.29.14:430][  0]LogTemp:Display: Loaded TP WindowsTargetPlatform
[2017.03.13-18.29.14:486][  0]LogTemp:Display: Loaded TP AndroidTargetPlatform
[2017.03.13-18.29.14:546][  0]LogTemp:Display: Loaded TP Android_ASTCTargetPlatform
[2017.03.13-18.29.14:601][  0]LogTemp:Display: Loaded TP Android_ATCTargetPlatform
[2017.03.13-18.29.14:662][  0]LogTemp:Display: Loaded TP Android_DXTTargetPlatform
[2017.03.13-18.29.14:725][  0]LogTemp:Display: Loaded TP Android_ETC1TargetPlatform
[2017.03.13-18.29.14:782][  0]LogTemp:Display: Loaded TP Android_ETC2TargetPlatform
[2017.03.13-18.29.14:900][  0]LogTemp:Display: Loaded TP Android_MultiTargetPlatform
[2017.03.13-18.29.14:900][  0]LogTemp:Display: Loaded TP Android_PVRTCTargetPlatform
[2017.03.13-18.29.14:942][  0]LogTemp:Display: Loaded TP HTML5TargetPlatform
[2017.03.13-18.29.15:087][  0]LogTemp:Display: Loaded TP IOSTargetPlatform
[2017.03.13-18.29.15:124][  0]LogTemp:Display: Loaded TP TVOSTargetPlatform
[2017.03.13-18.29.15:189][  0]LogTemp:Display: Loaded TP LinuxClientTargetPlatform
[2017.03.13-18.29.15:247][  0]LogTemp:Display: Loaded TP LinuxNoEditorTargetPlatform
[2017.03.13-18.29.15:303][  0]LogTemp:Display: Loaded TP LinuxServerTargetPlatform
[2017.03.13-18.29.15:369][  0]LogTemp:Display: Loaded TP LinuxTargetPlatform
[2017.03.13-18.29.15:369][  0]LogTargetPlatformManager:Display: Building Assets For Windows
[2017.03.13-18.29.16:040][  0]LogDerivedDataCache:Display: Max Cache Size: 512 MB
[2017.03.13-18.29.16:095][  0]LogDerivedDataCache: Loaded boot cache 0.05s 50MB C:/Users/Sabrina/AppData/Local/UnrealEngine/4.14/DerivedDataCache/Boot.ddc.
[2017.03.13-18.29.16:095][  0]LogDerivedDataCache:Display: Loaded Boot cache: C:/Users/Sabrina/AppData/Local/UnrealEngine/4.14/DerivedDataCache/Boot.ddc
[2017.03.13-18.29.16:095][  0]LogDerivedDataCache: FDerivedDataBackendGraph:  Pak pak cache file ../../../../../../Users/Sabrina/Documents/Call-Of-Bread/Call_Of_bread/DerivedDataCache/DDC.ddp not found, will not use a pak cache.
[2017.03.13-18.29.16:095][  0]LogDerivedDataCache: Unable to find inner node Pak for hierarchical cache Hierarchy.
[2017.03.13-18.29.16:095][  0]LogDerivedDataCache: FDerivedDataBackendGraph:  CompressedPak pak cache file ../../../../../../Users/Sabrina/Documents/Call-Of-Bread/Call_Of_bread/DerivedDataCache/Compressed.ddp not found, will not use a pak cache.
[2017.03.13-18.29.16:095][  0]LogDerivedDataCache: Unable to find inner node CompressedPak for hierarchical cache Hierarchy.
[2017.03.13-18.29.16:119][  0]LogDerivedDataCache:Display: Pak cache opened for reading ../../../Engine/DerivedDataCache/Compressed.ddp.
[2017.03.13-18.29.16:131][  0]LogDerivedDataCache: Using Local data cache path C:/Users/Sabrina/AppData/Local/UnrealEngine/Common/DerivedDataCache: Writable
[2017.03.13-18.29.18:681][  0]LogInit: Selected Device Profile: [Windows]
[2017.03.13-18.29.18:683][  0]LogContentStreaming: Texture pool size is 0.00 MB
[2017.03.13-18.29.18:937][  0]LogMeshUtilities: Using QuadricMeshReduction for automatic static mesh reduction
[2017.03.13-18.29.19:012][  0]LogSimplygon: Simplygon DLL not present - disabling.
[2017.03.13-18.29.19:062][  0]LogMeshUtilities: Using SimplygonSwarm for distributed automatic mesh merging
[2017.03.13-18.29.19:062][  0]LogMeshUtilities: No automatic skeletal mesh reduction module available
[2017.03.13-18.29.19:062][  0]LogMeshUtilities: No automatic mesh merging module available
[2017.03.13-18.29.20:204][  0]LogNetVersion: GetLocalNetworkVersion: CL: 3195953, ProjectName: call_of_bread, ProjectVersion: , EngineNetworkVersion: 2, GameNetworkVersion: 0, NetworkChecksum: 1183517265
[2017.03.13-18.29.20:278][  0]LogAssetRegistry: FAssetRegistry took 0.0212 seconds to start up
[2017.03.13-18.29.20:336][  0]LogPackageLocalizationCache: Processed 3 localized package path(s) for 2 prioritized culture(s) in 0.034245 seconds
[2017.03.13-18.29.20:342][  0]LogUObjectArray: 31946 objects as part of root set at end of initial load.
[2017.03.13-18.29.20:342][  0]LogUObjectAllocator: 6935840 out of 0 bytes used by permanent object pool.
[2017.03.13-18.29.20:342][  0]LogUObjectArray: CloseDisregardForGC: 0/0 objects in disregard for GC pool
[2017.03.13-18.29.20:406][  0]LogInit: WinSock: version 1.1 (2.2), MaxSocks=32767, MaxUdp=65467
[2017.03.13-18.29.21:264][  0]LogSlate: Using Freetype 2.6.0
[2017.03.13-18.29.21:276][  0]LogSlate: SlateFontCache - WITH_FREETYPE: 1, WITH_HARFBUZZ: 1
[2017.03.13-18.29.21:276][  0]LogSlate: SlateFontCache - WITH_FREETYPE: 1, WITH_HARFBUZZ: 1
[2017.03.13-18.29.23:709][  0]LogTcpMessaging: Initializing TcpMessaging bridge
[2017.03.13-18.29.23:767][  0]LogUdpMessaging: Initializing bridge on interface 0.0.0.0:0 to multicast group 230.0.0.1:6666.
[2017.03.13-18.29.24:320][  0]LogMaterial: Uniform references updated for custom material expression Custom.
[2017.03.13-18.29.24:956][  0]SourceControl: Info Source control is disabled
[2017.03.13-18.29.24:989][  0]SourceControl: Info Source control is disabled
[2017.03.13-18.29.25:072][  0]SourceControl: Info Source control is disabled
[2017.03.13-18.29.25:113][  0]SourceControl: Info Source control is disabled
[2017.03.13-18.29.26:677][  0]LogEngine: Initializing Engine...
[2017.03.13-18.29.26:677][  0]LogHMD: Failed to initialize OpenVR with code 110
[2017.03.13-18.29.27:202][  0]LogAIModule: Creating AISystem for world Untitled
[2017.03.13-18.29.27:214][  0]LogInit: XAudio2 using 'Headphones (Hesh 2 Wireless Stereo)' : 2 channels at 44.1 kHz using 16 bits per sample (channel mask 0x3)
[2017.03.13-18.29.27:225][  0]LogInit: FAudioDevice initialized.
[2017.03.13-18.29.27:251][  0]LogDerivedDataCache: Saved boot cache 0.03s 50MB C:/Users/Sabrina/AppData/Local/UnrealEngine/4.14/DerivedDataCache/Boot.ddc.
[2017.03.13-18.29.27:265][  0]LogInit: Texture streaming: Enabled
[2017.03.13-18.29.27:796][  0]LogInit: Transaction tracking system initialized
[2017.03.13-18.29.28:526][  0]BlueprintLog: New page: Editor Load
[2017.03.13-18.29.29:929][  0]LocalizationService: Info Localization service is disabled
[2017.03.13-18.29.30:918][  0]LogConsoleResponse:Display: 
[2017.03.13-18.29.31:562][  0]LogCook:Display: Max memory allowance for cook 16384mb min free memory 0mb
[2017.03.13-18.29.31:562][  0]LogCook:Display: Mobile HDR setting 1
[2017.03.13-18.29.32:395][  0]LogFileCache: Scanning file cache for directory 'C:/Users/Sabrina/Documents/Call-Of-Bread/Call_Of_bread/Content/' took 0.02s
[2017.03.13-18.29.33:239][  0]SourceControl: Info Source control is disabled
[2017.03.13-18.29.33:240][  0]Cmd: MAP LOAD FILE="../../../../../../Users/Sabrina/Documents/Call-Of-Bread/Call_Of_bread/Content/ThirdPersonBP/Maps/ThirdPersonExampleMap.umap" TEMPLATE=0 SHOWPROGRESS=1 FEATURELEVEL=3
[2017.03.13-18.29.33:258][  0]LightingResults: New page: Lighting Build
[2017.03.13-18.29.33:349][  0]MapCheck: New page: Map Check
[2017.03.13-18.29.33:349][  0]LightingResults: New page: Lighting Build
[2017.03.13-18.29.34:883][  0]LogAIModule: Creating AISystem for world ThirdPersonExampleMap
[2017.03.13-18.29.35:179][  0]LogEditorServer: Finished looking for orphan Actors (0.000 secs)
[2017.03.13-18.29.35:179][  0]Cmd: MAP CHECKDEP NOCLEARLOG
[2017.03.13-18.29.35:257][  0]MapCheck: Info Map check complete: 0 Error(s), 0 Warning(s), took 77.701ms to complete.
[2017.03.13-18.29.35:257][  0]LogFileHelpers: Loading map 'ThirdPersonExampleMap' took 2.018
[2017.03.13-18.29.35:484][  0]LogCollectionManager: Loaded 0 collections in 0.002198 seconds
[2017.03.13-18.29.35:600][  0]LogFileCache: Scanning file cache for directory 'C:/Users/Sabrina/Documents/Call-Of-Bread/Call_Of_bread/Saved/Collections/' took 0.01s
[2017.03.13-18.29.35:600][  0]LogFileCache: Scanning file cache for directory 'C:/Users/Sabrina/Documents/Call-Of-Bread/Call_Of_bread/Content/Developers/Sabrina/Collections/' took 0.01s
[2017.03.13-18.29.35:600][  0]LogFileCache: Scanning file cache for directory 'C:/Users/Sabrina/Documents/Call-Of-Bread/Call_Of_bread/Content/Collections/' took 0.01s
[2017.03.13-18.29.35:600][  0]LogCollectionManager: Rebuilt the GUID cache for 0 collections in 0.000003 seconds
[2017.03.13-18.29.35:613][  0]LogContentBrowser: Native class hierarchy populated in 0.0128 seconds. Added 2190 classes and 428 folders.
[2017.03.13-18.29.35:703][  0]LogStats: UGameplayTagsManager::ConstructGameplayTagTree: Construct from data asset -  0.000 s
[2017.03.13-18.29.35:703][  0]LogStats: UGameplayTagsManager::ConstructGameplayTagTree: GameplayTagTreeChangedEvent.Broadcast -  0.000 s
[2017.03.13-18.29.35:704][  0]LogContentBrowser: Native class hierarchy updated for 'GameplayTags' in 0.0007 seconds. Added 13 classes and 0 folders.
[2017.03.13-18.29.35:814][  0]LogContentBrowser: Native class hierarchy updated for 'WidgetCarousel' in 0.0008 seconds. Added 0 classes and 0 folders.
[2017.03.13-18.29.36:203][  0]LogContentBrowser: Native class hierarchy updated for 'AddContentDialog' in 0.0007 seconds. Added 0 classes and 0 folders.
[2017.03.13-18.29.36:274][  0]LogContentBrowser: Native class hierarchy updated for 'SceneOutliner' in 0.0009 seconds. Added 1 classes and 2 folders.
[2017.03.13-18.29.36:447][  0]LogCrashTracker: Crashtracker disabled due to settings.
[2017.03.13-18.29.36:460][  0]LogUObjectGlobals:Warning: Failed to find object 'Class None.'
[2017.03.13-18.29.36:594][  0]LogContentBrowser: Native class hierarchy updated for 'HierarchicalLODOutliner' in 0.0007 seconds. Added 1 classes and 2 folders.
[2017.03.13-18.29.36:594][  0]LogLoad: (Engine Initialization) Total time: 31.61 seconds
[2017.03.13-18.29.36:594][  0]LogLoad: (Engine Initialization) Total Blueprint compile time: 0.29 seconds
[2017.03.13-18.29.36:594][  0]LogExternalProfiler: Found external profiler: VSPerf
[2017.03.13-18.29.36:594][  0]LogExternalProfiler: Using external profiler: VSPerf
[2017.03.13-18.29.36:612][  0]LogOcInput: OculusInput pre-init called
[2017.03.13-18.29.36:633][  0]LogContentStreaming: Texture pool size now 1000 MB
[2017.03.13-18.29.36:866][  0]LogRenderer: Reallocating scene render targets to support 1152x544 NumSamples 1 (Frame:2).
[2017.03.13-18.29.37:098][  1]LogAssetRegistry: Asset discovery search completed in 16.8413 seconds
[2017.03.13-18.29.37:098][  1]LogCollectionManager: Rebuilt the object cache for 0 collections in 0.000001 seconds (found 0 objects)
[2017.03.13-18.29.37:098][  1]LogCollectionManager: Fixed up redirectors for 0 collections in 0.000015 seconds (updated 0 objects)
[2017.03.13-18.29.43:462][299]LogAIModule: Creating AISystem for world test-Level
[2017.03.13-18.29.43:505][299]Cmd: MAP LOAD FILE="../../../../../../Users/Sabrina/Documents/Call-Of-Bread/Call_Of_bread/Content/Test-Level.umap" TEMPLATE=0 SHOWPROGRESS=1 FEATURELEVEL=3
[2017.03.13-18.29.43:506][299]LightingResults: New page: Lighting Build
[2017.03.13-18.29.43:506][299]LoadErrors: New page: Loading map: Test-Level.umap
[2017.03.13-18.29.43:508][299]MapCheck: New page: Map Check
[2017.03.13-18.29.43:508][299]LightingResults: New page: Lighting Build
[2017.03.13-18.29.43:595][299]LogEditorServer: Finished looking for orphan Actors (0.000 secs)
[2017.03.13-18.29.43:624][299]Cmd: MAP CHECKDEP NOCLEARLOG
[2017.03.13-18.29.43:679][299]MapCheck: Info Map check complete: 0 Error(s), 0 Warning(s), took 55.321ms to complete.
[2017.03.13-18.29.43:680][299]LogFileHelpers: Loading map 'Test-Level' took 0.175
[2017.03.13-18.30.26:679][730]LogFactory: FactoryCreateFile: StaticMesh with FbxFactory (0 0 C:\Users\Sabrina\Desktop\CALL OF BREAD GAME\Fbx files\climbingmagnets.fbx)
[2017.03.13-18.30.26:707][730]LogFbx: ItemName: GlobalSettings, ItemCount : 1
[2017.03.13-18.30.26:707][730]LogFbx: ItemName: NodeAttribute, ItemCount : 2
[2017.03.13-18.30.26:707][730]LogFbx: ItemName: Geometry, ItemCount : 1
[2017.03.13-18.30.26:707][730]LogFbx: ItemName: Model, ItemCount : 3
[2017.03.13-18.30.26:707][730]LogFbx: ItemName: Material, ItemCount : 1
[2017.03.13-18.30.26:713][730]LogFbx: Loading FBX Scene from C:\Users\Sabrina\Desktop\CALL OF BREAD GAME\Fbx files\climbingmagnets.fbx
[2017.03.13-18.30.26:722][730]LogFbx: FBX Scene Loaded Succesfully
[2017.03.13-18.30.29:005][730]LogFbx: Loading FBX Scene from C:\Users\Sabrina\Desktop\CALL OF BREAD GAME\Fbx files\climbingmagnets.fbx
[2017.03.13-18.30.29:014][730]LogFbx: FBX Scene Loaded Succesfully
[2017.03.13-18.30.29:025][730]LogLinker: Can't find file '/Game/Assets/Material_001'
[2017.03.13-18.30.29:025][730]LogLinker: Can't find file '/Game/Assets/Material_001'
[2017.03.13-18.30.29:040][730]LogMaterial: Missing cached shader map for material Material_001, compiling. 
[2017.03.13-18.30.29:070][730]LogFbx:Warning: Triangulating static mesh Circle
[2017.03.13-18.30.29:206][730]LogStaticMesh: Building static mesh climbingmagnets...
[2017.03.13-18.30.29:261][730]LogStaticMesh: Built static mesh [0.06s] /Game/Assets/climbingmagnets.climbingmagnets
[2017.03.13-18.30.29:281][730]FBXImport:Warning: Warning No smoothing group information was found in this FBX scene.  Please make sure to enable the 'Export Smoothing Groups' option in the FBX Exporter plug-in before exporting the file.  Even for tools that don't support smoothing groups, the FBX Exporter will generate appropriate smoothing data at export-time so that correct vertex normals can be inferred while importing. 
[2017.03.13-18.30.29:281][730]FBXImport:Warning: Warning Warning: The imported mesh is very small. This is most likely an issue with the units used when exporting to FBX. 
[2017.03.13-18.30.43:024][197]LogRenderer: Reallocating scene render targets to support 1152x568 NumSamples 1 (Frame:2053).
[2017.03.13-18.32.05:056][ 46]LogFactory: FactoryCreateFile: StaticMesh with FbxFactory (0 0 C:\Users\Sabrina\Desktop\CALL OF BREAD GAME\Fbx files\climbingmagnets.fbx)
[2017.03.13-18.32.05:065][ 46]LogFbx: ItemName: GlobalSettings, ItemCount : 1
[2017.03.13-18.32.05:065][ 46]LogFbx: ItemName: NodeAttribute, ItemCount : 2
[2017.03.13-18.32.05:065][ 46]LogFbx: ItemName: Geometry, ItemCount : 1
[2017.03.13-18.32.05:065][ 46]LogFbx: ItemName: Model, ItemCount : 3
[2017.03.13-18.32.05:065][ 46]LogFbx: ItemName: Material, ItemCount : 1
[2017.03.13-18.32.05:070][ 46]LogFbx: Loading FBX Scene from C:\Users\Sabrina\Desktop\CALL OF BREAD GAME\Fbx files\climbingmagnets.fbx
[2017.03.13-18.32.05:077][ 46]LogFbx: FBX Scene Loaded Succesfully
[2017.03.13-18.32.06:815][ 46]LogFbx: Loading FBX Scene from C:\Users\Sabrina\Desktop\CALL OF BREAD GAME\Fbx files\climbingmagnets.fbx
[2017.03.13-18.32.06:824][ 46]LogFbx: FBX Scene Loaded Succesfully
[2017.03.13-18.32.06:826][ 46]LogLinker: Can't find file '/Game/Assets/Material_001'
[2017.03.13-18.32.06:826][ 46]LogLinker: Can't find file '/Game/Assets/Material_001'
[2017.03.13-18.32.06:830][ 46]LogMaterial: Missing cached shader map for material Material_001, compiling. 
[2017.03.13-18.32.06:845][ 46]LogFbx:Warning: Triangulating static mesh Circle
[2017.03.13-18.32.07:002][ 46]LogStaticMesh: Building static mesh climbingmagnets...
[2017.03.13-18.32.07:029][ 46]LogStaticMesh: Built static mesh [0.06s] /Game/Assets/climbingmagnets.climbingmagnets
[2017.03.13-18.32.07:039][ 46]FBXImport:Warning: Warning No smoothing group information was found in this FBX scene.  Please make sure to enable the 'Export Smoothing Groups' option in the FBX Exporter plug-in before exporting the file.  Even for tools that don't support smoothing groups, the FBX Exporter will generate appropriate smoothing data at export-time so that correct vertex normals can be inferred while importing. 
[2017.03.13-18.37.19:892][115]LogFactory: FactoryCreateFile: StaticMesh with FbxFactory (0 0 C:\Users\Sabrina\Desktop\CALL OF BREAD GAME\Fbx files\climbingmagnets.fbx)
[2017.03.13-18.37.19:899][115]LogFbx: ItemName: GlobalSettings, ItemCount : 1
[2017.03.13-18.37.19:899][115]LogFbx: ItemName: NodeAttribute, ItemCount : 2
[2017.03.13-18.37.19:899][115]LogFbx: ItemName: Geometry, ItemCount : 1
[2017.03.13-18.37.19:899][115]LogFbx: ItemName: Model, ItemCount : 3
[2017.03.13-18.37.19:899][115]LogFbx: ItemName: Material, ItemCount : 1
[2017.03.13-18.37.19:906][115]LogFbx: Loading FBX Scene from C:\Users\Sabrina\Desktop\CALL OF BREAD GAME\Fbx files\climbingmagnets.fbx
[2017.03.13-18.37.19:916][115]LogFbx: FBX Scene Loaded Succesfully
[2017.03.13-18.37.21:817][115]LogFbx: Loading FBX Scene from C:\Users\Sabrina\Desktop\CALL OF BREAD GAME\Fbx files\climbingmagnets.fbx
[2017.03.13-18.37.21:826][115]LogFbx: FBX Scene Loaded Succesfully
[2017.03.13-18.37.21:829][115]LogLinker: Can't find file '/Game/Assets/Material_001'
[2017.03.13-18.37.21:829][115]LogLinker: Can't find file '/Game/Assets/Material_001'
[2017.03.13-18.37.21:835][115]LogMaterial: Missing cached shader map for material Material_001, compiling. 
[2017.03.13-18.37.21:856][115]LogFbx:Warning: Triangulating static mesh Circle
[2017.03.13-18.37.22:014][115]LogStaticMesh: Building static mesh climbingmagnets...
[2017.03.13-18.37.22:049][115]LogStaticMesh: Built static mesh [0.07s] /Game/Assets/climbingmagnets.climbingmagnets
[2017.03.13-18.37.22:058][115]FBXImport:Warning: Warning No smoothing group information was found in this FBX scene.  Please make sure to enable the 'Export Smoothing Groups' option in the FBX Exporter plug-in before exporting the file.  Even for tools that don't support smoothing groups, the FBX Exporter will generate appropriate smoothing data at export-time so that correct vertex normals can be inferred while importing. 
[2017.03.13-18.37.45:767][915]Cmd: OBJ SAVEPACKAGE PACKAGE="/Game/Assets/climbingmagnets" FILE="../../../../../../Users/Sabrina/Documents/Call-Of-Bread/Call_Of_bread/Content/Assets/climbingmagnets.uasset" SILENT=true
[2017.03.13-18.37.45:791][915]LogSavePackage: Save=20.64ms
[2017.03.13-18.37.45:791][915]LogSavePackage: Moving '../../../../../../Users/Sabrina/Documents/Call-Of-Bread/Call_Of_bread/Saved/climbingmagnets1EA68BE5431265E013DB279B230ECC8D.tmp' to '../../../../../../Users/Sabrina/Documents/Call-Of-Bread/Call_Of_bread/Content/Assets/climbingmagnets.uasset'
[2017.03.13-18.37.45:797][915]LogSavePackage:Display: Finished SavePackage ../../../../../../Users/Sabrina/Documents/Call-Of-Bread/Call_Of_bread/Content/Assets/climbingmagnets.uasset
[2017.03.13-18.37.45:879][915]Cmd: OBJ SAVEPACKAGE PACKAGE="/Game/Assets/Material_001" FILE="../../../../../../Users/Sabrina/Documents/Call-Of-Bread/Call_Of_bread/Content/Assets/Material_001.uasset" SILENT=true
[2017.03.13-18.37.45:904][915]LogSavePackage: Save=23.44ms
[2017.03.13-18.37.45:904][915]LogSavePackage: Moving '../../../../../../Users/Sabrina/Documents/Call-Of-Bread/Call_Of_bread/Saved/Material_001D83965E74508EA3CF5E5F5836333BB43.tmp' to '../../../../../../Users/Sabrina/Documents/Call-Of-Bread/Call_Of_bread/Content/Assets/Material_001.uasset'
[2017.03.13-18.37.45:908][915]LogSavePackage:Display: Finished SavePackage ../../../../../../Users/Sabrina/Documents/Call-Of-Bread/Call_Of_bread/Content/Assets/Material_001.uasset
[2017.03.13-19.06.23:992][249]Cmd: QUIT_EDITOR
[2017.03.13-19.06.24:038][249]LogWindowsTextInputMethodSystem:Display: IME system now deactivated.
[2017.03.13-19.06.24:038][249]LogWindowsTextInputMethodSystem:Display: IME system now deactivated.
[2017.03.13-19.06.24:076][249]LogExit: Preparing to exit.
[2017.03.13-19.06.24:748][249]LogDirectoryWatcher: A directory notification for 'C:/Users/Sabrina/Documents/Call-Of-Bread/Call_Of_bread/Content/' was aborted.
[2017.03.13-19.06.24:886][249]LogExit: Editor shut down
[2017.03.13-19.06.24:888][249]LogExit: Transaction tracking system shut down
[2017.03.13-19.06.25:026][249]LogObj: Freed 0b from 0 cluster array pools.
[2017.03.13-19.06.25:026][249]LogExit: Object subsystem successfully closed.
[2017.03.13-19.06.25:044][249]LogD3D11RHI: Shutdown
[2017.03.13-19.06.25:045][249]LogD3D11RHI: CleanupD3DDevice
[2017.03.13-19.06.25:187][249]LogD3D11RHI: ~FD3D11DynamicRHI
[2017.03.13-19.06.25:201][249]LogHttp:Display: Http module shutting down, but needs to wait on 1 outstanding Http requests:
[2017.03.13-19.06.25:201][249]LogHttp:Display: 	verb=[POST] url=[https://datarouter.ol.epicgames.com/datarouter/api/v1/public/data?SessionID=%7B088CC56C-458F-81AA-0129-97B6366D2B67%7D&AppID=UEEditor.Rocket.Release&AppVersion=4.14.1-3224400%2B%2B%2BUE4%2BRelease-4.14&UserID=c7f13bf945c3301e352a60bf81dddae3%7Cf7698a23ab304a72af95938514704e6f%7Ca4eec51f-45a8-441a-8972-fd03d43fbe44&AppEnvironment=datacollector-binary&UploadType=eteventstream] status=Processing
[2017.03.13-19.06.25:218][249]LogModuleManager: Shutting down and abandoning module StaticMeshEditor (242)
[2017.03.13-19.06.25:218][249]LogModuleManager: Shutting down and abandoning module HierarchicalLODOutliner (241)
[2017.03.13-19.06.25:218][249]LogModuleManager: Shutting down and abandoning module CrashTracker (240)
[2017.03.13-19.06.25:218][249]LogModuleManager: Shutting down and abandoning module SceneOutliner (239)
[2017.03.13-19.06.25:218][249]LogModuleManager: Shutting down and abandoning module WidgetCarousel (238)
[2017.03.13-19.06.25:218][249]LogModuleManager: Shutting down and abandoning module AddContentDialog (237)
[2017.03.13-19.06.25:219][249]LogDirectoryWatcher: A directory notification for 'C:/Program Files (x86)/Epic Games/4.14/FeaturePacks/' was aborted.
[2017.03.13-19.06.25:226][249]LogModuleManager: Shutting down and abandoning module GameplayTags (236)
[2017.03.13-19.06.25:226][249]LogModuleManager: Shutting down and abandoning module EditorWidgets (235)
[2017.03.13-19.06.25:226][249]LogModuleManager: Shutting down and abandoning module CollectionManager (234)
[2017.03.13-19.06.25:226][249]LogDirectoryWatcher: A directory notification for 'C:/Users/Sabrina/Documents/Call-Of-Bread/Call_Of_bread/Content/Collections/' was aborted.
[2017.03.13-19.06.25:226][249]LogDirectoryWatcher: A directory notification for 'C:/Users/Sabrina/Documents/Call-Of-Bread/Call_Of_bread/Content/Developers/Sabrina/Collections/' was aborted.
[2017.03.13-19.06.25:226][249]LogDirectoryWatcher: A directory notification for 'C:/Users/Sabrina/Documents/Call-Of-Bread/Call_Of_bread/Saved/Collections/' was aborted.
[2017.03.13-19.06.25:226][249]LogModuleManager: Shutting down and abandoning module StatsViewer (233)
[2017.03.13-19.06.25:226][249]LogModuleManager: Shutting down and abandoning module FoliageEdit (232)
[2017.03.13-19.06.25:226][249]LogModuleManager: Shutting down and abandoning module LandscapeEditor (231)
[2017.03.13-19.06.25:226][249]LogModuleManager: Shutting down and abandoning module SceneDepthPickerMode (230)
[2017.03.13-19.06.25:226][249]LogModuleManager: Shutting down and abandoning module ActorPickerMode (229)
[2017.03.13-19.06.25:226][249]LogModuleManager: Shutting down and abandoning module GeometryMode (228)
[2017.03.13-19.06.25:226][249]LogModuleManager: Shutting down and abandoning module TextureAlignMode (227)
[2017.03.13-19.06.25:226][249]LogModuleManager: Shutting down and abandoning module BspMode (226)
[2017.03.13-19.06.25:227][249]LogModuleManager: Shutting down and abandoning module HardwareSurvey (225)
[2017.03.13-19.06.25:227][249]LogModuleManager: Shutting down and abandoning module SequenceRecorderSections (224)
[2017.03.13-19.06.25:227][249]LogModuleManager: Shutting down and abandoning module AutomationWorker (223)
[2017.03.13-19.06.25:227][249]LogModuleManager: Shutting down and abandoning module MatineeToLevelSequence (222)
[2017.03.13-19.06.25:227][249]LogModuleManager: Shutting down and abandoning module PlacementMode (221)
[2017.03.13-19.06.25:227][249]LogModuleManager: Shutting down and abandoning module LevelSequenceEditor (220)
[2017.03.13-19.06.25:227][249]LogModuleManager: Shutting down and abandoning module WmfMediaFactory (219)
[2017.03.13-19.06.25:227][249]LogModuleManager: Shutting down and abandoning module WmfMediaEditor (218)
[2017.03.13-19.06.25:227][249]LogModuleManager: Shutting down and abandoning module AvfMediaFactory (217)
[2017.03.13-19.06.25:227][249]LogModuleManager: Shutting down and abandoning module AvfMediaEditor (216)
[2017.03.13-19.06.25:227][249]LogModuleManager: Shutting down and abandoning module Media (215)
[2017.03.13-19.06.25:227][249]LogModuleManager: Shutting down and abandoning module AndroidMediaFactory (214)
[2017.03.13-19.06.25:227][249]LogModuleManager: Shutting down and abandoning module AndroidMediaEditor (213)
[2017.03.13-19.06.25:227][249]LogModuleManager: Shutting down and abandoning module CharacterAI (212)
[2017.03.13-19.06.25:227][249]LogModuleManager: Shutting down and abandoning module SequenceRecorder (211)
[2017.03.13-19.06.25:227][249]LogModuleManager: Shutting down and abandoning module AudioCapture (210)
[2017.03.13-19.06.25:227][249]LogModuleManager: Shutting down and abandoning module SmartSnapping (209)
[2017.03.13-19.06.25:227][249]LogModuleManager: Shutting down and abandoning module SessionServices (208)
[2017.03.13-19.06.25:227][249]LogModuleManager: Shutting down and abandoning module ViewportSnapping (207)
[2017.03.13-19.06.25:227][249]LogModuleManager: Shutting down and abandoning module ViewportInteraction (206)
[2017.03.13-19.06.25:227][249]LogModuleManager: Shutting down and abandoning module LogVisualizer (205)
[2017.03.13-19.06.25:227][249]LogModuleManager: Shutting down and abandoning module GameProjectGeneration (204)
[2017.03.13-19.06.25:227][249]LogModuleManager: Shutting down and abandoning module IntroTutorials (203)
[2017.03.13-19.06.25:228][249]LogModuleManager: Shutting down and abandoning module EditorLiveStreaming (202)
[2017.03.13-19.06.25:228][249]LogModuleManager: Shutting down and abandoning module IOSPlatformEditor (201)
[2017.03.13-19.06.25:228][249]LogModuleManager: Shutting down and abandoning module HTML5PlatformEditor (200)
[2017.03.13-19.06.25:228][249]LogModuleManager: Shutting down and abandoning module AndroidDeviceDetection (199)
[2017.03.13-19.06.25:483][249]LogModuleManager: Shutting down and abandoning module AndroidPlatformEditor (198)
[2017.03.13-19.06.25:483][249]LogModuleManager: Shutting down and abandoning module IOSRuntimeSettings (197)
[2017.03.13-19.06.25:483][249]LogModuleManager: Shutting down and abandoning module AndroidRuntimeSettings (196)
[2017.03.13-19.06.25:483][249]LogModuleManager: Shutting down and abandoning module InputBindingEditor (195)
[2017.03.13-19.06.25:483][249]LogModuleManager: Shutting down and abandoning module NiagaraEditor (194)
[2017.03.13-19.06.25:483][249]LogModuleManager: Shutting down and abandoning module MergeActors (193)
[2017.03.13-19.06.25:483][249]LogModuleManager: Shutting down and abandoning module SizeMap (192)
[2017.03.13-19.06.25:483][249]LogModuleManager: Shutting down and abandoning module TreeMap (191)
[2017.03.13-19.06.25:483][249]LogModuleManager: Shutting down and abandoning module ReferenceViewer (190)
[2017.03.13-19.06.25:483][249]LogModuleManager: Shutting down and abandoning module LocalizationService (189)
[2017.03.13-19.06.25:483][249]LogModuleManager: Shutting down and abandoning module LocalizationDashboard (188)
[2017.03.13-19.06.25:484][249]LogModuleManager: Shutting down and abandoning module HardwareTargeting (187)
[2017.03.13-19.06.25:484][249]LogModuleManager: Shutting down and abandoning module DeviceProfileEditor (186)
[2017.03.13-19.06.25:484][249]LogModuleManager: Shutting down and abandoning module UndoHistory (185)
[2017.03.13-19.06.25:484][249]LogModuleManager: Shutting down and abandoning module UserFeedback (184)
[2017.03.13-19.06.25:484][249]LogModuleManager: Shutting down and abandoning module XmlParser (183)
[2017.03.13-19.06.25:484][249]LogModuleManager: Shutting down and abandoning module Blutility (182)
[2017.03.13-19.06.25:484][249]LogModuleManager: Shutting down and abandoning module ProjectTargetPlatformEditor (181)
[2017.03.13-19.06.25:484][249]LogModuleManager: Shutting down and abandoning module ProjectSettingsViewer (180)
[2017.03.13-19.06.25:484][249]LogModuleManager: Shutting down and abandoning module EditorSettingsViewer (179)
[2017.03.13-19.06.25:484][249]LogModuleManager: Shutting down and abandoning module SettingsEditor (178)
[2017.03.13-19.06.25:484][249]LogModuleManager: Shutting down and abandoning module ProjectLauncher (177)
[2017.03.13-19.06.25:484][249]LogModuleManager: Shutting down and abandoning module SessionFrontend (176)
[2017.03.13-19.06.25:484][249]LogModuleManager: Shutting down and abandoning module ProfilerClient (175)
[2017.03.13-19.06.25:484][249]LogModuleManager: Shutting down and abandoning module TargetDeviceServices (174)
[2017.03.13-19.06.25:484][249]LogModuleManager: Shutting down and abandoning module DeviceManager (173)
[2017.03.13-19.06.25:527][249]LogModuleManager: Shutting down and abandoning module AutomationController (172)
[2017.03.13-19.06.25:527][249]LogModuleManager: Shutting down and abandoning module AutomationWindow (171)
[2017.03.13-19.06.25:527][249]LogModuleManager: Shutting down and abandoning module Layers (170)
[2017.03.13-19.06.25:527][249]LogModuleManager: Shutting down and abandoning module ComponentVisualizers (169)
[2017.03.13-19.06.25:527][249]LogModuleManager: Shutting down and abandoning module DetailCustomizations (168)
[2017.03.13-19.06.25:527][249]LogModuleManager: Shutting down and abandoning module PackagesDialog (167)
[2017.03.13-19.06.25:560][249]LogModuleManager: Shutting down and abandoning module AnimGraph (166)
[2017.03.13-19.06.25:560][249]LogModuleManager: Shutting down and abandoning module Persona (165)
[2017.03.13-19.06.25:560][249]LogModuleManager: Shutting down and abandoning module Kismet (164)
[2017.03.13-19.06.25:561][249]LogModuleManager: Shutting down and abandoning module GraphEditor (163)
[2017.03.13-19.06.25:561][249]LogModuleManager: Shutting down and abandoning module ClassViewer (162)
[2017.03.13-19.06.25:561][249]LogModuleManager: Shutting down and abandoning module Toolbox (161)
[2017.03.13-19.06.25:561][249]LogModuleManager: Shutting down and abandoning module ModuleUI (160)
[2017.03.13-19.06.25:561][249]LogModuleManager: Shutting down and abandoning module MovieSceneTools (159)
[2017.03.13-19.06.25:561][249]LogModuleManager: Shutting down and abandoning module OutputLog (158)
[2017.03.13-19.06.25:561][249]LogModuleManager: Shutting down and abandoning module GammaUI (157)
[2017.03.13-19.06.25:561][249]LogModuleManager: Shutting down and abandoning module Documentation (156)
[2017.03.13-19.06.25:561][249]LogModuleManager: Shutting down and abandoning module Niagara (155)
[2017.03.13-19.06.25:561][249]LogModuleManager: Shutting down and abandoning module StreamingPauseRendering (154)
[2017.03.13-19.06.25:561][249]LogModuleManager: Shutting down and abandoning module AnalyticsET (153)
[2017.03.13-19.06.25:561][249]LogModuleManager: Shutting down and abandoning module PortalServices (152)
[2017.03.13-19.06.25:561][249]LogModuleManager: Shutting down and abandoning module PortalRpc (151)
[2017.03.13-19.06.25:561][249]LogModuleManager: Shutting down and abandoning module MessagingRpc (150)
[2017.03.13-19.06.25:561][249]LogModuleManager: Shutting down and abandoning module GameplayDebugger (149)
[2017.03.13-19.06.25:561][249]LogModuleManager: Shutting down and abandoning module AITestSuite (148)
[2017.03.13-19.06.25:561][249]LogModuleManager: Shutting down and abandoning module AIModule (147)
[2017.03.13-19.06.25:561][249]LogModuleManager: Shutting down and abandoning module ProfilerService (146)
[2017.03.13-19.06.25:618][249]LogModuleManager: Shutting down and abandoning module TaskGraph (145)
[2017.03.13-19.06.25:618][249]LogModuleManager: Shutting down and abandoning module SlateRemote (144)
[2017.03.13-19.06.25:618][249]LogModuleManager: Shutting down and abandoning module SteamVRController (143)
[2017.03.13-19.06.25:618][249]LogModuleManager: Shutting down and abandoning module SteamVR (142)
[2017.03.13-19.06.25:618][249]LogModuleManager: Shutting down and abandoning module ProceduralMeshComponentEditor (141)
[2017.03.13-19.06.25:618][249]LogModuleManager: Shutting down and abandoning module ProceduralMeshComponent (140)
[2017.03.13-19.06.25:618][249]LogModuleManager: Shutting down and abandoning module OculusLibrary (139)
[2017.03.13-19.06.25:618][249]LogModuleManager: Shutting down and abandoning module OculusInput (138)
[2017.03.13-19.06.25:618][249]LogModuleManager: Shutting down and abandoning module MobilePatchingUtils (137)
[2017.03.13-19.06.25:618][249]LogModuleManager: Shutting down and abandoning module CustomMeshComponent (136)
[2017.03.13-19.06.25:618][249]LogModuleManager: Shutting down and abandoning module CableComponent (135)
[2017.03.13-19.06.25:618][249]LogModuleManager: Shutting down and abandoning module ArchVisCharacter (134)
[2017.03.13-19.06.25:618][249]LogModuleManager: Shutting down and abandoning module MediaPlayerEditor (132)
[2017.03.13-19.06.25:618][249]LogModuleManager: Shutting down and abandoning module HTML5Networking (131)
[2017.03.13-19.06.25:618][249]LogModuleManager: Shutting down and abandoning module GeometryCacheEd (130)
[2017.03.13-19.06.25:618][249]LogModuleManager: Shutting down and abandoning module GeometryCache (129)
[2017.03.13-19.06.25:618][249]LogModuleManager: Shutting down and abandoning module AlembicLibrary (128)
[2017.03.13-19.06.25:619][249]LogModuleManager: Shutting down and abandoning module AlembicImporter (127)
[2017.03.13-19.06.25:619][249]LogModuleManager: Shutting down and abandoning module SuperSearch (126)
[2017.03.13-19.06.25:619][249]LogModuleManager: Shutting down and abandoning module SuperSearchEditor (125)
[2017.03.13-19.06.25:619][249]LogModuleManager: Shutting down and abandoning module SpeedTreeImporter (124)
[2017.03.13-19.06.25:619][249]LogModuleManager: Shutting down and abandoning module PluginBrowser (123)
[2017.03.13-19.06.25:619][249]LogModuleManager: Shutting down and abandoning module MobileLauncherProfileWizard (122)
[2017.03.13-19.06.25:619][249]LogModuleManager: Shutting down and abandoning module EpicSurvey (121)
[2017.03.13-19.06.25:619][249]LogModuleManager: Shutting down and abandoning module DesktopPlatform (120)
[2017.03.13-19.06.25:619][249]LogModuleManager: Shutting down and abandoning module VisualStudioSourceCodeAccess (119)
[2017.03.13-19.06.25:619][249]LogModuleManager: Shutting down and abandoning module UObjectPlugin (118)
[2017.03.13-19.06.25:619][249]LogModuleManager: Shutting down and abandoning module SubversionSourceControl (117)
[2017.03.13-19.06.25:619][249]LogModuleManager: Shutting down and abandoning module PerforceSourceControl (116)
[2017.03.13-19.06.25:619][249]LogModuleManager: Shutting down and abandoning module SourceControl (115)
[2017.03.13-19.06.25:619][249]LogModuleManager: Shutting down and abandoning module GitSourceControl (114)
[2017.03.13-19.06.25:619][249]LogModuleManager: Shutting down and abandoning module LightPropagationVolumeEditor (113)
[2017.03.13-19.06.25:619][249]LogModuleManager: Shutting down and abandoning module PaperTiledImporter (112)
[2017.03.13-19.06.25:619][249]LogModuleManager: Shutting down and abandoning module PaperSpriteSheetImporter (111)
[2017.03.13-19.06.25:619][249]LogModuleManager: Shutting down and abandoning module MeshPaint (110)
[2017.03.13-19.06.25:619][249]LogModuleManager: Shutting down and abandoning module PixelInspectorModule (109)
[2017.03.13-19.06.25:619][249]LogModuleManager: Shutting down and abandoning module HotReload (108)
[2017.03.13-19.06.25:619][249]LogModuleManager: Shutting down and abandoning module MainFrame (107)
[2017.03.13-19.06.25:620][249]LogModuleManager: Shutting down and abandoning module LevelEditor (106)
[2017.03.13-19.06.25:621][249]LogModuleManager: Shutting down and abandoning module ContentBrowser (105)
[2017.03.13-19.06.25:625][249]LogModuleManager: Shutting down and abandoning module Paper2DEditor (104)
[2017.03.13-19.06.25:625][249]LogModuleManager: Shutting down and abandoning module UdpMessaging (103)
[2017.03.13-19.06.25:726][249]LogModuleManager: Shutting down and abandoning module TcpMessaging (102)
[2017.03.13-19.06.25:826][249]LogModuleManager: Shutting down and abandoning module LightPropagationVolumeRuntime (101)
[2017.03.13-19.06.25:826][249]LogModuleManager: Shutting down and abandoning module Paper2D (100)
[2017.03.13-19.06.25:826][249]LogModuleManager: Shutting down and abandoning module WindowsMoviePlayer (99)
[2017.03.13-19.06.25:826][249]LogModuleManager: Shutting down and abandoning module WmfMedia (98)
[2017.03.13-19.06.25:827][249]LogModuleManager: Shutting down and abandoning module MediaAssets (97)
[2017.03.13-19.06.25:827][249]LogModuleManager: Shutting down and abandoning module GameLiveStreaming (96)
[2017.03.13-19.06.25:827][249]LogModuleManager: Shutting down and abandoning module GameplayTagsEditor (95)
[2017.03.13-19.06.25:827][249]LogModuleManager: Shutting down and abandoning module VREditor (94)
[2017.03.13-19.06.25:827][249]LogModuleManager: Shutting down and abandoning module GameplayTasksEditor (93)
[2017.03.13-19.06.25:827][249]LogModuleManager: Shutting down and abandoning module BehaviorTreeEditor (92)
[2017.03.13-19.06.25:827][249]LogModuleManager: Shutting down and abandoning module FunctionalTesting (91)
[2017.03.13-19.06.25:827][249]LogModuleManager: Shutting down and abandoning module CollisionAnalyzer (90)
[2017.03.13-19.06.25:827][249]LogModuleManager: Shutting down and abandoning module Sequencer (89)
[2017.03.13-19.06.25:827][249]LogModuleManager: Shutting down and abandoning module WorkspaceMenuStructure (88)
[2017.03.13-19.06.25:827][249]LogModuleManager: Shutting down and abandoning module MessageLog (87)
[2017.03.13-19.06.25:827][249]LogModuleManager: Shutting down and abandoning module AssetTools (86)
[2017.03.13-19.06.25:827][249]LogModuleManager: Shutting down and abandoning module UMGEditor (85)
[2017.03.13-19.06.25:827][249]LogModuleManager: Shutting down and abandoning module UMG (84)
[2017.03.13-19.06.25:827][249]LogModuleManager: Shutting down and abandoning module SlateReflector (83)
[2017.03.13-19.06.25:827][249]LogModuleManager: Shutting down and abandoning module Slate (82)
[2017.03.13-19.06.25:827][249]LogModuleManager: Shutting down and abandoning module EditorStyle (81)
[2017.03.13-19.06.25:830][249]LogModuleManager: Shutting down and abandoning module SourceCodeAccess (80)
[2017.03.13-19.06.25:831][249]LogModuleManager: Shutting down and abandoning module HeadMountedDisplay (79)
[2017.03.13-19.06.25:831][249]LogModuleManager: Shutting down and abandoning module XAudio2 (78)
[2017.03.13-19.06.25:831][249]LogModuleManager: Shutting down and abandoning module Networking (76)
[2017.03.13-19.06.25:831][249]LogModuleManager: Shutting down and abandoning module Core (75)
[2017.03.13-19.06.25:831][249]LogModuleManager: Shutting down and abandoning module DirectoryWatcher (74)
[2017.03.13-19.06.25:831][249]LogDirectoryWatcher: A directory notification for '../../../Engine/Content/' was aborted.
[2017.03.13-19.06.25:831][249]LogDirectoryWatcher: A directory notification for '../../../../../../Users/Sabrina/Documents/Call-Of-Bread/Call_Of_bread/Content/' was aborted.
[2017.03.13-19.06.25:832][249]LogDirectoryWatcher: A directory notification for '../../../Engine/Plugins/2D/Paper2D/Content/' was aborted.
[2017.03.13-19.06.25:836][249]LogModuleManager: Shutting down and abandoning module AssetRegistry (73)
[2017.03.13-19.06.26:032][249]LogModuleManager: Shutting down and abandoning module KismetCompiler (72)
[2017.03.13-19.06.26:033][249]LogModuleManager: Shutting down and abandoning module PhysXFormats (71)
[2017.03.13-19.06.26:033][249]LogModuleManager: Shutting down and abandoning module SimplygonSwarm (70)
[2017.03.13-19.06.26:033][249]LogModuleManager: Shutting down and abandoning module SimplygonMeshReduction (69)
[2017.03.13-19.06.26:033][249]LogModuleManager: Shutting down and abandoning module QuadricMeshReduction (68)
[2017.03.13-19.06.26:033][249]LogModuleManager: Shutting down and abandoning module PropertyEditor (67)
[2017.03.13-19.06.26:033][249]LogModuleManager: Shutting down and abandoning module MeshUtilities (66)
[2017.03.13-19.06.26:033][249]LogModuleManager: Shutting down and abandoning module DerivedDataCache (65)
[2017.03.13-19.06.26:050][249]LogDerivedDataCache: Shutdown
[2017.03.13-19.06.26:050][249]LogModuleManager: Shutting down and abandoning module VulkanShaderFormat (64)
[2017.03.13-19.06.26:050][249]LogModuleManager: Shutting down and abandoning module ShaderFormatOpenGL (63)
[2017.03.13-19.06.26:050][249]LogModuleManager: Shutting down and abandoning module ShaderFormatD3D (62)
[2017.03.13-19.06.26:050][249]LogModuleManager: Shutting down and abandoning module MetalShaderFormat (61)
[2017.03.13-19.06.26:050][249]LogModuleManager: Shutting down and abandoning module TextureFormatUncompressed (60)
[2017.03.13-19.06.26:050][249]LogModuleManager: Shutting down and abandoning module TextureFormatPVR (59)
[2017.03.13-19.06.26:050][249]LogModuleManager: Shutting down and abandoning module TextureFormatDXT (58)
[2017.03.13-19.06.26:050][249]LogModuleManager: Shutting down and abandoning module TextureFormatIntelISPCTexComp (57)
[2017.03.13-19.06.26:050][249]LogModuleManager: Shutting down and abandoning module ImageWrapper (56)
[2017.03.13-19.06.26:050][249]LogModuleManager: Shutting down and abandoning module TextureFormatASTC (55)
[2017.03.13-19.06.26:050][249]LogModuleManager: Shutting down and abandoning module TextureFormatAndroid (54)
[2017.03.13-19.06.26:050][249]LogModuleManager: Shutting down and abandoning module AudioFormatOpus (53)
[2017.03.13-19.06.26:050][249]LogModuleManager: Shutting down and abandoning module AudioFormatOgg (52)
[2017.03.13-19.06.26:050][249]LogModuleManager: Shutting down and abandoning module AudioFormatADPCM (51)
[2017.03.13-19.06.26:051][249]LogModuleManager: Shutting down and abandoning module LinuxTargetPlatform (50)
[2017.03.13-19.06.26:051][249]LogModuleManager: Shutting down and abandoning module LinuxServerTargetPlatform (49)
[2017.03.13-19.06.26:051][249]LogModuleManager: Shutting down and abandoning module LinuxNoEditorTargetPlatform (48)
[2017.03.13-19.06.26:051][249]LogModuleManager: Shutting down and abandoning module LinuxClientTargetPlatform (47)
[2017.03.13-19.06.26:051][249]LogModuleManager: Shutting down and abandoning module TVOSTargetPlatform (46)
[2017.03.13-19.06.26:051][249]LogModuleManager: Shutting down and abandoning module Messaging (45)
[2017.03.13-19.06.26:051][249]LogModuleManager: Shutting down and abandoning module IOSTargetPlatform (44)
[2017.03.13-19.06.26:051][249]LogModuleManager: Shutting down and abandoning module HTML5TargetPlatform (43)
[2017.03.13-19.06.26:051][249]LogModuleManager: Shutting down and abandoning module Android_PVRTCTargetPlatform (42)
[2017.03.13-19.06.26:051][249]LogModuleManager: Shutting down and abandoning module Android_MultiTargetPlatform (41)
[2017.03.13-19.06.26:051][249]LogModuleManager: Shutting down and abandoning module Android_ETC2TargetPlatform (40)
[2017.03.13-19.06.26:051][249]LogModuleManager: Shutting down and abandoning module Android_ETC1TargetPlatform (39)
[2017.03.13-19.06.26:051][249]LogModuleManager: Shutting down and abandoning module Android_DXTTargetPlatform (38)
[2017.03.13-19.06.26:051][249]LogModuleManager: Shutting down and abandoning module Android_ATCTargetPlatform (37)
[2017.03.13-19.06.26:051][249]LogModuleManager: Shutting down and abandoning module Android_ASTCTargetPlatform (36)
[2017.03.13-19.06.26:051][249]LogModuleManager: Shutting down and abandoning module AndroidTargetPlatform (35)
[2017.03.13-19.06.26:051][249]LogModuleManager: Shutting down and abandoning module WindowsTargetPlatform (34)
[2017.03.13-19.06.26:051][249]LogModuleManager: Shutting down and abandoning module WindowsServerTargetPlatform (33)
[2017.03.13-19.06.26:051][249]LogModuleManager: Shutting down and abandoning module WindowsNoEditorTargetPlatform (32)
[2017.03.13-19.06.26:051][249]LogModuleManager: Shutting down and abandoning module WindowsClientTargetPlatform (31)
[2017.03.13-19.06.26:051][249]LogModuleManager: Shutting down and abandoning module MacTargetPlatform (30)
[2017.03.13-19.06.26:051][249]LogModuleManager: Shutting down and abandoning module MacServerTargetPlatform (29)
[2017.03.13-19.06.26:051][249]LogModuleManager: Shutting down and abandoning module MacNoEditorTargetPlatform (28)
[2017.03.13-19.06.26:051][249]LogModuleManager: Shutting down and abandoning module MacClientTargetPlatform (27)
[2017.03.13-19.06.26:051][249]LogModuleManager: Shutting down and abandoning module AllDesktopTargetPlatform (26)
[2017.03.13-19.06.26:051][249]LogModuleManager: Shutting down and abandoning module TargetPlatform (25)
[2017.03.13-19.06.26:051][249]LogModuleManager: Shutting down and abandoning module InputCore (24)
[2017.03.13-19.06.26:051][249]LogModuleManager: Shutting down and abandoning module Settings (23)
[2017.03.13-19.06.26:051][249]LogModuleManager: Shutting down and abandoning module OculusRift (22)
[2017.03.13-19.06.26:051][249]LogModuleManager: Shutting down and abandoning module ExampleDeviceProfileSelector (21)
[2017.03.13-19.06.26:051][249]LogModuleManager: Shutting down and abandoning module OnlineBlueprintSupport (20)
[2017.03.13-19.06.26:051][249]LogModuleManager: Shutting down and abandoning module OnlineSubsystem (18)
[2017.03.13-19.06.26:051][249]LogOnline:Display: Unloading online subsystem: NULL
[2017.03.13-19.06.26:051][249]LogModuleManager: Shutting down and abandoning module SSL (17)
[2017.03.13-19.06.26:053][249]LogModuleManager: Shutting down and abandoning module HTTP (16)
[2017.03.13-19.06.26:053][249]LogModuleManager: Shutting down and abandoning module XMPP (15)
[2017.03.13-19.06.26:053][249]LogModuleManager: Shutting down and abandoning module TextureCompressor (14)
[2017.03.13-19.06.26:053][249]LogModuleManager: Shutting down and abandoning module ShaderCore (13)
[2017.03.13-19.06.26:053][249]LogModuleManager: Shutting down and abandoning module Landscape (12)
[2017.03.13-19.06.26:053][249]LogModuleManager: Shutting down and abandoning module SlateRHIRenderer (11)
[2017.03.13-19.06.26:056][249]LogModuleManager: Shutting down and abandoning module OpenGLDrv (10)
[2017.03.13-19.06.26:056][249]LogModuleManager: Shutting down and abandoning module D3D11RHI (9)
[2017.03.13-19.06.26:056][249]LogModuleManager: Shutting down and abandoning module AnimGraphRuntime (8)
[2017.03.13-19.06.26:057][249]LogModuleManager: Shutting down and abandoning module Renderer (7)
[2017.03.13-19.06.26:057][249]LogModuleManager: Shutting down and abandoning module Engine (6)
[2017.03.13-19.06.26:057][249]LogModuleManager: Shutting down and abandoning module CoreUObject (5)
[2017.03.13-19.06.26:057][249]LogModuleManager: Shutting down and abandoning module NetworkFile (4)
[2017.03.13-19.06.26:057][249]LogModuleManager: Shutting down and abandoning module StreamingFile (3)
[2017.03.13-19.06.26:057][249]LogModuleManager: Shutting down and abandoning module SandboxFile (2)
[2017.03.13-19.06.26:057][249]LogModuleManager: Shutting down and abandoning module PakFile (1)
[2017.03.13-19.06.26:058][249]LogExit: Exiting.
[2017.03.13-19.06.26:063][249]Log file closed, 03/13/17 19:06:26
