Log file open, 03/14/17 15:57:25
LogInit:Display: Running engine for game: Call_Of_bread
LogPlatformFile: Not using cached read wrapper
LogInit:Display: RandInit(-32062014) SRandInit(-32062014).
LogTaskGraph: Started task graph with 5 named threads and 6 total threads with 1 sets of task threads.
LogStats: Stats thread started at 0.110995
LogPluginManager: Loaded Plugin Paper2D, From C:/Program Files (x86)/Epic Games/4.14/Engine/Plugins/2D/Paper2D/Paper2D.uplugin
LogPluginManager: Loaded Plugin LightPropagationVolume, From C:/Program Files (x86)/Epic Games/4.14/Engine/Plugins/Blendables/LightPropagationVolume/LightPropagationVolume.uplugin
LogPluginManager: Loaded Plugin BlankPlugin, From C:/Program Files (x86)/Epic Games/4.14/Engine/Plugins/Developer/BlankPlugin/BlankPlugin.uplugin
LogPluginManager: Loaded Plugin CodeLiteSourceCodeAccess, From C:/Program Files (x86)/Epic Games/4.14/Engine/Plugins/Developer/CodeLiteSourceCodeAccess/CodeLiteSourceCodeAccess.uplugin
LogPluginManager: Loaded Plugin GitSourceControl, From C:/Program Files (x86)/Epic Games/4.14/Engine/Plugins/Developer/GitSourceControl/GitSourceControl.uplugin
LogPluginManager: Loaded Plugin KDevelopSourceCodeAccess, From C:/Program Files (x86)/Epic Games/4.14/Engine/Plugins/Developer/KDevelopSourceCodeAccess/KDevelopSourceCodeAccess.uplugin
LogPluginManager: Loaded Plugin NullSourceCodeAccess, From C:/Program Files (x86)/Epic Games/4.14/Engine/Plugins/Developer/NullSourceCodeAccess/NullSourceCodeAccess.uplugin
LogPluginManager: Loaded Plugin OneSkyLocalizationService, From C:/Program Files (x86)/Epic Games/4.14/Engine/Plugins/Developer/OneSkyLocalizationService/OneSkyLocalizationService.uplugin
LogPluginManager: Loaded Plugin PerforceSourceControl, From C:/Program Files (x86)/Epic Games/4.14/Engine/Plugins/Developer/PerforceSourceControl/PerforceSourceControl.uplugin
LogPluginManager: Loaded Plugin SubversionSourceControl, From C:/Program Files (x86)/Epic Games/4.14/Engine/Plugins/Developer/SubversionSourceControl/SubversionSourceControl.uplugin
LogPluginManager: Loaded Plugin UObjectPlugin, From C:/Program Files (x86)/Epic Games/4.14/Engine/Plugins/Developer/UObjectPlugin/UObjectPlugin.uplugin
LogPluginManager: Loaded Plugin VisualStudioSourceCodeAccess, From C:/Program Files (x86)/Epic Games/4.14/Engine/Plugins/Developer/VisualStudioSourceCodeAccess/VisualStudioSourceCodeAccess.uplugin
LogPluginManager: Loaded Plugin XCodeSourceCodeAccess, From C:/Program Files (x86)/Epic Games/4.14/Engine/Plugins/Developer/XCodeSourceCodeAccess/XCodeSourceCodeAccess.uplugin
LogPluginManager: Loaded Plugin AudioCapture, From C:/Program Files (x86)/Epic Games/4.14/Engine/Plugins/Editor/AudioCapture/AudioCapture.uplugin
LogPluginManager: Loaded Plugin EpicSurvey, From C:/Program Files (x86)/Epic Games/4.14/Engine/Plugins/Editor/EpicSurvey/EpicSurvey.uplugin
LogPluginManager: Loaded Plugin MacGraphicsSwitching, From C:/Program Files (x86)/Epic Games/4.14/Engine/Plugins/Editor/MacGraphicsSwitching/MacGraphicsSwitching.uplugin
LogPluginManager: Loaded Plugin MobileLauncherProfileWizard, From C:/Program Files (x86)/Epic Games/4.14/Engine/Plugins/Editor/MobileLauncherProfileWizard/MobileLauncherProfileWizard.uplugin
LogPluginManager: Loaded Plugin PluginBrowser, From C:/Program Files (x86)/Epic Games/4.14/Engine/Plugins/Editor/PluginBrowser/PluginBrowser.uplugin
LogPluginManager: Loaded Plugin SpeedTreeImporter, From C:/Program Files (x86)/Epic Games/4.14/Engine/Plugins/Editor/SpeedTreeImporter/SpeedTreeImporter.uplugin
LogPluginManager: Loaded Plugin SuperSearchEditor, From C:/Program Files (x86)/Epic Games/4.14/Engine/Plugins/Editor/SuperSearchEditor/SuperSearchEditor.uplugin
LogPluginManager: Loaded Plugin AlembicImporter, From C:/Program Files (x86)/Epic Games/4.14/Engine/Plugins/Experimental/AlembicImporter/AlembicImporter.uplugin
LogPluginManager: Loaded Plugin BlueprintStats, From C:/Program Files (x86)/Epic Games/4.14/Engine/Plugins/Experimental/BlueprintStats/BlueprintStats.uplugin
LogPluginManager: Loaded Plugin CharacterAI, From C:/Program Files (x86)/Epic Games/4.14/Engine/Plugins/Experimental/CharacterAI/CharacterAI.uplugin
LogPluginManager: Loaded Plugin CodeEditor, From C:/Program Files (x86)/Epic Games/4.14/Engine/Plugins/Experimental/CodeEditor/CodeEditor.uplugin
LogPluginManager: Loaded Plugin CodeView, From C:/Program Files (x86)/Epic Games/4.14/Engine/Plugins/Experimental/CodeView/CodeView.uplugin
LogPluginManager: Loaded Plugin HTML5Networking, From C:/Program Files (x86)/Epic Games/4.14/Engine/Plugins/Experimental/HTML5Networking/HTML5Networking.uplugin
LogPluginManager: Loaded Plugin OSVR, From C:/Program Files (x86)/Epic Games/4.14/Engine/Plugins/Experimental/OSVR/OSVR.uplugin
LogPluginManager: Loaded Plugin Phya, From C:/Program Files (x86)/Epic Games/4.14/Engine/Plugins/Experimental/Phya/Phya.uplugin
LogPluginManager: Loaded Plugin SignificanceManager, From C:/Program Files (x86)/Epic Games/4.14/Engine/Plugins/Experimental/SignificanceManager/SignificanceManager.uplugin
LogPluginManager: Loaded Plugin SimpleHMD, From C:/Program Files (x86)/Epic Games/4.14/Engine/Plugins/Experimental/SimpleHMD/SimpleHMD.uplugin
LogPluginManager: Loaded Plugin StereoPanorama, From C:/Program Files (x86)/Epic Games/4.14/Engine/Plugins/Experimental/StereoPanorama/StereoPanorama.uplugin
LogPluginManager: Loaded Plugin StructBox, From C:/Program Files (x86)/Epic Games/4.14/Engine/Plugins/Experimental/StructBox/StructBox.uplugin
LogPluginManager: Loaded Plugin AndroidMedia, From C:/Program Files (x86)/Epic Games/4.14/Engine/Plugins/Media/AndroidMedia/AndroidMedia.uplugin
LogPluginManager: Loaded Plugin AvfMedia, From C:/Program Files (x86)/Epic Games/4.14/Engine/Plugins/Media/AvfMedia/AvfMedia.uplugin
LogPluginManager: Loaded Plugin MediaPlayerEditor, From C:/Program Files (x86)/Epic Games/4.14/Engine/Plugins/Media/MediaPlayerEditor/MediaPlayerEditor.uplugin
LogPluginManager: Loaded Plugin WmfMedia, From C:/Program Files (x86)/Epic Games/4.14/Engine/Plugins/Media/WmfMedia/WmfMedia.uplugin
LogPluginManager: Loaded Plugin MessagingDebugger, From C:/Program Files (x86)/Epic Games/4.14/Engine/Plugins/Messaging/MessagingDebugger/MessagingDebugger.uplugin
LogPluginManager: Loaded Plugin TcpMessaging, From C:/Program Files (x86)/Epic Games/4.14/Engine/Plugins/Messaging/TcpMessaging/TcpMessaging.uplugin
LogPluginManager: Loaded Plugin UdpMessaging, From C:/Program Files (x86)/Epic Games/4.14/Engine/Plugins/Messaging/UdpMessaging/UdpMessaging.uplugin
LogPluginManager: Loaded Plugin LevelSequenceEditor, From C:/Program Files (x86)/Epic Games/4.14/Engine/Plugins/MovieScene/LevelSequenceEditor/LevelSequenceEditor.uplugin
LogPluginManager: Loaded Plugin MatineeToLevelSequence, From C:/Program Files (x86)/Epic Games/4.14/Engine/Plugins/MovieScene/MatineeToLevelSequence/MatineeToLevelSequence.uplugin
LogPluginManager: Loaded Plugin NetcodeUnitTest, From C:/Program Files (x86)/Epic Games/4.14/Engine/Plugins/NetcodeUnitTest/NetcodeUnitTest/NetcodeUnitTest.uplugin
LogPluginManager: Loaded Plugin NUTUnrealEngine4, From C:/Program Files (x86)/Epic Games/4.14/Engine/Plugins/NetcodeUnitTest/NUTUnrealEngine4/NUTUnrealEngine4.uplugin
LogPluginManager: Loaded Plugin OnlineSubsystemGameCircle, From C:/Program Files (x86)/Epic Games/4.14/Engine/Plugins/Online/Android/OnlineSubsystemGameCircle/OnlineSubsystemGameCircle.uplugin
LogPluginManager: Loaded Plugin OnlineSubsystemGooglePlay, From C:/Program Files (x86)/Epic Games/4.14/Engine/Plugins/Online/Android/OnlineSubsystemGooglePlay/OnlineSubsystemGooglePlay.uplugin
LogPluginManager: Loaded Plugin OnlineSubsystemIOS, From C:/Program Files (x86)/Epic Games/4.14/Engine/Plugins/Online/IOS/OnlineSubsystemIOS/OnlineSubsystemIOS.uplugin
LogPluginManager: Loaded Plugin OnlineFramework, From C:/Program Files (x86)/Epic Games/4.14/Engine/Plugins/Online/OnlineFramework/OnlineFramework.uplugin
LogPluginManager: Loaded Plugin OnlineSubsystem, From C:/Program Files (x86)/Epic Games/4.14/Engine/Plugins/Online/OnlineSubsystem/OnlineSubsystem.uplugin
LogPluginManager: Loaded Plugin OnlineSubsystemAmazon, From C:/Program Files (x86)/Epic Games/4.14/Engine/Plugins/Online/OnlineSubsystemAmazon/OnlineSubsystemAmazon.uplugin
LogPluginManager: Loaded Plugin OnlineSubsystemFacebook, From C:/Program Files (x86)/Epic Games/4.14/Engine/Plugins/Online/OnlineSubsystemFacebook/OnlineSubsystemFacebook.uplugin
LogPluginManager: Loaded Plugin OnlineSubsystemNull, From C:/Program Files (x86)/Epic Games/4.14/Engine/Plugins/Online/OnlineSubsystemNull/OnlineSubsystemNull.uplugin
LogPluginManager: Loaded Plugin OnlineSubsystemOculus, From C:/Program Files (x86)/Epic Games/4.14/Engine/Plugins/Online/OnlineSubsystemOculus/OnlineSubsystemOculus.uplugin
LogPluginManager: Loaded Plugin OnlineSubsystemSteam, From C:/Program Files (x86)/Epic Games/4.14/Engine/Plugins/Online/OnlineSubsystemSteam/OnlineSubsystemSteam.uplugin
LogPluginManager: Loaded Plugin OnlineSubsystemUtils, From C:/Program Files (x86)/Epic Games/4.14/Engine/Plugins/Online/OnlineSubsystemUtils/OnlineSubsystemUtils.uplugin
LogPluginManager: Loaded Plugin IOSTapJoy, From C:/Program Files (x86)/Epic Games/4.14/Engine/Plugins/Runtime/Advertising/IOSTapJoy/IOSTapJoy.uplugin
LogPluginManager: Loaded Plugin AnalyticsBlueprintLibrary, From C:/Program Files (x86)/Epic Games/4.14/Engine/Plugins/Runtime/Analytics/AnalyticsBlueprintLibrary/AnalyticsBlueprintLibrary.uplugin
LogPluginManager: Loaded Plugin AnalyticsMulticast, From C:/Program Files (x86)/Epic Games/4.14/Engine/Plugins/Runtime/Analytics/AnalyticsMulticast/AnalyticsMulticast.uplugin
LogPluginManager: Loaded Plugin Apsalar, From C:/Program Files (x86)/Epic Games/4.14/Engine/Plugins/Runtime/Analytics/Apsalar/Apsalar.uplugin
LogPluginManager: Loaded Plugin FileLogging, From C:/Program Files (x86)/Epic Games/4.14/Engine/Plugins/Runtime/Analytics/FileLogging/FileLogging.uplugin
LogPluginManager: Loaded Plugin Flurry, From C:/Program Files (x86)/Epic Games/4.14/Engine/Plugins/Runtime/Analytics/Flurry/Flurry.uplugin
LogPluginManager: Loaded Plugin AndroidDeviceProfileSelector, From C:/Program Files (x86)/Epic Games/4.14/Engine/Plugins/Runtime/AndroidDeviceProfileSelector/AndroidDeviceProfileSelector.uplugin
LogPluginManager: Loaded Plugin AndroidMoviePlayer, From C:/Program Files (x86)/Epic Games/4.14/Engine/Plugins/Runtime/AndroidMoviePlayer/AndroidMoviePlayer.uplugin
LogPluginManager: Loaded Plugin AppleMoviePlayer, From C:/Program Files (x86)/Epic Games/4.14/Engine/Plugins/Runtime/AppleMoviePlayer/AppleMoviePlayer.uplugin
LogPluginManager: Loaded Plugin ArchVisCharacter, From C:/Program Files (x86)/Epic Games/4.14/Engine/Plugins/Runtime/ArchVisCharacter/ArchVisCharacter.uplugin
LogPluginManager: Loaded Plugin CableComponent, From C:/Program Files (x86)/Epic Games/4.14/Engine/Plugins/Runtime/CableComponent/CableComponent.uplugin
LogPluginManager: Loaded Plugin CustomMeshComponent, From C:/Program Files (x86)/Epic Games/4.14/Engine/Plugins/Runtime/CustomMeshComponent/CustomMeshComponent.uplugin
LogPluginManager: Loaded Plugin ExampleDeviceProfileSelector, From C:/Program Files (x86)/Epic Games/4.14/Engine/Plugins/Runtime/ExampleDeviceProfileSelector/ExampleDeviceProfileSelector.uplugin
LogPluginManager: Loaded Plugin GearVR, From C:/Program Files (x86)/Epic Games/4.14/Engine/Plugins/Runtime/GearVR/GearVR.uplugin
LogPluginManager: Loaded Plugin GoogleVRController, From C:/Program Files (x86)/Epic Games/4.14/Engine/Plugins/Runtime/GoogleVR/GoogleVRController/GoogleVRController.uplugin
LogPluginManager: Loaded Plugin GoogleVRHMD, From C:/Program Files (x86)/Epic Games/4.14/Engine/Plugins/Runtime/GoogleVR/GoogleVRHMD/GoogleVRHMD.uplugin
LogPluginManager: Loaded Plugin IOSDeviceProfileSelector, From C:/Program Files (x86)/Epic Games/4.14/Engine/Plugins/Runtime/IOSDeviceProfileSelector/IOSDeviceProfileSelector.uplugin
LogPluginManager: Loaded Plugin LeapMotion, From C:/Program Files (x86)/Epic Games/4.14/Engine/Plugins/Runtime/LeapMotion/LeapMotion.uplugin
LogPluginManager: Loaded Plugin LinuxDeviceProfileSelector, From C:/Program Files (x86)/Epic Games/4.14/Engine/Plugins/Runtime/LinuxDeviceProfileSelector/LinuxDeviceProfileSelector.uplugin
LogPluginManager: Loaded Plugin MIDIDevice, From C:/Program Files (x86)/Epic Games/4.14/Engine/Plugins/Runtime/MIDIDevice/MIDIDevice.uplugin
LogPluginManager: Loaded Plugin MobilePatchingUtils, From C:/Program Files (x86)/Epic Games/4.14/Engine/Plugins/Runtime/MobilePatchingUtils/MobilePatchingUtils.uplugin
LogPluginManager: Loaded Plugin Ansel, From C:/Program Files (x86)/Epic Games/4.14/Engine/Plugins/Runtime/Nvidia/Ansel/Ansel.uplugin
LogPluginManager: Loaded Plugin OculusAudio, From C:/Program Files (x86)/Epic Games/4.14/Engine/Plugins/Runtime/OculusAudio/OculusAudio.uplugin
LogPluginManager: Loaded Plugin OculusInput, From C:/Program Files (x86)/Epic Games/4.14/Engine/Plugins/Runtime/OculusInput/OculusInput.uplugin
LogPluginManager: Loaded Plugin OculusLibrary, From C:/Program Files (x86)/Epic Games/4.14/Engine/Plugins/Runtime/OculusLibrary/OculusLibrary.uplugin
LogPluginManager: Loaded Plugin OculusRift, From C:/Program Files (x86)/Epic Games/4.14/Engine/Plugins/Runtime/OculusRift/OculusRift.uplugin
LogPluginManager: Loaded Plugin Oodle, From C:/Program Files (x86)/Epic Games/4.14/Engine/Plugins/Runtime/PacketHandlers/CompressionComponents/Oodle/Oodle.uplugin
LogPluginManager: Loaded Plugin ProceduralMeshComponent, From C:/Program Files (x86)/Epic Games/4.14/Engine/Plugins/Runtime/ProceduralMeshComponent/ProceduralMeshComponent.uplugin
LogPluginManager: Loaded Plugin SoundMod, From C:/Program Files (x86)/Epic Games/4.14/Engine/Plugins/Runtime/SoundMod/SoundMod.uplugin
LogPluginManager: Loaded Plugin SoundVisualizations, From C:/Program Files (x86)/Epic Games/4.14/Engine/Plugins/Runtime/SoundVisualizations/SoundVisualizations.uplugin
LogPluginManager: Loaded Plugin SteamController, From C:/Program Files (x86)/Epic Games/4.14/Engine/Plugins/Runtime/Steam/SteamController/SteamController.uplugin
LogPluginManager: Loaded Plugin SteamVR, From C:/Program Files (x86)/Epic Games/4.14/Engine/Plugins/Runtime/Steam/SteamVR/SteamVR.uplugin
LogPluginManager: Loaded Plugin WebBrowserWidget, From C:/Program Files (x86)/Epic Games/4.14/Engine/Plugins/Runtime/WebBrowserWidget/WebBrowserWidget.uplugin
LogPluginManager: Loaded Plugin WindowsDeviceProfileSelector, From C:/Program Files (x86)/Epic Games/4.14/Engine/Plugins/Runtime/WindowsDeviceProfileSelector/WindowsDeviceProfileSelector.uplugin
LogPluginManager: Loaded Plugin WindowsMoviePlayer, From C:/Program Files (x86)/Epic Games/4.14/Engine/Plugins/Runtime/WindowsMoviePlayer/WindowsMoviePlayer.uplugin
LogPluginManager: Loaded Plugin ScriptPlugin, From C:/Program Files (x86)/Epic Games/4.14/Engine/Plugins/ScriptPlugin/ScriptPlugin.uplugin
LogPluginManager: Loaded Plugin SlateRemote, From C:/Program Files (x86)/Epic Games/4.14/Engine/Plugins/Slate/SlateRemote/SlateRemote.uplugin
LogPluginManager: Loaded Plugin EditorTests, From C:/Program Files (x86)/Epic Games/4.14/Engine/Plugins/Tests/EditorTests/EditorTests.uplugin
LogPluginManager: Loaded Plugin FbxAutomationTestBuilder, From C:/Program Files (x86)/Epic Games/4.14/Engine/Plugins/Tests/FbxAutomationTestBuilder/FbxAutomationTestBuilder.uplugin
LogPluginManager: Loaded Plugin FunctionalTestingEditor, From C:/Program Files (x86)/Epic Games/4.14/Engine/Plugins/Tests/FunctionalTestingEditor/FunctionalTestingEditor.uplugin
LogPluginManager: Loaded Plugin RuntimeTests, From C:/Program Files (x86)/Epic Games/4.14/Engine/Plugins/Tests/RuntimeTests/RuntimeTests.uplugin
LogPluginManager: Loaded Plugin ScreenshotTools, From C:/Program Files (x86)/Epic Games/4.14/Engine/Plugins/Tests/ScreenshotTools/ScreenshotTools.uplugin
LogInit: Using libcurl 7.47.1
LogInit:  - built for x86_64-pc-win32
LogInit:  - supports SSL with OpenSSL/1.0.2g
LogInit:  - supports HTTP deflate (compression) using libz 1.2.8
LogInit:  - other features:
LogInit:      CURL_VERSION_SSL
LogInit:      CURL_VERSION_LIBZ
LogInit:      CURL_VERSION_IPV6
LogInit:      CURL_VERSION_ASYNCHDNS
LogInit:      CURL_VERSION_LARGEFILE
LogInit:      CURL_VERSION_IDN
LogInit:  CurlRequestOptions (configurable via config and command line):
LogInit:  - bVerifyPeer = false  - Libcurl will NOT verify peer certificate
LogInit:  - bUseHttpProxy = false  - Libcurl will NOT use HTTP proxy
LogInit:  - bDontReuseConnections = false  - Libcurl will reuse connections
LogInit:  - CertBundlePath = nullptr  - Libcurl will use whatever was configured at build time.
LogInit: Build: ++UE4+Release-4.14-CL-3224400
LogInit: Engine Version: 4.14.1-3224400+++UE4+Release-4.14
LogInit: Compatible Engine Version: 4.14.0-3195953+++UE4+Release-4.14
LogInit: Net CL: 3195953
LogDevObjectVersion: Number of dev versions registered: 13
LogDevObjectVersion:   Dev-Blueprints (B0D832E4-1F89-4F0D-ACCF-7EB736FD4AA2): 7
LogDevObjectVersion:   Dev-Build (E1C64328-A22C-4D53-A36C-8E866417BD8C): 0
LogDevObjectVersion:   Dev-Core (375EC13C-06E4-48FB-B500-84F0262A717E): 1
LogDevObjectVersion:   Dev-Editor (E4B068ED-F494-42E9-A231-DA0B2E46BB41): 8
LogDevObjectVersion:   Dev-Framework (CFFC743F-43B0-4480-9391-14DF171D2073): 17
LogDevObjectVersion:   Dev-Mobile (B02B49B5-BB20-44E9-A304-32B752E40360): 0
LogDevObjectVersion:   Dev-Networking (A4E4105C-59A1-49B5-A7C5-40C4547EDFEE): 0
LogDevObjectVersion:   Dev-Online (39C831C9-5AE6-47DC-9A44-9C173E1C8E7C): 0
LogDevObjectVersion:   Dev-Physics (78F01B33-EBEA-4F98-B9B4-84EACCB95AA2): 0
LogDevObjectVersion:   Dev-Platform (6631380F-2D4D-43E0-8009-CF276956A95A): 0
LogDevObjectVersion:   Dev-Rendering (12F88B9F-8875-4AFC-A67C-D90C383ABD29): 12
LogDevObjectVersion:   Dev-Sequencer (7B5AE74C-D270-4C10-A958-57980B212A5A): 1
LogDevObjectVersion:   Dev-VR (D7296918-1DD6-4BDD-9DE2-64A83CC13884): 0
LogInit: Compiled (64-bit): Dec  7 2016 02:14:32
LogInit: Compiled with Visual C++: 19.00.23026.00
LogInit: Build Configuration: Development
LogInit: Branch Name: ++UE4+Release-4.14
LogInit: Command line:  
LogInit: Base directory: C:/Program Files (x86)/Epic Games/4.14/Engine/Binaries/Win64/
LogInit: Installed Engine Build: 1
LogInit: Presizing for max 8388607 objects, including 0 objects not considered by GC, pre-allocating 0 bytes for permanent pool.
LogInit: Object subsystem initialized
[2017.03.14-15.57.25:644][  0]LogInit: Selected Device Profile: [Windows]
[2017.03.14-15.57.25:644][  0]LogInit: Applying CVar settings loaded from the selected device profile: [Windows]
[2017.03.14-15.57.25:686][  0]LogInit: Computer: DESKTOP-VTD5TTC
[2017.03.14-15.57.25:686][  0]LogInit: User: Sabrina
[2017.03.14-15.57.25:686][  0]LogInit: CPU Page size=65536, Cores=2
[2017.03.14-15.57.25:686][  0]LogInit: High frequency timer resolution =2.742187 MHz
[2017.03.14-15.57.25:687][  0]LogMemory: Memory total: Physical=15.9GB (16GB approx)
[2017.03.14-15.57.25:688][  0]LogMemory: Platform Memory Stats for Windows
[2017.03.14-15.57.25:688][  0]LogMemory: Process Physical Memory: 263.65 MB used, 263.65 MB peak
[2017.03.14-15.57.25:688][  0]LogMemory: Process Virtual Memory: 262.43 MB used, 262.43 MB peak
[2017.03.14-15.57.25:688][  0]LogMemory: Physical Memory: 8039.93 MB used,  8270.18 MB free, 16310.11 MB total
[2017.03.14-15.57.25:688][  0]LogMemory: Virtual Memory: 674.53 MB used,  8270.18 MB free, 134217728.00 MB total
[2017.03.14-15.57.26:018][  0]LogTextLocalizationManager: No specific translations for ('en-US') exist, so ('en') translations will be used.
[2017.03.14-15.57.29:485][  0]LogD3D11RHI: D3D11 adapters:
[2017.03.14-15.57.29:774][  0]LogD3D11RHI:    0. 'NVIDIA GeForce GPU' (Feature Level 11_0)
[2017.03.14-15.57.29:774][  0]LogD3D11RHI:       996/0/8155 MB DedicatedVideo/DedicatedSystem/SharedSystem, Outputs:1, VendorId:0x10de
[2017.03.14-15.57.29:782][  0]LogD3D11RHI:    1. 'Intel(R) HD Graphics 520' (Feature Level 11_0)
[2017.03.14-15.57.29:782][  0]LogD3D11RHI:       128/0/8155 MB DedicatedVideo/DedicatedSystem/SharedSystem, Outputs:0, VendorId:0x8086
[2017.03.14-15.57.29:790][  0]LogD3D11RHI:    2. 'Microsoft Basic Render Driver' (Feature Level 11_0)
[2017.03.14-15.57.29:790][  0]LogD3D11RHI:       0/0/8155 MB DedicatedVideo/DedicatedSystem/SharedSystem, Outputs:0, VendorId:0x1414
[2017.03.14-15.57.29:790][  0]LogD3D11RHI: Chosen D3D11 Adapter: 0
[2017.03.14-15.57.29:797][  0]LogD3D11RHI: Creating new Direct3DDevice
[2017.03.14-15.57.29:797][  0]LogD3D11RHI:     GPU DeviceId: 0x134b (for the marketing name, search the web for "GPU Device Id")
[2017.03.14-15.57.29:797][  0]LogWindows: EnumDisplayDevices:
[2017.03.14-15.57.29:797][  0]LogWindows:    0. 'Intel(R) HD Graphics 520' (P:1 D:1)
[2017.03.14-15.57.29:797][  0]LogWindows:    1. 'Intel(R) HD Graphics 520' (P:0 D:0)
[2017.03.14-15.57.29:797][  0]LogWindows:    2. 'Intel(R) HD Graphics 520' (P:0 D:0)
[2017.03.14-15.57.29:797][  0]LogWindows: DebugString: PrimaryIsNotTheChoosenAdapter PrimaryIsNotTheChoosenAdapter PrimaryIsNotTheChoosenAdapter FoundDriverCount:0 
[2017.03.14-15.57.29:797][  0]LogD3D11RHI:     Adapter Name: NVIDIA GeForce GPU
[2017.03.14-15.57.29:797][  0]LogD3D11RHI:   Driver Version: Unknown (internal:Unknown, unified:Unknown)
[2017.03.14-15.57.29:797][  0]LogD3D11RHI:      Driver Date: Unknown
[2017.03.14-15.57.29:797][  0]LogRHI: Texture pool is 697 MB (70% of 996 MB)
[2017.03.14-15.57.29:812][  0]LogD3D11RHI: Async texture creation enabled
[2017.03.14-15.57.29:854][  0]LogD3D11RHI: GPU Timing Frequency: 1000.000000 (Debug: 2 2)
[2017.03.14-15.57.29:866][  0]LogShaderCompilers: Guid format shader working directory is -22 characters bigger than the processId version (../../../../../../Users/Sabrina/Documents/Call-Of-Bread/Call_Of_bread/Intermediate/Shaders/WorkingDirectory/16868/).
[2017.03.14-15.57.29:866][  0]LogShaderCompilers: Cleaned the shader compiler working directory 'C:/Users/Sabrina/AppData/Local/Temp/UnrealShaderWorkingDir/FE1963F64E7D17219073248F90E6BDA2/'.
[2017.03.14-15.57.29:866][  0]LogShaderCompilers:Display: Using Local Shader Compiler.
[2017.03.14-15.57.32:338][  0]LogTemp:Display: Loaded TP AllDesktopTargetPlatform
[2017.03.14-15.57.32:387][  0]LogTemp:Display: Loaded TP MacClientTargetPlatform
[2017.03.14-15.57.32:434][  0]LogTemp:Display: Loaded TP MacNoEditorTargetPlatform
[2017.03.14-15.57.32:487][  0]LogTemp:Display: Loaded TP MacServerTargetPlatform
[2017.03.14-15.57.32:577][  0]LogTemp:Display: Loaded TP MacTargetPlatform
[2017.03.14-15.57.32:626][  0]LogTemp:Display: Loaded TP WindowsClientTargetPlatform
[2017.03.14-15.57.32:674][  0]LogTemp:Display: Loaded TP WindowsNoEditorTargetPlatform
[2017.03.14-15.57.32:723][  0]LogTemp:Display: Loaded TP WindowsServerTargetPlatform
[2017.03.14-15.57.32:763][  0]LogTemp:Display: Loaded TP WindowsTargetPlatform
[2017.03.14-15.57.32:822][  0]LogTemp:Display: Loaded TP AndroidTargetPlatform
[2017.03.14-15.57.32:870][  0]LogTemp:Display: Loaded TP Android_ASTCTargetPlatform
[2017.03.14-15.57.32:934][  0]LogTemp:Display: Loaded TP Android_ATCTargetPlatform
[2017.03.14-15.57.32:992][  0]LogTemp:Display: Loaded TP Android_DXTTargetPlatform
[2017.03.14-15.57.33:057][  0]LogTemp:Display: Loaded TP Android_ETC1TargetPlatform
[2017.03.14-15.57.33:113][  0]LogTemp:Display: Loaded TP Android_ETC2TargetPlatform
[2017.03.14-15.57.33:229][  0]LogTemp:Display: Loaded TP Android_MultiTargetPlatform
[2017.03.14-15.57.33:229][  0]LogTemp:Display: Loaded TP Android_PVRTCTargetPlatform
[2017.03.14-15.57.33:275][  0]LogTemp:Display: Loaded TP HTML5TargetPlatform
[2017.03.14-15.57.33:382][  0]LogTemp:Display: Loaded TP IOSTargetPlatform
[2017.03.14-15.57.33:419][  0]LogTemp:Display: Loaded TP TVOSTargetPlatform
[2017.03.14-15.57.33:484][  0]LogTemp:Display: Loaded TP LinuxClientTargetPlatform
[2017.03.14-15.57.33:545][  0]LogTemp:Display: Loaded TP LinuxNoEditorTargetPlatform
[2017.03.14-15.57.33:600][  0]LogTemp:Display: Loaded TP LinuxServerTargetPlatform
[2017.03.14-15.57.33:697][  0]LogTemp:Display: Loaded TP LinuxTargetPlatform
[2017.03.14-15.57.33:697][  0]LogTargetPlatformManager:Display: Building Assets For Windows
[2017.03.14-15.57.34:387][  0]LogDerivedDataCache:Display: Max Cache Size: 512 MB
[2017.03.14-15.57.34:573][  0]LogDerivedDataCache: Loaded boot cache 0.19s 50MB C:/Users/Sabrina/AppData/Local/UnrealEngine/4.14/DerivedDataCache/Boot.ddc.
[2017.03.14-15.57.34:573][  0]LogDerivedDataCache:Display: Loaded Boot cache: C:/Users/Sabrina/AppData/Local/UnrealEngine/4.14/DerivedDataCache/Boot.ddc
[2017.03.14-15.57.34:573][  0]LogDerivedDataCache: FDerivedDataBackendGraph:  Pak pak cache file ../../../../../../Users/Sabrina/Documents/Call-Of-Bread/Call_Of_bread/DerivedDataCache/DDC.ddp not found, will not use a pak cache.
[2017.03.14-15.57.34:573][  0]LogDerivedDataCache: Unable to find inner node Pak for hierarchical cache Hierarchy.
[2017.03.14-15.57.34:573][  0]LogDerivedDataCache: FDerivedDataBackendGraph:  CompressedPak pak cache file ../../../../../../Users/Sabrina/Documents/Call-Of-Bread/Call_Of_bread/DerivedDataCache/Compressed.ddp not found, will not use a pak cache.
[2017.03.14-15.57.34:573][  0]LogDerivedDataCache: Unable to find inner node CompressedPak for hierarchical cache Hierarchy.
[2017.03.14-15.57.34:598][  0]LogDerivedDataCache:Display: Pak cache opened for reading ../../../Engine/DerivedDataCache/Compressed.ddp.
[2017.03.14-15.57.34:611][  0]LogDerivedDataCache: Using Local data cache path C:/Users/Sabrina/AppData/Local/UnrealEngine/Common/DerivedDataCache: Writable
[2017.03.14-15.57.37:629][  0]LogInit: Selected Device Profile: [Windows]
[2017.03.14-15.57.37:641][  0]LogContentStreaming: Texture pool size is 0.00 MB
[2017.03.14-15.57.37:939][  0]LogMeshUtilities: Using QuadricMeshReduction for automatic static mesh reduction
[2017.03.14-15.57.37:991][  0]LogSimplygon: Simplygon DLL not present - disabling.
[2017.03.14-15.57.38:035][  0]LogMeshUtilities: Using SimplygonSwarm for distributed automatic mesh merging
[2017.03.14-15.57.38:035][  0]LogMeshUtilities: No automatic skeletal mesh reduction module available
[2017.03.14-15.57.38:035][  0]LogMeshUtilities: No automatic mesh merging module available
[2017.03.14-15.57.39:546][  0]LogNetVersion: GetLocalNetworkVersion: CL: 3195953, ProjectName: call_of_bread, ProjectVersion: , EngineNetworkVersion: 2, GameNetworkVersion: 0, NetworkChecksum: 1183517265
[2017.03.14-15.57.39:638][  0]LogAssetRegistry: FAssetRegistry took 0.0252 seconds to start up
[2017.03.14-15.57.39:704][  0]LogPackageLocalizationCache: Processed 3 localized package path(s) for 2 prioritized culture(s) in 0.041736 seconds
[2017.03.14-15.57.39:711][  0]LogUObjectArray: 31946 objects as part of root set at end of initial load.
[2017.03.14-15.57.39:711][  0]LogUObjectAllocator: 6935840 out of 0 bytes used by permanent object pool.
[2017.03.14-15.57.39:711][  0]LogUObjectArray: CloseDisregardForGC: 0/0 objects in disregard for GC pool
[2017.03.14-15.57.39:794][  0]LogInit: WinSock: version 1.1 (2.2), MaxSocks=32767, MaxUdp=65467
[2017.03.14-15.57.40:711][  0]LogSlate: Using Freetype 2.6.0
[2017.03.14-15.57.40:726][  0]LogSlate: SlateFontCache - WITH_FREETYPE: 1, WITH_HARFBUZZ: 1
[2017.03.14-15.57.40:726][  0]LogSlate: SlateFontCache - WITH_FREETYPE: 1, WITH_HARFBUZZ: 1
[2017.03.14-15.57.44:426][  0]LogTcpMessaging: Initializing TcpMessaging bridge
[2017.03.14-15.57.44:479][  0]LogUdpMessaging: Initializing bridge on interface 0.0.0.0:0 to multicast group 230.0.0.1:6666.
[2017.03.14-15.57.44:956][  0]LogMaterial: Uniform references updated for custom material expression Custom.
[2017.03.14-15.57.45:502][  0]SourceControl: Info Source control is disabled
[2017.03.14-15.57.45:549][  0]SourceControl: Info Source control is disabled
[2017.03.14-15.57.45:605][  0]SourceControl: Info Source control is disabled
[2017.03.14-15.57.45:649][  0]SourceControl: Info Source control is disabled
[2017.03.14-15.57.47:193][  0]LogEngine: Initializing Engine...
[2017.03.14-15.57.47:194][  0]LogHMD: Failed to initialize OpenVR with code 110
[2017.03.14-15.57.47:743][  0]LogAIModule: Creating AISystem for world Untitled
[2017.03.14-15.57.47:766][  0]LogInit: XAudio2 using 'Headphones (Realtek High Definition Audio(SST))' : 2 channels at 48 kHz using 32 bits per sample (channel mask 0x3)
[2017.03.14-15.57.49:212][  0]LogInit: FAudioDevice initialized.
[2017.03.14-15.57.49:239][  0]LogDerivedDataCache: Saved boot cache 0.03s 50MB C:/Users/Sabrina/AppData/Local/UnrealEngine/4.14/DerivedDataCache/Boot.ddc.
[2017.03.14-15.57.49:249][  0]LogInit: Texture streaming: Enabled
[2017.03.14-15.57.49:445][  0]LogWindowsTextInputMethodSystem:Display: IME system now deactivated.
[2017.03.14-15.57.49:445][  0]LogWindowsTextInputMethodSystem:Display: IME system now deactivated.
[2017.03.14-15.57.49:507][  0]LogInit: Transaction tracking system initialized
[2017.03.14-15.57.49:989][  0]BlueprintLog: New page: Editor Load
[2017.03.14-15.57.51:128][  0]LocalizationService: Info Localization service is disabled
[2017.03.14-15.57.51:948][  0]LogConsoleResponse:Display: 
[2017.03.14-15.57.52:551][  0]LogCook:Display: Max memory allowance for cook 16384mb min free memory 0mb
[2017.03.14-15.57.52:551][  0]LogCook:Display: Mobile HDR setting 1
[2017.03.14-15.57.52:924][  0]LogFileCache: Scanning file cache for directory 'C:/Users/Sabrina/Documents/Call-Of-Bread/Call_Of_bread/Content/' took 0.02s
[2017.03.14-15.57.53:970][  0]SourceControl: Info Source control is disabled
[2017.03.14-15.57.53:972][  0]Cmd: MAP LOAD FILE="../../../../../../Users/Sabrina/Documents/Call-Of-Bread/Call_Of_bread/Content/ThirdPersonBP/Maps/ThirdPersonExampleMap.umap" TEMPLATE=0 SHOWPROGRESS=1 FEATURELEVEL=3
[2017.03.14-15.57.53:980][  0]LightingResults: New page: Lighting Build
[2017.03.14-15.57.54:031][  0]MapCheck: New page: Map Check
[2017.03.14-15.57.54:031][  0]LightingResults: New page: Lighting Build
[2017.03.14-15.57.55:331][  0]LogAIModule: Creating AISystem for world ThirdPersonExampleMap
[2017.03.14-15.57.55:626][  0]LogEditorServer: Finished looking for orphan Actors (0.000 secs)
[2017.03.14-15.57.55:628][  0]Cmd: MAP CHECKDEP NOCLEARLOG
[2017.03.14-15.57.55:690][  0]MapCheck: Info Map check complete: 0 Error(s), 0 Warning(s), took 62.428ms to complete.
[2017.03.14-15.57.55:690][  0]LogFileHelpers: Loading map 'ThirdPersonExampleMap' took 1.719
[2017.03.14-15.57.55:899][  0]LogCollectionManager: Loaded 0 collections in 0.002044 seconds
[2017.03.14-15.57.56:000][  0]LogFileCache: Scanning file cache for directory 'C:/Users/Sabrina/Documents/Call-Of-Bread/Call_Of_bread/Saved/Collections/' took 0.01s
[2017.03.14-15.57.56:000][  0]LogFileCache: Scanning file cache for directory 'C:/Users/Sabrina/Documents/Call-Of-Bread/Call_Of_bread/Content/Developers/Sabrina/Collections/' took 0.01s
[2017.03.14-15.57.56:000][  0]LogFileCache: Scanning file cache for directory 'C:/Users/Sabrina/Documents/Call-Of-Bread/Call_Of_bread/Content/Collections/' took 0.01s
[2017.03.14-15.57.56:000][  0]LogCollectionManager: Rebuilt the GUID cache for 0 collections in 0.000001 seconds
[2017.03.14-15.57.56:016][  0]LogContentBrowser: Native class hierarchy populated in 0.0129 seconds. Added 2190 classes and 428 folders.
[2017.03.14-15.57.56:065][  0]LogStats: UGameplayTagsManager::ConstructGameplayTagTree: Construct from data asset -  0.000 s
[2017.03.14-15.57.56:065][  0]LogStats: UGameplayTagsManager::ConstructGameplayTagTree: GameplayTagTreeChangedEvent.Broadcast -  0.000 s
[2017.03.14-15.57.56:066][  0]LogContentBrowser: Native class hierarchy updated for 'GameplayTags' in 0.0005 seconds. Added 13 classes and 0 folders.
[2017.03.14-15.57.56:140][  0]LogContentBrowser: Native class hierarchy updated for 'WidgetCarousel' in 0.0015 seconds. Added 0 classes and 0 folders.
[2017.03.14-15.57.56:518][  0]LogContentBrowser: Native class hierarchy updated for 'AddContentDialog' in 0.0006 seconds. Added 0 classes and 0 folders.
[2017.03.14-15.57.56:567][  0]LogContentBrowser: Native class hierarchy updated for 'SceneOutliner' in 0.0005 seconds. Added 1 classes and 2 folders.
[2017.03.14-15.57.56:793][  0]LogCrashTracker: Crashtracker disabled due to settings.
[2017.03.14-15.57.56:810][  0]LogUObjectGlobals:Warning: Failed to find object 'Class None.'
[2017.03.14-15.57.56:887][  0]LogContentBrowser: Native class hierarchy updated for 'HierarchicalLODOutliner' in 0.0007 seconds. Added 1 classes and 2 folders.
[2017.03.14-15.57.56:887][  0]LogLoad: (Engine Initialization) Total time: 34.31 seconds
[2017.03.14-15.57.56:887][  0]LogLoad: (Engine Initialization) Total Blueprint compile time: 0.31 seconds
[2017.03.14-15.57.56:888][  0]LogExternalProfiler: Found external profiler: VSPerf
[2017.03.14-15.57.56:888][  0]LogExternalProfiler: Using external profiler: VSPerf
[2017.03.14-15.57.56:908][  0]LogOcInput: OculusInput pre-init called
[2017.03.14-15.57.56:935][  0]LogContentStreaming: Texture pool size now 1000 MB
[2017.03.14-15.57.57:171][  0]LogRenderer: Reallocating scene render targets to support 1152x544 NumSamples 1 (Frame:2).
[2017.03.14-15.57.57:343][  2]LogAssetRegistry: Asset discovery search completed in 17.7273 seconds
[2017.03.14-15.57.57:343][  2]LogCollectionManager: Rebuilt the object cache for 0 collections in 0.000001 seconds (found 0 objects)
[2017.03.14-15.57.57:343][  2]LogCollectionManager: Fixed up redirectors for 0 collections in 0.000292 seconds (updated 0 objects)
[2017.03.14-15.58.37:554][837]LogFactory: FactoryCreateFile: StaticMesh with FbxFactory (0 0 C:\Users\Sabrina\Desktop\CALL OF BREAD GAME\Fbx files\BANGmagnets.fbx)
[2017.03.14-15.58.37:597][837]LogFbx: ItemName: GlobalSettings, ItemCount : 1
[2017.03.14-15.58.37:597][837]LogFbx: ItemName: NodeAttribute, ItemCount : 2
[2017.03.14-15.58.37:597][837]LogFbx: ItemName: Geometry, ItemCount : 5
[2017.03.14-15.58.37:597][837]LogFbx: ItemName: Model, ItemCount : 7
[2017.03.14-15.58.37:597][837]LogFbx: ItemName: Material, ItemCount : 5
[2017.03.14-15.58.37:607][837]LogFbx: Loading FBX Scene from C:\Users\Sabrina\Desktop\CALL OF BREAD GAME\Fbx files\BANGmagnets.fbx
[2017.03.14-15.58.37:622][837]LogFbx: FBX Scene Loaded Succesfully
[2017.03.14-15.58.39:498][837]LogFbx: Loading FBX Scene from C:\Users\Sabrina\Desktop\CALL OF BREAD GAME\Fbx files\BANGmagnets.fbx
[2017.03.14-15.58.39:508][837]LogFbx: FBX Scene Loaded Succesfully
[2017.03.14-15.58.39:514][837]LogLinker: Can't find file '/Game/Assets/Material_004'
[2017.03.14-15.58.39:514][837]LogLinker: Can't find file '/Game/Assets/Material_004'
[2017.03.14-15.58.39:525][837]LogMaterial: Missing cached shader map for material Material_004, compiling. 
[2017.03.14-15.58.39:568][837]LogFbx:Warning: Triangulating static mesh !
[2017.03.14-15.58.39:577][837]LogLinker: Can't find file '/Game/Assets/Material_003'
[2017.03.14-15.58.39:577][837]LogLinker: Can't find file '/Game/Assets/Material_003'
[2017.03.14-15.58.39:611][837]LogMaterial: Missing cached shader map for material Material_003, compiling. 
[2017.03.14-15.58.39:631][837]LogFbx:Warning: Triangulating static mesh G
[2017.03.14-15.58.39:644][837]LogLinker: Can't find file '/Game/Assets/Material_002'
[2017.03.14-15.58.39:644][837]LogLinker: Can't find file '/Game/Assets/Material_002'
[2017.03.14-15.58.39:655][837]LogMaterial: Missing cached shader map for material Material_002, compiling. 
[2017.03.14-15.58.39:672][837]LogFbx:Warning: Triangulating static mesh N
[2017.03.14-15.58.39:691][837]LogFbx:Warning: Triangulating static mesh A
[2017.03.14-15.58.39:696][837]LogLinker: Can't find file '/Game/Assets/Material'
[2017.03.14-15.58.39:696][837]LogLinker: Can't find file '/Game/Assets/Material'
[2017.03.14-15.58.39:721][837]LogMaterial: Missing cached shader map for material Material, compiling. 
[2017.03.14-15.58.39:740][837]LogFbx:Warning: Triangulating static mesh B
[2017.03.14-15.58.39:762][837]LogStaticMesh: Building static mesh BANGmagnets...
[2017.03.14-15.58.39:771][837]LogStaticMesh: Built static mesh [0.01s] /Game/Assets/BANGmagnets.BANGmagnets
[2017.03.14-15.58.39:775][837]LogStaticMesh:Warning: BANGmagnets has degenerate tangent bases which will result in incorrect shading.  MikkTSpace relies on tangent bases and may result in mesh corruption, consider disabling this option.
[2017.03.14-15.58.39:788][837]FBXImport:Warning: Warning No smoothing group information was found in this FBX scene.  Please make sure to enable the 'Export Smoothing Groups' option in the FBX Exporter plug-in before exporting the file.  Even for tools that don't support smoothing groups, the FBX Exporter will generate appropriate smoothing data at export-time so that correct vertex normals can be inferred while importing. 
[2017.03.14-15.58.39:788][837]FBXImport:Warning: Warning BANGmagnets has degenerate tangent bases which will result in incorrect shading.  MikkTSpace relies on tangent bases and may result in mesh corruption, consider disabling this option. 
[2017.03.14-15.58.57:665][300]LogRenderer: Reallocating scene render targets to support 1152x568 NumSamples 1 (Frame:2086).
[2017.03.14-15.59.15:612][972]Cmd: OBJ SAVEPACKAGE PACKAGE="/Game/Assets/BANGmagnets" FILE="../../../../../../Users/Sabrina/Documents/Call-Of-Bread/Call_Of_bread/Content/Assets/BANGmagnets.uasset" SILENT=true
[2017.03.14-15.59.15:628][972]LogSavePackage: Save=13.64ms
[2017.03.14-15.59.15:628][972]LogSavePackage: Moving '../../../../../../Users/Sabrina/Documents/Call-Of-Bread/Call_Of_bread/Saved/BANGmagnets2593778E44E4686CCBEE269072415AEC.tmp' to '../../../../../../Users/Sabrina/Documents/Call-Of-Bread/Call_Of_bread/Content/Assets/BANGmagnets.uasset'
[2017.03.14-15.59.15:634][972]LogSavePackage:Display: Finished SavePackage ../../../../../../Users/Sabrina/Documents/Call-Of-Bread/Call_Of_bread/Content/Assets/BANGmagnets.uasset
[2017.03.14-15.59.15:663][972]Cmd: OBJ SAVEPACKAGE PACKAGE="/Game/Assets/Material_004" FILE="../../../../../../Users/Sabrina/Documents/Call-Of-Bread/Call_Of_bread/Content/Assets/Material_004.uasset" SILENT=true
[2017.03.14-15.59.15:679][972]LogSavePackage: Save=14.61ms
[2017.03.14-15.59.15:679][972]LogSavePackage: Moving '../../../../../../Users/Sabrina/Documents/Call-Of-Bread/Call_Of_bread/Saved/Material_004186327A54FF96C6D9687C58CE1E3CB7B.tmp' to '../../../../../../Users/Sabrina/Documents/Call-Of-Bread/Call_Of_bread/Content/Assets/Material_004.uasset'
[2017.03.14-15.59.15:682][972]LogSavePackage:Display: Finished SavePackage ../../../../../../Users/Sabrina/Documents/Call-Of-Bread/Call_Of_bread/Content/Assets/Material_004.uasset
[2017.03.14-15.59.15:711][972]Cmd: OBJ SAVEPACKAGE PACKAGE="/Game/Assets/Material_003" FILE="../../../../../../Users/Sabrina/Documents/Call-Of-Bread/Call_Of_bread/Content/Assets/Material_003.uasset" SILENT=true
[2017.03.14-15.59.15:728][972]LogSavePackage: Save=14.80ms
[2017.03.14-15.59.15:728][972]LogSavePackage: Moving '../../../../../../Users/Sabrina/Documents/Call-Of-Bread/Call_Of_bread/Saved/Material_0036042052546D4EFF9060F72A7569DFD55.tmp' to '../../../../../../Users/Sabrina/Documents/Call-Of-Bread/Call_Of_bread/Content/Assets/Material_003.uasset'
[2017.03.14-15.59.15:731][972]LogSavePackage:Display: Finished SavePackage ../../../../../../Users/Sabrina/Documents/Call-Of-Bread/Call_Of_bread/Content/Assets/Material_003.uasset
[2017.03.14-15.59.15:758][972]Cmd: OBJ SAVEPACKAGE PACKAGE="/Game/Assets/Material_002" FILE="../../../../../../Users/Sabrina/Documents/Call-Of-Bread/Call_Of_bread/Content/Assets/Material_002.uasset" SILENT=true
[2017.03.14-15.59.15:775][972]LogSavePackage: Save=15.11ms
[2017.03.14-15.59.15:775][972]LogSavePackage: Moving '../../../../../../Users/Sabrina/Documents/Call-Of-Bread/Call_Of_bread/Saved/Material_002F0EDEE0F460E6DAD2DC1A6A5280DA024.tmp' to '../../../../../../Users/Sabrina/Documents/Call-Of-Bread/Call_Of_bread/Content/Assets/Material_002.uasset'
[2017.03.14-15.59.15:778][972]LogSavePackage:Display: Finished SavePackage ../../../../../../Users/Sabrina/Documents/Call-Of-Bread/Call_Of_bread/Content/Assets/Material_002.uasset
[2017.03.14-15.59.15:806][972]Cmd: OBJ SAVEPACKAGE PACKAGE="/Game/Assets/Material" FILE="../../../../../../Users/Sabrina/Documents/Call-Of-Bread/Call_Of_bread/Content/Assets/Material.uasset" SILENT=true
[2017.03.14-15.59.15:823][972]LogSavePackage: Save=15.19ms
[2017.03.14-15.59.15:823][972]LogSavePackage: Moving '../../../../../../Users/Sabrina/Documents/Call-Of-Bread/Call_Of_bread/Saved/MaterialB3AC9EFF4BF56F9B7257B3984442EA5E.tmp' to '../../../../../../Users/Sabrina/Documents/Call-Of-Bread/Call_Of_bread/Content/Assets/Material.uasset'
[2017.03.14-15.59.15:826][972]LogSavePackage:Display: Finished SavePackage ../../../../../../Users/Sabrina/Documents/Call-Of-Bread/Call_Of_bread/Content/Assets/Material.uasset
[2017.03.14-16.00.19:367][329]LogSavePackage: Save=14.48ms
[2017.03.14-16.00.19:367][329]LogSavePackage: Moving '../../../../../../Users/Sabrina/Documents/Call-Of-Bread/Call_Of_bread/Saved/Call_Of_Bread_Chair5DBFCE144ACEAEA4FF495D88AB2D4D37.tmp' to '../../../../../../Users/Sabrina/Documents/Call-Of-Bread/Call_Of_bread/Content/Assets/Assets/Call_Of_Bread_Chair.uasset'
[2017.03.14-16.00.19:370][329]LogSavePackage:Display: Finished SavePackage ../../../../../../Users/Sabrina/Documents/Call-Of-Bread/Call_Of_bread/Content/Assets/Assets/Call_Of_Bread_Chair.uasset
[2017.03.14-16.00.19:398][329]LogSavePackage: Save=5.44ms
[2017.03.14-16.00.19:398][329]LogSavePackage: Moving '../../../../../../Users/Sabrina/Documents/Call-Of-Bread/Call_Of_bread/Saved/Call_Of_Bread_Chair49EDFF584D8422A8336C0A9B2F7DD67D.tmp' to '../../../../../../Users/Sabrina/Documents/Call-Of-Bread/Call_Of_bread/Content/Counter_Modular-Kit/Assets/Call_Of_Bread_Chair.uasset'
[2017.03.14-16.00.19:401][329]LogSavePackage:Display: Finished SavePackage ../../../../../../Users/Sabrina/Documents/Call-Of-Bread/Call_Of_bread/Content/Counter_Modular-Kit/Assets/Call_Of_Bread_Chair.uasset
[2017.03.14-16.00.19:442][329]LogSavePackage: Save=13.10ms
[2017.03.14-16.00.19:442][329]LogSavePackage: Moving '../../../../../../Users/Sabrina/Documents/Call-Of-Bread/Call_Of_bread/Saved/Call-Of-Bread_table6DEA1F104ACFD8F36F6802B9C0734D29.tmp' to '../../../../../../Users/Sabrina/Documents/Call-Of-Bread/Call_Of_bread/Content/Assets/Assets/Call-Of-Bread_table.uasset'
[2017.03.14-16.00.19:445][329]LogSavePackage:Display: Finished SavePackage ../../../../../../Users/Sabrina/Documents/Call-Of-Bread/Call_Of_bread/Content/Assets/Assets/Call-Of-Bread_table.uasset
[2017.03.14-16.00.19:468][329]LogSavePackage: Save=5.99ms
[2017.03.14-16.00.19:468][329]LogSavePackage: Moving '../../../../../../Users/Sabrina/Documents/Call-Of-Bread/Call_Of_bread/Saved/Call-Of-Bread_table7DBBF5E4468F6AF72ADB9ABA38FB6766.tmp' to '../../../../../../Users/Sabrina/Documents/Call-Of-Bread/Call_Of_bread/Content/Counter_Modular-Kit/Assets/Call-Of-Bread_table.uasset'
[2017.03.14-16.00.19:472][329]LogSavePackage:Display: Finished SavePackage ../../../../../../Users/Sabrina/Documents/Call-Of-Bread/Call_Of_bread/Content/Counter_Modular-Kit/Assets/Call-Of-Bread_table.uasset
[2017.03.14-16.00.19:501][329]Cmd: OBJ SAVEPACKAGE PACKAGE="/Game/Assets/Assets/Table_Chair-mtrl" FILE="../../../../../../Users/Sabrina/Documents/Call-Of-Bread/Call_Of_bread/Content/Assets/Assets/Table_Chair-mtrl.uasset" SILENT=true
[2017.03.14-16.00.19:517][329]LogSavePackage: Save=14.62ms
[2017.03.14-16.00.19:517][329]LogSavePackage: Moving '../../../../../../Users/Sabrina/Documents/Call-Of-Bread/Call_Of_bread/Saved/Table_Chair-mtrlA67365964044DCF748E72284E52F058C.tmp' to '../../../../../../Users/Sabrina/Documents/Call-Of-Bread/Call_Of_bread/Content/Assets/Assets/Table_Chair-mtrl.uasset'
[2017.03.14-16.00.19:521][329]LogSavePackage:Display: Finished SavePackage ../../../../../../Users/Sabrina/Documents/Call-Of-Bread/Call_Of_bread/Content/Assets/Assets/Table_Chair-mtrl.uasset
[2017.03.14-16.00.37:730][966]LogSavePackage: Save=13.83ms
[2017.03.14-16.00.37:730][966]LogSavePackage: Moving '../../../../../../Users/Sabrina/Documents/Call-Of-Bread/Call_Of_bread/Saved/Call_Of_Bread_Chair1D8B121D476EF29FA26581A6D3C23B75.tmp' to '../../../../../../Users/Sabrina/Documents/Call-Of-Bread/Call_Of_bread/Content/Assets/Diningset/Call_Of_Bread_Chair.uasset'
[2017.03.14-16.00.37:733][966]LogSavePackage:Display: Finished SavePackage ../../../../../../Users/Sabrina/Documents/Call-Of-Bread/Call_Of_bread/Content/Assets/Diningset/Call_Of_Bread_Chair.uasset
[2017.03.14-16.00.37:770][966]LogSavePackage: Save=13.23ms
[2017.03.14-16.00.37:770][966]LogSavePackage: Moving '../../../../../../Users/Sabrina/Documents/Call-Of-Bread/Call_Of_bread/Saved/Call-Of-Bread_tableD55067154CB8DB735FF71EBB57B58382.tmp' to '../../../../../../Users/Sabrina/Documents/Call-Of-Bread/Call_Of_bread/Content/Assets/Diningset/Call-Of-Bread_table.uasset'
[2017.03.14-16.00.37:773][966]LogSavePackage:Display: Finished SavePackage ../../../../../../Users/Sabrina/Documents/Call-Of-Bread/Call_Of_bread/Content/Assets/Diningset/Call-Of-Bread_table.uasset
[2017.03.14-16.00.37:844][966]LogSavePackage: Save=13.82ms
[2017.03.14-16.00.37:844][966]LogSavePackage: Moving '../../../../../../Users/Sabrina/Documents/Call-Of-Bread/Call_Of_bread/Saved/Table_Chair-mtrlCF9A876D4A23172B60F56B8A814FC433.tmp' to '../../../../../../Users/Sabrina/Documents/Call-Of-Bread/Call_Of_bread/Content/Assets/Diningset/Table_Chair-mtrl.uasset'
[2017.03.14-16.00.37:847][966]LogSavePackage:Display: Finished SavePackage ../../../../../../Users/Sabrina/Documents/Call-Of-Bread/Call_Of_bread/Content/Assets/Diningset/Table_Chair-mtrl.uasset
[2017.03.14-16.00.38:079][966]LogSavePackage: Save=5.71ms
[2017.03.14-16.00.38:079][966]LogSavePackage: Moving '../../../../../../Users/Sabrina/Documents/Call-Of-Bread/Call_Of_bread/Saved/Call_Of_Bread_ChairCC8C3CB541724ACDADA37496588ED846.tmp' to '../../../../../../Users/Sabrina/Documents/Call-Of-Bread/Call_Of_bread/Content/Counter_Modular-Kit/Assets/Call_Of_Bread_Chair.uasset'
[2017.03.14-16.00.38:082][966]LogSavePackage:Display: Finished SavePackage ../../../../../../Users/Sabrina/Documents/Call-Of-Bread/Call_Of_bread/Content/Counter_Modular-Kit/Assets/Call_Of_Bread_Chair.uasset
[2017.03.14-16.00.38:097][966]LogSavePackage: Save=5.17ms
[2017.03.14-16.00.38:097][966]LogSavePackage: Moving '../../../../../../Users/Sabrina/Documents/Call-Of-Bread/Call_Of_bread/Saved/Call-Of-Bread_table964C852341487473AD7D08BC510411B7.tmp' to '../../../../../../Users/Sabrina/Documents/Call-Of-Bread/Call_Of_bread/Content/Counter_Modular-Kit/Assets/Call-Of-Bread_table.uasset'
[2017.03.14-16.00.38:099][966]LogSavePackage:Display: Finished SavePackage ../../../../../../Users/Sabrina/Documents/Call-Of-Bread/Call_Of_bread/Content/Counter_Modular-Kit/Assets/Call-Of-Bread_table.uasset
[2017.03.14-16.01.11:822][512]Cmd: OBJ SAVEPACKAGE PACKAGE="/Game/Assets/Magnets/BANGmagnets" FILE="../../../../../../Users/Sabrina/Documents/Call-Of-Bread/Call_Of_bread/Content/Assets/Magnets/BANGmagnets.uasset" SILENT=true
[2017.03.14-16.01.11:836][512]LogSavePackage: Save=13.06ms
[2017.03.14-16.01.11:836][512]LogSavePackage: Moving '../../../../../../Users/Sabrina/Documents/Call-Of-Bread/Call_Of_bread/Saved/BANGmagnets28404FD9440B5B65E3B0C39ADCBC6930.tmp' to '../../../../../../Users/Sabrina/Documents/Call-Of-Bread/Call_Of_bread/Content/Assets/Magnets/BANGmagnets.uasset'
[2017.03.14-16.01.11:840][512]LogSavePackage:Display: Finished SavePackage ../../../../../../Users/Sabrina/Documents/Call-Of-Bread/Call_Of_bread/Content/Assets/Magnets/BANGmagnets.uasset
[2017.03.14-16.01.17:192][758]Cmd: OBJ SAVEPACKAGE PACKAGE="/Game/Assets/Magnets/climbingmagnets" FILE="../../../../../../Users/Sabrina/Documents/Call-Of-Bread/Call_Of_bread/Content/Assets/Magnets/climbingmagnets.uasset" SILENT=true
[2017.03.14-16.01.17:207][758]LogSavePackage: Save=12.81ms
[2017.03.14-16.01.17:207][758]LogSavePackage: Moving '../../../../../../Users/Sabrina/Documents/Call-Of-Bread/Call_Of_bread/Saved/climbingmagnets5B1B05DE45935A139D4CF38AE6E35809.tmp' to '../../../../../../Users/Sabrina/Documents/Call-Of-Bread/Call_Of_bread/Content/Assets/Magnets/climbingmagnets.uasset'
[2017.03.14-16.01.17:210][758]LogSavePackage:Display: Finished SavePackage ../../../../../../Users/Sabrina/Documents/Call-Of-Bread/Call_Of_bread/Content/Assets/Magnets/climbingmagnets.uasset
[2017.03.14-16.01.26:018][ 73]Cmd: OBJ SAVEPACKAGE PACKAGE="/Game/Assets/Magnets/Material_001" FILE="../../../../../../Users/Sabrina/Documents/Call-Of-Bread/Call_Of_bread/Content/Assets/Magnets/Material_001.uasset" SILENT=true
[2017.03.14-16.01.26:036][ 73]LogSavePackage: Save=15.86ms
[2017.03.14-16.01.26:036][ 73]LogSavePackage: Moving '../../../../../../Users/Sabrina/Documents/Call-Of-Bread/Call_Of_bread/Saved/Material_00103A446114D32FBED1F75BE8CFC9480A7.tmp' to '../../../../../../Users/Sabrina/Documents/Call-Of-Bread/Call_Of_bread/Content/Assets/Magnets/Material_001.uasset'
[2017.03.14-16.01.26:039][ 73]LogSavePackage:Display: Finished SavePackage ../../../../../../Users/Sabrina/Documents/Call-Of-Bread/Call_Of_bread/Content/Assets/Magnets/Material_001.uasset
[2017.03.14-16.01.26:063][ 73]Cmd: OBJ SAVEPACKAGE PACKAGE="/Game/Assets/Magnets/Material" FILE="../../../../../../Users/Sabrina/Documents/Call-Of-Bread/Call_Of_bread/Content/Assets/Magnets/Material.uasset" SILENT=true
[2017.03.14-16.01.26:079][ 73]LogSavePackage: Save=14.27ms
[2017.03.14-16.01.26:079][ 73]LogSavePackage: Moving '../../../../../../Users/Sabrina/Documents/Call-Of-Bread/Call_Of_bread/Saved/Material4858517D4B07234F5D88FC8FEB2C971C.tmp' to '../../../../../../Users/Sabrina/Documents/Call-Of-Bread/Call_Of_bread/Content/Assets/Magnets/Material.uasset'
[2017.03.14-16.01.26:082][ 73]LogSavePackage:Display: Finished SavePackage ../../../../../../Users/Sabrina/Documents/Call-Of-Bread/Call_Of_bread/Content/Assets/Magnets/Material.uasset
[2017.03.14-16.01.26:107][ 73]Cmd: OBJ SAVEPACKAGE PACKAGE="/Game/Assets/Magnets/Material_002" FILE="../../../../../../Users/Sabrina/Documents/Call-Of-Bread/Call_Of_bread/Content/Assets/Magnets/Material_002.uasset" SILENT=true
[2017.03.14-16.01.26:124][ 73]LogSavePackage: Save=15.69ms
[2017.03.14-16.01.26:124][ 73]LogSavePackage: Moving '../../../../../../Users/Sabrina/Documents/Call-Of-Bread/Call_Of_bread/Saved/Material_002C917630645E1A37D17F6DF88104CD1A3.tmp' to '../../../../../../Users/Sabrina/Documents/Call-Of-Bread/Call_Of_bread/Content/Assets/Magnets/Material_002.uasset'
[2017.03.14-16.01.26:127][ 73]LogSavePackage:Display: Finished SavePackage ../../../../../../Users/Sabrina/Documents/Call-Of-Bread/Call_Of_bread/Content/Assets/Magnets/Material_002.uasset
[2017.03.14-16.01.26:151][ 73]Cmd: OBJ SAVEPACKAGE PACKAGE="/Game/Assets/Magnets/Material_003" FILE="../../../../../../Users/Sabrina/Documents/Call-Of-Bread/Call_Of_bread/Content/Assets/Magnets/Material_003.uasset" SILENT=true
[2017.03.14-16.01.26:167][ 73]LogSavePackage: Save=14.96ms
[2017.03.14-16.01.26:167][ 73]LogSavePackage: Moving '../../../../../../Users/Sabrina/Documents/Call-Of-Bread/Call_Of_bread/Saved/Material_003417D8E944A7B79371CACF0AE8067EC5A.tmp' to '../../../../../../Users/Sabrina/Documents/Call-Of-Bread/Call_Of_bread/Content/Assets/Magnets/Material_003.uasset'
[2017.03.14-16.01.26:170][ 73]LogSavePackage:Display: Finished SavePackage ../../../../../../Users/Sabrina/Documents/Call-Of-Bread/Call_Of_bread/Content/Assets/Magnets/Material_003.uasset
[2017.03.14-16.01.26:194][ 73]Cmd: OBJ SAVEPACKAGE PACKAGE="/Game/Assets/Magnets/Material_004" FILE="../../../../../../Users/Sabrina/Documents/Call-Of-Bread/Call_Of_bread/Content/Assets/Magnets/Material_004.uasset" SILENT=true
[2017.03.14-16.01.26:211][ 73]LogSavePackage: Save=14.82ms
[2017.03.14-16.01.26:211][ 73]LogSavePackage: Moving '../../../../../../Users/Sabrina/Documents/Call-Of-Bread/Call_Of_bread/Saved/Material_004E5F4BD4345A10DB6F2073DA61CC939E8.tmp' to '../../../../../../Users/Sabrina/Documents/Call-Of-Bread/Call_Of_bread/Content/Assets/Magnets/Material_004.uasset'
[2017.03.14-16.01.26:214][ 73]LogSavePackage:Display: Finished SavePackage ../../../../../../Users/Sabrina/Documents/Call-Of-Bread/Call_Of_bread/Content/Assets/Magnets/Material_004.uasset
[2017.03.14-16.01.26:520][ 73]Cmd: OBJ SAVEPACKAGE PACKAGE="/Game/Assets/Magnets/BANGmagnets" FILE="../../../../../../Users/Sabrina/Documents/Call-Of-Bread/Call_Of_bread/Content/Assets/Magnets/BANGmagnets.uasset" SILENT=true
[2017.03.14-16.01.26:541][ 73]LogSavePackage: Save=9.11ms
[2017.03.14-16.01.26:541][ 73]LogSavePackage: Moving '../../../../../../Users/Sabrina/Documents/Call-Of-Bread/Call_Of_bread/Saved/BANGmagnetsCAD6292A4DCDD2047DE15DBC0D7ADD75.tmp' to '../../../../../../Users/Sabrina/Documents/Call-Of-Bread/Call_Of_bread/Content/Assets/Magnets/BANGmagnets.uasset'
[2017.03.14-16.01.26:543][ 73]LogSavePackage:Display: Finished SavePackage ../../../../../../Users/Sabrina/Documents/Call-Of-Bread/Call_Of_bread/Content/Assets/Magnets/BANGmagnets.uasset
[2017.03.14-16.01.26:547][ 73]Cmd: OBJ SAVEPACKAGE PACKAGE="/Game/Assets/Magnets/climbingmagnets" FILE="../../../../../../Users/Sabrina/Documents/Call-Of-Bread/Call_Of_bread/Content/Assets/Magnets/climbingmagnets.uasset" SILENT=true
[2017.03.14-16.01.26:567][ 73]LogSavePackage: Save=8.99ms
[2017.03.14-16.01.26:567][ 73]LogSavePackage: Moving '../../../../../../Users/Sabrina/Documents/Call-Of-Bread/Call_Of_bread/Saved/climbingmagnets4C5DEA6046526A1B91034C9B2495F94C.tmp' to '../../../../../../Users/Sabrina/Documents/Call-Of-Bread/Call_Of_bread/Content/Assets/Magnets/climbingmagnets.uasset'
[2017.03.14-16.01.26:569][ 73]LogSavePackage:Display: Finished SavePackage ../../../../../../Users/Sabrina/Documents/Call-Of-Bread/Call_Of_bread/Content/Assets/Magnets/climbingmagnets.uasset
[2017.03.14-16.01.26:573][ 73]Cmd: OBJ SAVEPACKAGE PACKAGE="/Game/Assets/Magnets/BANGmagnets" FILE="../../../../../../Users/Sabrina/Documents/Call-Of-Bread/Call_Of_bread/Content/Assets/Magnets/BANGmagnets.uasset" SILENT=true
[2017.03.14-16.01.26:588][ 73]LogSavePackage: Save=6.86ms
[2017.03.14-16.01.26:588][ 73]LogSavePackage: Moving '../../../../../../Users/Sabrina/Documents/Call-Of-Bread/Call_Of_bread/Saved/BANGmagnets3DA25F374C4F333FE350378810C3405C.tmp' to '../../../../../../Users/Sabrina/Documents/Call-Of-Bread/Call_Of_bread/Content/Assets/Magnets/BANGmagnets.uasset'
[2017.03.14-16.01.26:591][ 73]LogSavePackage:Display: Finished SavePackage ../../../../../../Users/Sabrina/Documents/Call-Of-Bread/Call_Of_bread/Content/Assets/Magnets/BANGmagnets.uasset
[2017.03.14-16.01.26:595][ 73]Cmd: OBJ SAVEPACKAGE PACKAGE="/Game/Assets/Magnets/BANGmagnets" FILE="../../../../../../Users/Sabrina/Documents/Call-Of-Bread/Call_Of_bread/Content/Assets/Magnets/BANGmagnets.uasset" SILENT=true
[2017.03.14-16.01.26:607][ 73]LogSavePackage: Save=5.90ms
[2017.03.14-16.01.26:607][ 73]LogSavePackage: Moving '../../../../../../Users/Sabrina/Documents/Call-Of-Bread/Call_Of_bread/Saved/BANGmagnetsCCBD800C4359AABDE222F99E7D49290C.tmp' to '../../../../../../Users/Sabrina/Documents/Call-Of-Bread/Call_Of_bread/Content/Assets/Magnets/BANGmagnets.uasset'
[2017.03.14-16.01.26:609][ 73]LogSavePackage:Display: Finished SavePackage ../../../../../../Users/Sabrina/Documents/Call-Of-Bread/Call_Of_bread/Content/Assets/Magnets/BANGmagnets.uasset
[2017.03.14-16.01.26:613][ 73]Cmd: OBJ SAVEPACKAGE PACKAGE="/Game/Assets/Magnets/BANGmagnets" FILE="../../../../../../Users/Sabrina/Documents/Call-Of-Bread/Call_Of_bread/Content/Assets/Magnets/BANGmagnets.uasset" SILENT=true
[2017.03.14-16.01.26:625][ 73]LogSavePackage: Save=6.40ms
[2017.03.14-16.01.26:625][ 73]LogSavePackage: Moving '../../../../../../Users/Sabrina/Documents/Call-Of-Bread/Call_Of_bread/Saved/BANGmagnetsACCBDC5C4B9238D24430E49BBBF57877.tmp' to '../../../../../../Users/Sabrina/Documents/Call-Of-Bread/Call_Of_bread/Content/Assets/Magnets/BANGmagnets.uasset'
[2017.03.14-16.01.26:627][ 73]LogSavePackage:Display: Finished SavePackage ../../../../../../Users/Sabrina/Documents/Call-Of-Bread/Call_Of_bread/Content/Assets/Magnets/BANGmagnets.uasset
[2017.03.14-16.01.26:631][ 73]Cmd: OBJ SAVEPACKAGE PACKAGE="/Game/Assets/Magnets/BANGmagnets" FILE="../../../../../../Users/Sabrina/Documents/Call-Of-Bread/Call_Of_bread/Content/Assets/Magnets/BANGmagnets.uasset" SILENT=true
[2017.03.14-16.01.26:642][ 73]LogSavePackage: Save=6.09ms
[2017.03.14-16.01.26:642][ 73]LogSavePackage: Moving '../../../../../../Users/Sabrina/Documents/Call-Of-Bread/Call_Of_bread/Saved/BANGmagnetsE84F05094B5B28BEEA15DF8494F4A580.tmp' to '../../../../../../Users/Sabrina/Documents/Call-Of-Bread/Call_Of_bread/Content/Assets/Magnets/BANGmagnets.uasset'
[2017.03.14-16.01.26:644][ 73]LogSavePackage:Display: Finished SavePackage ../../../../../../Users/Sabrina/Documents/Call-Of-Bread/Call_Of_bread/Content/Assets/Magnets/BANGmagnets.uasset
[2017.03.14-16.08.55:367][886]Cmd: QUIT_EDITOR
[2017.03.14-16.08.55:409][886]LogWindowsTextInputMethodSystem:Display: IME system now deactivated.
[2017.03.14-16.08.55:409][886]LogWindowsTextInputMethodSystem:Display: IME system now deactivated.
[2017.03.14-16.08.55:445][886]LogExit: Preparing to exit.
[2017.03.14-16.08.55:859][886]LogDirectoryWatcher: A directory notification for 'C:/Users/Sabrina/Documents/Call-Of-Bread/Call_Of_bread/Content/' was aborted.
[2017.03.14-16.08.55:880][886]LogExit: Editor shut down
[2017.03.14-16.08.55:881][886]LogExit: Transaction tracking system shut down
[2017.03.14-16.08.55:958][886]LogObj: Freed 0b from 0 cluster array pools.
[2017.03.14-16.08.55:958][886]LogExit: Object subsystem successfully closed.
[2017.03.14-16.08.55:972][886]LogD3D11RHI: Shutdown
[2017.03.14-16.08.55:972][886]LogD3D11RHI: CleanupD3DDevice
[2017.03.14-16.08.56:128][886]LogD3D11RHI: ~FD3D11DynamicRHI
[2017.03.14-16.08.56:182][886]LogHttp:Display: Http module shutting down, but needs to wait on 1 outstanding Http requests:
[2017.03.14-16.08.56:182][886]LogHttp:Display: 	verb=[POST] url=[https://datarouter.ol.epicgames.com/datarouter/api/v1/public/data?SessionID=%7B6A324779-4F42-712F-06F8-FAAB9B56B01C%7D&AppID=UEEditor.Rocket.Release&AppVersion=4.14.1-3224400%2B%2B%2BUE4%2BRelease-4.14&UserID=c7f13bf945c3301e352a60bf81dddae3%7Cf7698a23ab304a72af95938514704e6f%7Ca4eec51f-45a8-441a-8972-fd03d43fbe44&AppEnvironment=datacollector-binary&UploadType=eteventstream] status=Processing
[2017.03.14-16.08.56:205][886]LogModuleManager: Shutting down and abandoning module StaticMeshEditor (242)
[2017.03.14-16.08.56:205][886]LogModuleManager: Shutting down and abandoning module HierarchicalLODOutliner (241)
[2017.03.14-16.08.56:205][886]LogModuleManager: Shutting down and abandoning module CrashTracker (240)
[2017.03.14-16.08.56:205][886]LogModuleManager: Shutting down and abandoning module SceneOutliner (239)
[2017.03.14-16.08.56:205][886]LogModuleManager: Shutting down and abandoning module WidgetCarousel (238)
[2017.03.14-16.08.56:205][886]LogModuleManager: Shutting down and abandoning module AddContentDialog (237)
[2017.03.14-16.08.56:206][886]LogDirectoryWatcher: A directory notification for 'C:/Program Files (x86)/Epic Games/4.14/FeaturePacks/' was aborted.
[2017.03.14-16.08.56:206][886]LogModuleManager: Shutting down and abandoning module GameplayTags (236)
[2017.03.14-16.08.56:206][886]LogModuleManager: Shutting down and abandoning module EditorWidgets (235)
[2017.03.14-16.08.56:207][886]LogModuleManager: Shutting down and abandoning module CollectionManager (234)
[2017.03.14-16.08.56:207][886]LogDirectoryWatcher: A directory notification for 'C:/Users/Sabrina/Documents/Call-Of-Bread/Call_Of_bread/Content/Collections/' was aborted.
[2017.03.14-16.08.56:207][886]LogDirectoryWatcher: A directory notification for 'C:/Users/Sabrina/Documents/Call-Of-Bread/Call_Of_bread/Content/Developers/Sabrina/Collections/' was aborted.
[2017.03.14-16.08.56:207][886]LogDirectoryWatcher: A directory notification for 'C:/Users/Sabrina/Documents/Call-Of-Bread/Call_Of_bread/Saved/Collections/' was aborted.
[2017.03.14-16.08.56:207][886]LogModuleManager: Shutting down and abandoning module StatsViewer (233)
[2017.03.14-16.08.56:208][886]LogModuleManager: Shutting down and abandoning module FoliageEdit (232)
[2017.03.14-16.08.56:208][886]LogModuleManager: Shutting down and abandoning module LandscapeEditor (231)
[2017.03.14-16.08.56:208][886]LogModuleManager: Shutting down and abandoning module SceneDepthPickerMode (230)
[2017.03.14-16.08.56:208][886]LogModuleManager: Shutting down and abandoning module ActorPickerMode (229)
[2017.03.14-16.08.56:208][886]LogModuleManager: Shutting down and abandoning module GeometryMode (228)
[2017.03.14-16.08.56:208][886]LogModuleManager: Shutting down and abandoning module TextureAlignMode (227)
[2017.03.14-16.08.56:208][886]LogModuleManager: Shutting down and abandoning module BspMode (226)
[2017.03.14-16.08.56:208][886]LogModuleManager: Shutting down and abandoning module HardwareSurvey (225)
[2017.03.14-16.08.56:208][886]LogModuleManager: Shutting down and abandoning module SequenceRecorderSections (224)
[2017.03.14-16.08.56:208][886]LogModuleManager: Shutting down and abandoning module AutomationWorker (223)
[2017.03.14-16.08.56:208][886]LogModuleManager: Shutting down and abandoning module MatineeToLevelSequence (222)
[2017.03.14-16.08.56:208][886]LogModuleManager: Shutting down and abandoning module PlacementMode (221)
[2017.03.14-16.08.56:209][886]LogModuleManager: Shutting down and abandoning module LevelSequenceEditor (220)
[2017.03.14-16.08.56:210][886]LogModuleManager: Shutting down and abandoning module WmfMediaFactory (219)
[2017.03.14-16.08.56:210][886]LogModuleManager: Shutting down and abandoning module WmfMediaEditor (218)
[2017.03.14-16.08.56:210][886]LogModuleManager: Shutting down and abandoning module AvfMediaFactory (217)
[2017.03.14-16.08.56:210][886]LogModuleManager: Shutting down and abandoning module AvfMediaEditor (216)
[2017.03.14-16.08.56:210][886]LogModuleManager: Shutting down and abandoning module Media (215)
[2017.03.14-16.08.56:210][886]LogModuleManager: Shutting down and abandoning module AndroidMediaFactory (214)
[2017.03.14-16.08.56:210][886]LogModuleManager: Shutting down and abandoning module AndroidMediaEditor (213)
[2017.03.14-16.08.56:210][886]LogModuleManager: Shutting down and abandoning module CharacterAI (212)
[2017.03.14-16.08.56:210][886]LogModuleManager: Shutting down and abandoning module SequenceRecorder (211)
[2017.03.14-16.08.56:210][886]LogModuleManager: Shutting down and abandoning module AudioCapture (210)
[2017.03.14-16.08.56:210][886]LogModuleManager: Shutting down and abandoning module SmartSnapping (209)
[2017.03.14-16.08.56:210][886]LogModuleManager: Shutting down and abandoning module SessionServices (208)
[2017.03.14-16.08.56:210][886]LogModuleManager: Shutting down and abandoning module ViewportSnapping (207)
[2017.03.14-16.08.56:210][886]LogModuleManager: Shutting down and abandoning module ViewportInteraction (206)
[2017.03.14-16.08.56:210][886]LogModuleManager: Shutting down and abandoning module LogVisualizer (205)
[2017.03.14-16.08.56:211][886]LogModuleManager: Shutting down and abandoning module GameProjectGeneration (204)
[2017.03.14-16.08.56:212][886]LogModuleManager: Shutting down and abandoning module IntroTutorials (203)
[2017.03.14-16.08.56:213][886]LogModuleManager: Shutting down and abandoning module EditorLiveStreaming (202)
[2017.03.14-16.08.56:213][886]LogModuleManager: Shutting down and abandoning module IOSPlatformEditor (201)
[2017.03.14-16.08.56:213][886]LogModuleManager: Shutting down and abandoning module HTML5PlatformEditor (200)
[2017.03.14-16.08.56:213][886]LogModuleManager: Shutting down and abandoning module AndroidDeviceDetection (199)
[2017.03.14-16.08.56:851][886]LogModuleManager: Shutting down and abandoning module AndroidPlatformEditor (198)
[2017.03.14-16.08.56:851][886]LogModuleManager: Shutting down and abandoning module IOSRuntimeSettings (197)
[2017.03.14-16.08.56:851][886]LogModuleManager: Shutting down and abandoning module AndroidRuntimeSettings (196)
[2017.03.14-16.08.56:851][886]LogModuleManager: Shutting down and abandoning module InputBindingEditor (195)
[2017.03.14-16.08.56:851][886]LogModuleManager: Shutting down and abandoning module NiagaraEditor (194)
[2017.03.14-16.08.56:885][886]LogModuleManager: Shutting down and abandoning module MergeActors (193)
[2017.03.14-16.08.56:885][886]LogModuleManager: Shutting down and abandoning module SizeMap (192)
[2017.03.14-16.08.56:885][886]LogModuleManager: Shutting down and abandoning module TreeMap (191)
[2017.03.14-16.08.56:886][886]LogModuleManager: Shutting down and abandoning module ReferenceViewer (190)
[2017.03.14-16.08.56:886][886]LogModuleManager: Shutting down and abandoning module LocalizationService (189)
[2017.03.14-16.08.56:886][886]LogModuleManager: Shutting down and abandoning module LocalizationDashboard (188)
[2017.03.14-16.08.56:886][886]LogModuleManager: Shutting down and abandoning module HardwareTargeting (187)
[2017.03.14-16.08.56:886][886]LogModuleManager: Shutting down and abandoning module DeviceProfileEditor (186)
[2017.03.14-16.08.56:886][886]LogModuleManager: Shutting down and abandoning module UndoHistory (185)
[2017.03.14-16.08.56:887][886]LogModuleManager: Shutting down and abandoning module UserFeedback (184)
[2017.03.14-16.08.56:887][886]LogModuleManager: Shutting down and abandoning module XmlParser (183)
[2017.03.14-16.08.56:887][886]LogModuleManager: Shutting down and abandoning module Blutility (182)
[2017.03.14-16.08.56:887][886]LogModuleManager: Shutting down and abandoning module ProjectTargetPlatformEditor (181)
[2017.03.14-16.08.56:887][886]LogModuleManager: Shutting down and abandoning module ProjectSettingsViewer (180)
[2017.03.14-16.08.56:887][886]LogModuleManager: Shutting down and abandoning module EditorSettingsViewer (179)
[2017.03.14-16.08.56:887][886]LogModuleManager: Shutting down and abandoning module SettingsEditor (178)
[2017.03.14-16.08.56:887][886]LogModuleManager: Shutting down and abandoning module ProjectLauncher (177)
[2017.03.14-16.08.56:888][886]LogModuleManager: Shutting down and abandoning module SessionFrontend (176)
[2017.03.14-16.08.56:888][886]LogModuleManager: Shutting down and abandoning module ProfilerClient (175)
[2017.03.14-16.08.56:889][886]LogModuleManager: Shutting down and abandoning module TargetDeviceServices (174)
[2017.03.14-16.08.56:889][886]LogModuleManager: Shutting down and abandoning module DeviceManager (173)
[2017.03.14-16.08.56:932][886]LogModuleManager: Shutting down and abandoning module AutomationController (172)
[2017.03.14-16.08.56:932][886]LogModuleManager: Shutting down and abandoning module AutomationWindow (171)
[2017.03.14-16.08.56:933][886]LogModuleManager: Shutting down and abandoning module Layers (170)
[2017.03.14-16.08.56:934][886]LogModuleManager: Shutting down and abandoning module ComponentVisualizers (169)
[2017.03.14-16.08.56:934][886]LogModuleManager: Shutting down and abandoning module DetailCustomizations (168)
[2017.03.14-16.08.56:934][886]LogModuleManager: Shutting down and abandoning module PackagesDialog (167)
[2017.03.14-16.08.56:934][886]LogModuleManager: Shutting down and abandoning module AnimGraph (166)
[2017.03.14-16.08.56:934][886]LogModuleManager: Shutting down and abandoning module Persona (165)
[2017.03.14-16.08.56:935][886]LogModuleManager: Shutting down and abandoning module Kismet (164)
[2017.03.14-16.08.56:935][886]LogModuleManager: Shutting down and abandoning module GraphEditor (163)
[2017.03.14-16.08.56:938][886]LogModuleManager: Shutting down and abandoning module ClassViewer (162)
[2017.03.14-16.08.56:939][886]LogModuleManager: Shutting down and abandoning module Toolbox (161)
[2017.03.14-16.08.56:939][886]LogModuleManager: Shutting down and abandoning module ModuleUI (160)
[2017.03.14-16.08.56:939][886]LogModuleManager: Shutting down and abandoning module MovieSceneTools (159)
[2017.03.14-16.08.56:940][886]LogModuleManager: Shutting down and abandoning module OutputLog (158)
[2017.03.14-16.08.56:941][886]LogModuleManager: Shutting down and abandoning module GammaUI (157)
[2017.03.14-16.08.56:941][886]LogModuleManager: Shutting down and abandoning module Documentation (156)
[2017.03.14-16.08.56:941][886]LogModuleManager: Shutting down and abandoning module Niagara (155)
[2017.03.14-16.08.56:941][886]LogModuleManager: Shutting down and abandoning module StreamingPauseRendering (154)
[2017.03.14-16.08.56:941][886]LogModuleManager: Shutting down and abandoning module AnalyticsET (153)
[2017.03.14-16.08.56:941][886]LogModuleManager: Shutting down and abandoning module PortalServices (152)
[2017.03.14-16.08.56:941][886]LogModuleManager: Shutting down and abandoning module PortalRpc (151)
[2017.03.14-16.08.56:941][886]LogModuleManager: Shutting down and abandoning module MessagingRpc (150)
[2017.03.14-16.08.56:941][886]LogModuleManager: Shutting down and abandoning module GameplayDebugger (149)
[2017.03.14-16.08.56:941][886]LogModuleManager: Shutting down and abandoning module AITestSuite (148)
[2017.03.14-16.08.56:941][886]LogModuleManager: Shutting down and abandoning module AIModule (147)
[2017.03.14-16.08.56:941][886]LogModuleManager: Shutting down and abandoning module ProfilerService (146)
[2017.03.14-16.08.57:074][886]LogModuleManager: Shutting down and abandoning module TaskGraph (145)
[2017.03.14-16.08.57:106][886]LogModuleManager: Shutting down and abandoning module SlateRemote (144)
[2017.03.14-16.08.57:106][886]LogModuleManager: Shutting down and abandoning module SteamVRController (143)
[2017.03.14-16.08.57:106][886]LogModuleManager: Shutting down and abandoning module SteamVR (142)
[2017.03.14-16.08.57:106][886]LogModuleManager: Shutting down and abandoning module ProceduralMeshComponentEditor (141)
[2017.03.14-16.08.57:106][886]LogModuleManager: Shutting down and abandoning module ProceduralMeshComponent (140)
[2017.03.14-16.08.57:106][886]LogModuleManager: Shutting down and abandoning module OculusLibrary (139)
[2017.03.14-16.08.57:106][886]LogModuleManager: Shutting down and abandoning module OculusInput (138)
[2017.03.14-16.08.57:106][886]LogModuleManager: Shutting down and abandoning module MobilePatchingUtils (137)
[2017.03.14-16.08.57:106][886]LogModuleManager: Shutting down and abandoning module CustomMeshComponent (136)
[2017.03.14-16.08.57:106][886]LogModuleManager: Shutting down and abandoning module CableComponent (135)
[2017.03.14-16.08.57:106][886]LogModuleManager: Shutting down and abandoning module ArchVisCharacter (134)
[2017.03.14-16.08.57:106][886]LogModuleManager: Shutting down and abandoning module MediaPlayerEditor (132)
[2017.03.14-16.08.57:107][886]LogModuleManager: Shutting down and abandoning module HTML5Networking (131)
[2017.03.14-16.08.57:107][886]LogModuleManager: Shutting down and abandoning module GeometryCacheEd (130)
[2017.03.14-16.08.57:107][886]LogModuleManager: Shutting down and abandoning module GeometryCache (129)
[2017.03.14-16.08.57:107][886]LogModuleManager: Shutting down and abandoning module AlembicLibrary (128)
[2017.03.14-16.08.57:107][886]LogModuleManager: Shutting down and abandoning module AlembicImporter (127)
[2017.03.14-16.08.57:107][886]LogModuleManager: Shutting down and abandoning module SuperSearch (126)
[2017.03.14-16.08.57:107][886]LogModuleManager: Shutting down and abandoning module SuperSearchEditor (125)
[2017.03.14-16.08.57:107][886]LogModuleManager: Shutting down and abandoning module SpeedTreeImporter (124)
[2017.03.14-16.08.57:107][886]LogModuleManager: Shutting down and abandoning module PluginBrowser (123)
[2017.03.14-16.08.57:108][886]LogModuleManager: Shutting down and abandoning module MobileLauncherProfileWizard (122)
[2017.03.14-16.08.57:108][886]LogModuleManager: Shutting down and abandoning module EpicSurvey (121)
[2017.03.14-16.08.57:108][886]LogModuleManager: Shutting down and abandoning module DesktopPlatform (120)
[2017.03.14-16.08.57:108][886]LogModuleManager: Shutting down and abandoning module VisualStudioSourceCodeAccess (119)
[2017.03.14-16.08.57:108][886]LogModuleManager: Shutting down and abandoning module UObjectPlugin (118)
[2017.03.14-16.08.57:108][886]LogModuleManager: Shutting down and abandoning module SubversionSourceControl (117)
[2017.03.14-16.08.57:108][886]LogModuleManager: Shutting down and abandoning module PerforceSourceControl (116)
[2017.03.14-16.08.57:108][886]LogModuleManager: Shutting down and abandoning module SourceControl (115)
[2017.03.14-16.08.57:108][886]LogModuleManager: Shutting down and abandoning module GitSourceControl (114)
[2017.03.14-16.08.57:108][886]LogModuleManager: Shutting down and abandoning module LightPropagationVolumeEditor (113)
[2017.03.14-16.08.57:108][886]LogModuleManager: Shutting down and abandoning module PaperTiledImporter (112)
[2017.03.14-16.08.57:108][886]LogModuleManager: Shutting down and abandoning module PaperSpriteSheetImporter (111)
[2017.03.14-16.08.57:108][886]LogModuleManager: Shutting down and abandoning module MeshPaint (110)
[2017.03.14-16.08.57:108][886]LogModuleManager: Shutting down and abandoning module PixelInspectorModule (109)
[2017.03.14-16.08.57:108][886]LogModuleManager: Shutting down and abandoning module HotReload (108)
[2017.03.14-16.08.57:109][886]LogModuleManager: Shutting down and abandoning module MainFrame (107)
[2017.03.14-16.08.57:109][886]LogModuleManager: Shutting down and abandoning module LevelEditor (106)
[2017.03.14-16.08.57:110][886]LogModuleManager: Shutting down and abandoning module ContentBrowser (105)
[2017.03.14-16.08.57:110][886]LogModuleManager: Shutting down and abandoning module Paper2DEditor (104)
[2017.03.14-16.08.57:111][886]LogModuleManager: Shutting down and abandoning module UdpMessaging (103)
[2017.03.14-16.08.57:211][886]LogModuleManager: Shutting down and abandoning module TcpMessaging (102)
[2017.03.14-16.08.57:312][886]LogModuleManager: Shutting down and abandoning module LightPropagationVolumeRuntime (101)
[2017.03.14-16.08.57:312][886]LogModuleManager: Shutting down and abandoning module Paper2D (100)
[2017.03.14-16.08.57:312][886]LogModuleManager: Shutting down and abandoning module WindowsMoviePlayer (99)
[2017.03.14-16.08.57:312][886]LogModuleManager: Shutting down and abandoning module WmfMedia (98)
[2017.03.14-16.08.57:345][886]LogModuleManager: Shutting down and abandoning module MediaAssets (97)
[2017.03.14-16.08.57:345][886]LogModuleManager: Shutting down and abandoning module GameLiveStreaming (96)
[2017.03.14-16.08.57:345][886]LogModuleManager: Shutting down and abandoning module GameplayTagsEditor (95)
[2017.03.14-16.08.57:345][886]LogModuleManager: Shutting down and abandoning module VREditor (94)
[2017.03.14-16.08.57:345][886]LogModuleManager: Shutting down and abandoning module GameplayTasksEditor (93)
[2017.03.14-16.08.57:345][886]LogModuleManager: Shutting down and abandoning module BehaviorTreeEditor (92)
[2017.03.14-16.08.57:345][886]LogModuleManager: Shutting down and abandoning module FunctionalTesting (91)
[2017.03.14-16.08.57:345][886]LogModuleManager: Shutting down and abandoning module CollisionAnalyzer (90)
[2017.03.14-16.08.57:346][886]LogModuleManager: Shutting down and abandoning module Sequencer (89)
[2017.03.14-16.08.57:347][886]LogModuleManager: Shutting down and abandoning module WorkspaceMenuStructure (88)
[2017.03.14-16.08.57:347][886]LogModuleManager: Shutting down and abandoning module MessageLog (87)
[2017.03.14-16.08.57:347][886]LogModuleManager: Shutting down and abandoning module AssetTools (86)
[2017.03.14-16.08.57:349][886]LogModuleManager: Shutting down and abandoning module UMGEditor (85)
[2017.03.14-16.08.57:350][886]LogModuleManager: Shutting down and abandoning module UMG (84)
[2017.03.14-16.08.57:351][886]LogModuleManager: Shutting down and abandoning module SlateReflector (83)
[2017.03.14-16.08.57:353][886]LogModuleManager: Shutting down and abandoning module Slate (82)
[2017.03.14-16.08.57:353][886]LogModuleManager: Shutting down and abandoning module EditorStyle (81)
[2017.03.14-16.08.57:355][886]LogModuleManager: Shutting down and abandoning module SourceCodeAccess (80)
[2017.03.14-16.08.57:355][886]LogModuleManager: Shutting down and abandoning module HeadMountedDisplay (79)
[2017.03.14-16.08.57:355][886]LogModuleManager: Shutting down and abandoning module XAudio2 (78)
[2017.03.14-16.08.57:355][886]LogModuleManager: Shutting down and abandoning module Networking (76)
[2017.03.14-16.08.57:355][886]LogModuleManager: Shutting down and abandoning module Core (75)
[2017.03.14-16.08.57:355][886]LogModuleManager: Shutting down and abandoning module DirectoryWatcher (74)
[2017.03.14-16.08.57:355][886]LogDirectoryWatcher: A directory notification for '../../../Engine/Content/' was aborted.
[2017.03.14-16.08.57:355][886]LogDirectoryWatcher: A directory notification for '../../../../../../Users/Sabrina/Documents/Call-Of-Bread/Call_Of_bread/Content/' was aborted.
[2017.03.14-16.08.57:355][886]LogDirectoryWatcher: A directory notification for '../../../Engine/Plugins/2D/Paper2D/Content/' was aborted.
[2017.03.14-16.08.57:355][886]LogModuleManager: Shutting down and abandoning module AssetRegistry (73)
[2017.03.14-16.08.57:486][886]LogModuleManager: Shutting down and abandoning module KismetCompiler (72)
[2017.03.14-16.08.57:486][886]LogModuleManager: Shutting down and abandoning module PhysXFormats (71)
[2017.03.14-16.08.57:486][886]LogModuleManager: Shutting down and abandoning module SimplygonSwarm (70)
[2017.03.14-16.08.57:486][886]LogModuleManager: Shutting down and abandoning module SimplygonMeshReduction (69)
[2017.03.14-16.08.57:487][886]LogModuleManager: Shutting down and abandoning module QuadricMeshReduction (68)
[2017.03.14-16.08.57:487][886]LogModuleManager: Shutting down and abandoning module PropertyEditor (67)
[2017.03.14-16.08.57:487][886]LogModuleManager: Shutting down and abandoning module MeshUtilities (66)
[2017.03.14-16.08.57:487][886]LogModuleManager: Shutting down and abandoning module DerivedDataCache (65)
[2017.03.14-16.08.57:524][886]LogDerivedDataCache: Shutdown
[2017.03.14-16.08.57:524][886]LogModuleManager: Shutting down and abandoning module VulkanShaderFormat (64)
[2017.03.14-16.08.57:524][886]LogModuleManager: Shutting down and abandoning module ShaderFormatOpenGL (63)
[2017.03.14-16.08.57:525][886]LogModuleManager: Shutting down and abandoning module ShaderFormatD3D (62)
[2017.03.14-16.08.57:525][886]LogModuleManager: Shutting down and abandoning module MetalShaderFormat (61)
[2017.03.14-16.08.57:526][886]LogModuleManager: Shutting down and abandoning module TextureFormatUncompressed (60)
[2017.03.14-16.08.57:526][886]LogModuleManager: Shutting down and abandoning module TextureFormatPVR (59)
[2017.03.14-16.08.57:526][886]LogModuleManager: Shutting down and abandoning module TextureFormatDXT (58)
[2017.03.14-16.08.57:526][886]LogModuleManager: Shutting down and abandoning module TextureFormatIntelISPCTexComp (57)
[2017.03.14-16.08.57:526][886]LogModuleManager: Shutting down and abandoning module ImageWrapper (56)
[2017.03.14-16.08.57:526][886]LogModuleManager: Shutting down and abandoning module TextureFormatASTC (55)
[2017.03.14-16.08.57:526][886]LogModuleManager: Shutting down and abandoning module TextureFormatAndroid (54)
[2017.03.14-16.08.57:526][886]LogModuleManager: Shutting down and abandoning module AudioFormatOpus (53)
[2017.03.14-16.08.57:526][886]LogModuleManager: Shutting down and abandoning module AudioFormatOgg (52)
[2017.03.14-16.08.57:526][886]LogModuleManager: Shutting down and abandoning module AudioFormatADPCM (51)
[2017.03.14-16.08.57:526][886]LogModuleManager: Shutting down and abandoning module LinuxTargetPlatform (50)
[2017.03.14-16.08.57:526][886]LogModuleManager: Shutting down and abandoning module LinuxServerTargetPlatform (49)
[2017.03.14-16.08.57:526][886]LogModuleManager: Shutting down and abandoning module LinuxNoEditorTargetPlatform (48)
[2017.03.14-16.08.57:526][886]LogModuleManager: Shutting down and abandoning module LinuxClientTargetPlatform (47)
[2017.03.14-16.08.57:526][886]LogModuleManager: Shutting down and abandoning module TVOSTargetPlatform (46)
[2017.03.14-16.08.57:526][886]LogModuleManager: Shutting down and abandoning module Messaging (45)
[2017.03.14-16.08.57:526][886]LogModuleManager: Shutting down and abandoning module IOSTargetPlatform (44)
[2017.03.14-16.08.57:526][886]LogModuleManager: Shutting down and abandoning module HTML5TargetPlatform (43)
[2017.03.14-16.08.57:526][886]LogModuleManager: Shutting down and abandoning module Android_PVRTCTargetPlatform (42)
[2017.03.14-16.08.57:526][886]LogModuleManager: Shutting down and abandoning module Android_MultiTargetPlatform (41)
[2017.03.14-16.08.57:526][886]LogModuleManager: Shutting down and abandoning module Android_ETC2TargetPlatform (40)
[2017.03.14-16.08.57:526][886]LogModuleManager: Shutting down and abandoning module Android_ETC1TargetPlatform (39)
[2017.03.14-16.08.57:526][886]LogModuleManager: Shutting down and abandoning module Android_DXTTargetPlatform (38)
[2017.03.14-16.08.57:526][886]LogModuleManager: Shutting down and abandoning module Android_ATCTargetPlatform (37)
[2017.03.14-16.08.57:526][886]LogModuleManager: Shutting down and abandoning module Android_ASTCTargetPlatform (36)
[2017.03.14-16.08.57:526][886]LogModuleManager: Shutting down and abandoning module AndroidTargetPlatform (35)
[2017.03.14-16.08.57:526][886]LogModuleManager: Shutting down and abandoning module WindowsTargetPlatform (34)
[2017.03.14-16.08.57:526][886]LogModuleManager: Shutting down and abandoning module WindowsServerTargetPlatform (33)
[2017.03.14-16.08.57:526][886]LogModuleManager: Shutting down and abandoning module WindowsNoEditorTargetPlatform (32)
[2017.03.14-16.08.57:526][886]LogModuleManager: Shutting down and abandoning module WindowsClientTargetPlatform (31)
[2017.03.14-16.08.57:526][886]LogModuleManager: Shutting down and abandoning module MacTargetPlatform (30)
[2017.03.14-16.08.57:526][886]LogModuleManager: Shutting down and abandoning module MacServerTargetPlatform (29)
[2017.03.14-16.08.57:526][886]LogModuleManager: Shutting down and abandoning module MacNoEditorTargetPlatform (28)
[2017.03.14-16.08.57:526][886]LogModuleManager: Shutting down and abandoning module MacClientTargetPlatform (27)
[2017.03.14-16.08.57:526][886]LogModuleManager: Shutting down and abandoning module AllDesktopTargetPlatform (26)
[2017.03.14-16.08.57:526][886]LogModuleManager: Shutting down and abandoning module TargetPlatform (25)
[2017.03.14-16.08.57:526][886]LogModuleManager: Shutting down and abandoning module InputCore (24)
[2017.03.14-16.08.57:526][886]LogModuleManager: Shutting down and abandoning module Settings (23)
[2017.03.14-16.08.57:527][886]LogModuleManager: Shutting down and abandoning module OculusRift (22)
[2017.03.14-16.08.57:527][886]LogModuleManager: Shutting down and abandoning module ExampleDeviceProfileSelector (21)
[2017.03.14-16.08.57:527][886]LogModuleManager: Shutting down and abandoning module OnlineBlueprintSupport (20)
[2017.03.14-16.08.57:527][886]LogModuleManager: Shutting down and abandoning module OnlineSubsystem (18)
[2017.03.14-16.08.57:527][886]LogOnline:Display: Unloading online subsystem: NULL
[2017.03.14-16.08.57:527][886]LogModuleManager: Shutting down and abandoning module SSL (17)
[2017.03.14-16.08.57:529][886]LogModuleManager: Shutting down and abandoning module HTTP (16)
[2017.03.14-16.08.57:529][886]LogModuleManager: Shutting down and abandoning module XMPP (15)
[2017.03.14-16.08.57:530][886]LogModuleManager: Shutting down and abandoning module TextureCompressor (14)
[2017.03.14-16.08.57:531][886]LogModuleManager: Shutting down and abandoning module ShaderCore (13)
[2017.03.14-16.08.57:531][886]LogModuleManager: Shutting down and abandoning module Landscape (12)
[2017.03.14-16.08.57:531][886]LogModuleManager: Shutting down and abandoning module SlateRHIRenderer (11)
[2017.03.14-16.08.57:532][886]LogModuleManager: Shutting down and abandoning module OpenGLDrv (10)
[2017.03.14-16.08.57:533][886]LogModuleManager: Shutting down and abandoning module D3D11RHI (9)
[2017.03.14-16.08.57:533][886]LogModuleManager: Shutting down and abandoning module AnimGraphRuntime (8)
[2017.03.14-16.08.57:533][886]LogModuleManager: Shutting down and abandoning module Renderer (7)
[2017.03.14-16.08.57:533][886]LogModuleManager: Shutting down and abandoning module Engine (6)
[2017.03.14-16.08.57:533][886]LogModuleManager: Shutting down and abandoning module CoreUObject (5)
[2017.03.14-16.08.57:533][886]LogModuleManager: Shutting down and abandoning module NetworkFile (4)
[2017.03.14-16.08.57:533][886]LogModuleManager: Shutting down and abandoning module StreamingFile (3)
[2017.03.14-16.08.57:533][886]LogModuleManager: Shutting down and abandoning module SandboxFile (2)
[2017.03.14-16.08.57:533][886]LogModuleManager: Shutting down and abandoning module PakFile (1)
[2017.03.14-16.08.57:534][886]LogExit: Exiting.
[2017.03.14-16.08.57:535][886]Log file closed, 03/14/17 16:08:57
