Log file open, 04/23/17 22:01:26
LogInit:Display: Running engine for game: Call_Of_bread
LogPlatformFile: Not using cached read wrapper
LogInit:Display: RandInit(525221346) SRandInit(525221349).
LogTaskGraph: Started task graph with 5 named threads and 10 total threads with 1 sets of task threads.
LogStats: Stats thread started at 0.094035
LogPluginManager: Loaded Plugin Paper2D, From C:/Program Files/Epic Games/4.14/Engine/Plugins/2D/Paper2D/Paper2D.uplugin
LogPluginManager: Loaded Plugin LightPropagationVolume, From C:/Program Files/Epic Games/4.14/Engine/Plugins/Blendables/LightPropagationVolume/LightPropagationVolume.uplugin
LogPluginManager: Loaded Plugin BlankPlugin, From C:/Program Files/Epic Games/4.14/Engine/Plugins/Developer/BlankPlugin/BlankPlugin.uplugin
LogPluginManager: Loaded Plugin CodeLiteSourceCodeAccess, From C:/Program Files/Epic Games/4.14/Engine/Plugins/Developer/CodeLiteSourceCodeAccess/CodeLiteSourceCodeAccess.uplugin
LogPluginManager: Loaded Plugin GitSourceControl, From C:/Program Files/Epic Games/4.14/Engine/Plugins/Developer/GitSourceControl/GitSourceControl.uplugin
LogPluginManager: Loaded Plugin KDevelopSourceCodeAccess, From C:/Program Files/Epic Games/4.14/Engine/Plugins/Developer/KDevelopSourceCodeAccess/KDevelopSourceCodeAccess.uplugin
LogPluginManager: Loaded Plugin NullSourceCodeAccess, From C:/Program Files/Epic Games/4.14/Engine/Plugins/Developer/NullSourceCodeAccess/NullSourceCodeAccess.uplugin
LogPluginManager: Loaded Plugin OneSkyLocalizationService, From C:/Program Files/Epic Games/4.14/Engine/Plugins/Developer/OneSkyLocalizationService/OneSkyLocalizationService.uplugin
LogPluginManager: Loaded Plugin PerforceSourceControl, From C:/Program Files/Epic Games/4.14/Engine/Plugins/Developer/PerforceSourceControl/PerforceSourceControl.uplugin
LogPluginManager: Loaded Plugin SubversionSourceControl, From C:/Program Files/Epic Games/4.14/Engine/Plugins/Developer/SubversionSourceControl/SubversionSourceControl.uplugin
LogPluginManager: Loaded Plugin UObjectPlugin, From C:/Program Files/Epic Games/4.14/Engine/Plugins/Developer/UObjectPlugin/UObjectPlugin.uplugin
LogPluginManager: Loaded Plugin VisualStudioSourceCodeAccess, From C:/Program Files/Epic Games/4.14/Engine/Plugins/Developer/VisualStudioSourceCodeAccess/VisualStudioSourceCodeAccess.uplugin
LogPluginManager: Loaded Plugin XCodeSourceCodeAccess, From C:/Program Files/Epic Games/4.14/Engine/Plugins/Developer/XCodeSourceCodeAccess/XCodeSourceCodeAccess.uplugin
LogPluginManager: Loaded Plugin AudioCapture, From C:/Program Files/Epic Games/4.14/Engine/Plugins/Editor/AudioCapture/AudioCapture.uplugin
LogPluginManager: Loaded Plugin EpicSurvey, From C:/Program Files/Epic Games/4.14/Engine/Plugins/Editor/EpicSurvey/EpicSurvey.uplugin
LogPluginManager: Loaded Plugin MacGraphicsSwitching, From C:/Program Files/Epic Games/4.14/Engine/Plugins/Editor/MacGraphicsSwitching/MacGraphicsSwitching.uplugin
LogPluginManager: Loaded Plugin MobileLauncherProfileWizard, From C:/Program Files/Epic Games/4.14/Engine/Plugins/Editor/MobileLauncherProfileWizard/MobileLauncherProfileWizard.uplugin
LogPluginManager: Loaded Plugin PluginBrowser, From C:/Program Files/Epic Games/4.14/Engine/Plugins/Editor/PluginBrowser/PluginBrowser.uplugin
LogPluginManager: Loaded Plugin SpeedTreeImporter, From C:/Program Files/Epic Games/4.14/Engine/Plugins/Editor/SpeedTreeImporter/SpeedTreeImporter.uplugin
LogPluginManager: Loaded Plugin SuperSearchEditor, From C:/Program Files/Epic Games/4.14/Engine/Plugins/Editor/SuperSearchEditor/SuperSearchEditor.uplugin
LogPluginManager: Loaded Plugin AlembicImporter, From C:/Program Files/Epic Games/4.14/Engine/Plugins/Experimental/AlembicImporter/AlembicImporter.uplugin
LogPluginManager: Loaded Plugin BlueprintStats, From C:/Program Files/Epic Games/4.14/Engine/Plugins/Experimental/BlueprintStats/BlueprintStats.uplugin
LogPluginManager: Loaded Plugin CharacterAI, From C:/Program Files/Epic Games/4.14/Engine/Plugins/Experimental/CharacterAI/CharacterAI.uplugin
LogPluginManager: Loaded Plugin CodeEditor, From C:/Program Files/Epic Games/4.14/Engine/Plugins/Experimental/CodeEditor/CodeEditor.uplugin
LogPluginManager: Loaded Plugin CodeView, From C:/Program Files/Epic Games/4.14/Engine/Plugins/Experimental/CodeView/CodeView.uplugin
LogPluginManager: Loaded Plugin HTML5Networking, From C:/Program Files/Epic Games/4.14/Engine/Plugins/Experimental/HTML5Networking/HTML5Networking.uplugin
LogPluginManager: Loaded Plugin OSVR, From C:/Program Files/Epic Games/4.14/Engine/Plugins/Experimental/OSVR/OSVR.uplugin
LogPluginManager: Loaded Plugin Phya, From C:/Program Files/Epic Games/4.14/Engine/Plugins/Experimental/Phya/Phya.uplugin
LogPluginManager: Loaded Plugin SignificanceManager, From C:/Program Files/Epic Games/4.14/Engine/Plugins/Experimental/SignificanceManager/SignificanceManager.uplugin
LogPluginManager: Loaded Plugin SimpleHMD, From C:/Program Files/Epic Games/4.14/Engine/Plugins/Experimental/SimpleHMD/SimpleHMD.uplugin
LogPluginManager: Loaded Plugin StereoPanorama, From C:/Program Files/Epic Games/4.14/Engine/Plugins/Experimental/StereoPanorama/StereoPanorama.uplugin
LogPluginManager: Loaded Plugin StructBox, From C:/Program Files/Epic Games/4.14/Engine/Plugins/Experimental/StructBox/StructBox.uplugin
LogPluginManager: Loaded Plugin AndroidMedia, From C:/Program Files/Epic Games/4.14/Engine/Plugins/Media/AndroidMedia/AndroidMedia.uplugin
LogPluginManager: Loaded Plugin AvfMedia, From C:/Program Files/Epic Games/4.14/Engine/Plugins/Media/AvfMedia/AvfMedia.uplugin
LogPluginManager: Loaded Plugin MediaPlayerEditor, From C:/Program Files/Epic Games/4.14/Engine/Plugins/Media/MediaPlayerEditor/MediaPlayerEditor.uplugin
LogPluginManager: Loaded Plugin WmfMedia, From C:/Program Files/Epic Games/4.14/Engine/Plugins/Media/WmfMedia/WmfMedia.uplugin
LogPluginManager: Loaded Plugin MessagingDebugger, From C:/Program Files/Epic Games/4.14/Engine/Plugins/Messaging/MessagingDebugger/MessagingDebugger.uplugin
LogPluginManager: Loaded Plugin TcpMessaging, From C:/Program Files/Epic Games/4.14/Engine/Plugins/Messaging/TcpMessaging/TcpMessaging.uplugin
LogPluginManager: Loaded Plugin UdpMessaging, From C:/Program Files/Epic Games/4.14/Engine/Plugins/Messaging/UdpMessaging/UdpMessaging.uplugin
LogPluginManager: Loaded Plugin LevelSequenceEditor, From C:/Program Files/Epic Games/4.14/Engine/Plugins/MovieScene/LevelSequenceEditor/LevelSequenceEditor.uplugin
LogPluginManager: Loaded Plugin MatineeToLevelSequence, From C:/Program Files/Epic Games/4.14/Engine/Plugins/MovieScene/MatineeToLevelSequence/MatineeToLevelSequence.uplugin
LogPluginManager: Loaded Plugin NetcodeUnitTest, From C:/Program Files/Epic Games/4.14/Engine/Plugins/NetcodeUnitTest/NetcodeUnitTest/NetcodeUnitTest.uplugin
LogPluginManager: Loaded Plugin NUTUnrealEngine4, From C:/Program Files/Epic Games/4.14/Engine/Plugins/NetcodeUnitTest/NUTUnrealEngine4/NUTUnrealEngine4.uplugin
LogPluginManager: Loaded Plugin OnlineSubsystemGameCircle, From C:/Program Files/Epic Games/4.14/Engine/Plugins/Online/Android/OnlineSubsystemGameCircle/OnlineSubsystemGameCircle.uplugin
LogPluginManager: Loaded Plugin OnlineSubsystemGooglePlay, From C:/Program Files/Epic Games/4.14/Engine/Plugins/Online/Android/OnlineSubsystemGooglePlay/OnlineSubsystemGooglePlay.uplugin
LogPluginManager: Loaded Plugin OnlineSubsystemIOS, From C:/Program Files/Epic Games/4.14/Engine/Plugins/Online/IOS/OnlineSubsystemIOS/OnlineSubsystemIOS.uplugin
LogPluginManager: Loaded Plugin OnlineFramework, From C:/Program Files/Epic Games/4.14/Engine/Plugins/Online/OnlineFramework/OnlineFramework.uplugin
LogPluginManager: Loaded Plugin OnlineSubsystem, From C:/Program Files/Epic Games/4.14/Engine/Plugins/Online/OnlineSubsystem/OnlineSubsystem.uplugin
LogPluginManager: Loaded Plugin OnlineSubsystemAmazon, From C:/Program Files/Epic Games/4.14/Engine/Plugins/Online/OnlineSubsystemAmazon/OnlineSubsystemAmazon.uplugin
LogPluginManager: Loaded Plugin OnlineSubsystemFacebook, From C:/Program Files/Epic Games/4.14/Engine/Plugins/Online/OnlineSubsystemFacebook/OnlineSubsystemFacebook.uplugin
LogPluginManager: Loaded Plugin OnlineSubsystemNull, From C:/Program Files/Epic Games/4.14/Engine/Plugins/Online/OnlineSubsystemNull/OnlineSubsystemNull.uplugin
LogPluginManager: Loaded Plugin OnlineSubsystemOculus, From C:/Program Files/Epic Games/4.14/Engine/Plugins/Online/OnlineSubsystemOculus/OnlineSubsystemOculus.uplugin
LogPluginManager: Loaded Plugin OnlineSubsystemSteam, From C:/Program Files/Epic Games/4.14/Engine/Plugins/Online/OnlineSubsystemSteam/OnlineSubsystemSteam.uplugin
LogPluginManager: Loaded Plugin OnlineSubsystemUtils, From C:/Program Files/Epic Games/4.14/Engine/Plugins/Online/OnlineSubsystemUtils/OnlineSubsystemUtils.uplugin
LogPluginManager: Loaded Plugin IOSTapJoy, From C:/Program Files/Epic Games/4.14/Engine/Plugins/Runtime/Advertising/IOSTapJoy/IOSTapJoy.uplugin
LogPluginManager: Loaded Plugin AnalyticsBlueprintLibrary, From C:/Program Files/Epic Games/4.14/Engine/Plugins/Runtime/Analytics/AnalyticsBlueprintLibrary/AnalyticsBlueprintLibrary.uplugin
LogPluginManager: Loaded Plugin AnalyticsMulticast, From C:/Program Files/Epic Games/4.14/Engine/Plugins/Runtime/Analytics/AnalyticsMulticast/AnalyticsMulticast.uplugin
LogPluginManager: Loaded Plugin Apsalar, From C:/Program Files/Epic Games/4.14/Engine/Plugins/Runtime/Analytics/Apsalar/Apsalar.uplugin
LogPluginManager: Loaded Plugin FileLogging, From C:/Program Files/Epic Games/4.14/Engine/Plugins/Runtime/Analytics/FileLogging/FileLogging.uplugin
LogPluginManager: Loaded Plugin Flurry, From C:/Program Files/Epic Games/4.14/Engine/Plugins/Runtime/Analytics/Flurry/Flurry.uplugin
LogPluginManager: Loaded Plugin AndroidDeviceProfileSelector, From C:/Program Files/Epic Games/4.14/Engine/Plugins/Runtime/AndroidDeviceProfileSelector/AndroidDeviceProfileSelector.uplugin
LogPluginManager: Loaded Plugin AndroidMoviePlayer, From C:/Program Files/Epic Games/4.14/Engine/Plugins/Runtime/AndroidMoviePlayer/AndroidMoviePlayer.uplugin
LogPluginManager: Loaded Plugin AppleMoviePlayer, From C:/Program Files/Epic Games/4.14/Engine/Plugins/Runtime/AppleMoviePlayer/AppleMoviePlayer.uplugin
LogPluginManager: Loaded Plugin ArchVisCharacter, From C:/Program Files/Epic Games/4.14/Engine/Plugins/Runtime/ArchVisCharacter/ArchVisCharacter.uplugin
LogPluginManager: Loaded Plugin CableComponent, From C:/Program Files/Epic Games/4.14/Engine/Plugins/Runtime/CableComponent/CableComponent.uplugin
LogPluginManager: Loaded Plugin CustomMeshComponent, From C:/Program Files/Epic Games/4.14/Engine/Plugins/Runtime/CustomMeshComponent/CustomMeshComponent.uplugin
LogPluginManager: Loaded Plugin ExampleDeviceProfileSelector, From C:/Program Files/Epic Games/4.14/Engine/Plugins/Runtime/ExampleDeviceProfileSelector/ExampleDeviceProfileSelector.uplugin
LogPluginManager: Loaded Plugin GearVR, From C:/Program Files/Epic Games/4.14/Engine/Plugins/Runtime/GearVR/GearVR.uplugin
LogPluginManager: Loaded Plugin GoogleVRController, From C:/Program Files/Epic Games/4.14/Engine/Plugins/Runtime/GoogleVR/GoogleVRController/GoogleVRController.uplugin
LogPluginManager: Loaded Plugin GoogleVRHMD, From C:/Program Files/Epic Games/4.14/Engine/Plugins/Runtime/GoogleVR/GoogleVRHMD/GoogleVRHMD.uplugin
LogPluginManager: Loaded Plugin IOSDeviceProfileSelector, From C:/Program Files/Epic Games/4.14/Engine/Plugins/Runtime/IOSDeviceProfileSelector/IOSDeviceProfileSelector.uplugin
LogPluginManager: Loaded Plugin LeapMotion, From C:/Program Files/Epic Games/4.14/Engine/Plugins/Runtime/LeapMotion/LeapMotion.uplugin
LogPluginManager: Loaded Plugin LinuxDeviceProfileSelector, From C:/Program Files/Epic Games/4.14/Engine/Plugins/Runtime/LinuxDeviceProfileSelector/LinuxDeviceProfileSelector.uplugin
LogPluginManager: Loaded Plugin MIDIDevice, From C:/Program Files/Epic Games/4.14/Engine/Plugins/Runtime/MIDIDevice/MIDIDevice.uplugin
LogPluginManager: Loaded Plugin MobilePatchingUtils, From C:/Program Files/Epic Games/4.14/Engine/Plugins/Runtime/MobilePatchingUtils/MobilePatchingUtils.uplugin
LogPluginManager: Loaded Plugin Ansel, From C:/Program Files/Epic Games/4.14/Engine/Plugins/Runtime/Nvidia/Ansel/Ansel.uplugin
LogPluginManager: Loaded Plugin OculusAudio, From C:/Program Files/Epic Games/4.14/Engine/Plugins/Runtime/OculusAudio/OculusAudio.uplugin
LogPluginManager: Loaded Plugin OculusInput, From C:/Program Files/Epic Games/4.14/Engine/Plugins/Runtime/OculusInput/OculusInput.uplugin
LogPluginManager: Loaded Plugin OculusLibrary, From C:/Program Files/Epic Games/4.14/Engine/Plugins/Runtime/OculusLibrary/OculusLibrary.uplugin
LogPluginManager: Loaded Plugin OculusRift, From C:/Program Files/Epic Games/4.14/Engine/Plugins/Runtime/OculusRift/OculusRift.uplugin
LogPluginManager: Loaded Plugin Oodle, From C:/Program Files/Epic Games/4.14/Engine/Plugins/Runtime/PacketHandlers/CompressionComponents/Oodle/Oodle.uplugin
LogPluginManager: Loaded Plugin ProceduralMeshComponent, From C:/Program Files/Epic Games/4.14/Engine/Plugins/Runtime/ProceduralMeshComponent/ProceduralMeshComponent.uplugin
LogPluginManager: Loaded Plugin SoundMod, From C:/Program Files/Epic Games/4.14/Engine/Plugins/Runtime/SoundMod/SoundMod.uplugin
LogPluginManager: Loaded Plugin SoundVisualizations, From C:/Program Files/Epic Games/4.14/Engine/Plugins/Runtime/SoundVisualizations/SoundVisualizations.uplugin
LogPluginManager: Loaded Plugin SteamController, From C:/Program Files/Epic Games/4.14/Engine/Plugins/Runtime/Steam/SteamController/SteamController.uplugin
LogPluginManager: Loaded Plugin SteamVR, From C:/Program Files/Epic Games/4.14/Engine/Plugins/Runtime/Steam/SteamVR/SteamVR.uplugin
LogPluginManager: Loaded Plugin WebBrowserWidget, From C:/Program Files/Epic Games/4.14/Engine/Plugins/Runtime/WebBrowserWidget/WebBrowserWidget.uplugin
LogPluginManager: Loaded Plugin WindowsDeviceProfileSelector, From C:/Program Files/Epic Games/4.14/Engine/Plugins/Runtime/WindowsDeviceProfileSelector/WindowsDeviceProfileSelector.uplugin
LogPluginManager: Loaded Plugin WindowsMoviePlayer, From C:/Program Files/Epic Games/4.14/Engine/Plugins/Runtime/WindowsMoviePlayer/WindowsMoviePlayer.uplugin
LogPluginManager: Loaded Plugin ScriptPlugin, From C:/Program Files/Epic Games/4.14/Engine/Plugins/ScriptPlugin/ScriptPlugin.uplugin
LogPluginManager: Loaded Plugin SlateRemote, From C:/Program Files/Epic Games/4.14/Engine/Plugins/Slate/SlateRemote/SlateRemote.uplugin
LogPluginManager: Loaded Plugin EditorTests, From C:/Program Files/Epic Games/4.14/Engine/Plugins/Tests/EditorTests/EditorTests.uplugin
LogPluginManager: Loaded Plugin FbxAutomationTestBuilder, From C:/Program Files/Epic Games/4.14/Engine/Plugins/Tests/FbxAutomationTestBuilder/FbxAutomationTestBuilder.uplugin
LogPluginManager: Loaded Plugin FunctionalTestingEditor, From C:/Program Files/Epic Games/4.14/Engine/Plugins/Tests/FunctionalTestingEditor/FunctionalTestingEditor.uplugin
LogPluginManager: Loaded Plugin RuntimeTests, From C:/Program Files/Epic Games/4.14/Engine/Plugins/Tests/RuntimeTests/RuntimeTests.uplugin
LogPluginManager: Loaded Plugin ScreenshotTools, From C:/Program Files/Epic Games/4.14/Engine/Plugins/Tests/ScreenshotTools/ScreenshotTools.uplugin
LogInit: Using libcurl 7.47.1
LogInit:  - built for x86_64-pc-win32
LogInit:  - supports SSL with OpenSSL/1.0.2g
LogInit:  - supports HTTP deflate (compression) using libz 1.2.8
LogInit:  - other features:
LogInit:      CURL_VERSION_SSL
LogInit:      CURL_VERSION_LIBZ
LogInit:      CURL_VERSION_IPV6
LogInit:      CURL_VERSION_ASYNCHDNS
LogInit:      CURL_VERSION_LARGEFILE
LogInit:      CURL_VERSION_IDN
LogInit:  CurlRequestOptions (configurable via config and command line):
LogInit:  - bVerifyPeer = false  - Libcurl will NOT verify peer certificate
LogInit:  - bUseHttpProxy = false  - Libcurl will NOT use HTTP proxy
LogInit:  - bDontReuseConnections = false  - Libcurl will reuse connections
LogInit:  - CertBundlePath = nullptr  - Libcurl will use whatever was configured at build time.
LogModuleManager:Warning: No filename provided for module OnlineSubsystemLAN
LogModuleManager:Warning: ModuleManager: Unable to load module 'OnlineSubsystemLAN' because the file 'C:/Program Files/Epic Games/4.14/Engine/Binaries/Win64/' was not found.
LogInit: WinSock: version 1.1 (2.2), MaxSocks=32767, MaxUdp=65467
LogInit: Build: ++UE4+Release-4.14-CL-3249277
LogInit: Engine Version: 4.14.3-3249277+++UE4+Release-4.14
LogInit: Compatible Engine Version: 4.14.0-3195953+++UE4+Release-4.14
LogInit: Net CL: 3195953
LogDevObjectVersion: Number of dev versions registered: 13
LogDevObjectVersion:   Dev-Blueprints (B0D832E4-1F89-4F0D-ACCF-7EB736FD4AA2): 7
LogDevObjectVersion:   Dev-Build (E1C64328-A22C-4D53-A36C-8E866417BD8C): 0
LogDevObjectVersion:   Dev-Core (375EC13C-06E4-48FB-B500-84F0262A717E): 1
LogDevObjectVersion:   Dev-Editor (E4B068ED-F494-42E9-A231-DA0B2E46BB41): 8
LogDevObjectVersion:   Dev-Framework (CFFC743F-43B0-4480-9391-14DF171D2073): 17
LogDevObjectVersion:   Dev-Mobile (B02B49B5-BB20-44E9-A304-32B752E40360): 0
LogDevObjectVersion:   Dev-Networking (A4E4105C-59A1-49B5-A7C5-40C4547EDFEE): 0
LogDevObjectVersion:   Dev-Online (39C831C9-5AE6-47DC-9A44-9C173E1C8E7C): 0
LogDevObjectVersion:   Dev-Physics (78F01B33-EBEA-4F98-B9B4-84EACCB95AA2): 0
LogDevObjectVersion:   Dev-Platform (6631380F-2D4D-43E0-8009-CF276956A95A): 0
LogDevObjectVersion:   Dev-Rendering (12F88B9F-8875-4AFC-A67C-D90C383ABD29): 12
LogDevObjectVersion:   Dev-Sequencer (7B5AE74C-D270-4C10-A958-57980B212A5A): 1
LogDevObjectVersion:   Dev-VR (D7296918-1DD6-4BDD-9DE2-64A83CC13884): 0
LogInit: Compiled (64-bit): Jan  6 2017 10:49:43
LogInit: Compiled with Visual C++: 19.00.23026.00
LogInit: Build Configuration: Development
LogInit: Branch Name: ++UE4+Release-4.14
LogInit: Command line: -EpicPortal 
LogInit: Base directory: C:/Program Files/Epic Games/4.14/Engine/Binaries/Win64/
LogInit: Installed Engine Build: 1
LogInit: Presizing for max 8388607 objects, including 0 objects not considered by GC, pre-allocating 0 bytes for permanent pool.
LogInit: Object subsystem initialized
[2017.04.23-21.01.26:560][  0]LogInit: Selected Device Profile: [Windows]
[2017.04.23-21.01.26:560][  0]LogInit: Applying CVar settings loaded from the selected device profile: [Windows]
[2017.04.23-21.01.26:585][  0]LogInit: Computer: GLADOS
[2017.04.23-21.01.26:585][  0]LogInit: User: Michael
[2017.04.23-21.01.26:585][  0]LogInit: CPU Page size=65536, Cores=6
[2017.04.23-21.01.26:585][  0]LogInit: High frequency timer resolution =3.222675 MHz
[2017.04.23-21.01.26:585][  0]LogMemory: Memory total: Physical=15.8GB (16GB approx)
[2017.04.23-21.01.26:585][  0]LogMemory: Platform Memory Stats for Windows
[2017.04.23-21.01.26:585][  0]LogMemory: Process Physical Memory: 272.00 MB used, 272.00 MB peak
[2017.04.23-21.01.26:585][  0]LogMemory: Process Virtual Memory: 268.76 MB used, 268.76 MB peak
[2017.04.23-21.01.26:585][  0]LogMemory: Physical Memory: 9276.49 MB used,  6933.66 MB free, 16210.15 MB total
[2017.04.23-21.01.26:585][  0]LogMemory: Virtual Memory: 671.59 MB used,  6933.66 MB free, 8388608.00 MB total
[2017.04.23-21.01.26:616][  0]LogTextLocalizationManager: No specific translations for ('en-GB') exist, so ('en') translations will be used.
[2017.04.23-21.01.27:167][  0]LogD3D11RHI: D3D11 adapters:
[2017.04.23-21.01.27:183][  0]LogD3D11RHI:    0. 'NVIDIA GeForce GTX 970' (Feature Level 11_0)
[2017.04.23-21.01.27:183][  0]LogD3D11RHI:       4007/0/7849 MB DedicatedVideo/DedicatedSystem/SharedSystem, Outputs:2, VendorId:0x10de
[2017.04.23-21.01.27:199][  0]LogD3D11RHI:    1. 'NVIDIA GeForce GTX 750 Ti' (Feature Level 11_0)
[2017.04.23-21.01.27:199][  0]LogD3D11RHI:       1992/0/2048 MB DedicatedVideo/DedicatedSystem/SharedSystem, Outputs:2, VendorId:0x10de
[2017.04.23-21.01.27:199][  0]LogD3D11RHI: Chosen D3D11 Adapter: 0
[2017.04.23-21.01.27:205][  0]LogD3D11RHI: Creating new Direct3DDevice
[2017.04.23-21.01.27:205][  0]LogD3D11RHI:     GPU DeviceId: 0x13c2 (for the marketing name, search the web for "GPU Device Id")
[2017.04.23-21.01.27:205][  0]LogWindows: EnumDisplayDevices:
[2017.04.23-21.01.27:205][  0]LogWindows:    0. 'NVIDIA GeForce GTX 970' (P:1 D:1)
[2017.04.23-21.01.27:205][  0]LogWindows:    1. 'NVIDIA GeForce GTX 970' (P:0 D:1)
[2017.04.23-21.01.27:205][  0]LogWindows:    2. 'NVIDIA GeForce GTX 970' (P:0 D:0)
[2017.04.23-21.01.27:206][  0]LogWindows:    3. 'NVIDIA GeForce GTX 970' (P:0 D:0)
[2017.04.23-21.01.27:206][  0]LogWindows:    4. 'NVIDIA GeForce GTX 750 Ti' (P:0 D:1)
[2017.04.23-21.01.27:206][  0]LogWindows:    5. 'NVIDIA GeForce GTX 750 Ti' (P:0 D:1)
[2017.04.23-21.01.27:206][  0]LogWindows:    6. 'NVIDIA GeForce GTX 750 Ti' (P:0 D:0)
[2017.04.23-21.01.27:206][  0]LogWindows:    7. 'RDPDD Chained DD' (P:0 D:0)
[2017.04.23-21.01.27:206][  0]LogWindows:    8. 'RDP Encoder Mirror Driver' (P:0 D:0)
[2017.04.23-21.01.27:206][  0]LogWindows:    9. 'RDP Reflector Display Driver' (P:0 D:0)
[2017.04.23-21.01.27:207][  0]LogWindows: DebugString: PrimaryIsNotTheChoosenAdapter PrimaryIsNotTheChoosenAdapter PrimaryIsNotTheChoosenAdapter GetVideoDriverDetailsInvalid PrimaryIsNotTheChoosenAdapter GetVideoDriverDetailsInvalid PrimaryIsNotTheChoosenAdapter GetVideoDriverDetailsInvalid PrimaryIsNotTheChoosenAdapter FoundDriverCount:4 
[2017.04.23-21.01.27:207][  0]LogD3D11RHI:     Adapter Name: NVIDIA GeForce GTX 970
[2017.04.23-21.01.27:207][  0]LogD3D11RHI:   Driver Version: 368.39 (internal:10.18.13.6839, unified:368.39)
[2017.04.23-21.01.27:207][  0]LogD3D11RHI:      Driver Date: 6-2-2016
[2017.04.23-21.01.27:207][  0]LogRHI: Texture pool is 1361 MB (70% of 1945 MB)
[2017.04.23-21.01.27:215][  0]LogD3D11RHI: Async texture creation enabled
[2017.04.23-21.01.27:230][  0]LogD3D11RHI: GPU Timing Frequency: 1000.000000 (Debug: 2 2)
[2017.04.23-21.01.27:230][  0]LogShaderCompilers: Guid format shader working directory is -2 characters bigger than the processId version (E:/Goldsmiths/Big-project/Bread_Game/Call_Of_bread/Intermediate/Shaders/WorkingDirectory/9248/).
[2017.04.23-21.01.27:230][  0]LogShaderCompilers: Cleaned the shader compiler working directory 'C:/Users/Michael/AppData/Local/Temp/UnrealShaderWorkingDir/E3D9A44C49C3F652D2651792A8870463/'.
[2017.04.23-21.01.27:230][  0]LogShaderCompilers:Display: Using Local Shader Compiler.
[2017.04.23-21.01.28:347][  0]LogTemp:Display: Loaded TP AllDesktopTargetPlatform
[2017.04.23-21.01.28:415][  0]LogTemp:Display: Loaded TP MacClientTargetPlatform
[2017.04.23-21.01.28:471][  0]LogTemp:Display: Loaded TP MacNoEditorTargetPlatform
[2017.04.23-21.01.28:529][  0]LogTemp:Display: Loaded TP MacServerTargetPlatform
[2017.04.23-21.01.28:589][  0]LogTemp:Display: Loaded TP MacTargetPlatform
[2017.04.23-21.01.28:656][  0]LogTemp:Display: Loaded TP WindowsClientTargetPlatform
[2017.04.23-21.01.28:721][  0]LogTemp:Display: Loaded TP WindowsNoEditorTargetPlatform
[2017.04.23-21.01.28:782][  0]LogTemp:Display: Loaded TP WindowsServerTargetPlatform
[2017.04.23-21.01.28:828][  0]LogTemp:Display: Loaded TP WindowsTargetPlatform
[2017.04.23-21.01.28:878][  0]LogTemp:Display: Loaded TP AndroidTargetPlatform
[2017.04.23-21.01.28:933][  0]LogTemp:Display: Loaded TP Android_ASTCTargetPlatform
[2017.04.23-21.01.28:993][  0]LogTemp:Display: Loaded TP Android_ATCTargetPlatform
[2017.04.23-21.01.29:048][  0]LogTemp:Display: Loaded TP Android_DXTTargetPlatform
[2017.04.23-21.01.29:098][  0]LogTemp:Display: Loaded TP Android_ETC1TargetPlatform
[2017.04.23-21.01.29:148][  0]LogTemp:Display: Loaded TP Android_ETC2TargetPlatform
[2017.04.23-21.01.29:254][  0]LogTemp:Display: Loaded TP Android_MultiTargetPlatform
[2017.04.23-21.01.29:254][  0]LogTemp:Display: Loaded TP Android_PVRTCTargetPlatform
[2017.04.23-21.01.29:289][  0]LogTemp:Display: Loaded TP HTML5TargetPlatform
[2017.04.23-21.01.29:366][  0]LogTemp:Display: Loaded TP IOSTargetPlatform
[2017.04.23-21.01.29:396][  0]LogTemp:Display: Loaded TP TVOSTargetPlatform
[2017.04.23-21.01.29:447][  0]LogTemp:Display: Loaded TP LinuxClientTargetPlatform
[2017.04.23-21.01.29:500][  0]LogTemp:Display: Loaded TP LinuxNoEditorTargetPlatform
[2017.04.23-21.01.29:549][  0]LogTemp:Display: Loaded TP LinuxServerTargetPlatform
[2017.04.23-21.01.29:603][  0]LogTemp:Display: Loaded TP LinuxTargetPlatform
[2017.04.23-21.01.29:603][  0]LogTargetPlatformManager:Display: Building Assets For Windows
[2017.04.23-21.01.29:991][  0]LogDerivedDataCache:Display: Max Cache Size: 512 MB
[2017.04.23-21.01.30:044][  0]LogDerivedDataCache: Loaded boot cache 0.05s 50MB C:/Users/Michael/AppData/Local/UnrealEngine/4.14/DerivedDataCache/Boot.ddc.
[2017.04.23-21.01.30:044][  0]LogDerivedDataCache:Display: Loaded Boot cache: C:/Users/Michael/AppData/Local/UnrealEngine/4.14/DerivedDataCache/Boot.ddc
[2017.04.23-21.01.30:044][  0]LogDerivedDataCache: FDerivedDataBackendGraph:  Pak pak cache file E:/Goldsmiths/Big-project/Bread_Game/Call_Of_bread/DerivedDataCache/DDC.ddp not found, will not use a pak cache.
[2017.04.23-21.01.30:044][  0]LogDerivedDataCache: Unable to find inner node Pak for hierarchical cache Hierarchy.
[2017.04.23-21.01.30:044][  0]LogDerivedDataCache: FDerivedDataBackendGraph:  CompressedPak pak cache file E:/Goldsmiths/Big-project/Bread_Game/Call_Of_bread/DerivedDataCache/Compressed.ddp not found, will not use a pak cache.
[2017.04.23-21.01.30:044][  0]LogDerivedDataCache: Unable to find inner node CompressedPak for hierarchical cache Hierarchy.
[2017.04.23-21.01.30:062][  0]LogDerivedDataCache:Display: Pak cache opened for reading ../../../Engine/DerivedDataCache/Compressed.ddp.
[2017.04.23-21.01.30:074][  0]LogDerivedDataCache: Using Local data cache path C:/Users/Michael/AppData/Local/UnrealEngine/Common/DerivedDataCache: Writable
[2017.04.23-21.01.30:257][  0]LogInit: Selected Device Profile: [Windows]
[2017.04.23-21.01.30:259][  0]LogContentStreaming: Texture pool size is 0.00 MB
[2017.04.23-21.01.30:454][  0]LogMeshUtilities: Using QuadricMeshReduction for automatic static mesh reduction
[2017.04.23-21.01.30:492][  0]LogSimplygon: Simplygon DLL not present - disabling.
[2017.04.23-21.01.30:534][  0]LogMeshUtilities: Using SimplygonSwarm for distributed automatic mesh merging
[2017.04.23-21.01.30:534][  0]LogMeshUtilities: No automatic skeletal mesh reduction module available
[2017.04.23-21.01.30:534][  0]LogMeshUtilities: No automatic mesh merging module available
[2017.04.23-21.01.31:000][  0]LogNetVersion: GetLocalNetworkVersion: CL: 3195953, ProjectName: call_of_bread, ProjectVersion: , EngineNetworkVersion: 2, GameNetworkVersion: 0, NetworkChecksum: 1183517265
[2017.04.23-21.01.31:048][  0]LogAssetRegistry: FAssetRegistry took 0.0195 seconds to start up
[2017.04.23-21.01.31:106][  0]LogPackageLocalizationCache: Processed 3 localized package path(s) for 2 prioritized culture(s) in 0.041303 seconds
[2017.04.23-21.01.31:111][  0]LogUObjectArray: 31946 objects as part of root set at end of initial load.
[2017.04.23-21.01.31:111][  0]LogUObjectAllocator: 6935848 out of 0 bytes used by permanent object pool.
[2017.04.23-21.01.31:111][  0]LogUObjectArray: CloseDisregardForGC: 0/0 objects in disregard for GC pool
[2017.04.23-21.01.31:800][  0]LogSlate: Using Freetype 2.6.0
[2017.04.23-21.01.31:801][  0]LogSlate: SlateFontCache - WITH_FREETYPE: 1, WITH_HARFBUZZ: 1
[2017.04.23-21.01.31:801][  0]LogSlate: SlateFontCache - WITH_FREETYPE: 1, WITH_HARFBUZZ: 1
[2017.04.23-21.01.32:505][  0]LogTcpMessaging: Initializing TcpMessaging bridge
[2017.04.23-21.01.32:543][  0]LogUdpMessaging: Initializing bridge on interface 0.0.0.0:0 to multicast group 230.0.0.1:6666.
[2017.04.23-21.01.32:843][  0]LogMaterial: Uniform references updated for custom material expression Custom.
[2017.04.23-21.01.33:192][  0]SourceControl: Info Source control is disabled
[2017.04.23-21.01.33:244][  0]SourceControl: Info Source control is disabled
[2017.04.23-21.01.33:285][  0]SourceControl: Info Source control is disabled
[2017.04.23-21.01.33:324][  0]SourceControl: Info Source control is disabled
[2017.04.23-21.01.34:376][  0]LogEngine: Initializing Engine...
[2017.04.23-21.01.34:401][  0]LogHMD: Failed to initialize OpenVR with code 108
[2017.04.23-21.01.34:647][  0]LogAIModule: Creating AISystem for world Untitled
[2017.04.23-21.01.34:667][  0]LogInit: XAudio2 using 'Speakers (3- Corsair Gaming H1500 Headset)' : 2 channels at 44.1 kHz using 16 bits per sample (channel mask 0x3)
[2017.04.23-21.01.34:677][  0]LogInit: FAudioDevice initialized.
[2017.04.23-21.01.34:706][  0]LogDerivedDataCache: Saved boot cache 0.03s 50MB C:/Users/Michael/AppData/Local/UnrealEngine/4.14/DerivedDataCache/Boot.ddc.
[2017.04.23-21.01.34:713][  0]LogInit: Texture streaming: Enabled
[2017.04.23-21.01.34:900][  0]LogInit: Transaction tracking system initialized
[2017.04.23-21.01.35:232][  0]BlueprintLog: New page: Editor Load
[2017.04.23-21.01.36:094][  0]LocalizationService: Info Localization service is disabled
[2017.04.23-21.01.36:689][  0]LogConsoleResponse:Display: 
[2017.04.23-21.01.36:810][  0]LogCook:Display: Max memory allowance for cook 16384mb min free memory 0mb
[2017.04.23-21.01.36:810][  0]LogCook:Display: Mobile HDR setting 1
[2017.04.23-21.01.37:235][  0]LogFileCache: Scanning file cache for directory 'E:/Goldsmiths/Big-project/Bread_Game/Call_Of_bread/Content/' took 0.01s
[2017.04.23-21.01.37:649][  0]SourceControl: Info Source control is disabled
[2017.04.23-21.01.37:649][  0]Cmd: MAP LOAD FILE="E:/Goldsmiths/Big-project/Bread_Game/Call_Of_bread/Content/Test-Level.umap" TEMPLATE=0 SHOWPROGRESS=1 FEATURELEVEL=3
[2017.04.23-21.01.37:650][  0]LightingResults: New page: Lighting Build
[2017.04.23-21.01.37:686][  0]MapCheck: New page: Map Check
[2017.04.23-21.01.37:686][  0]LightingResults: New page: Lighting Build
[2017.04.23-21.01.42:746][  0]LogAIModule: Creating AISystem for world test-Level
[2017.04.23-21.01.42:766][  0]LogEditorServer: Finished looking for orphan Actors (0.000 secs)
[2017.04.23-21.01.42:770][  0]Cmd: MAP CHECKDEP NOCLEARLOG
[2017.04.23-21.01.42:818][  0]MapCheck: Info Map check complete: 0 Error(s), 0 Warning(s), took 48.684ms to complete.
[2017.04.23-21.01.42:819][  0]LogFileHelpers: Loading map 'Test-Level' took 5.169
[2017.04.23-21.01.42:982][  0]LogCollectionManager: Loaded 1 collections in 0.002374 seconds
[2017.04.23-21.01.43:065][  0]LogFileCache: Scanning file cache for directory 'E:/Goldsmiths/Big-project/Bread_Game/Call_Of_bread/Saved/Collections/' took 0.01s
[2017.04.23-21.01.43:065][  0]LogFileCache: Scanning file cache for directory 'E:/Goldsmiths/Big-project/Bread_Game/Call_Of_bread/Content/Developers/Michael/Collections/' took 0.01s
[2017.04.23-21.01.43:065][  0]LogFileCache: Scanning file cache for directory 'E:/Goldsmiths/Big-project/Bread_Game/Call_Of_bread/Content/Collections/' took 0.01s
[2017.04.23-21.01.43:065][  0]LogCollectionManager: Rebuilt the GUID cache for 1 collections in 0.000004 seconds
[2017.04.23-21.01.43:065][  0]LogCollectionManager: Rebuilt the hierarchy cache for 1 collections in 0.000000 seconds
[2017.04.23-21.01.43:073][  0]LogContentBrowser: Native class hierarchy populated in 0.0080 seconds. Added 2190 classes and 428 folders.
[2017.04.23-21.01.43:112][  0]LogStats: UGameplayTagsManager::ConstructGameplayTagTree: Construct from data asset -  0.000 s
[2017.04.23-21.01.43:112][  0]LogStats: UGameplayTagsManager::ConstructGameplayTagTree: GameplayTagTreeChangedEvent.Broadcast -  0.000 s
[2017.04.23-21.01.43:113][  0]LogContentBrowser: Native class hierarchy updated for 'GameplayTags' in 0.0005 seconds. Added 13 classes and 0 folders.
[2017.04.23-21.01.43:165][  0]LogContentBrowser: Native class hierarchy updated for 'WidgetCarousel' in 0.0004 seconds. Added 0 classes and 0 folders.
[2017.04.23-21.01.43:244][  0]LogContentBrowser: Native class hierarchy updated for 'AddContentDialog' in 0.0004 seconds. Added 0 classes and 0 folders.
[2017.04.23-21.01.43:282][  0]LogContentBrowser: Native class hierarchy updated for 'SceneOutliner' in 0.0004 seconds. Added 1 classes and 2 folders.
[2017.04.23-21.01.43:354][  0]LogCrashTracker: Crashtracker disabled due to settings.
[2017.04.23-21.01.43:361][  0]LogUObjectGlobals:Warning: Failed to find object 'Class None.'
[2017.04.23-21.01.43:420][  0]LogContentBrowser: Native class hierarchy updated for 'HierarchicalLODOutliner' in 0.0004 seconds. Added 1 classes and 2 folders.
[2017.04.23-21.01.43:421][  0]LogLoad: (Engine Initialization) Total time: 18.76 seconds
[2017.04.23-21.01.43:421][  0]LogLoad: (Engine Initialization) Total Blueprint compile time: 0.33 seconds
[2017.04.23-21.01.43:421][  0]LogExternalProfiler: Found external profiler: VSPerf
[2017.04.23-21.01.43:421][  0]LogExternalProfiler: Using external profiler: VSPerf
[2017.04.23-21.01.43:430][  0]LogOcInput: OculusInput pre-init called
[2017.04.23-21.01.43:449][  0]LogContentStreaming: Texture pool size now 1000 MB
[2017.04.23-21.01.43:578][  0]LogRenderer: Reallocating scene render targets to support 1208x576 NumSamples 1 (Frame:2).
[2017.04.23-21.01.44:509][ 56]LogAssetRegistry: Asset discovery search completed in 13.4803 seconds
[2017.04.23-21.01.44:509][ 56]LogCollectionManager: Rebuilt the object cache for 1 collections in 0.000005 seconds (found 0 objects)
[2017.04.23-21.01.44:509][ 56]LogCollectionManager: Fixed up redirectors for 1 collections in 0.000017 seconds (updated 0 objects)
[2017.04.23-21.01.45:360][129]LogTemp: Repeting last play command: Selected Viewport
[2017.04.23-21.01.45:374][129]LogBlueprintUserMessages: Early PlayInEditor Detection: Level '/Game/Test-Level.test-Level:PersistentLevel' has LevelScriptBlueprint '/Game/Test-Level.test-Level:PersistentLevel.Test-Level' with GeneratedClass '/Game/Test-Level.Test-Level_C' with ClassGeneratedBy '/Game/Test-Level.test-Level:PersistentLevel.Test-Level'
[2017.04.23-21.01.45:374][129]LogPlayLevel: PlayLevel: No blueprints needed recompiling
[2017.04.23-21.01.45:374][129]LogOnline:Display: NULL: FOnlineSubsystemNull::Shutdown()
[2017.04.23-21.01.45:374][129]LogModuleManager:Warning: No filename provided for module OnlineSubsystemLAN
[2017.04.23-21.01.45:374][129]LogModuleManager:Warning: ModuleManager: Unable to load module 'OnlineSubsystemLAN' because the file 'C:/Program Files/Epic Games/4.14/Engine/Binaries/Win64/' was not found.
[2017.04.23-21.01.45:385][129]PIE: New page: PIE session: Test-Level (23 Apr 2017 23:01:45)
[2017.04.23-21.01.45:414][129]LogPlayLevel: Creating play world package: /Game/UEDPIE_0_Test-Level
[2017.04.23-21.01.45:434][129]LogPlayLevel: PIE: StaticDuplicateObject took: (0.019979s)
[2017.04.23-21.01.45:434][129]LogAIModule: Creating AISystem for world test-Level
[2017.04.23-21.01.45:434][129]LogPlayLevel: PIE: World Init took: (0.000528s)
[2017.04.23-21.01.45:434][129]LogPlayLevel: PIE: Created PIE world by copying editor world from /Game/Test-Level.test-Level to /Game/UEDPIE_0_Test-Level.test-Level (0.020783s)
[2017.04.23-21.01.45:457][129]LogInit: XAudio2 using 'Speakers (3- Corsair Gaming H1500 Headset)' : 2 channels at 44.1 kHz using 16 bits per sample (channel mask 0x3)
[2017.04.23-21.01.45:463][129]LogInit: FAudioDevice initialized.
[2017.04.23-21.01.45:478][129]LogStats:Warning: MetaData mismatch. Did you assign a stat to two groups? New //STATGROUP_Threads//OnlineAsyncTaskThreadNull DefaultInstance///Thread_2574_0///####STATCAT_Advanced#### old //STATGROUP_Threads//OnlineAsyncTaskThreadNull DefaultInstance///Thread_1438_0///####STATCAT_Advanced####
[2017.04.23-21.01.45:528][129]LogLoad: Game class is 'ThirdPersonGameMode_C'
[2017.04.23-21.01.45:536][129]LogWorld: Bringing World /Game/UEDPIE_0_Test-Level.test-Level up for play (max tick rate 0) at 2017.04.23-22.01.45
[2017.04.23-21.01.45:536][129]LogWorld: Bringing up level for play took: 0.006434
[2017.04.23-21.01.45:601][129]LogContentBrowser: Native class hierarchy updated for 'MovieSceneCapture' in 0.0006 seconds. Added 11 classes and 0 folders.
[2017.04.23-21.01.45:601][129]LogGameMode:Display: Match State Changed from EnteringMap to WaitingToStart
[2017.04.23-21.01.45:601][129]LogGameState: Match State Changed from EnteringMap to WaitingToStart
[2017.04.23-21.01.45:601][129]LogGameMode:Display: Match State Changed from WaitingToStart to InProgress
[2017.04.23-21.01.45:606][129]LogGameState: Match State Changed from WaitingToStart to InProgress
[2017.04.23-21.01.45:606][129]PIE: Info Play in editor start time for /Game/UEDPIE_0_Test-Level -0.708
[2017.04.23-21.01.45:606][129]LogBlueprintUserMessages: Late PlayInEditor Detection: Level '/Game/Test-Level.test-Level:PersistentLevel' has LevelScriptBlueprint '/Game/Test-Level.test-Level:PersistentLevel.Test-Level' with GeneratedClass '/Game/Test-Level.Test-Level_C' with ClassGeneratedBy '/Game/Test-Level.test-Level:PersistentLevel.Test-Level'
[2017.04.23-21.03.02:998][439]LogCharacterMovement: AI_C_0 is stuck and failed to move! Velocity: X=-393.62 Y=146.49 Z=0.00 Location: X=-200.78 Y=602.70 Z=101.47 Normal: X=0.79 Y=-0.61 Z=0.00 PenetrationDepth:11.485 Actor:Jam-Projectlie_C_10 Component:Sphere BoneName:None (0 other events since notify)
[2017.04.23-21.03.41:615][641]LogBlueprintUserMessages: Early EndPlayMap Detection: Level '/Game/Test-Level.test-Level:PersistentLevel' has LevelScriptBlueprint '/Game/Test-Level.test-Level:PersistentLevel.Test-Level' with GeneratedClass '/Game/Test-Level.Test-Level_C' with ClassGeneratedBy '/Game/Test-Level.test-Level:PersistentLevel.Test-Level'
[2017.04.23-21.03.41:652][641]LogOnline:Display: NULL: FOnlineSubsystemNull::Shutdown()
[2017.04.23-21.03.41:653][641]LogPlayLevel:Display: Shutting down PIE online subsystems
[2017.04.23-21.03.41:653][641]LogBlueprintUserMessages: Late EndPlayMap Detection: Level '/Game/Test-Level.test-Level:PersistentLevel' has LevelScriptBlueprint '/Game/Test-Level.test-Level:PersistentLevel.Test-Level' with GeneratedClass '/Game/Test-Level.Test-Level_C' with ClassGeneratedBy '/Game/Test-Level.test-Level:PersistentLevel.Test-Level'
[2017.04.23-21.03.41:725][646]LogPlayLevel:Display: Destroying online subsystem :Context_2
[2017.04.23-21.03.41:725][646]LogOnline:Display: NULL: FOnlineSubsystemNull::Shutdown()
[2017.04.23-21.03.43:942][898]LogEditorViewport: Clicking on Actor (LMB): SpawnVolume_C (SpawnVolume)
[2017.04.23-21.03.46:528][173]LogEditorViewport: Clicking on Actor (LMB): Game-matser_C (Game-matser)
[2017.04.23-21.03.49:139][456]LogEditorViewport: Clicking on Actor (LMB): SpawnVolume_C (SpawnVolume)
[2017.04.23-21.03.51:919][749]LogEditorViewport: Clicking on Actor (LMB): BlockingVolume (BlockingVolume)
[2017.04.23-21.03.58:373][458]LogEditorViewport: Clicking on Actor (LMB): StaticMeshActor (Modular_Floor_Sqr_Tile3)
[2017.04.23-21.03.59:576][595]LogEditorViewport: Clicking on Actor (LMB): StaticMeshActor (Modular_Floor_Sqr_Tile3)
[2017.04.23-21.04.00:216][670]LogEditorViewport: Clicking on Actor (LMB): SpawnVolume_C (SpawnVolume)
[2017.04.23-21.06.12:338][484]LogContentBrowser: Native class hierarchy updated for 'BlueprintGraph' in 0.0008 seconds. Added 111 classes and 0 folders.
[2017.04.23-21.13.40:416][916]Cmd: OBJ SAVEPACKAGE PACKAGE="/Game/Test-Level" FILE="E:/Goldsmiths/Big-project/Bread_Game/Call_Of_bread/Saved/Autosaves/Game/Test-Level_Auto1.umap" SILENT=true AUTOSAVING=true KEEPDIRTY=false
[2017.04.23-21.13.40:614][916]LogSavePackage: Save=191.81ms
[2017.04.23-21.13.40:614][916]LogSavePackage: Moving 'E:/Goldsmiths/Big-project/Bread_Game/Call_Of_bread/Saved/Test-Level_Auto1D27B3DAA433991EBAB48AAA8F6563291.tmp' to 'E:/Goldsmiths/Big-project/Bread_Game/Call_Of_bread/Saved/Autosaves/Game/Test-Level_Auto1.umap'
[2017.04.23-21.13.40:617][916]LogSavePackage:Display: Finished SavePackage E:/Goldsmiths/Big-project/Bread_Game/Call_Of_bread/Saved/Autosaves/Game/Test-Level_Auto1.umap
[2017.04.23-21.13.40:618][916]LogFileHelpers: Editor autosave (incl. sublevels) for '/Game/Test-Level' took 0.224
[2017.04.23-21.13.40:618][916]LogFileHelpers: Editor autosave (incl. sublevels) for all levels took 0.224
[2017.04.23-21.21.44:011][476]LogFactory: FactoryCreateFile: StaticMesh with FbxFactory (0 0 E:\Goldsmiths\Big-project\Jam-Projectlie.FBX)
[2017.04.23-21.21.44:028][476]LogFbx: ItemName: GlobalSettings, ItemCount : 1
[2017.04.23-21.21.44:028][476]LogFbx: ItemName: AnimationStack, ItemCount : 1
[2017.04.23-21.21.44:028][476]LogFbx: ItemName: AnimationLayer, ItemCount : 1
[2017.04.23-21.21.44:028][476]LogFbx: ItemName: Geometry, ItemCount : 1
[2017.04.23-21.21.44:028][476]LogFbx: ItemName: Material, ItemCount : 1
[2017.04.23-21.21.44:028][476]LogFbx: ItemName: Model, ItemCount : 1
[2017.04.23-21.21.44:036][476]LogFbx: Loading FBX Scene from E:\Goldsmiths\Big-project\Jam-Projectlie.FBX
[2017.04.23-21.21.44:044][476]LogFbx: FBX Scene Loaded Succesfully
[2017.04.23-21.24.31:626][ 12]LogEditorViewport: Clicking on Actor (LMB): StaticMeshActor (Modular_Floor_Sqr_Tile3)
[2017.04.23-21.24.37:469][396]LogEditorViewport: Clicking on Actor (LMB): StaticMeshActor (Modular_Wall_Seg5)
[2017.04.23-21.24.38:104][428]LogEditorViewport: Clicking on Actor (LMB): StaticMeshActor (Counter_90_Outside)
[2017.04.23-21.24.43:312][797]LogEditorViewport: Clicking on Actor (LMB): BP_Sky_Sphere_C (Sky Sphere)
[2017.04.23-21.24.58:072][744]LogEditorViewport: Clicking on Actor (LMB): StaticMeshActor (pictureframe3)
[2017.04.23-21.25.01:493][955]LogEditorViewport: Clicking on Actor (LMB): StaticMeshActor (tree-Plane2)
[2017.04.23-21.25.06:220][278]LogTemp: Repeting last play command: Selected Viewport
[2017.04.23-21.25.06:236][278]LogBlueprintUserMessages: Early PlayInEditor Detection: Level '/Game/Test-Level.test-Level:PersistentLevel' has LevelScriptBlueprint '/Game/Test-Level.test-Level:PersistentLevel.Test-Level' with GeneratedClass '/Game/Test-Level.Test-Level_C' with ClassGeneratedBy '/Game/Test-Level.test-Level:PersistentLevel.Test-Level'
[2017.04.23-21.25.06:236][278]LogPlayLevel: PlayLevel: No blueprints needed recompiling
[2017.04.23-21.25.06:236][278]PIE: New page: PIE session: Test-Level (23 Apr 2017 23:25:06)
[2017.04.23-21.25.06:236][278]LogPlayLevel: Creating play world package: /Game/UEDPIE_0_Test-Level
[2017.04.23-21.25.06:255][278]LogPlayLevel: PIE: StaticDuplicateObject took: (0.018835s)
[2017.04.23-21.25.06:256][278]LogAIModule: Creating AISystem for world test-Level
[2017.04.23-21.25.06:256][278]LogPlayLevel: PIE: World Init took: (0.000591s)
[2017.04.23-21.25.06:256][278]LogPlayLevel: PIE: Created PIE world by copying editor world from /Game/Test-Level.test-Level to /Game/UEDPIE_0_Test-Level.test-Level (0.019685s)
[2017.04.23-21.25.06:274][278]LogInit: XAudio2 using 'Speakers (3- Corsair Gaming H1500 Headset)' : 2 channels at 44.1 kHz using 16 bits per sample (channel mask 0x3)
[2017.04.23-21.25.06:280][278]LogInit: FAudioDevice initialized.
[2017.04.23-21.25.06:311][278]LogLoad: Game class is 'ThirdPersonGameMode_C'
[2017.04.23-21.25.06:318][278]LogWorld: Bringing World /Game/UEDPIE_0_Test-Level.test-Level up for play (max tick rate 0) at 2017.04.23-22.25.06
[2017.04.23-21.25.06:318][278]LogWorld: Bringing up level for play took: 0.006451
[2017.04.23-21.25.06:329][278]LogGameMode:Display: Match State Changed from EnteringMap to WaitingToStart
[2017.04.23-21.25.06:329][278]LogGameState: Match State Changed from EnteringMap to WaitingToStart
[2017.04.23-21.25.06:329][278]LogGameMode:Display: Match State Changed from WaitingToStart to InProgress
[2017.04.23-21.25.06:332][278]LogGameState: Match State Changed from WaitingToStart to InProgress
[2017.04.23-21.25.06:332][278]PIE: Info Play in editor start time for /Game/UEDPIE_0_Test-Level 0.009
[2017.04.23-21.25.06:333][278]LogBlueprintUserMessages: Late PlayInEditor Detection: Level '/Game/Test-Level.test-Level:PersistentLevel' has LevelScriptBlueprint '/Game/Test-Level.test-Level:PersistentLevel.Test-Level' with GeneratedClass '/Game/Test-Level.Test-Level_C' with ClassGeneratedBy '/Game/Test-Level.test-Level:PersistentLevel.Test-Level'
[2017.04.23-21.25.17:634][172]LogBlueprintUserMessages: Early EndPlayMap Detection: Level '/Game/Test-Level.test-Level:PersistentLevel' has LevelScriptBlueprint '/Game/Test-Level.test-Level:PersistentLevel.Test-Level' with GeneratedClass '/Game/Test-Level.Test-Level_C' with ClassGeneratedBy '/Game/Test-Level.test-Level:PersistentLevel.Test-Level'
[2017.04.23-21.25.17:670][172]LogOnline:Display: NULL: FOnlineSubsystemNull::Shutdown()
[2017.04.23-21.25.17:670][172]LogPlayLevel:Display: Shutting down PIE online subsystems
[2017.04.23-21.25.17:686][172]LogBlueprintUserMessages: Late EndPlayMap Detection: Level '/Game/Test-Level.test-Level:PersistentLevel' has LevelScriptBlueprint '/Game/Test-Level.test-Level:PersistentLevel.Test-Level' with GeneratedClass '/Game/Test-Level.Test-Level_C' with ClassGeneratedBy '/Game/Test-Level.test-Level:PersistentLevel.Test-Level'
[2017.04.23-21.25.17:738][173]LogPlayLevel:Display: Destroying online subsystem :Context_11
[2017.04.23-21.25.17:738][173]LogOnline:Display: NULL: FOnlineSubsystemNull::Shutdown()
[2017.04.23-21.25.20:942][384]Cmd: OBJ SAVEPACKAGE PACKAGE="/Game/Test-Level" FILE="E:/Goldsmiths/Big-project/Bread_Game/Call_Of_bread/Content/Test-Level.umap" SILENT=true AUTOSAVING=false KEEPDIRTY=false
[2017.04.23-21.25.21:175][384]LogSavePackage: Save=196.24ms
[2017.04.23-21.25.21:175][384]LogSavePackage: Moving 'E:/Goldsmiths/Big-project/Bread_Game/Call_Of_bread/Saved/Test-Level0678EC5141C10A4B4FDFFAA671608526.tmp' to 'E:/Goldsmiths/Big-project/Bread_Game/Call_Of_bread/Content/Test-Level.umap'
[2017.04.23-21.25.21:178][384]LogSavePackage:Display: Finished SavePackage E:/Goldsmiths/Big-project/Bread_Game/Call_Of_bread/Content/Test-Level.umap
[2017.04.23-21.25.21:204][384]Cmd: OBJ SAVEPACKAGE PACKAGE="/Game/Test-Level_BuiltData" FILE="E:/Goldsmiths/Big-project/Bread_Game/Call_Of_bread/Content/Test-Level_BuiltData.uasset" SILENT=true
[2017.04.23-21.25.22:170][384]LogSavePackage: Save=921.13ms
[2017.04.23-21.25.22:170][384]LogSavePackage: Moving 'E:/Goldsmiths/Big-project/Bread_Game/Call_Of_bread/Saved/Test-Level_BuiltDataB3CE3AA04A0E5C351DA449B1184679F6.tmp' to 'E:/Goldsmiths/Big-project/Bread_Game/Call_Of_bread/Content/Test-Level_BuiltData.uasset'
[2017.04.23-21.25.22:174][384]LogSavePackage:Display: Finished SavePackage E:/Goldsmiths/Big-project/Bread_Game/Call_Of_bread/Content/Test-Level_BuiltData.uasset
[2017.04.23-21.26.10:370][179]LogRenderer: Reallocating scene render targets to support 1208x744 NumSamples 1 (Frame:18037).
[2017.04.23-21.26.53:302][ 67]LogEditorViewport: Clicking on Actor (LMB): Ammo-Spawn-Location_C (Ammo-Spawn-Location3)
[2017.04.23-21.27.06:274][105]LogEditorViewport: Clicking on Actor (LMB): Ammo-Spawn-Location_C (Ammo-Spawn-Location2)
[2017.04.23-21.27.06:586][128]Cmd: DELETE
[2017.04.23-21.27.06:586][128]Cmd: ACTOR DELETE
[2017.04.23-21.27.06:587][128]LogEditorActor: Deleted Actor: Ammo-Spawn-Location_C
[2017.04.23-21.27.06:600][128]LogEditorActor: Deleted 1 Actors (0.014 secs)
[2017.04.23-21.27.08:420][304]LogEditorViewport: Clicking on Actor (LMB): Ammo-Spawn-Location_C (Ammo-Spawn-Location)
[2017.04.23-21.27.08:568][314]Cmd: DELETE
[2017.04.23-21.27.08:568][314]Cmd: ACTOR DELETE
[2017.04.23-21.27.08:569][314]LogEditorActor: Deleted Actor: Ammo-Spawn-Location_C
[2017.04.23-21.27.08:582][314]LogEditorActor: Deleted 1 Actors (0.013 secs)
[2017.04.23-21.27.23:955][433]LogEditorViewport: Clicking on Actor (LMB): Ammo-Spawn-Location_C (Ammo-Spawn-Location3)
[2017.04.23-21.27.24:823][505]Cmd: DELETE
[2017.04.23-21.27.24:823][505]Cmd: ACTOR DELETE
[2017.04.23-21.27.24:824][505]LogEditorActor: Deleted Actor: Ammo-Spawn-Location_C
[2017.04.23-21.27.24:838][505]LogEditorActor: Deleted 1 Actors (0.015 secs)
[2017.04.23-21.27.30:639][945]LogEditorViewport: Clicking on Actor (LMB): Ammo-Spawn-Location_C (Ammo-Spawn-Location4)
[2017.04.23-21.27.31:574][ 25]Cmd: DELETE
[2017.04.23-21.27.31:574][ 25]Cmd: ACTOR DELETE
[2017.04.23-21.27.31:575][ 25]LogEditorActor: Deleted Actor: Ammo-Spawn-Location_C
[2017.04.23-21.27.31:587][ 25]LogEditorActor: Deleted 1 Actors (0.013 secs)
[2017.04.23-21.27.36:623][417]LogEditorViewport: Clicking on Actor (LMB): BP_Sky_Sphere_C (Sky Sphere)
[2017.04.23-21.28.00:522][113]LogEditorViewport: Clicking on Actor (LMB): StaticMeshActor (bookopen)
[2017.04.23-21.28.01:038][148]LogEditorViewport: Clicking on Actor (LMB): StaticMeshActor (bookopen)
[2017.04.23-21.28.02:767][259]LogRenderer: Reallocating scene render targets to support 1432x964 NumSamples 1 (Frame:29586).
[2017.04.23-21.28.09:931][  0]LogEditorViewport: Clicking on Actor (LMB): StaticMeshActor (bookopen2)
[2017.04.23-21.28.41:513][547]LogEditorViewport: Clicking on Actor (LMB): BP_Sky_Sphere_C (Sky Sphere)
[2017.04.23-21.31.12:926][158]LogEditorViewport: Clicking on Actor (LMB): StaticMeshActor (Counter_90_Outside2)
[2017.04.23-21.31.14:441][320]LogEditorViewport: Clicking on Actor (LMB): StaticMeshActor (Counter-Drawers3)
[2017.04.23-21.31.16:237][528]LogEditorViewport: Clicking on Actor (LMB): StaticMeshActor (Empty_Drawer_Unit)
[2017.04.23-21.36.52:515][999]BlueprintLog: New page: Compile AI
[2017.04.23-21.36.57:123][425]Cmd: OBJ SAVEPACKAGE PACKAGE="/Game/ThirdPersonBP/Blueprints/AI" FILE="E:/Goldsmiths/Big-project/Bread_Game/Call_Of_bread/Content/ThirdPersonBP/Blueprints/AI.uasset" SILENT=true
[2017.04.23-21.36.57:158][425]LogSavePackage: Save=31.15ms
[2017.04.23-21.36.57:159][425]LogSavePackage: Moving 'E:/Goldsmiths/Big-project/Bread_Game/Call_Of_bread/Saved/AIABE39A0249B814ED2687E7AD52CFDD19.tmp' to 'E:/Goldsmiths/Big-project/Bread_Game/Call_Of_bread/Content/ThirdPersonBP/Blueprints/AI.uasset'
[2017.04.23-21.36.57:162][425]LogSavePackage:Display: Finished SavePackage E:/Goldsmiths/Big-project/Bread_Game/Call_Of_bread/Content/ThirdPersonBP/Blueprints/AI.uasset
[2017.04.23-21.37.55:947][211]LogEditorViewport: Clicking on Actor (LMB): Ammo-Spawn-Location_C (Ammo-Spawn-Location)
[2017.04.23-21.42.55:041][882]BlueprintLog: New page: Compile AI
[2017.04.23-21.42.56:284][963]Cmd: OBJ SAVEPACKAGE PACKAGE="/Game/ThirdPersonBP/Blueprints/AI" FILE="E:/Goldsmiths/Big-project/Bread_Game/Call_Of_bread/Content/ThirdPersonBP/Blueprints/AI.uasset" SILENT=true
[2017.04.23-21.42.56:320][963]LogSavePackage: Save=32.16ms
[2017.04.23-21.42.56:320][963]LogSavePackage: Moving 'E:/Goldsmiths/Big-project/Bread_Game/Call_Of_bread/Saved/AI2C47AF2744B931FAC9807685EFB2DA3F.tmp' to 'E:/Goldsmiths/Big-project/Bread_Game/Call_Of_bread/Content/ThirdPersonBP/Blueprints/AI.uasset'
[2017.04.23-21.42.56:323][963]LogSavePackage:Display: Finished SavePackage E:/Goldsmiths/Big-project/Bread_Game/Call_Of_bread/Content/ThirdPersonBP/Blueprints/AI.uasset
[2017.04.23-21.42.58:329][146]LogTemp: Repeting last play command: Selected Viewport
[2017.04.23-21.42.58:349][146]LogBlueprintUserMessages: Early PlayInEditor Detection: Level '/Game/Test-Level.test-Level:PersistentLevel' has LevelScriptBlueprint '/Game/Test-Level.test-Level:PersistentLevel.Test-Level' with GeneratedClass '/Game/Test-Level.Test-Level_C' with ClassGeneratedBy '/Game/Test-Level.test-Level:PersistentLevel.Test-Level'
[2017.04.23-21.42.58:349][146]LogPlayLevel: PlayLevel: No blueprints needed recompiling
[2017.04.23-21.42.58:349][146]PIE: New page: PIE session: Test-Level (23 Apr 2017 23:42:58)
[2017.04.23-21.42.58:350][146]LogPlayLevel: Creating play world package: /Game/UEDPIE_0_Test-Level
[2017.04.23-21.42.58:370][146]LogPlayLevel: PIE: StaticDuplicateObject took: (0.020076s)
[2017.04.23-21.42.58:370][146]LogAIModule: Creating AISystem for world test-Level
[2017.04.23-21.42.58:371][146]LogPlayLevel: PIE: World Init took: (0.000523s)
[2017.04.23-21.42.58:371][146]LogPlayLevel: PIE: Created PIE world by copying editor world from /Game/Test-Level.test-Level to /Game/UEDPIE_0_Test-Level.test-Level (0.020875s)
[2017.04.23-21.42.58:389][146]LogInit: XAudio2 using 'Speakers (3- Corsair Gaming H1500 Headset)' : 2 channels at 44.1 kHz using 16 bits per sample (channel mask 0x3)
[2017.04.23-21.42.58:395][146]LogInit: FAudioDevice initialized.
[2017.04.23-21.42.58:425][146]LogLoad: Game class is 'ThirdPersonGameMode_C'
[2017.04.23-21.42.58:432][146]LogWorld: Bringing World /Game/UEDPIE_0_Test-Level.test-Level up for play (max tick rate 0) at 2017.04.23-22.42.58
[2017.04.23-21.42.58:432][146]LogWorld: Bringing up level for play took: 0.006448
[2017.04.23-21.42.58:443][146]LogGameMode:Display: Match State Changed from EnteringMap to WaitingToStart
[2017.04.23-21.42.58:443][146]LogGameState: Match State Changed from EnteringMap to WaitingToStart
[2017.04.23-21.42.58:443][146]LogGameMode:Display: Match State Changed from WaitingToStart to InProgress
[2017.04.23-21.42.58:446][146]LogGameState: Match State Changed from WaitingToStart to InProgress
[2017.04.23-21.42.58:446][146]PIE: Info Play in editor start time for /Game/UEDPIE_0_Test-Level 0.117
[2017.04.23-21.42.58:447][146]LogBlueprintUserMessages: Late PlayInEditor Detection: Level '/Game/Test-Level.test-Level:PersistentLevel' has LevelScriptBlueprint '/Game/Test-Level.test-Level:PersistentLevel.Test-Level' with GeneratedClass '/Game/Test-Level.Test-Level_C' with ClassGeneratedBy '/Game/Test-Level.test-Level:PersistentLevel.Test-Level'
[2017.04.23-21.43.04:927][721]LogScript:Warning: FLatentActionManager::ProcessLatentActions: CallbackTarget is None.
[2017.04.23-21.43.13:366][504]LogScript:Warning: FLatentActionManager::ProcessLatentActions: CallbackTarget is None.
[2017.04.23-21.43.42:418][209]LogScript:Warning: FLatentActionManager::ProcessLatentActions: CallbackTarget is None.
[2017.04.23-21.44.01:098][995]Cmd: OBJ SAVEPACKAGE PACKAGE="/Game/Test-Level" FILE="E:/Goldsmiths/Big-project/Bread_Game/Call_Of_bread/Content/Test-Level.umap" SILENT=true AUTOSAVING=false KEEPDIRTY=false
[2017.04.23-21.44.01:330][995]LogSavePackage: Save=200.70ms
[2017.04.23-21.44.01:330][995]LogSavePackage: Moving 'E:/Goldsmiths/Big-project/Bread_Game/Call_Of_bread/Saved/Test-Level2E47A9414A3E4A35A5AE90BA9EAEDEF2.tmp' to 'E:/Goldsmiths/Big-project/Bread_Game/Call_Of_bread/Content/Test-Level.umap'
[2017.04.23-21.44.01:334][995]LogSavePackage:Display: Finished SavePackage E:/Goldsmiths/Big-project/Bread_Game/Call_Of_bread/Content/Test-Level.umap
[2017.04.23-21.44.01:359][995]LogFileHelpers: Saving map 'Test-Level' took 0.317
[2017.04.23-21.44.04:242][ 80]LogBlueprintUserMessages: Early EndPlayMap Detection: Level '/Game/Test-Level.test-Level:PersistentLevel' has LevelScriptBlueprint '/Game/Test-Level.test-Level:PersistentLevel.Test-Level' with GeneratedClass '/Game/Test-Level.Test-Level_C' with ClassGeneratedBy '/Game/Test-Level.test-Level:PersistentLevel.Test-Level'
[2017.04.23-21.44.09:156][ 80]LogStats: FPlatformStackWalk::StackWalkAndDump -  4.908 s
[2017.04.23-21.44.09:156][ 80]LogOutputDevice:Error: === Handled ensure: ===
[2017.04.23-21.44.09:156][ 80]LogOutputDevice:Error: 
[2017.04.23-21.44.09:156][ 80]LogOutputDevice:Error: Ensure condition failed: NewObject->IsA(this->GeneratedClass) [File:D:\Build\++UE4+Release-4.14+Compile\Sync\Engine\Source\Runtime\Engine\Private\Blueprint.cpp] [Line: 717]
[2017.04.23-21.44.09:156][ 80]LogOutputDevice:Error: Type mismatch: Expected Test-Level_C, Found LevelScriptBlueprint
[2017.04.23-21.44.09:156][ 80]LogOutputDevice:Error: Stack: 
[2017.04.23-21.44.09:156][ 80]LogOutputDevice:Error: UE4Editor-Core.dll!FWindowsPlatformStackWalk::StackWalkAndDump() [d:\build\++ue4+release-4.14+compile\sync\engine\source\runtime\core\private\windows\windowsplatformstackwalk.cpp:185]
[2017.04.23-21.44.09:156][ 80]LogOutputDevice:Error: UE4Editor-Core.dll!FDebug::EnsureFailed() [d:\build\++ue4+release-4.14+compile\sync\engine\source\runtime\core\private\misc\assertionmacros.cpp:216]
[2017.04.23-21.44.09:156][ 80]LogOutputDevice:Error: UE4Editor-Core.dll!FDebug::OptionallyLogFormattedEnsureMessageReturningFalse() [d:\build\++ue4+release-4.14+compile\sync\engine\source\runtime\core\private\misc\assertionmacros.cpp:343]
[2017.04.23-21.44.09:156][ 80]LogOutputDevice:Error: UE4Editor-Engine.dll!UBlueprint::SetObjectBeingDebugged() [d:\build\++ue4+release-4.14+compile\sync\engine\source\runtime\engine\private\blueprint.cpp:713]
[2017.04.23-21.44.09:156][ 80]LogOutputDevice:Error: UE4Editor-Engine.dll!UWorld::TransferBlueprintDebugReferences() [d:\build\++ue4+release-4.14+compile\sync\engine\source\runtime\engine\private\world.cpp:1833]
[2017.04.23-21.44.09:156][ 80]LogOutputDevice:Error: UE4Editor-UnrealEd.dll!UEditorEngine::TeardownPlaySession() [d:\build\++ue4+release-4.14+compile\sync\engine\source\editor\unrealed\private\playlevel.cpp:675]
[2017.04.23-21.44.09:156][ 80]LogOutputDevice:Error: UE4Editor-UnrealEd.dll!UEditorEngine::EndPlayMap() [d:\build\++ue4+release-4.14+compile\sync\engine\source\editor\unrealed\private\playlevel.cpp:270]
[2017.04.23-21.44.09:156][ 80]LogOutputDevice:Error: UE4Editor-UnrealEd.dll!UEditorEngine::Tick() [d:\build\++ue4+release-4.14+compile\sync\engine\source\editor\unrealed\private\editorengine.cpp:1670]
[2017.04.23-21.44.09:156][ 80]LogOutputDevice:Error: UE4Editor-UnrealEd.dll!UUnrealEdEngine::Tick() [d:\build\++ue4+release-4.14+compile\sync\engine\source\editor\unrealed\private\unrealedengine.cpp:371]
[2017.04.23-21.44.09:156][ 80]LogOutputDevice:Error: UE4Editor.exe!FEngineLoop::Tick() [d:\build\++ue4+release-4.14+compile\sync\engine\source\runtime\launch\private\launchengineloop.cpp:2859]
[2017.04.23-21.44.09:156][ 80]LogOutputDevice:Error: UE4Editor.exe!GuardedMain() [d:\build\++ue4+release-4.14+compile\sync\engine\source\runtime\launch\private\launch.cpp:152]
[2017.04.23-21.44.09:156][ 80]LogOutputDevice:Error: UE4Editor.exe!GuardedMainWrapper() [d:\build\++ue4+release-4.14+compile\sync\engine\source\runtime\launch\private\windows\launchwindows.cpp:126]
[2017.04.23-21.44.09:156][ 80]LogOutputDevice:Error: UE4Editor.exe!WinMain() [d:\build\++ue4+release-4.14+compile\sync\engine\source\runtime\launch\private\windows\launchwindows.cpp:202]
[2017.04.23-21.44.09:156][ 80]LogOutputDevice:Error: UE4Editor.exe!__scrt_common_main_seh() [f:\dd\vctools\crt\vcstartup\src\startup\exe_common.inl:264]
[2017.04.23-21.44.09:156][ 80]LogOutputDevice:Error: kernel32.dll
[2017.04.23-21.44.09:156][ 80]LogOutputDevice:Error: ntdll.dll
[2017.04.23-21.44.09:156][ 80]LogOutputDevice:Error: 
[2017.04.23-21.44.09:165][ 80]LogStats:                SubmitErrorReport -  0.000 s
[2017.04.23-21.44.09:559][ 80]LogStats:                    SendNewReport -  0.395 s
[2017.04.23-21.44.09:560][ 80]LogStats:             FDebug::EnsureFailed -  5.311 s
[2017.04.23-21.44.09:587][ 80]LogOnline:Display: NULL: FOnlineSubsystemNull::Shutdown()
[2017.04.23-21.44.09:587][ 80]LogPlayLevel:Display: Shutting down PIE online subsystems
[2017.04.23-21.44.09:596][ 80]LogBlueprintUserMessages: Late EndPlayMap Detection: Level '/Game/Test-Level.test-Level:PersistentLevel' has LevelScriptBlueprint '/Game/Test-Level.test-Level:PersistentLevel.Test-Level' with GeneratedClass '/Game/Test-Level.Test-Level_C' with ClassGeneratedBy '/Game/Test-Level.test-Level:PersistentLevel.Test-Level'
[2017.04.23-21.44.09:681][ 81]LogPlayLevel:Display: Destroying online subsystem :Context_18
[2017.04.23-21.44.09:681][ 81]LogOnline:Display: NULL: FOnlineSubsystemNull::Shutdown()
[2017.04.23-21.45.09:016][415]LogActorComponent: UnregisterComponent: (/Engine/Transient.EditorFloorComp) Not registered. Aborting.
[2017.04.23-21.45.09:080][415]LogActorComponent: UnregisterComponent: (/Engine/Transient.EditorFloorComp) Not registered. Aborting.
[2017.04.23-21.45.09:293][416]Cmd: QUIT_EDITOR
[2017.04.23-21.45.09:351][416]LogExit: Preparing to exit.
[2017.04.23-21.45.09:851][416]LogExit: Editor shut down
[2017.04.23-21.45.09:851][416]LogExit: Transaction tracking system shut down
[2017.04.23-21.45.09:964][416]LogObj: Freed 0b from 0 cluster array pools.
[2017.04.23-21.45.09:964][416]LogExit: Object subsystem successfully closed.
[2017.04.23-21.45.09:980][416]LogD3D11RHI: Shutdown
[2017.04.23-21.45.09:980][416]LogD3D11RHI: CleanupD3DDevice
[2017.04.23-21.45.10:069][416]LogD3D11RHI: ~FD3D11DynamicRHI
[2017.04.23-21.45.10:079][416]LogHttp:Display: Http module shutting down, but needs to wait on 1 outstanding Http requests:
[2017.04.23-21.45.10:079][416]LogHttp:Display: 	verb=[POST] url=[https://datarouter.ol.epicgames.com/datarouter/api/v1/public/data?SessionID=%7BA90B2451-4504-51CD-BFB4-0BA8F9A5CAF1%7D&AppID=UEEditor.Rocket.Release&AppVersion=4.14.3-3249277%2B%2B%2BUE4%2BRelease-4.14&UserID=1206fa5d462ff6f6a00c7a826e11f915%7Ca2aed89406e144ef9cfcc6aac8f71f6c%7C897d6fc3-f2b9-409f-ac41-09d0e36c7c8e&AppEnvironment=datacollector-binary&UploadType=eteventstream] status=Processing
[2017.04.23-21.45.10:081][416]LogModuleManager: Shutting down and abandoning module StaticMeshEditor (247)
[2017.04.23-21.45.10:081][416]LogModuleManager: Shutting down and abandoning module BlueprintGraph (246)
[2017.04.23-21.45.10:081][416]LogModuleManager: Shutting down and abandoning module BlueprintProfiler (245)
[2017.04.23-21.45.10:082][416]LogModuleManager: Shutting down and abandoning module MovieSceneCapture (244)
[2017.04.23-21.45.10:082][416]LogModuleManager: Shutting down and abandoning module Voice (243)
[2017.04.23-21.45.10:082][416]LogModuleManager: Shutting down and abandoning module HierarchicalLODOutliner (242)
[2017.04.23-21.45.10:082][416]LogModuleManager: Shutting down and abandoning module CrashTracker (241)
[2017.04.23-21.45.10:082][416]LogModuleManager: Shutting down and abandoning module SceneOutliner (240)
[2017.04.23-21.45.10:082][416]LogModuleManager: Shutting down and abandoning module WidgetCarousel (239)
[2017.04.23-21.45.10:082][416]LogModuleManager: Shutting down and abandoning module AddContentDialog (238)
[2017.04.23-21.45.10:082][416]LogDirectoryWatcher: A directory notification for 'C:/Program Files/Epic Games/4.14/FeaturePacks/' was aborted.
[2017.04.23-21.45.10:083][416]LogModuleManager: Shutting down and abandoning module GameplayTags (237)
[2017.04.23-21.45.10:083][416]LogModuleManager: Shutting down and abandoning module EditorWidgets (236)
[2017.04.23-21.45.10:083][416]LogModuleManager: Shutting down and abandoning module CollectionManager (235)
[2017.04.23-21.45.10:083][416]LogDirectoryWatcher: A directory notification for 'E:/Goldsmiths/Big-project/Bread_Game/Call_Of_bread/Content/Collections/' was aborted.
[2017.04.23-21.45.10:083][416]LogDirectoryWatcher: A directory notification for 'E:/Goldsmiths/Big-project/Bread_Game/Call_Of_bread/Content/Developers/Michael/Collections/' was aborted.
[2017.04.23-21.45.10:083][416]LogDirectoryWatcher: A directory notification for 'E:/Goldsmiths/Big-project/Bread_Game/Call_Of_bread/Saved/Collections/' was aborted.
[2017.04.23-21.45.10:083][416]LogModuleManager: Shutting down and abandoning module StatsViewer (234)
[2017.04.23-21.45.10:083][416]LogModuleManager: Shutting down and abandoning module FoliageEdit (233)
[2017.04.23-21.45.10:083][416]LogModuleManager: Shutting down and abandoning module LandscapeEditor (232)
[2017.04.23-21.45.10:083][416]LogModuleManager: Shutting down and abandoning module SceneDepthPickerMode (231)
[2017.04.23-21.45.10:083][416]LogModuleManager: Shutting down and abandoning module ActorPickerMode (230)
[2017.04.23-21.45.10:083][416]LogModuleManager: Shutting down and abandoning module GeometryMode (229)
[2017.04.23-21.45.10:083][416]LogModuleManager: Shutting down and abandoning module TextureAlignMode (228)
[2017.04.23-21.45.10:083][416]LogModuleManager: Shutting down and abandoning module BspMode (227)
[2017.04.23-21.45.10:083][416]LogModuleManager: Shutting down and abandoning module HardwareSurvey (226)
[2017.04.23-21.45.10:083][416]LogModuleManager: Shutting down and abandoning module SequenceRecorderSections (225)
[2017.04.23-21.45.10:083][416]LogModuleManager: Shutting down and abandoning module AutomationWorker (224)
[2017.04.23-21.45.10:083][416]LogModuleManager: Shutting down and abandoning module MatineeToLevelSequence (223)
[2017.04.23-21.45.10:083][416]LogModuleManager: Shutting down and abandoning module PlacementMode (222)
[2017.04.23-21.45.10:083][416]LogModuleManager: Shutting down and abandoning module LevelSequenceEditor (221)
[2017.04.23-21.45.10:083][416]LogModuleManager: Shutting down and abandoning module WmfMediaFactory (220)
[2017.04.23-21.45.10:083][416]LogModuleManager: Shutting down and abandoning module WmfMediaEditor (219)
[2017.04.23-21.45.10:083][416]LogModuleManager: Shutting down and abandoning module AvfMediaFactory (218)
[2017.04.23-21.45.10:084][416]LogModuleManager: Shutting down and abandoning module AvfMediaEditor (217)
[2017.04.23-21.45.10:084][416]LogModuleManager: Shutting down and abandoning module Media (216)
[2017.04.23-21.45.10:084][416]LogModuleManager: Shutting down and abandoning module AndroidMediaFactory (215)
[2017.04.23-21.45.10:084][416]LogModuleManager: Shutting down and abandoning module AndroidMediaEditor (214)
[2017.04.23-21.45.10:084][416]LogModuleManager: Shutting down and abandoning module CharacterAI (213)
[2017.04.23-21.45.10:084][416]LogModuleManager: Shutting down and abandoning module SequenceRecorder (212)
[2017.04.23-21.45.10:084][416]LogModuleManager: Shutting down and abandoning module AudioCapture (211)
[2017.04.23-21.45.10:084][416]LogModuleManager: Shutting down and abandoning module SmartSnapping (210)
[2017.04.23-21.45.10:084][416]LogModuleManager: Shutting down and abandoning module SessionServices (209)
[2017.04.23-21.45.10:084][416]LogModuleManager: Shutting down and abandoning module ViewportSnapping (208)
[2017.04.23-21.45.10:084][416]LogModuleManager: Shutting down and abandoning module ViewportInteraction (207)
[2017.04.23-21.45.10:084][416]LogModuleManager: Shutting down and abandoning module LogVisualizer (206)
[2017.04.23-21.45.10:084][416]LogModuleManager: Shutting down and abandoning module GameProjectGeneration (205)
[2017.04.23-21.45.10:084][416]LogModuleManager: Shutting down and abandoning module IntroTutorials (204)
[2017.04.23-21.45.10:084][416]LogModuleManager: Shutting down and abandoning module EditorLiveStreaming (203)
[2017.04.23-21.45.10:084][416]LogModuleManager: Shutting down and abandoning module IOSPlatformEditor (202)
[2017.04.23-21.45.10:084][416]LogModuleManager: Shutting down and abandoning module HTML5PlatformEditor (201)
[2017.04.23-21.45.10:084][416]LogModuleManager: Shutting down and abandoning module AndroidDeviceDetection (200)
[2017.04.23-21.45.10:563][416]LogModuleManager: Shutting down and abandoning module AndroidPlatformEditor (199)
[2017.04.23-21.45.10:563][416]LogModuleManager: Shutting down and abandoning module IOSRuntimeSettings (198)
[2017.04.23-21.45.10:563][416]LogModuleManager: Shutting down and abandoning module AndroidRuntimeSettings (197)
[2017.04.23-21.45.10:563][416]LogModuleManager: Shutting down and abandoning module InputBindingEditor (196)
[2017.04.23-21.45.10:563][416]LogModuleManager: Shutting down and abandoning module NiagaraEditor (195)
[2017.04.23-21.45.10:563][416]LogModuleManager: Shutting down and abandoning module MergeActors (194)
[2017.04.23-21.45.10:563][416]LogModuleManager: Shutting down and abandoning module SizeMap (193)
[2017.04.23-21.45.10:563][416]LogModuleManager: Shutting down and abandoning module TreeMap (192)
[2017.04.23-21.45.10:563][416]LogModuleManager: Shutting down and abandoning module ReferenceViewer (191)
[2017.04.23-21.45.10:563][416]LogModuleManager: Shutting down and abandoning module LocalizationService (190)
[2017.04.23-21.45.10:563][416]LogModuleManager: Shutting down and abandoning module LocalizationDashboard (189)
[2017.04.23-21.45.10:563][416]LogModuleManager: Shutting down and abandoning module HardwareTargeting (188)
[2017.04.23-21.45.10:563][416]LogModuleManager: Shutting down and abandoning module DeviceProfileEditor (187)
[2017.04.23-21.45.10:563][416]LogModuleManager: Shutting down and abandoning module UndoHistory (186)
[2017.04.23-21.45.10:563][416]LogModuleManager: Shutting down and abandoning module UserFeedback (185)
[2017.04.23-21.45.10:563][416]LogModuleManager: Shutting down and abandoning module XmlParser (184)
[2017.04.23-21.45.10:563][416]LogModuleManager: Shutting down and abandoning module Blutility (183)
[2017.04.23-21.45.10:563][416]LogModuleManager: Shutting down and abandoning module ProjectTargetPlatformEditor (182)
[2017.04.23-21.45.10:563][416]LogModuleManager: Shutting down and abandoning module ProjectSettingsViewer (181)
[2017.04.23-21.45.10:563][416]LogModuleManager: Shutting down and abandoning module EditorSettingsViewer (180)
[2017.04.23-21.45.10:563][416]LogModuleManager: Shutting down and abandoning module SettingsEditor (179)
[2017.04.23-21.45.10:563][416]LogModuleManager: Shutting down and abandoning module ProjectLauncher (178)
[2017.04.23-21.45.10:563][416]LogModuleManager: Shutting down and abandoning module SessionFrontend (177)
[2017.04.23-21.45.10:563][416]LogModuleManager: Shutting down and abandoning module ProfilerClient (176)
[2017.04.23-21.45.10:564][416]LogModuleManager: Shutting down and abandoning module TargetDeviceServices (175)
[2017.04.23-21.45.10:564][416]LogModuleManager: Shutting down and abandoning module DeviceManager (174)
[2017.04.23-21.45.10:614][416]LogModuleManager: Shutting down and abandoning module AutomationController (173)
[2017.04.23-21.45.10:614][416]LogModuleManager: Shutting down and abandoning module AutomationWindow (172)
[2017.04.23-21.45.10:614][416]LogModuleManager: Shutting down and abandoning module Layers (171)
[2017.04.23-21.45.10:614][416]LogModuleManager: Shutting down and abandoning module ComponentVisualizers (170)
[2017.04.23-21.45.10:614][416]LogModuleManager: Shutting down and abandoning module DetailCustomizations (169)
[2017.04.23-21.45.10:614][416]LogModuleManager: Shutting down and abandoning module PackagesDialog (168)
[2017.04.23-21.45.10:614][416]LogModuleManager: Shutting down and abandoning module AnimGraph (167)
[2017.04.23-21.45.10:614][416]LogModuleManager: Shutting down and abandoning module Persona (166)
[2017.04.23-21.45.10:614][416]LogModuleManager: Shutting down and abandoning module Kismet (165)
[2017.04.23-21.45.10:620][416]LogModuleManager: Shutting down and abandoning module GraphEditor (164)
[2017.04.23-21.45.10:620][416]LogModuleManager: Shutting down and abandoning module ClassViewer (163)
[2017.04.23-21.45.10:620][416]LogModuleManager: Shutting down and abandoning module Toolbox (162)
[2017.04.23-21.45.10:620][416]LogModuleManager: Shutting down and abandoning module ModuleUI (161)
[2017.04.23-21.45.10:620][416]LogModuleManager: Shutting down and abandoning module MovieSceneTools (160)
[2017.04.23-21.45.10:620][416]LogModuleManager: Shutting down and abandoning module OutputLog (159)
[2017.04.23-21.45.10:620][416]LogModuleManager: Shutting down and abandoning module GammaUI (158)
[2017.04.23-21.45.10:620][416]LogModuleManager: Shutting down and abandoning module Documentation (157)
[2017.04.23-21.45.10:621][416]LogModuleManager: Shutting down and abandoning module Niagara (156)
[2017.04.23-21.45.10:621][416]LogModuleManager: Shutting down and abandoning module StreamingPauseRendering (155)
[2017.04.23-21.45.10:621][416]LogModuleManager: Shutting down and abandoning module AnalyticsET (154)
[2017.04.23-21.45.10:621][416]LogModuleManager: Shutting down and abandoning module PortalServices (153)
[2017.04.23-21.45.10:621][416]LogModuleManager: Shutting down and abandoning module PortalRpc (152)
[2017.04.23-21.45.10:621][416]LogModuleManager: Shutting down and abandoning module MessagingRpc (151)
[2017.04.23-21.45.10:621][416]LogModuleManager: Shutting down and abandoning module GameplayDebugger (150)
[2017.04.23-21.45.10:621][416]LogModuleManager: Shutting down and abandoning module AITestSuite (149)
[2017.04.23-21.45.10:621][416]LogModuleManager: Shutting down and abandoning module AIModule (148)
[2017.04.23-21.45.10:621][416]LogModuleManager: Shutting down and abandoning module ProfilerService (147)
[2017.04.23-21.45.10:778][416]LogModuleManager: Shutting down and abandoning module TaskGraph (146)
[2017.04.23-21.45.10:778][416]LogModuleManager: Shutting down and abandoning module SlateRemote (145)
[2017.04.23-21.45.10:778][416]LogModuleManager: Shutting down and abandoning module SteamVRController (144)
[2017.04.23-21.45.10:778][416]LogModuleManager: Shutting down and abandoning module SteamVR (143)
[2017.04.23-21.45.10:778][416]LogModuleManager: Shutting down and abandoning module ProceduralMeshComponentEditor (142)
[2017.04.23-21.45.10:778][416]LogModuleManager: Shutting down and abandoning module ProceduralMeshComponent (141)
[2017.04.23-21.45.10:778][416]LogModuleManager: Shutting down and abandoning module OculusLibrary (140)
[2017.04.23-21.45.10:778][416]LogModuleManager: Shutting down and abandoning module OculusInput (139)
[2017.04.23-21.45.10:778][416]LogModuleManager: Shutting down and abandoning module MobilePatchingUtils (138)
[2017.04.23-21.45.10:778][416]LogModuleManager: Shutting down and abandoning module CustomMeshComponent (137)
[2017.04.23-21.45.10:778][416]LogModuleManager: Shutting down and abandoning module CableComponent (136)
[2017.04.23-21.45.10:778][416]LogModuleManager: Shutting down and abandoning module ArchVisCharacter (135)
[2017.04.23-21.45.10:778][416]LogModuleManager: Shutting down and abandoning module MediaPlayerEditor (134)
[2017.04.23-21.45.10:778][416]LogModuleManager: Shutting down and abandoning module HTML5Networking (133)
[2017.04.23-21.45.10:778][416]LogModuleManager: Shutting down and abandoning module GeometryCacheEd (132)
[2017.04.23-21.45.10:778][416]LogModuleManager: Shutting down and abandoning module GeometryCache (131)
[2017.04.23-21.45.10:778][416]LogModuleManager: Shutting down and abandoning module AlembicLibrary (130)
[2017.04.23-21.45.10:778][416]LogModuleManager: Shutting down and abandoning module AlembicImporter (129)
[2017.04.23-21.45.10:778][416]LogModuleManager: Shutting down and abandoning module SuperSearch (128)
[2017.04.23-21.45.10:778][416]LogModuleManager: Shutting down and abandoning module SuperSearchEditor (127)
[2017.04.23-21.45.10:778][416]LogModuleManager: Shutting down and abandoning module SpeedTreeImporter (126)
[2017.04.23-21.45.10:778][416]LogModuleManager: Shutting down and abandoning module PluginBrowser (125)
[2017.04.23-21.45.10:778][416]LogModuleManager: Shutting down and abandoning module MobileLauncherProfileWizard (124)
[2017.04.23-21.45.10:778][416]LogModuleManager: Shutting down and abandoning module EpicSurvey (123)
[2017.04.23-21.45.10:780][416]LogModuleManager: Shutting down and abandoning module DesktopPlatform (122)
[2017.04.23-21.45.10:780][416]LogModuleManager: Shutting down and abandoning module VisualStudioSourceCodeAccess (121)
[2017.04.23-21.45.10:780][416]LogModuleManager: Shutting down and abandoning module UObjectPlugin (120)
[2017.04.23-21.45.10:780][416]LogModuleManager: Shutting down and abandoning module SubversionSourceControl (119)
[2017.04.23-21.45.10:780][416]LogModuleManager: Shutting down and abandoning module PerforceSourceControl (118)
[2017.04.23-21.45.10:780][416]LogModuleManager: Shutting down and abandoning module SourceControl (117)
[2017.04.23-21.45.10:780][416]LogModuleManager: Shutting down and abandoning module GitSourceControl (116)
[2017.04.23-21.45.10:780][416]LogModuleManager: Shutting down and abandoning module LightPropagationVolumeEditor (115)
[2017.04.23-21.45.10:780][416]LogModuleManager: Shutting down and abandoning module PaperTiledImporter (114)
[2017.04.23-21.45.10:780][416]LogModuleManager: Shutting down and abandoning module PaperSpriteSheetImporter (113)
[2017.04.23-21.45.10:780][416]LogModuleManager: Shutting down and abandoning module MeshPaint (112)
[2017.04.23-21.45.10:780][416]LogModuleManager: Shutting down and abandoning module PixelInspectorModule (111)
[2017.04.23-21.45.10:780][416]LogModuleManager: Shutting down and abandoning module HotReload (110)
[2017.04.23-21.45.10:781][416]LogModuleManager: Shutting down and abandoning module MainFrame (109)
[2017.04.23-21.45.10:781][416]LogModuleManager: Shutting down and abandoning module LevelEditor (108)
[2017.04.23-21.45.10:781][416]LogModuleManager: Shutting down and abandoning module ContentBrowser (107)
[2017.04.23-21.45.10:782][416]LogModuleManager: Shutting down and abandoning module Paper2DEditor (106)
[2017.04.23-21.45.10:782][416]LogModuleManager: Shutting down and abandoning module UdpMessaging (105)
[2017.04.23-21.45.10:882][416]LogModuleManager: Shutting down and abandoning module TcpMessaging (104)
[2017.04.23-21.45.10:982][416]LogModuleManager: Shutting down and abandoning module LightPropagationVolumeRuntime (103)
[2017.04.23-21.45.10:982][416]LogModuleManager: Shutting down and abandoning module Paper2D (102)
[2017.04.23-21.45.10:982][416]LogModuleManager: Shutting down and abandoning module WindowsMoviePlayer (101)
[2017.04.23-21.45.10:982][416]LogModuleManager: Shutting down and abandoning module WmfMedia (100)
[2017.04.23-21.45.10:982][416]LogModuleManager: Shutting down and abandoning module MediaAssets (99)
[2017.04.23-21.45.10:982][416]LogModuleManager: Shutting down and abandoning module GameLiveStreaming (98)
[2017.04.23-21.45.10:982][416]LogModuleManager: Shutting down and abandoning module GameplayTagsEditor (97)
[2017.04.23-21.45.10:982][416]LogModuleManager: Shutting down and abandoning module VREditor (96)
[2017.04.23-21.45.10:982][416]LogModuleManager: Shutting down and abandoning module GameplayTasksEditor (95)
[2017.04.23-21.45.10:982][416]LogModuleManager: Shutting down and abandoning module BehaviorTreeEditor (94)
[2017.04.23-21.45.10:982][416]LogModuleManager: Shutting down and abandoning module FunctionalTesting (93)
[2017.04.23-21.45.10:982][416]LogModuleManager: Shutting down and abandoning module CollisionAnalyzer (92)
[2017.04.23-21.45.10:982][416]LogModuleManager: Shutting down and abandoning module Sequencer (91)
[2017.04.23-21.45.10:982][416]LogModuleManager: Shutting down and abandoning module WorkspaceMenuStructure (90)
[2017.04.23-21.45.10:982][416]LogModuleManager: Shutting down and abandoning module MessageLog (89)
[2017.04.23-21.45.10:982][416]LogModuleManager: Shutting down and abandoning module AssetTools (88)
[2017.04.23-21.45.10:982][416]LogModuleManager: Shutting down and abandoning module UMGEditor (87)
[2017.04.23-21.45.10:982][416]LogModuleManager: Shutting down and abandoning module UMG (86)
[2017.04.23-21.45.10:982][416]LogModuleManager: Shutting down and abandoning module SlateReflector (85)
[2017.04.23-21.45.10:982][416]LogModuleManager: Shutting down and abandoning module Slate (84)
[2017.04.23-21.45.10:982][416]LogModuleManager: Shutting down and abandoning module EditorStyle (83)
[2017.04.23-21.45.10:984][416]LogModuleManager: Shutting down and abandoning module SourceCodeAccess (82)
[2017.04.23-21.45.10:984][416]LogModuleManager: Shutting down and abandoning module HeadMountedDisplay (81)
[2017.04.23-21.45.10:984][416]LogModuleManager: Shutting down and abandoning module XAudio2 (80)
[2017.04.23-21.45.10:984][416]LogModuleManager: Shutting down and abandoning module Networking (79)
[2017.04.23-21.45.10:984][416]LogModuleManager: Shutting down and abandoning module Core (78)
[2017.04.23-21.45.10:984][416]LogModuleManager: Shutting down and abandoning module DirectoryWatcher (77)
[2017.04.23-21.45.10:984][416]LogDirectoryWatcher: A directory notification for '../../../Engine/Content/' was aborted.
[2017.04.23-21.45.10:984][416]LogDirectoryWatcher: A directory notification for 'E:/Goldsmiths/Big-project/Bread_Game/Call_Of_bread/Content/' was aborted.
[2017.04.23-21.45.10:984][416]LogDirectoryWatcher: A directory notification for '../../../Engine/Plugins/2D/Paper2D/Content/' was aborted.
[2017.04.23-21.45.10:984][416]LogModuleManager: Shutting down and abandoning module AssetRegistry (76)
[2017.04.23-21.45.11:171][416]LogModuleManager: Shutting down and abandoning module KismetCompiler (75)
[2017.04.23-21.45.11:171][416]LogModuleManager: Shutting down and abandoning module PhysXFormats (74)
[2017.04.23-21.45.11:171][416]LogModuleManager: Shutting down and abandoning module SimplygonSwarm (73)
[2017.04.23-21.45.11:171][416]LogModuleManager: Shutting down and abandoning module SimplygonMeshReduction (72)
[2017.04.23-21.45.11:171][416]LogModuleManager: Shutting down and abandoning module QuadricMeshReduction (71)
[2017.04.23-21.45.11:171][416]LogModuleManager: Shutting down and abandoning module PropertyEditor (70)
[2017.04.23-21.45.11:171][416]LogModuleManager: Shutting down and abandoning module MeshUtilities (69)
[2017.04.23-21.45.11:171][416]LogModuleManager: Shutting down and abandoning module DerivedDataCache (68)
[2017.04.23-21.45.11:195][416]LogDerivedDataCache: Shutdown
[2017.04.23-21.45.11:195][416]LogModuleManager: Shutting down and abandoning module VulkanShaderFormat (67)
[2017.04.23-21.45.11:195][416]LogModuleManager: Shutting down and abandoning module ShaderFormatOpenGL (66)
[2017.04.23-21.45.11:195][416]LogModuleManager: Shutting down and abandoning module ShaderFormatD3D (65)
[2017.04.23-21.45.11:195][416]LogModuleManager: Shutting down and abandoning module MetalShaderFormat (64)
[2017.04.23-21.45.11:195][416]LogModuleManager: Shutting down and abandoning module TextureFormatUncompressed (63)
[2017.04.23-21.45.11:195][416]LogModuleManager: Shutting down and abandoning module TextureFormatPVR (62)
[2017.04.23-21.45.11:195][416]LogModuleManager: Shutting down and abandoning module TextureFormatDXT (61)
[2017.04.23-21.45.11:195][416]LogModuleManager: Shutting down and abandoning module TextureFormatIntelISPCTexComp (60)
[2017.04.23-21.45.11:195][416]LogModuleManager: Shutting down and abandoning module ImageWrapper (59)
[2017.04.23-21.45.11:195][416]LogModuleManager: Shutting down and abandoning module TextureFormatASTC (58)
[2017.04.23-21.45.11:195][416]LogModuleManager: Shutting down and abandoning module TextureFormatAndroid (57)
[2017.04.23-21.45.11:195][416]LogModuleManager: Shutting down and abandoning module AudioFormatOpus (56)
[2017.04.23-21.45.11:195][416]LogModuleManager: Shutting down and abandoning module AudioFormatOgg (55)
[2017.04.23-21.45.11:196][416]LogModuleManager: Shutting down and abandoning module AudioFormatADPCM (54)
[2017.04.23-21.45.11:196][416]LogModuleManager: Shutting down and abandoning module LinuxTargetPlatform (53)
[2017.04.23-21.45.11:196][416]LogModuleManager: Shutting down and abandoning module LinuxServerTargetPlatform (52)
[2017.04.23-21.45.11:196][416]LogModuleManager: Shutting down and abandoning module LinuxNoEditorTargetPlatform (51)
[2017.04.23-21.45.11:196][416]LogModuleManager: Shutting down and abandoning module LinuxClientTargetPlatform (50)
[2017.04.23-21.45.11:196][416]LogModuleManager: Shutting down and abandoning module TVOSTargetPlatform (49)
[2017.04.23-21.45.11:196][416]LogModuleManager: Shutting down and abandoning module Messaging (48)
[2017.04.23-21.45.11:196][416]LogModuleManager: Shutting down and abandoning module IOSTargetPlatform (47)
[2017.04.23-21.45.11:196][416]LogModuleManager: Shutting down and abandoning module HTML5TargetPlatform (46)
[2017.04.23-21.45.11:196][416]LogModuleManager: Shutting down and abandoning module Android_PVRTCTargetPlatform (45)
[2017.04.23-21.45.11:196][416]LogModuleManager: Shutting down and abandoning module Android_MultiTargetPlatform (44)
[2017.04.23-21.45.11:196][416]LogModuleManager: Shutting down and abandoning module Android_ETC2TargetPlatform (43)
[2017.04.23-21.45.11:196][416]LogModuleManager: Shutting down and abandoning module Android_ETC1TargetPlatform (42)
[2017.04.23-21.45.11:196][416]LogModuleManager: Shutting down and abandoning module Android_DXTTargetPlatform (41)
[2017.04.23-21.45.11:196][416]LogModuleManager: Shutting down and abandoning module Android_ATCTargetPlatform (40)
[2017.04.23-21.45.11:196][416]LogModuleManager: Shutting down and abandoning module Android_ASTCTargetPlatform (39)
[2017.04.23-21.45.11:196][416]LogModuleManager: Shutting down and abandoning module AndroidTargetPlatform (38)
[2017.04.23-21.45.11:196][416]LogModuleManager: Shutting down and abandoning module WindowsTargetPlatform (37)
[2017.04.23-21.45.11:196][416]LogModuleManager: Shutting down and abandoning module WindowsServerTargetPlatform (36)
[2017.04.23-21.45.11:196][416]LogModuleManager: Shutting down and abandoning module WindowsNoEditorTargetPlatform (35)
[2017.04.23-21.45.11:196][416]LogModuleManager: Shutting down and abandoning module WindowsClientTargetPlatform (34)
[2017.04.23-21.45.11:196][416]LogModuleManager: Shutting down and abandoning module MacTargetPlatform (33)
[2017.04.23-21.45.11:196][416]LogModuleManager: Shutting down and abandoning module MacServerTargetPlatform (32)
[2017.04.23-21.45.11:196][416]LogModuleManager: Shutting down and abandoning module MacNoEditorTargetPlatform (31)
[2017.04.23-21.45.11:196][416]LogModuleManager: Shutting down and abandoning module MacClientTargetPlatform (30)
[2017.04.23-21.45.11:196][416]LogModuleManager: Shutting down and abandoning module AllDesktopTargetPlatform (29)
[2017.04.23-21.45.11:196][416]LogModuleManager: Shutting down and abandoning module TargetPlatform (28)
[2017.04.23-21.45.11:196][416]LogModuleManager: Shutting down and abandoning module InputCore (27)
[2017.04.23-21.45.11:196][416]LogModuleManager: Shutting down and abandoning module Settings (26)
[2017.04.23-21.45.11:196][416]LogModuleManager: Shutting down and abandoning module OculusRift (25)
[2017.04.23-21.45.11:196][416]LogModuleManager: Shutting down and abandoning module ExampleDeviceProfileSelector (24)
[2017.04.23-21.45.11:196][416]LogModuleManager: Shutting down and abandoning module OnlineBlueprintSupport (23)
[2017.04.23-21.45.11:196][416]LogModuleManager: Shutting down and abandoning module OnlineSubsystem (18)
[2017.04.23-21.45.11:196][416]LogOnline:Display: NULL: FOnlineSubsystemNull::Shutdown()
[2017.04.23-21.45.11:196][416]LogOnline:Display: Unloading online subsystem: NULL
[2017.04.23-21.45.11:196][416]LogModuleManager: Shutting down and abandoning module SSL (17)
[2017.04.23-21.45.11:198][416]LogModuleManager: Shutting down and abandoning module HTTP (16)
[2017.04.23-21.45.11:198][416]LogModuleManager: Shutting down and abandoning module XMPP (15)
[2017.04.23-21.45.11:198][416]LogModuleManager: Shutting down and abandoning module TextureCompressor (14)
[2017.04.23-21.45.11:199][416]LogModuleManager: Shutting down and abandoning module ShaderCore (13)
[2017.04.23-21.45.11:199][416]LogModuleManager: Shutting down and abandoning module Landscape (12)
[2017.04.23-21.45.11:199][416]LogModuleManager: Shutting down and abandoning module SlateRHIRenderer (11)
[2017.04.23-21.45.11:201][416]LogModuleManager: Shutting down and abandoning module OpenGLDrv (10)
[2017.04.23-21.45.11:201][416]LogModuleManager: Shutting down and abandoning module D3D11RHI (9)
[2017.04.23-21.45.11:201][416]LogModuleManager: Shutting down and abandoning module AnimGraphRuntime (8)
[2017.04.23-21.45.11:201][416]LogModuleManager: Shutting down and abandoning module Renderer (7)
[2017.04.23-21.45.11:201][416]LogModuleManager: Shutting down and abandoning module Engine (6)
[2017.04.23-21.45.11:201][416]LogModuleManager: Shutting down and abandoning module CoreUObject (5)
[2017.04.23-21.45.11:201][416]LogModuleManager: Shutting down and abandoning module NetworkFile (4)
[2017.04.23-21.45.11:201][416]LogModuleManager: Shutting down and abandoning module StreamingFile (3)
[2017.04.23-21.45.11:201][416]LogModuleManager: Shutting down and abandoning module SandboxFile (2)
[2017.04.23-21.45.11:201][416]LogModuleManager: Shutting down and abandoning module PakFile (1)
[2017.04.23-21.45.11:203][416]LogExit: Exiting.
[2017.04.23-21.45.11:205][416]Log file closed, 04/23/17 22:45:11
