Log file open, 03/31/17 14:16:24
LogInit:Display: Running engine for game: Call_Of_bread
LogPlatformFile: Not using cached read wrapper
LogInit:Display: RandInit(1080948196) SRandInit(1080948196).
LogTaskGraph: Started task graph with 5 named threads and 6 total threads with 1 sets of task threads.
LogStats: Stats thread started at 1.017099
LogPluginManager: Loaded Plugin Paper2D, From C:/Program Files (x86)/Epic Games/4.14/Engine/Plugins/2D/Paper2D/Paper2D.uplugin
LogPluginManager: Loaded Plugin LightPropagationVolume, From C:/Program Files (x86)/Epic Games/4.14/Engine/Plugins/Blendables/LightPropagationVolume/LightPropagationVolume.uplugin
LogPluginManager: Loaded Plugin BlankPlugin, From C:/Program Files (x86)/Epic Games/4.14/Engine/Plugins/Developer/BlankPlugin/BlankPlugin.uplugin
LogPluginManager: Loaded Plugin CodeLiteSourceCodeAccess, From C:/Program Files (x86)/Epic Games/4.14/Engine/Plugins/Developer/CodeLiteSourceCodeAccess/CodeLiteSourceCodeAccess.uplugin
LogPluginManager: Loaded Plugin GitSourceControl, From C:/Program Files (x86)/Epic Games/4.14/Engine/Plugins/Developer/GitSourceControl/GitSourceControl.uplugin
LogPluginManager: Loaded Plugin KDevelopSourceCodeAccess, From C:/Program Files (x86)/Epic Games/4.14/Engine/Plugins/Developer/KDevelopSourceCodeAccess/KDevelopSourceCodeAccess.uplugin
LogPluginManager: Loaded Plugin NullSourceCodeAccess, From C:/Program Files (x86)/Epic Games/4.14/Engine/Plugins/Developer/NullSourceCodeAccess/NullSourceCodeAccess.uplugin
LogPluginManager: Loaded Plugin OneSkyLocalizationService, From C:/Program Files (x86)/Epic Games/4.14/Engine/Plugins/Developer/OneSkyLocalizationService/OneSkyLocalizationService.uplugin
LogPluginManager: Loaded Plugin PerforceSourceControl, From C:/Program Files (x86)/Epic Games/4.14/Engine/Plugins/Developer/PerforceSourceControl/PerforceSourceControl.uplugin
LogPluginManager: Loaded Plugin SubversionSourceControl, From C:/Program Files (x86)/Epic Games/4.14/Engine/Plugins/Developer/SubversionSourceControl/SubversionSourceControl.uplugin
LogPluginManager: Loaded Plugin UObjectPlugin, From C:/Program Files (x86)/Epic Games/4.14/Engine/Plugins/Developer/UObjectPlugin/UObjectPlugin.uplugin
LogPluginManager: Loaded Plugin VisualStudioSourceCodeAccess, From C:/Program Files (x86)/Epic Games/4.14/Engine/Plugins/Developer/VisualStudioSourceCodeAccess/VisualStudioSourceCodeAccess.uplugin
LogPluginManager: Loaded Plugin XCodeSourceCodeAccess, From C:/Program Files (x86)/Epic Games/4.14/Engine/Plugins/Developer/XCodeSourceCodeAccess/XCodeSourceCodeAccess.uplugin
LogPluginManager: Loaded Plugin AudioCapture, From C:/Program Files (x86)/Epic Games/4.14/Engine/Plugins/Editor/AudioCapture/AudioCapture.uplugin
LogPluginManager: Loaded Plugin EpicSurvey, From C:/Program Files (x86)/Epic Games/4.14/Engine/Plugins/Editor/EpicSurvey/EpicSurvey.uplugin
LogPluginManager: Loaded Plugin MacGraphicsSwitching, From C:/Program Files (x86)/Epic Games/4.14/Engine/Plugins/Editor/MacGraphicsSwitching/MacGraphicsSwitching.uplugin
LogPluginManager: Loaded Plugin MobileLauncherProfileWizard, From C:/Program Files (x86)/Epic Games/4.14/Engine/Plugins/Editor/MobileLauncherProfileWizard/MobileLauncherProfileWizard.uplugin
LogPluginManager: Loaded Plugin PluginBrowser, From C:/Program Files (x86)/Epic Games/4.14/Engine/Plugins/Editor/PluginBrowser/PluginBrowser.uplugin
LogPluginManager: Loaded Plugin SpeedTreeImporter, From C:/Program Files (x86)/Epic Games/4.14/Engine/Plugins/Editor/SpeedTreeImporter/SpeedTreeImporter.uplugin
LogPluginManager: Loaded Plugin SuperSearchEditor, From C:/Program Files (x86)/Epic Games/4.14/Engine/Plugins/Editor/SuperSearchEditor/SuperSearchEditor.uplugin
LogPluginManager: Loaded Plugin AlembicImporter, From C:/Program Files (x86)/Epic Games/4.14/Engine/Plugins/Experimental/AlembicImporter/AlembicImporter.uplugin
LogPluginManager: Loaded Plugin BlueprintStats, From C:/Program Files (x86)/Epic Games/4.14/Engine/Plugins/Experimental/BlueprintStats/BlueprintStats.uplugin
LogPluginManager: Loaded Plugin CharacterAI, From C:/Program Files (x86)/Epic Games/4.14/Engine/Plugins/Experimental/CharacterAI/CharacterAI.uplugin
LogPluginManager: Loaded Plugin CodeEditor, From C:/Program Files (x86)/Epic Games/4.14/Engine/Plugins/Experimental/CodeEditor/CodeEditor.uplugin
LogPluginManager: Loaded Plugin CodeView, From C:/Program Files (x86)/Epic Games/4.14/Engine/Plugins/Experimental/CodeView/CodeView.uplugin
LogPluginManager: Loaded Plugin HTML5Networking, From C:/Program Files (x86)/Epic Games/4.14/Engine/Plugins/Experimental/HTML5Networking/HTML5Networking.uplugin
LogPluginManager: Loaded Plugin OSVR, From C:/Program Files (x86)/Epic Games/4.14/Engine/Plugins/Experimental/OSVR/OSVR.uplugin
LogPluginManager: Loaded Plugin Phya, From C:/Program Files (x86)/Epic Games/4.14/Engine/Plugins/Experimental/Phya/Phya.uplugin
LogPluginManager: Loaded Plugin SignificanceManager, From C:/Program Files (x86)/Epic Games/4.14/Engine/Plugins/Experimental/SignificanceManager/SignificanceManager.uplugin
LogPluginManager: Loaded Plugin SimpleHMD, From C:/Program Files (x86)/Epic Games/4.14/Engine/Plugins/Experimental/SimpleHMD/SimpleHMD.uplugin
LogPluginManager: Loaded Plugin StereoPanorama, From C:/Program Files (x86)/Epic Games/4.14/Engine/Plugins/Experimental/StereoPanorama/StereoPanorama.uplugin
LogPluginManager: Loaded Plugin StructBox, From C:/Program Files (x86)/Epic Games/4.14/Engine/Plugins/Experimental/StructBox/StructBox.uplugin
LogPluginManager: Loaded Plugin AndroidMedia, From C:/Program Files (x86)/Epic Games/4.14/Engine/Plugins/Media/AndroidMedia/AndroidMedia.uplugin
LogPluginManager: Loaded Plugin AvfMedia, From C:/Program Files (x86)/Epic Games/4.14/Engine/Plugins/Media/AvfMedia/AvfMedia.uplugin
LogPluginManager: Loaded Plugin MediaPlayerEditor, From C:/Program Files (x86)/Epic Games/4.14/Engine/Plugins/Media/MediaPlayerEditor/MediaPlayerEditor.uplugin
LogPluginManager: Loaded Plugin WmfMedia, From C:/Program Files (x86)/Epic Games/4.14/Engine/Plugins/Media/WmfMedia/WmfMedia.uplugin
LogPluginManager: Loaded Plugin MessagingDebugger, From C:/Program Files (x86)/Epic Games/4.14/Engine/Plugins/Messaging/MessagingDebugger/MessagingDebugger.uplugin
LogPluginManager: Loaded Plugin TcpMessaging, From C:/Program Files (x86)/Epic Games/4.14/Engine/Plugins/Messaging/TcpMessaging/TcpMessaging.uplugin
LogPluginManager: Loaded Plugin UdpMessaging, From C:/Program Files (x86)/Epic Games/4.14/Engine/Plugins/Messaging/UdpMessaging/UdpMessaging.uplugin
LogPluginManager: Loaded Plugin LevelSequenceEditor, From C:/Program Files (x86)/Epic Games/4.14/Engine/Plugins/MovieScene/LevelSequenceEditor/LevelSequenceEditor.uplugin
LogPluginManager: Loaded Plugin MatineeToLevelSequence, From C:/Program Files (x86)/Epic Games/4.14/Engine/Plugins/MovieScene/MatineeToLevelSequence/MatineeToLevelSequence.uplugin
LogPluginManager: Loaded Plugin NetcodeUnitTest, From C:/Program Files (x86)/Epic Games/4.14/Engine/Plugins/NetcodeUnitTest/NetcodeUnitTest/NetcodeUnitTest.uplugin
LogPluginManager: Loaded Plugin NUTUnrealEngine4, From C:/Program Files (x86)/Epic Games/4.14/Engine/Plugins/NetcodeUnitTest/NUTUnrealEngine4/NUTUnrealEngine4.uplugin
LogPluginManager: Loaded Plugin OnlineSubsystemGameCircle, From C:/Program Files (x86)/Epic Games/4.14/Engine/Plugins/Online/Android/OnlineSubsystemGameCircle/OnlineSubsystemGameCircle.uplugin
LogPluginManager: Loaded Plugin OnlineSubsystemGooglePlay, From C:/Program Files (x86)/Epic Games/4.14/Engine/Plugins/Online/Android/OnlineSubsystemGooglePlay/OnlineSubsystemGooglePlay.uplugin
LogPluginManager: Loaded Plugin OnlineSubsystemIOS, From C:/Program Files (x86)/Epic Games/4.14/Engine/Plugins/Online/IOS/OnlineSubsystemIOS/OnlineSubsystemIOS.uplugin
LogPluginManager: Loaded Plugin OnlineFramework, From C:/Program Files (x86)/Epic Games/4.14/Engine/Plugins/Online/OnlineFramework/OnlineFramework.uplugin
LogPluginManager: Loaded Plugin OnlineSubsystem, From C:/Program Files (x86)/Epic Games/4.14/Engine/Plugins/Online/OnlineSubsystem/OnlineSubsystem.uplugin
LogPluginManager: Loaded Plugin OnlineSubsystemAmazon, From C:/Program Files (x86)/Epic Games/4.14/Engine/Plugins/Online/OnlineSubsystemAmazon/OnlineSubsystemAmazon.uplugin
LogPluginManager: Loaded Plugin OnlineSubsystemFacebook, From C:/Program Files (x86)/Epic Games/4.14/Engine/Plugins/Online/OnlineSubsystemFacebook/OnlineSubsystemFacebook.uplugin
LogPluginManager: Loaded Plugin OnlineSubsystemNull, From C:/Program Files (x86)/Epic Games/4.14/Engine/Plugins/Online/OnlineSubsystemNull/OnlineSubsystemNull.uplugin
LogPluginManager: Loaded Plugin OnlineSubsystemOculus, From C:/Program Files (x86)/Epic Games/4.14/Engine/Plugins/Online/OnlineSubsystemOculus/OnlineSubsystemOculus.uplugin
LogPluginManager: Loaded Plugin OnlineSubsystemSteam, From C:/Program Files (x86)/Epic Games/4.14/Engine/Plugins/Online/OnlineSubsystemSteam/OnlineSubsystemSteam.uplugin
LogPluginManager: Loaded Plugin OnlineSubsystemUtils, From C:/Program Files (x86)/Epic Games/4.14/Engine/Plugins/Online/OnlineSubsystemUtils/OnlineSubsystemUtils.uplugin
LogPluginManager: Loaded Plugin IOSTapJoy, From C:/Program Files (x86)/Epic Games/4.14/Engine/Plugins/Runtime/Advertising/IOSTapJoy/IOSTapJoy.uplugin
LogPluginManager: Loaded Plugin AnalyticsBlueprintLibrary, From C:/Program Files (x86)/Epic Games/4.14/Engine/Plugins/Runtime/Analytics/AnalyticsBlueprintLibrary/AnalyticsBlueprintLibrary.uplugin
LogPluginManager: Loaded Plugin AnalyticsMulticast, From C:/Program Files (x86)/Epic Games/4.14/Engine/Plugins/Runtime/Analytics/AnalyticsMulticast/AnalyticsMulticast.uplugin
LogPluginManager: Loaded Plugin Apsalar, From C:/Program Files (x86)/Epic Games/4.14/Engine/Plugins/Runtime/Analytics/Apsalar/Apsalar.uplugin
LogPluginManager: Loaded Plugin FileLogging, From C:/Program Files (x86)/Epic Games/4.14/Engine/Plugins/Runtime/Analytics/FileLogging/FileLogging.uplugin
LogPluginManager: Loaded Plugin Flurry, From C:/Program Files (x86)/Epic Games/4.14/Engine/Plugins/Runtime/Analytics/Flurry/Flurry.uplugin
LogPluginManager: Loaded Plugin AndroidDeviceProfileSelector, From C:/Program Files (x86)/Epic Games/4.14/Engine/Plugins/Runtime/AndroidDeviceProfileSelector/AndroidDeviceProfileSelector.uplugin
LogPluginManager: Loaded Plugin AndroidMoviePlayer, From C:/Program Files (x86)/Epic Games/4.14/Engine/Plugins/Runtime/AndroidMoviePlayer/AndroidMoviePlayer.uplugin
LogPluginManager: Loaded Plugin AppleMoviePlayer, From C:/Program Files (x86)/Epic Games/4.14/Engine/Plugins/Runtime/AppleMoviePlayer/AppleMoviePlayer.uplugin
LogPluginManager: Loaded Plugin ArchVisCharacter, From C:/Program Files (x86)/Epic Games/4.14/Engine/Plugins/Runtime/ArchVisCharacter/ArchVisCharacter.uplugin
LogPluginManager: Loaded Plugin CableComponent, From C:/Program Files (x86)/Epic Games/4.14/Engine/Plugins/Runtime/CableComponent/CableComponent.uplugin
LogPluginManager: Loaded Plugin CustomMeshComponent, From C:/Program Files (x86)/Epic Games/4.14/Engine/Plugins/Runtime/CustomMeshComponent/CustomMeshComponent.uplugin
LogPluginManager: Loaded Plugin ExampleDeviceProfileSelector, From C:/Program Files (x86)/Epic Games/4.14/Engine/Plugins/Runtime/ExampleDeviceProfileSelector/ExampleDeviceProfileSelector.uplugin
LogPluginManager: Loaded Plugin GearVR, From C:/Program Files (x86)/Epic Games/4.14/Engine/Plugins/Runtime/GearVR/GearVR.uplugin
LogPluginManager: Loaded Plugin GoogleVRController, From C:/Program Files (x86)/Epic Games/4.14/Engine/Plugins/Runtime/GoogleVR/GoogleVRController/GoogleVRController.uplugin
LogPluginManager: Loaded Plugin GoogleVRHMD, From C:/Program Files (x86)/Epic Games/4.14/Engine/Plugins/Runtime/GoogleVR/GoogleVRHMD/GoogleVRHMD.uplugin
LogPluginManager: Loaded Plugin IOSDeviceProfileSelector, From C:/Program Files (x86)/Epic Games/4.14/Engine/Plugins/Runtime/IOSDeviceProfileSelector/IOSDeviceProfileSelector.uplugin
LogPluginManager: Loaded Plugin LeapMotion, From C:/Program Files (x86)/Epic Games/4.14/Engine/Plugins/Runtime/LeapMotion/LeapMotion.uplugin
LogPluginManager: Loaded Plugin LinuxDeviceProfileSelector, From C:/Program Files (x86)/Epic Games/4.14/Engine/Plugins/Runtime/LinuxDeviceProfileSelector/LinuxDeviceProfileSelector.uplugin
LogPluginManager: Loaded Plugin MIDIDevice, From C:/Program Files (x86)/Epic Games/4.14/Engine/Plugins/Runtime/MIDIDevice/MIDIDevice.uplugin
LogPluginManager: Loaded Plugin MobilePatchingUtils, From C:/Program Files (x86)/Epic Games/4.14/Engine/Plugins/Runtime/MobilePatchingUtils/MobilePatchingUtils.uplugin
LogPluginManager: Loaded Plugin Ansel, From C:/Program Files (x86)/Epic Games/4.14/Engine/Plugins/Runtime/Nvidia/Ansel/Ansel.uplugin
LogPluginManager: Loaded Plugin OculusAudio, From C:/Program Files (x86)/Epic Games/4.14/Engine/Plugins/Runtime/OculusAudio/OculusAudio.uplugin
LogPluginManager: Loaded Plugin OculusInput, From C:/Program Files (x86)/Epic Games/4.14/Engine/Plugins/Runtime/OculusInput/OculusInput.uplugin
LogPluginManager: Loaded Plugin OculusLibrary, From C:/Program Files (x86)/Epic Games/4.14/Engine/Plugins/Runtime/OculusLibrary/OculusLibrary.uplugin
LogPluginManager: Loaded Plugin OculusRift, From C:/Program Files (x86)/Epic Games/4.14/Engine/Plugins/Runtime/OculusRift/OculusRift.uplugin
LogPluginManager: Loaded Plugin Oodle, From C:/Program Files (x86)/Epic Games/4.14/Engine/Plugins/Runtime/PacketHandlers/CompressionComponents/Oodle/Oodle.uplugin
LogPluginManager: Loaded Plugin ProceduralMeshComponent, From C:/Program Files (x86)/Epic Games/4.14/Engine/Plugins/Runtime/ProceduralMeshComponent/ProceduralMeshComponent.uplugin
LogPluginManager: Loaded Plugin SoundMod, From C:/Program Files (x86)/Epic Games/4.14/Engine/Plugins/Runtime/SoundMod/SoundMod.uplugin
LogPluginManager: Loaded Plugin SoundVisualizations, From C:/Program Files (x86)/Epic Games/4.14/Engine/Plugins/Runtime/SoundVisualizations/SoundVisualizations.uplugin
LogPluginManager: Loaded Plugin SteamController, From C:/Program Files (x86)/Epic Games/4.14/Engine/Plugins/Runtime/Steam/SteamController/SteamController.uplugin
LogPluginManager: Loaded Plugin SteamVR, From C:/Program Files (x86)/Epic Games/4.14/Engine/Plugins/Runtime/Steam/SteamVR/SteamVR.uplugin
LogPluginManager: Loaded Plugin WebBrowserWidget, From C:/Program Files (x86)/Epic Games/4.14/Engine/Plugins/Runtime/WebBrowserWidget/WebBrowserWidget.uplugin
LogPluginManager: Loaded Plugin WindowsDeviceProfileSelector, From C:/Program Files (x86)/Epic Games/4.14/Engine/Plugins/Runtime/WindowsDeviceProfileSelector/WindowsDeviceProfileSelector.uplugin
LogPluginManager: Loaded Plugin WindowsMoviePlayer, From C:/Program Files (x86)/Epic Games/4.14/Engine/Plugins/Runtime/WindowsMoviePlayer/WindowsMoviePlayer.uplugin
LogPluginManager: Loaded Plugin ScriptPlugin, From C:/Program Files (x86)/Epic Games/4.14/Engine/Plugins/ScriptPlugin/ScriptPlugin.uplugin
LogPluginManager: Loaded Plugin SlateRemote, From C:/Program Files (x86)/Epic Games/4.14/Engine/Plugins/Slate/SlateRemote/SlateRemote.uplugin
LogPluginManager: Loaded Plugin EditorTests, From C:/Program Files (x86)/Epic Games/4.14/Engine/Plugins/Tests/EditorTests/EditorTests.uplugin
LogPluginManager: Loaded Plugin FbxAutomationTestBuilder, From C:/Program Files (x86)/Epic Games/4.14/Engine/Plugins/Tests/FbxAutomationTestBuilder/FbxAutomationTestBuilder.uplugin
LogPluginManager: Loaded Plugin FunctionalTestingEditor, From C:/Program Files (x86)/Epic Games/4.14/Engine/Plugins/Tests/FunctionalTestingEditor/FunctionalTestingEditor.uplugin
LogPluginManager: Loaded Plugin RuntimeTests, From C:/Program Files (x86)/Epic Games/4.14/Engine/Plugins/Tests/RuntimeTests/RuntimeTests.uplugin
LogPluginManager: Loaded Plugin ScreenshotTools, From C:/Program Files (x86)/Epic Games/4.14/Engine/Plugins/Tests/ScreenshotTools/ScreenshotTools.uplugin
LogInit: Using libcurl 7.47.1
LogInit:  - built for x86_64-pc-win32
LogInit:  - supports SSL with OpenSSL/1.0.2g
LogInit:  - supports HTTP deflate (compression) using libz 1.2.8
LogInit:  - other features:
LogInit:      CURL_VERSION_SSL
LogInit:      CURL_VERSION_LIBZ
LogInit:      CURL_VERSION_IPV6
LogInit:      CURL_VERSION_ASYNCHDNS
LogInit:      CURL_VERSION_LARGEFILE
LogInit:      CURL_VERSION_IDN
LogInit:  CurlRequestOptions (configurable via config and command line):
LogInit:  - bVerifyPeer = false  - Libcurl will NOT verify peer certificate
LogInit:  - bUseHttpProxy = false  - Libcurl will NOT use HTTP proxy
LogInit:  - bDontReuseConnections = false  - Libcurl will reuse connections
LogInit:  - CertBundlePath = nullptr  - Libcurl will use whatever was configured at build time.
LogInit: Build: ++UE4+Release-4.14-CL-3224400
LogInit: Engine Version: 4.14.1-3224400+++UE4+Release-4.14
LogInit: Compatible Engine Version: 4.14.0-3195953+++UE4+Release-4.14
LogInit: Net CL: 3195953
LogDevObjectVersion: Number of dev versions registered: 13
LogDevObjectVersion:   Dev-Blueprints (B0D832E4-1F89-4F0D-ACCF-7EB736FD4AA2): 7
LogDevObjectVersion:   Dev-Build (E1C64328-A22C-4D53-A36C-8E866417BD8C): 0
LogDevObjectVersion:   Dev-Core (375EC13C-06E4-48FB-B500-84F0262A717E): 1
LogDevObjectVersion:   Dev-Editor (E4B068ED-F494-42E9-A231-DA0B2E46BB41): 8
LogDevObjectVersion:   Dev-Framework (CFFC743F-43B0-4480-9391-14DF171D2073): 17
LogDevObjectVersion:   Dev-Mobile (B02B49B5-BB20-44E9-A304-32B752E40360): 0
LogDevObjectVersion:   Dev-Networking (A4E4105C-59A1-49B5-A7C5-40C4547EDFEE): 0
LogDevObjectVersion:   Dev-Online (39C831C9-5AE6-47DC-9A44-9C173E1C8E7C): 0
LogDevObjectVersion:   Dev-Physics (78F01B33-EBEA-4F98-B9B4-84EACCB95AA2): 0
LogDevObjectVersion:   Dev-Platform (6631380F-2D4D-43E0-8009-CF276956A95A): 0
LogDevObjectVersion:   Dev-Rendering (12F88B9F-8875-4AFC-A67C-D90C383ABD29): 12
LogDevObjectVersion:   Dev-Sequencer (7B5AE74C-D270-4C10-A958-57980B212A5A): 1
LogDevObjectVersion:   Dev-VR (D7296918-1DD6-4BDD-9DE2-64A83CC13884): 0
LogInit: Compiled (64-bit): Dec  7 2016 02:14:32
LogInit: Compiled with Visual C++: 19.00.23026.00
LogInit: Build Configuration: Development
LogInit: Branch Name: ++UE4+Release-4.14
LogInit: Command line:  
LogInit: Base directory: C:/Program Files (x86)/Epic Games/4.14/Engine/Binaries/Win64/
LogInit: Installed Engine Build: 1
LogInit: Presizing for max 8388607 objects, including 0 objects not considered by GC, pre-allocating 0 bytes for permanent pool.
LogInit: Object subsystem initialized
[2017.03.31-12.16.24:797][  0]LogInit: Selected Device Profile: [Windows]
[2017.03.31-12.16.24:797][  0]LogInit: Applying CVar settings loaded from the selected device profile: [Windows]
[2017.03.31-12.16.24:829][  0]LogInit: Computer: DESKTOP-VTD5TTC
[2017.03.31-12.16.24:829][  0]LogInit: User: Sabrina
[2017.03.31-12.16.24:829][  0]LogInit: CPU Page size=65536, Cores=2
[2017.03.31-12.16.24:829][  0]LogInit: High frequency timer resolution =2.742187 MHz
[2017.03.31-12.16.24:830][  0]LogMemory: Memory total: Physical=15.9GB (16GB approx)
[2017.03.31-12.16.24:830][  0]LogMemory: Platform Memory Stats for Windows
[2017.03.31-12.16.24:830][  0]LogMemory: Process Physical Memory: 264.22 MB used, 264.22 MB peak
[2017.03.31-12.16.24:830][  0]LogMemory: Process Virtual Memory: 262.39 MB used, 262.39 MB peak
[2017.03.31-12.16.24:830][  0]LogMemory: Physical Memory: 6976.10 MB used,  9334.01 MB free, 16310.11 MB total
[2017.03.31-12.16.24:830][  0]LogMemory: Virtual Memory: 674.74 MB used,  9334.01 MB free, 134217728.00 MB total
[2017.03.31-12.16.25:220][  0]LogTextLocalizationManager: No specific translations for ('en-US') exist, so ('en') translations will be used.
[2017.03.31-12.16.28:557][  0]LogD3D11RHI: D3D11 adapters:
[2017.03.31-12.16.28:668][  0]LogD3D11RHI:    0. 'NVIDIA GeForce GPU' (Feature Level 11_0)
[2017.03.31-12.16.28:668][  0]LogD3D11RHI:       996/0/8155 MB DedicatedVideo/DedicatedSystem/SharedSystem, Outputs:1, VendorId:0x10de
[2017.03.31-12.16.28:674][  0]LogD3D11RHI:    1. 'Intel(R) HD Graphics 520' (Feature Level 11_0)
[2017.03.31-12.16.28:674][  0]LogD3D11RHI:       128/0/8155 MB DedicatedVideo/DedicatedSystem/SharedSystem, Outputs:0, VendorId:0x8086
[2017.03.31-12.16.28:676][  0]LogD3D11RHI:    2. 'Microsoft Basic Render Driver' (Feature Level 11_0)
[2017.03.31-12.16.28:676][  0]LogD3D11RHI:       0/0/8155 MB DedicatedVideo/DedicatedSystem/SharedSystem, Outputs:0, VendorId:0x1414
[2017.03.31-12.16.28:676][  0]LogD3D11RHI: Chosen D3D11 Adapter: 0
[2017.03.31-12.16.28:681][  0]LogD3D11RHI: Creating new Direct3DDevice
[2017.03.31-12.16.28:681][  0]LogD3D11RHI:     GPU DeviceId: 0x134b (for the marketing name, search the web for "GPU Device Id")
[2017.03.31-12.16.28:681][  0]LogWindows: EnumDisplayDevices:
[2017.03.31-12.16.28:681][  0]LogWindows:    0. 'Intel(R) HD Graphics 520' (P:1 D:1)
[2017.03.31-12.16.28:682][  0]LogWindows:    1. 'Intel(R) HD Graphics 520' (P:0 D:0)
[2017.03.31-12.16.28:683][  0]LogWindows:    2. 'Intel(R) HD Graphics 520' (P:0 D:0)
[2017.03.31-12.16.28:683][  0]LogWindows: DebugString: PrimaryIsNotTheChoosenAdapter PrimaryIsNotTheChoosenAdapter PrimaryIsNotTheChoosenAdapter FoundDriverCount:0 
[2017.03.31-12.16.28:683][  0]LogD3D11RHI:     Adapter Name: NVIDIA GeForce GPU
[2017.03.31-12.16.28:683][  0]LogD3D11RHI:   Driver Version: Unknown (internal:Unknown, unified:Unknown)
[2017.03.31-12.16.28:683][  0]LogD3D11RHI:      Driver Date: Unknown
[2017.03.31-12.16.28:683][  0]LogRHI: Texture pool is 697 MB (70% of 996 MB)
[2017.03.31-12.16.28:712][  0]LogD3D11RHI: Async texture creation enabled
[2017.03.31-12.16.28:754][  0]LogD3D11RHI: GPU Timing Frequency: 1000.000000 (Debug: 2 2)
[2017.03.31-12.16.28:760][  0]LogShaderCompilers: Guid format shader working directory is -21 characters bigger than the processId version (../../../../../../Users/Sabrina/Documents/Call-Of-Bread/Call_Of_bread/Intermediate/Shaders/WorkingDirectory/1360/).
[2017.03.31-12.16.28:760][  0]LogShaderCompilers: Cleaned the shader compiler working directory 'C:/Users/Sabrina/AppData/Local/Temp/UnrealShaderWorkingDir/C033DB074DAFECC29FC0F6A387BDF79E/'.
[2017.03.31-12.16.28:760][  0]LogShaderCompilers:Display: Using Local Shader Compiler.
[2017.03.31-12.16.31:996][  0]LogTemp:Display: Loaded TP AllDesktopTargetPlatform
[2017.03.31-12.16.32:056][  0]LogTemp:Display: Loaded TP MacClientTargetPlatform
[2017.03.31-12.16.32:112][  0]LogTemp:Display: Loaded TP MacNoEditorTargetPlatform
[2017.03.31-12.16.32:162][  0]LogTemp:Display: Loaded TP MacServerTargetPlatform
[2017.03.31-12.16.32:250][  0]LogTemp:Display: Loaded TP MacTargetPlatform
[2017.03.31-12.16.32:310][  0]LogTemp:Display: Loaded TP WindowsClientTargetPlatform
[2017.03.31-12.16.32:369][  0]LogTemp:Display: Loaded TP WindowsNoEditorTargetPlatform
[2017.03.31-12.16.32:438][  0]LogTemp:Display: Loaded TP WindowsServerTargetPlatform
[2017.03.31-12.16.32:481][  0]LogTemp:Display: Loaded TP WindowsTargetPlatform
[2017.03.31-12.16.32:567][  0]LogTemp:Display: Loaded TP AndroidTargetPlatform
[2017.03.31-12.16.32:639][  0]LogTemp:Display: Loaded TP Android_ASTCTargetPlatform
[2017.03.31-12.16.32:700][  0]LogTemp:Display: Loaded TP Android_ATCTargetPlatform
[2017.03.31-12.16.32:752][  0]LogTemp:Display: Loaded TP Android_DXTTargetPlatform
[2017.03.31-12.16.32:802][  0]LogTemp:Display: Loaded TP Android_ETC1TargetPlatform
[2017.03.31-12.16.32:854][  0]LogTemp:Display: Loaded TP Android_ETC2TargetPlatform
[2017.03.31-12.16.32:967][  0]LogTemp:Display: Loaded TP Android_MultiTargetPlatform
[2017.03.31-12.16.32:967][  0]LogTemp:Display: Loaded TP Android_PVRTCTargetPlatform
[2017.03.31-12.16.33:002][  0]LogTemp:Display: Loaded TP HTML5TargetPlatform
[2017.03.31-12.16.33:111][  0]LogTemp:Display: Loaded TP IOSTargetPlatform
[2017.03.31-12.16.33:145][  0]LogTemp:Display: Loaded TP TVOSTargetPlatform
[2017.03.31-12.16.33:195][  0]LogTemp:Display: Loaded TP LinuxClientTargetPlatform
[2017.03.31-12.16.33:245][  0]LogTemp:Display: Loaded TP LinuxNoEditorTargetPlatform
[2017.03.31-12.16.33:294][  0]LogTemp:Display: Loaded TP LinuxServerTargetPlatform
[2017.03.31-12.16.33:387][  0]LogTemp:Display: Loaded TP LinuxTargetPlatform
[2017.03.31-12.16.33:387][  0]LogTargetPlatformManager:Display: Building Assets For Windows
[2017.03.31-12.16.34:074][  0]LogDerivedDataCache:Display: Max Cache Size: 512 MB
[2017.03.31-12.16.34:243][  0]LogDerivedDataCache: Loaded boot cache 0.17s 50MB C:/Users/Sabrina/AppData/Local/UnrealEngine/4.14/DerivedDataCache/Boot.ddc.
[2017.03.31-12.16.34:243][  0]LogDerivedDataCache:Display: Loaded Boot cache: C:/Users/Sabrina/AppData/Local/UnrealEngine/4.14/DerivedDataCache/Boot.ddc
[2017.03.31-12.16.34:243][  0]LogDerivedDataCache: FDerivedDataBackendGraph:  Pak pak cache file ../../../../../../Users/Sabrina/Documents/Call-Of-Bread/Call_Of_bread/DerivedDataCache/DDC.ddp not found, will not use a pak cache.
[2017.03.31-12.16.34:243][  0]LogDerivedDataCache: Unable to find inner node Pak for hierarchical cache Hierarchy.
[2017.03.31-12.16.34:243][  0]LogDerivedDataCache: FDerivedDataBackendGraph:  CompressedPak pak cache file ../../../../../../Users/Sabrina/Documents/Call-Of-Bread/Call_Of_bread/DerivedDataCache/Compressed.ddp not found, will not use a pak cache.
[2017.03.31-12.16.34:243][  0]LogDerivedDataCache: Unable to find inner node CompressedPak for hierarchical cache Hierarchy.
[2017.03.31-12.16.34:272][  0]LogDerivedDataCache:Display: Pak cache opened for reading ../../../Engine/DerivedDataCache/Compressed.ddp.
[2017.03.31-12.16.34:286][  0]LogDerivedDataCache: Using Local data cache path C:/Users/Sabrina/AppData/Local/UnrealEngine/Common/DerivedDataCache: Writable
[2017.03.31-12.16.37:731][  0]LogInit: Selected Device Profile: [Windows]
[2017.03.31-12.16.37:740][  0]LogContentStreaming: Texture pool size is 0.00 MB
[2017.03.31-12.16.38:044][  0]LogMeshUtilities: Using QuadricMeshReduction for automatic static mesh reduction
[2017.03.31-12.16.38:098][  0]LogSimplygon: Simplygon DLL not present - disabling.
[2017.03.31-12.16.38:143][  0]LogMeshUtilities: Using SimplygonSwarm for distributed automatic mesh merging
[2017.03.31-12.16.38:143][  0]LogMeshUtilities: No automatic skeletal mesh reduction module available
[2017.03.31-12.16.38:143][  0]LogMeshUtilities: No automatic mesh merging module available
[2017.03.31-12.16.39:765][  0]LogNetVersion: GetLocalNetworkVersion: CL: 3195953, ProjectName: call_of_bread, ProjectVersion: , EngineNetworkVersion: 2, GameNetworkVersion: 0, NetworkChecksum: 1183517265
[2017.03.31-12.16.39:854][  0]LogAssetRegistry: FAssetRegistry took 0.0271 seconds to start up
[2017.03.31-12.16.39:937][  0]LogPackageLocalizationCache: Processed 3 localized package path(s) for 2 prioritized culture(s) in 0.050134 seconds
[2017.03.31-12.16.39:950][  0]LogUObjectArray: 31946 objects as part of root set at end of initial load.
[2017.03.31-12.16.39:950][  0]LogUObjectAllocator: 6935840 out of 0 bytes used by permanent object pool.
[2017.03.31-12.16.39:950][  0]LogUObjectArray: CloseDisregardForGC: 0/0 objects in disregard for GC pool
[2017.03.31-12.16.40:036][  0]LogInit: WinSock: version 1.1 (2.2), MaxSocks=32767, MaxUdp=65467
[2017.03.31-12.16.41:129][  0]LogSlate: Using Freetype 2.6.0
[2017.03.31-12.16.41:146][  0]LogSlate: SlateFontCache - WITH_FREETYPE: 1, WITH_HARFBUZZ: 1
[2017.03.31-12.16.41:146][  0]LogSlate: SlateFontCache - WITH_FREETYPE: 1, WITH_HARFBUZZ: 1
[2017.03.31-12.16.44:671][  0]LogTcpMessaging: Initializing TcpMessaging bridge
[2017.03.31-12.16.44:715][  0]LogUdpMessaging: Initializing bridge on interface 0.0.0.0:0 to multicast group 230.0.0.1:6666.
[2017.03.31-12.16.45:140][  0]LogMaterial: Uniform references updated for custom material expression Custom.
[2017.03.31-12.16.45:609][  0]SourceControl: Info Source control is disabled
[2017.03.31-12.16.45:647][  0]SourceControl: Info Source control is disabled
[2017.03.31-12.16.45:700][  0]SourceControl: Info Source control is disabled
[2017.03.31-12.16.45:749][  0]SourceControl: Info Source control is disabled
[2017.03.31-12.16.47:360][  0]LogEngine: Initializing Engine...
[2017.03.31-12.16.47:361][  0]LogHMD: Failed to initialize OpenVR with code 110
[2017.03.31-12.16.47:763][  0]LogAIModule: Creating AISystem for world Untitled
[2017.03.31-12.16.47:787][  0]LogInit: XAudio2 using 'Headphones (Hesh 2 Wireless Stereo)' : 2 channels at 44.1 kHz using 16 bits per sample (channel mask 0x3)
[2017.03.31-12.16.47:799][  0]LogInit: FAudioDevice initialized.
[2017.03.31-12.16.47:832][  0]LogDerivedDataCache: Saved boot cache 0.03s 50MB C:/Users/Sabrina/AppData/Local/UnrealEngine/4.14/DerivedDataCache/Boot.ddc.
[2017.03.31-12.16.47:847][  0]LogInit: Texture streaming: Enabled
[2017.03.31-12.16.48:062][  0]LogWindowsTextInputMethodSystem:Display: IME system now deactivated.
[2017.03.31-12.16.48:063][  0]LogWindowsTextInputMethodSystem:Display: IME system now deactivated.
[2017.03.31-12.16.48:120][  0]LogInit: Transaction tracking system initialized
[2017.03.31-12.16.48:919][  0]BlueprintLog: New page: Editor Load
[2017.03.31-12.16.50:309][  0]LocalizationService: Info Localization service is disabled
[2017.03.31-12.16.51:631][  0]LogConsoleResponse:Display: 
[2017.03.31-12.16.52:077][  0]LogCook:Display: Max memory allowance for cook 16384mb min free memory 0mb
[2017.03.31-12.16.52:078][  0]LogCook:Display: Mobile HDR setting 1
[2017.03.31-12.16.52:827][  0]LogFileCache: Scanning file cache for directory 'C:/Users/Sabrina/Documents/Call-Of-Bread/Call_Of_bread/Content/' took 0.02s
[2017.03.31-12.16.53:698][  0]SourceControl: Info Source control is disabled
[2017.03.31-12.16.53:700][  0]Cmd: MAP LOAD FILE="../../../../../../Users/Sabrina/Documents/Call-Of-Bread/Call_Of_bread/Content/ThirdPersonBP/Maps/ThirdPersonExampleMap.umap" TEMPLATE=0 SHOWPROGRESS=1 FEATURELEVEL=3
[2017.03.31-12.16.53:702][  0]LightingResults: New page: Lighting Build
[2017.03.31-12.16.53:751][  0]MapCheck: New page: Map Check
[2017.03.31-12.16.53:751][  0]LightingResults: New page: Lighting Build
[2017.03.31-12.16.54:483][  0]LogAIModule: Creating AISystem for world ThirdPersonExampleMap
[2017.03.31-12.16.54:777][  0]LogEditorServer: Finished looking for orphan Actors (0.000 secs)
[2017.03.31-12.16.54:780][  0]Cmd: MAP CHECKDEP NOCLEARLOG
[2017.03.31-12.16.54:891][  0]MapCheck: Info Map check complete: 0 Error(s), 0 Warning(s), took 110.328ms to complete.
[2017.03.31-12.16.54:891][  0]LogFileHelpers: Loading map 'ThirdPersonExampleMap' took 1.192
[2017.03.31-12.16.55:151][  0]LogCollectionManager: Loaded 0 collections in 0.001423 seconds
[2017.03.31-12.16.55:261][  0]LogFileCache: Scanning file cache for directory 'C:/Users/Sabrina/Documents/Call-Of-Bread/Call_Of_bread/Saved/Collections/' took 0.01s
[2017.03.31-12.16.55:261][  0]LogFileCache: Scanning file cache for directory 'C:/Users/Sabrina/Documents/Call-Of-Bread/Call_Of_bread/Content/Developers/Sabrina/Collections/' took 0.01s
[2017.03.31-12.16.55:261][  0]LogFileCache: Scanning file cache for directory 'C:/Users/Sabrina/Documents/Call-Of-Bread/Call_Of_bread/Content/Collections/' took 0.01s
[2017.03.31-12.16.55:261][  0]LogCollectionManager: Rebuilt the GUID cache for 0 collections in 0.000002 seconds
[2017.03.31-12.16.55:277][  0]LogContentBrowser: Native class hierarchy populated in 0.0132 seconds. Added 2190 classes and 428 folders.
[2017.03.31-12.16.55:335][  0]LogStats: UGameplayTagsManager::ConstructGameplayTagTree: Construct from data asset -  0.000 s
[2017.03.31-12.16.55:335][  0]LogStats: UGameplayTagsManager::ConstructGameplayTagTree: GameplayTagTreeChangedEvent.Broadcast -  0.000 s
[2017.03.31-12.16.55:335][  0]LogContentBrowser: Native class hierarchy updated for 'GameplayTags' in 0.0006 seconds. Added 13 classes and 0 folders.
[2017.03.31-12.16.55:437][  0]LogContentBrowser: Native class hierarchy updated for 'WidgetCarousel' in 0.0006 seconds. Added 0 classes and 0 folders.
[2017.03.31-12.16.56:142][  0]LogContentBrowser: Native class hierarchy updated for 'AddContentDialog' in 0.0007 seconds. Added 0 classes and 0 folders.
[2017.03.31-12.16.56:210][  0]LogContentBrowser: Native class hierarchy updated for 'SceneOutliner' in 0.0006 seconds. Added 1 classes and 2 folders.
[2017.03.31-12.16.56:452][  0]LogCrashTracker: Crashtracker disabled due to settings.
[2017.03.31-12.16.56:468][  0]LogUObjectGlobals:Warning: Failed to find object 'Class None.'
[2017.03.31-12.16.56:561][  0]LogContentBrowser: Native class hierarchy updated for 'HierarchicalLODOutliner' in 0.0007 seconds. Added 1 classes and 2 folders.
[2017.03.31-12.16.56:561][  0]LogLoad: (Engine Initialization) Total time: 36.09 seconds
[2017.03.31-12.16.56:561][  0]LogLoad: (Engine Initialization) Total Blueprint compile time: 0.25 seconds
[2017.03.31-12.16.56:561][  0]LogExternalProfiler: Found external profiler: VSPerf
[2017.03.31-12.16.56:561][  0]LogExternalProfiler: Using external profiler: VSPerf
[2017.03.31-12.16.56:571][  0]LogOcInput: OculusInput pre-init called
[2017.03.31-12.16.56:597][  0]LogContentStreaming: Texture pool size now 1000 MB
[2017.03.31-12.16.56:808][  0]LogRenderer: Reallocating scene render targets to support 1152x544 NumSamples 1 (Frame:2).
[2017.03.31-12.16.57:179][  2]LogAssetRegistry: Asset discovery search completed in 17.3478 seconds
[2017.03.31-12.16.57:180][  2]LogCollectionManager: Rebuilt the object cache for 0 collections in 0.000001 seconds (found 0 objects)
[2017.03.31-12.16.57:180][  2]LogCollectionManager: Fixed up redirectors for 0 collections in 0.000228 seconds (updated 0 objects)
[2017.03.31-12.17.06:697][526]LogMaterial: Missing cached shader map for material Ironing_Board_Top, compiling. 
[2017.03.31-12.17.07:011][526]LogMaterial: Missing cached shader map for material Ironing_Board_Legs, compiling. 
[2017.03.31-12.17.07:031][526]LogStaticMesh: Building static mesh ironing_board_MkII...
[2017.03.31-12.17.07:055][526]LogStaticMesh: Built static mesh [0.03s] /Game/Counter_Modular-Kit/ironing_board_MkII.ironing_board_MkII
[2017.03.31-12.17.07:322][526]LogTexture:Display: Building textures: T_Metal_Steel_N (BC5)
[2017.03.31-12.17.08:454][526]LogTexture:Display: Building textures: T_Metal_Steel_D (AutoDXT)
[2017.03.31-12.17.13:618][526]LogStaticMesh: Building static mesh Hob_MKIII...
[2017.03.31-12.17.13:771][526]LogStaticMesh: Built static mesh [0.15s] /Game/Counter_Modular-Kit/Hob_MKIII.Hob_MKIII
[2017.03.31-12.17.14:019][526]LogTexture:Display: Building textures: T_Metal_Gold_N (BC5)
[2017.03.31-12.17.15:068][526]LogTexture:Display: Building textures: T_Metal_Gold_D (AutoDXT)
[2017.03.31-12.17.22:272][526]LogStaticMesh: Building static mesh Fridge_MkII...
[2017.03.31-12.17.22:296][526]LogStaticMesh: Built static mesh [0.03s] /Game/Counter_Modular-Kit/Fridge_MkII.Fridge_MkII
[2017.03.31-12.17.22:545][526]LogTexture:Display: Building textures: T_Wood_Oak_N (BC5)
[2017.03.31-12.17.23:534][526]LogTexture:Display: Building textures: T_Wood_Oak_D (AutoDXT)
[2017.03.31-12.17.30:442][526]LogStaticMesh: Building static mesh BreadBin...
[2017.03.31-12.17.30:449][526]LogStaticMesh: Built static mesh [0.01s] /Game/Counter_Modular-Kit/BreadBin.BreadBin
[2017.03.31-12.17.30:574][526]LogMaterial: Missing cached shader map for material Raised_Hob_Base, compiling. 
[2017.03.31-12.17.30:671][526]LogAIModule: Creating AISystem for world test-Level
[2017.03.31-12.17.30:729][526]Cmd: MAP LOAD FILE="../../../../../../Users/Sabrina/Documents/Call-Of-Bread/Call_Of_bread/Content/Test-Level.umap" TEMPLATE=0 SHOWPROGRESS=1 FEATURELEVEL=3
[2017.03.31-12.17.30:730][526]LightingResults: New page: Lighting Build
[2017.03.31-12.17.30:730][526]LoadErrors: New page: Loading map: Test-Level.umap
[2017.03.31-12.17.30:731][526]MapCheck: New page: Map Check
[2017.03.31-12.17.30:731][526]LightingResults: New page: Lighting Build
[2017.03.31-12.17.30:839][526]LogEditorServer: Finished looking for orphan Actors (0.000 secs)
[2017.03.31-12.17.30:873][526]Cmd: MAP CHECKDEP NOCLEARLOG
[2017.03.31-12.17.30:942][526]MapCheck: Info Map check complete: 0 Error(s), 0 Warning(s), took 68.692ms to complete.
[2017.03.31-12.17.30:944][526]LogFileHelpers: Loading map 'Test-Level' took 0.215
[2017.03.31-12.19.06:302][362]LogEditorViewport: Clicking on Actor (LMB): StaticMeshActor (Fridge_MkII)
[2017.03.31-12.19.27:075][253]LogRenderer: Reallocating scene render targets to support 1152x692 NumSamples 1 (Frame:6494).
[2017.03.31-12.19.41:793][539]LogMaterial: Missing cached shader map for material Material_004, compiling. 
[2017.03.31-12.19.41:949][539]LogMaterial: Missing cached shader map for material Material_004, compiling. 
[2017.03.31-12.19.41:961][539]LogMaterial: 0.00 seconds spent updating 1 materials, 1 interfaces, 0 instances, 0 with static permutations.
[2017.03.31-12.19.41:990][539]LogMaterial: Missing cached shader map for material FMatExpressionPreview MaterialExpressionVectorParameter_0, compiling. 
[2017.03.31-12.19.48:995][721]MaterialEditorStats: Info Base pass shader with only dynamic lighting: 22 instructions
[2017.03.31-12.19.48:995][721]MaterialEditorStats: Info Vertex shader: 29 instructions
[2017.03.31-12.19.48:995][721]MaterialEditorStats: Info Texture samplers: 0/16
[2017.03.31-12.19.53:248][895]LogMaterial: Missing cached shader map for material Material_004, compiling. 
[2017.03.31-12.19.53:265][895]LogMaterial: 0.00 seconds spent updating 1 materials, 1 interfaces, 0 instances, 0 with static permutations.
[2017.03.31-12.19.56:450][975]MaterialEditorStats: Info Base pass shader with only dynamic lighting: 22 instructions
[2017.03.31-12.19.56:450][975]MaterialEditorStats: Info Vertex shader: 29 instructions
[2017.03.31-12.19.56:450][975]MaterialEditorStats: Info Texture samplers: 0/16
[2017.03.31-12.19.57:571][  1]LogMaterial: Missing cached shader map for material Material_004, compiling. 
[2017.03.31-12.19.57:588][  1]LogMaterial: 0.00 seconds spent updating 1 materials, 1 interfaces, 0 instances, 0 with static permutations.
[2017.03.31-12.19.58:653][ 44]LogMaterial: Missing cached shader map for material Material_004, compiling. 
[2017.03.31-12.19.58:673][ 44]LogMaterial: 0.00 seconds spent updating 1 materials, 1 interfaces, 0 instances, 0 with static permutations.
[2017.03.31-12.20.01:405][112]MaterialEditorStats: Info Base pass shader with only dynamic lighting: 22 instructions
[2017.03.31-12.20.01:405][112]MaterialEditorStats: Info Vertex shader: 29 instructions
[2017.03.31-12.20.01:405][112]MaterialEditorStats: Info Texture samplers: 0/16
[2017.03.31-12.20.16:297][504]LogMaterial: Missing cached shader map for material Material_004, compiling. 
[2017.03.31-12.20.16:310][504]LogMaterial: 0.00 seconds spent updating 1 materials, 1 interfaces, 0 instances, 0 with static permutations.
[2017.03.31-12.20.20:075][629]LogMaterial: Missing cached shader map for material Material_004, compiling. 
[2017.03.31-12.20.20:085][629]LogMaterial: 0.00 seconds spent updating 1 materials, 1 interfaces, 0 instances, 0 with static permutations.
[2017.03.31-12.20.22:754][695]MaterialEditorStats: Info Base pass shader with only dynamic lighting: 22 instructions
[2017.03.31-12.20.22:754][695]MaterialEditorStats: Info Vertex shader: 29 instructions
[2017.03.31-12.20.22:754][695]MaterialEditorStats: Info Texture samplers: 0/16
[2017.03.31-12.20.37:775][129]LogMaterial: Missing cached shader map for material Material_004, compiling. 
[2017.03.31-12.20.37:792][129]LogMaterial: 0.00 seconds spent updating 1 materials, 1 interfaces, 0 instances, 0 with static permutations.
[2017.03.31-12.20.37:824][129]LogMaterial: Missing cached shader map for material FMatExpressionPreview MaterialExpressionVectorParameter_0, compiling. 
[2017.03.31-12.20.43:539][298]LogMaterial: Missing cached shader map for material Material_004, compiling. 
[2017.03.31-12.20.43:560][298]LogMaterial: 0.00 seconds spent updating 1 materials, 1 interfaces, 0 instances, 0 with static permutations.
[2017.03.31-12.20.43:591][298]LogMaterial: Missing cached shader map for material FMatExpressionPreview MaterialExpressionVectorParameter_0, compiling. 
[2017.03.31-12.20.51:600][484]MaterialEditorStats: Info Base pass shader with only dynamic lighting: 22 instructions
[2017.03.31-12.20.51:600][484]MaterialEditorStats: Info Vertex shader: 29 instructions
[2017.03.31-12.20.51:600][484]MaterialEditorStats: Info Texture samplers: 0/16
[2017.03.31-12.21.02:787][773]LogMaterial: Missing cached shader map for material Material_004, compiling. 
[2017.03.31-12.21.02:801][773]LogMaterial: 0.00 seconds spent updating 1 materials, 1 interfaces, 0 instances, 0 with static permutations.
[2017.03.31-12.21.06:103][855]MaterialEditorStats: Info Base pass shader with only dynamic lighting: 22 instructions
[2017.03.31-12.21.06:103][855]MaterialEditorStats: Info Vertex shader: 29 instructions
[2017.03.31-12.21.06:103][855]MaterialEditorStats: Info Texture samplers: 0/16
[2017.03.31-12.21.13:463][ 38]LogMaterial: Missing cached shader map for material Material_004, compiling. 
[2017.03.31-12.21.13:473][ 38]LogMaterial: 0.00 seconds spent updating 1 materials, 1 interfaces, 0 instances, 0 with static permutations.
[2017.03.31-12.21.16:170][105]MaterialEditorStats: Info Base pass shader with only dynamic lighting: 22 instructions
[2017.03.31-12.21.16:170][105]MaterialEditorStats: Info Vertex shader: 29 instructions
[2017.03.31-12.21.16:170][105]MaterialEditorStats: Info Texture samplers: 0/16
[2017.03.31-12.21.19:866][194]LogMaterial: Missing cached shader map for material Material_004, compiling. 
[2017.03.31-12.21.19:890][194]LogMaterial: 0.00 seconds spent updating 1 materials, 1 interfaces, 0 instances, 0 with static permutations.
[2017.03.31-12.21.23:089][274]MaterialEditorStats: Info Base pass shader with only dynamic lighting: 22 instructions
[2017.03.31-12.21.23:089][274]MaterialEditorStats: Info Vertex shader: 29 instructions
[2017.03.31-12.21.23:089][274]MaterialEditorStats: Info Texture samplers: 0/16
[2017.03.31-12.21.31:400][475]LogMaterial: Missing cached shader map for material Material_004, compiling. 
[2017.03.31-12.21.31:411][475]LogMaterial: 0.00 seconds spent updating 1 materials, 1 interfaces, 0 instances, 0 with static permutations.
[2017.03.31-12.21.34:597][554]MaterialEditorStats: Info Base pass shader with only dynamic lighting: 22 instructions
[2017.03.31-12.21.34:597][554]MaterialEditorStats: Info Vertex shader: 29 instructions
[2017.03.31-12.21.34:597][554]MaterialEditorStats: Info Texture samplers: 0/16
[2017.03.31-12.21.39:446][672]LogMaterial: Missing cached shader map for material Material_004, compiling. 
[2017.03.31-12.21.39:460][672]LogMaterial: 0.00 seconds spent updating 1 materials, 1 interfaces, 0 instances, 0 with static permutations.
[2017.03.31-12.21.42:832][755]MaterialEditorStats: Info Base pass shader with only dynamic lighting: 22 instructions
[2017.03.31-12.21.42:832][755]MaterialEditorStats: Info Vertex shader: 29 instructions
[2017.03.31-12.21.42:832][755]MaterialEditorStats: Info Texture samplers: 0/16
[2017.03.31-12.21.45:444][818]LogMaterialEditor: Applying material Material_004
[2017.03.31-12.21.45:999][818]LogMaterial: Missing cached shader map for material Material_004, compiling. 
[2017.03.31-12.21.46:021][818]LogMaterial: 0.00 seconds spent updating 1 materials, 1 interfaces, 0 instances, 0 with static permutations.
[2017.03.31-12.21.46:056][818]LogMaterial: Missing cached shader map for material Material_004, compiling. 
[2017.03.31-12.21.46:089][818]LogMaterial: Missing cached shader map for material Material_004, compiling. 
[2017.03.31-12.21.46:109][818]LogMaterial: 0.00 seconds spent updating 1 materials, 1 interfaces, 0 instances, 0 with static permutations.
[2017.03.31-12.21.48:390][863]LogMaterialEditor: Saving and Compiling material Material_004
[2017.03.31-12.21.52:366][863]Cmd: OBJ SAVEPACKAGE PACKAGE="/Game/Assets/Magnets/Material_004" FILE="../../../../../../Users/Sabrina/Documents/Call-Of-Bread/Call_Of_bread/Content/Assets/Magnets/Material_004.uasset" SILENT=true
[2017.03.31-12.21.52:433][863]LogSavePackage: Save=18.44ms
[2017.03.31-12.21.52:433][863]LogSavePackage: Moving '../../../../../../Users/Sabrina/Documents/Call-Of-Bread/Call_Of_bread/Saved/Material_004B0025E30429978F799FDB0B076F27C65.tmp' to '../../../../../../Users/Sabrina/Documents/Call-Of-Bread/Call_Of_bread/Content/Assets/Magnets/Material_004.uasset'
[2017.03.31-12.21.52:440][863]LogSavePackage:Display: Finished SavePackage ../../../../../../Users/Sabrina/Documents/Call-Of-Bread/Call_Of_bread/Content/Assets/Magnets/Material_004.uasset
[2017.03.31-12.21.52:446][863]MaterialEditorStats: Info Base pass shader with only dynamic lighting: 57 instructions
[2017.03.31-12.21.52:446][863]MaterialEditorStats: Info Vertex shader: 29 instructions
[2017.03.31-12.21.52:446][863]MaterialEditorStats: Info Texture samplers: 3/16
[2017.03.31-12.22.38:473][905]LogMaterialEditor: Saving and Compiling material Material_004
[2017.03.31-12.22.38:504][905]Cmd: OBJ SAVEPACKAGE PACKAGE="/Game/Assets/Magnets/Material_004" FILE="../../../../../../Users/Sabrina/Documents/Call-Of-Bread/Call_Of_bread/Content/Assets/Magnets/Material_004.uasset" SILENT=true
[2017.03.31-12.22.38:530][905]LogSavePackage: Save=7.93ms
[2017.03.31-12.22.38:530][905]LogSavePackage: Moving '../../../../../../Users/Sabrina/Documents/Call-Of-Bread/Call_Of_bread/Saved/Material_0047A600F8A47721BB854D9AB9336B8A1C0.tmp' to '../../../../../../Users/Sabrina/Documents/Call-Of-Bread/Call_Of_bread/Content/Assets/Magnets/Material_004.uasset'
[2017.03.31-12.22.38:533][905]LogSavePackage:Display: Finished SavePackage ../../../../../../Users/Sabrina/Documents/Call-Of-Bread/Call_Of_bread/Content/Assets/Magnets/Material_004.uasset
[2017.03.31-12.22.57:608][691]LogEditorViewport: Clicking on Actor (LMB): StaticMeshActor (Fridge_MkII)
[2017.03.31-12.23.22:072][383]LogMaterial: Missing cached shader map for material Counter-mtrl, compiling. 
[2017.03.31-12.23.22:197][383]LogMaterial: Missing cached shader map for material Counter-mtrl, compiling. 
[2017.03.31-12.23.22:208][383]LogMaterial: 0.00 seconds spent updating 1 materials, 1 interfaces, 0 instances, 0 with static permutations.
[2017.03.31-12.23.22:235][383]LogMaterial: Missing cached shader map for material FMatExpressionPreview MaterialExpressionTextureSample_6, compiling. 
[2017.03.31-12.23.22:240][383]LogMaterial: Missing cached shader map for material FMatExpressionPreview MaterialExpressionTextureSample_5, compiling. 
[2017.03.31-12.23.22:246][383]LogMaterial: Missing cached shader map for material FMatExpressionPreview MaterialExpressionTextureSample_0, compiling. 
[2017.03.31-12.23.22:256][383]LogMaterial: Missing cached shader map for material FMatExpressionPreview MaterialExpressionVectorParameter_0, compiling. 
[2017.03.31-12.23.22:265][383]LogMaterial: Missing cached shader map for material FMatExpressionPreview MaterialExpressionTextureSample_1, compiling. 
[2017.03.31-12.23.22:276][383]LogMaterial: Missing cached shader map for material FMatExpressionPreview MaterialExpressionVectorParameter_2, compiling. 
[2017.03.31-12.23.22:282][383]LogMaterial: Missing cached shader map for material FMatExpressionPreview MaterialExpressionVectorParameter_3, compiling. 
[2017.03.31-12.23.29:503][550]MaterialEditorStats: Info Base pass shader with static lighting: 75 instructions
[2017.03.31-12.23.29:503][550]MaterialEditorStats: Info Base pass shader with only dynamic lighting: 47 instructions
[2017.03.31-12.23.29:503][550]MaterialEditorStats: Info Vertex shader: 31 instructions
[2017.03.31-12.23.29:503][550]MaterialEditorStats: Info Texture samplers: 6/16
[2017.03.31-12.23.37:954][855]LogEditorViewport: Clicking on Actor (context menu): StaticMeshActor (Hob_MKIII)
[2017.03.31-12.23.39:008][914]LogEditorViewport: Clicking on Actor (context menu): StaticMeshActor (Hob_MKIII)
[2017.03.31-12.23.39:670][953]LogEditorViewport: Clicking on Actor (LMB): StaticMeshActor (Hob_MKIII)
[2017.03.31-12.23.42:673][ 40]LogEditorViewport: Clicking on Actor (LMB): StaticMeshActor (Hob_MKIII)
[2017.03.31-12.23.43:202][ 60]LogEditorViewport: Clicking on Actor (LMB): StaticMeshActor (Hob_MKIII)
[2017.03.31-12.23.43:552][ 73]LogEditorViewport: Clicking on Actor (LMB): StaticMeshActor (Hob_MKIII)
[2017.03.31-12.24.05:118][682]LogMaterial: Missing cached shader map for material Raised_Hob_Base, compiling. 
[2017.03.31-12.24.05:369][682]LogMaterial: Missing cached shader map for material Raised_Hob_Base, compiling. 
[2017.03.31-12.24.05:380][682]LogMaterial: 0.00 seconds spent updating 1 materials, 1 interfaces, 0 instances, 0 with static permutations.
[2017.03.31-12.24.05:408][682]LogMaterial: Missing cached shader map for material FMatExpressionPreview MaterialExpressionVectorParameter_0, compiling. 
[2017.03.31-12.24.13:743][888]MaterialEditorStats: Info Base pass shader with only dynamic lighting: 22 instructions
[2017.03.31-12.24.13:743][888]MaterialEditorStats: Info Vertex shader: 29 instructions
[2017.03.31-12.24.13:743][888]MaterialEditorStats: Info Texture samplers: 0/16
[2017.03.31-12.24.21:815][ 69]LogMaterial: Missing cached shader map for material Raised_Hob_Base, compiling. 
[2017.03.31-12.24.21:837][ 69]LogMaterial: 0.00 seconds spent updating 1 materials, 1 interfaces, 0 instances, 0 with static permutations.
[2017.03.31-12.24.21:868][ 69]LogMaterial: Missing cached shader map for material FMatExpressionPreview MaterialExpressionVectorParameter_0, compiling. 
[2017.03.31-12.24.24:477][121]LogMaterial: Missing cached shader map for material Raised_Hob_Base, compiling. 
[2017.03.31-12.24.24:500][121]LogMaterial: 0.00 seconds spent updating 1 materials, 1 interfaces, 0 instances, 0 with static permutations.
[2017.03.31-12.24.24:529][121]LogMaterial: Missing cached shader map for material FMatExpressionPreview MaterialExpressionVectorParameter_0, compiling. 
[2017.03.31-12.24.25:203][135]LogMaterial: Missing cached shader map for material Raised_Hob_Base, compiling. 
[2017.03.31-12.24.25:222][135]LogMaterial: 0.00 seconds spent updating 1 materials, 1 interfaces, 0 instances, 0 with static permutations.
[2017.03.31-12.24.25:253][135]LogMaterial: Missing cached shader map for material FMatExpressionPreview MaterialExpressionVectorParameter_0, compiling. 
[2017.03.31-12.24.25:967][146]LogMaterial: Missing cached shader map for material Raised_Hob_Base, compiling. 
[2017.03.31-12.24.25:990][146]LogMaterial: 0.00 seconds spent updating 1 materials, 1 interfaces, 0 instances, 0 with static permutations.
[2017.03.31-12.24.26:021][146]LogMaterial: Missing cached shader map for material FMatExpressionPreview MaterialExpressionVectorParameter_0, compiling. 
[2017.03.31-12.24.27:322][170]LogMaterial: Missing cached shader map for material Raised_Hob_Base, compiling. 
[2017.03.31-12.24.27:344][170]LogMaterial: 0.00 seconds spent updating 1 materials, 1 interfaces, 0 instances, 0 with static permutations.
[2017.03.31-12.24.27:370][170]LogMaterial: Missing cached shader map for material FMatExpressionPreview MaterialExpressionVectorParameter_0, compiling. 
[2017.03.31-12.24.28:450][187]LogMaterial: Missing cached shader map for material Raised_Hob_Base, compiling. 
[2017.03.31-12.24.28:471][187]LogMaterial: 0.00 seconds spent updating 1 materials, 1 interfaces, 0 instances, 0 with static permutations.
[2017.03.31-12.24.28:502][187]LogMaterial: Missing cached shader map for material FMatExpressionPreview MaterialExpressionVectorParameter_0, compiling. 
[2017.03.31-12.24.29:754][211]LogMaterial: Missing cached shader map for material Raised_Hob_Base, compiling. 
[2017.03.31-12.24.29:777][211]LogMaterial: 0.00 seconds spent updating 1 materials, 1 interfaces, 0 instances, 0 with static permutations.
[2017.03.31-12.24.29:810][211]LogMaterial: Missing cached shader map for material FMatExpressionPreview MaterialExpressionVectorParameter_0, compiling. 
[2017.03.31-12.24.33:582][279]MaterialEditorStats: Info Base pass shader with only dynamic lighting: 22 instructions
[2017.03.31-12.24.33:582][279]MaterialEditorStats: Info Vertex shader: 29 instructions
[2017.03.31-12.24.33:582][279]MaterialEditorStats: Info Texture samplers: 0/16
[2017.03.31-12.24.35:542][318]LogMaterialEditor: Applying material Raised_Hob_Base
[2017.03.31-12.24.36:115][318]LogMaterial: Missing cached shader map for material Raised_Hob_Base, compiling. 
[2017.03.31-12.24.36:135][318]LogMaterial: 0.00 seconds spent updating 1 materials, 1 interfaces, 0 instances, 0 with static permutations.
[2017.03.31-12.24.36:157][318]LogMaterial: Missing cached shader map for material Raised_Hob_Base, compiling. 
[2017.03.31-12.24.36:190][318]LogMaterial: Missing cached shader map for material Raised_Hob_Base, compiling. 
[2017.03.31-12.24.36:213][318]LogMaterial: 0.00 seconds spent updating 1 materials, 1 interfaces, 0 instances, 0 with static permutations.
[2017.03.31-12.24.39:780][377]LogMaterialEditor: Saving and Compiling material Raised_Hob_Base
[2017.03.31-12.24.45:378][377]LogSavePackage: Save=21.60ms
[2017.03.31-12.24.45:378][377]LogSavePackage: Moving '../../../../../../Users/Sabrina/Documents/Call-Of-Bread/Call_Of_bread/Saved/Raised_Hob_BaseDF6F9B2B42E5C55433A4B9B42A3CB784.tmp' to '../../../../../../Users/Sabrina/Documents/Call-Of-Bread/Call_Of_bread/Content/Counter_Modular-Kit/Raised_Hob_Base.uasset'
[2017.03.31-12.24.45:381][377]LogSavePackage:Display: Finished SavePackage ../../../../../../Users/Sabrina/Documents/Call-Of-Bread/Call_Of_bread/Content/Counter_Modular-Kit/Raised_Hob_Base.uasset
[2017.03.31-12.24.45:388][377]MaterialEditorStats: Info Base pass shader with only dynamic lighting: 58 instructions
[2017.03.31-12.24.45:388][377]MaterialEditorStats: Info Vertex shader: 29 instructions
[2017.03.31-12.24.45:388][377]MaterialEditorStats: Info Texture samplers: 3/16
[2017.03.31-12.59.46:708][143]LogEditorViewport: Clicking on Actor (LMB): StaticMeshActor (Modular_Wall_Seg4)
[2017.03.31-13.00.02:585][540]LogStaticMesh: Building static mesh Modular_Wall_Exo_Door...
[2017.03.31-13.00.02:674][540]LogStaticMesh: Built static mesh [0.09s] /Game/Modular_Room-Kit/Modular_Wall_Exo_Door.Modular_Wall_Exo_Door
[2017.03.31-13.35.35:374][236]LogAudio:Warning: Current Audio Device with ID {0.0.0.00000000}.{f0d6a790-fb88-4190-a338-c53d4a692925} was removed. Shutting down audio device.
[2017.03.31-14.57.15:905][935]LogHttp:Warning: 000002473F814100: request failed, libcurl error: 6 (Couldn't resolve host name)
[2017.03.31-14.57.15:905][935]LogHttp:Warning: 000002473F814100: libcurl info message cache 0 (Found bundle for host datarouter.ol.epicgames.com: 0x2477511cbf8 [can pipeline])
[2017.03.31-14.57.15:905][935]LogHttp:Warning: 000002473F814100: libcurl info message cache 1 (Re-using existing connection! (#17) with host datarouter.ol.epicgames.com)
[2017.03.31-14.57.15:905][935]LogHttp:Warning: 000002473F814100: libcurl info message cache 2 (Connected to datarouter.ol.epicgames.com (52.44.156.214) port 443 (#17))
[2017.03.31-14.57.15:905][935]LogHttp:Warning: 000002473F814100: libcurl info message cache 3 (upload completely sent off: 312 out of 312 bytes)
[2017.03.31-14.57.15:905][935]LogHttp:Warning: 000002473F814100: libcurl info message cache 4 (SSL read: error:00000000:lib(0):func(0):reason(0), errno 10054)
[2017.03.31-14.57.15:905][935]LogHttp:Warning: 000002473F814100: libcurl info message cache 5 (Connection died, retrying a fresh connect)
[2017.03.31-14.57.15:905][935]LogHttp:Warning: 000002473F814100: libcurl info message cache 6 (Closing connection 17)
[2017.03.31-14.57.15:905][935]LogHttp:Warning: 000002473F814100: libcurl info message cache 7 (Issue another request to this URL: 'https://datarouter.ol.epicgames.com/datarouter/api/v1/public/data?SessionID=%7BA49372FE-468D-8EBD-F970-3A9D268B7523%7D&AppID=UEEditor.Rocket.Release&AppVersion=4.14.1-3224400%2B%2B%2BUE4%2BRelease-4.14&UserID=c7f13bf945c3301e352a60bf81dddae3%7Cf7698a23ab304a72af95938514704e6f%7Ca4eec51f-45a8-441a-8972-fd03d43fbe44&AppEnvironment=datacollector-binary&UploadType=eteventstream')
[2017.03.31-14.57.15:905][935]LogHttp:Warning: 000002473F814100: libcurl info message cache 8 (Could not resolve host: datarouter.ol.epicgames.com)
[2017.03.31-14.57.15:905][935]LogHttp:Warning: 000002473F814100: libcurl info message cache 9 (Closing connection 18)
[2017.03.31-14.57.56:905][ 58]LogHttp:Warning: 000002473F881D80: request failed, libcurl error: 6 (Couldn't resolve host name)
[2017.03.31-14.57.56:905][ 58]LogHttp:Warning: 000002473F881D80: libcurl info message cache 0 (Could not resolve host: datarouter.ol.epicgames.com)
[2017.03.31-14.57.56:905][ 58]LogHttp:Warning: 000002473F881D80: libcurl info message cache 1 (Closing connection 19)
[2017.03.31-14.58.56:910][238]LogHttp:Warning: 000002472B25B880: request failed, libcurl error: 6 (Couldn't resolve host name)
[2017.03.31-14.58.56:910][238]LogHttp:Warning: 000002472B25B880: libcurl info message cache 0 (Could not resolve host: datarouter.ol.epicgames.com)
[2017.03.31-14.58.56:910][238]LogHttp:Warning: 000002472B25B880: libcurl info message cache 1 (Closing connection 20)
[2017.03.31-14.59.56:912][418]LogHttp:Warning: 000002472B25B880: request failed, libcurl error: 6 (Couldn't resolve host name)
[2017.03.31-14.59.56:912][418]LogHttp:Warning: 000002472B25B880: libcurl info message cache 0 (Could not resolve host: datarouter.ol.epicgames.com)
[2017.03.31-14.59.56:912][418]LogHttp:Warning: 000002472B25B880: libcurl info message cache 1 (Closing connection 21)
[2017.03.31-15.00.56:913][598]LogHttp:Warning: 0000024732D80D00: request failed, libcurl error: 6 (Couldn't resolve host name)
[2017.03.31-15.00.56:913][598]LogHttp:Warning: 0000024732D80D00: libcurl info message cache 0 (Could not resolve host: datarouter.ol.epicgames.com)
[2017.03.31-15.00.56:913][598]LogHttp:Warning: 0000024732D80D00: libcurl info message cache 1 (Closing connection 22)
[2017.03.31-15.01.56:913][778]LogHttp:Warning: 00000247594C7280: request failed, libcurl error: 6 (Couldn't resolve host name)
[2017.03.31-15.01.56:913][778]LogHttp:Warning: 00000247594C7280: libcurl info message cache 0 (Could not resolve host: datarouter.ol.epicgames.com)
[2017.03.31-15.01.56:913][778]LogHttp:Warning: 00000247594C7280: libcurl info message cache 1 (Closing connection 23)
[2017.03.31-15.02.56:919][958]LogHttp:Warning: 000002474A7B3700: request failed, libcurl error: 6 (Couldn't resolve host name)
[2017.03.31-15.02.56:919][958]LogHttp:Warning: 000002474A7B3700: libcurl info message cache 0 (Could not resolve host: datarouter.ol.epicgames.com)
[2017.03.31-15.02.56:919][958]LogHttp:Warning: 000002474A7B3700: libcurl info message cache 1 (Closing connection 24)
[2017.03.31-15.03.57:023][138]LogHttp:Warning: 0000024729E29600: request failed, libcurl error: 6 (Couldn't resolve host name)
[2017.03.31-15.03.57:023][138]LogHttp:Warning: 0000024729E29600: libcurl info message cache 0 (Could not resolve host: datarouter.ol.epicgames.com)
[2017.03.31-15.03.57:023][138]LogHttp:Warning: 0000024729E29600: libcurl info message cache 1 (Closing connection 25)
[2017.03.31-15.05.56:736][495]LogHttp:Warning: 000002473F882E00: request failed, libcurl error: 6 (Couldn't resolve host name)
[2017.03.31-15.05.56:736][495]LogHttp:Warning: 000002473F882E00: libcurl info message cache 0 (Could not resolve host: datarouter.ol.epicgames.com)
[2017.03.31-15.05.56:736][495]LogHttp:Warning: 000002473F882E00: libcurl info message cache 1 (Closing connection 26)
[2017.03.31-15.06.56:791][675]LogHttp:Warning: 0000024732DC7D00: request failed, libcurl error: 6 (Couldn't resolve host name)
[2017.03.31-15.06.56:791][675]LogHttp:Warning: 0000024732DC7D00: libcurl info message cache 0 (Could not resolve host: datarouter.ol.epicgames.com)
[2017.03.31-15.06.56:791][675]LogHttp:Warning: 0000024732DC7D00: libcurl info message cache 1 (Closing connection 27)
[2017.03.31-15.07.56:803][855]LogHttp:Warning: 0000024729E36E00: request failed, libcurl error: 6 (Couldn't resolve host name)
[2017.03.31-15.07.56:804][855]LogHttp:Warning: 0000024729E36E00: libcurl info message cache 0 (Could not resolve host: datarouter.ol.epicgames.com)
[2017.03.31-15.07.56:804][855]LogHttp:Warning: 0000024729E36E00: libcurl info message cache 1 (Closing connection 28)
[2017.03.31-15.08.56:804][ 35]LogHttp:Warning: 000002474A7B0A00: request failed, libcurl error: 6 (Couldn't resolve host name)
[2017.03.31-15.08.56:804][ 35]LogHttp:Warning: 000002474A7B0A00: libcurl info message cache 0 (Could not resolve host: datarouter.ol.epicgames.com)
[2017.03.31-15.08.56:804][ 35]LogHttp:Warning: 000002474A7B0A00: libcurl info message cache 1 (Closing connection 29)
[2017.03.31-15.09.57:042][215]LogHttp:Warning: 0000024732D81300: request failed, libcurl error: 6 (Couldn't resolve host name)
[2017.03.31-15.09.57:042][215]LogHttp:Warning: 0000024732D81300: libcurl info message cache 0 (Could not resolve host: datarouter.ol.epicgames.com)
[2017.03.31-15.09.57:042][215]LogHttp:Warning: 0000024732D81300: libcurl info message cache 1 (Closing connection 30)
[2017.03.31-15.11.56:877][574]LogHttp:Warning: 0000024729EC1A80: request failed, libcurl error: 6 (Couldn't resolve host name)
[2017.03.31-15.11.56:877][574]LogHttp:Warning: 0000024729EC1A80: libcurl info message cache 0 (Could not resolve host: datarouter.ol.epicgames.com)
[2017.03.31-15.11.56:877][574]LogHttp:Warning: 0000024729EC1A80: libcurl info message cache 1 (Closing connection 31)
[2017.03.31-15.12.56:899][754]LogHttp:Warning: 000002474A7B2380: request failed, libcurl error: 6 (Couldn't resolve host name)
[2017.03.31-15.12.56:899][754]LogHttp:Warning: 000002474A7B2380: libcurl info message cache 0 (Could not resolve host: datarouter.ol.epicgames.com)
[2017.03.31-15.12.56:899][754]LogHttp:Warning: 000002474A7B2380: libcurl info message cache 1 (Closing connection 32)
[2017.03.31-15.13.56:977][934]LogHttp:Warning: 000002473F880A00: request failed, libcurl error: 6 (Couldn't resolve host name)
[2017.03.31-15.13.56:977][934]LogHttp:Warning: 000002473F880A00: libcurl info message cache 0 (Could not resolve host: datarouter.ol.epicgames.com)
[2017.03.31-15.13.56:977][934]LogHttp:Warning: 000002473F880A00: libcurl info message cache 1 (Closing connection 33)
[2017.03.31-15.15.56:804][293]LogHttp:Warning: 000002473F880A00: request failed, libcurl error: 6 (Couldn't resolve host name)
[2017.03.31-15.15.56:804][293]LogHttp:Warning: 000002473F880A00: libcurl info message cache 0 (Could not resolve host: datarouter.ol.epicgames.com)
[2017.03.31-15.15.56:804][293]LogHttp:Warning: 000002473F880A00: libcurl info message cache 1 (Closing connection 34)
[2017.03.31-15.16.56:890][473]LogHttp:Warning: 0000024732DC6C80: request failed, libcurl error: 6 (Couldn't resolve host name)
[2017.03.31-15.16.56:890][473]LogHttp:Warning: 0000024732DC6C80: libcurl info message cache 0 (Could not resolve host: datarouter.ol.epicgames.com)
[2017.03.31-15.16.56:890][473]LogHttp:Warning: 0000024732DC6C80: libcurl info message cache 1 (Closing connection 35)
[2017.03.31-15.17.46:295][620]LogEditorViewport: Clicking on Actor (LMB): StaticMeshActor (Modular_Wall_Pilliar)
[2017.03.31-15.17.57:019][729]LogHttp:Warning: 0000024729EB7B80: request failed, libcurl error: 6 (Couldn't resolve host name)
[2017.03.31-15.17.57:019][729]LogHttp:Warning: 0000024729EB7B80: libcurl info message cache 0 (Could not resolve host: datarouter.ol.epicgames.com)
[2017.03.31-15.17.57:019][729]LogHttp:Warning: 0000024729EB7B80: libcurl info message cache 1 (Closing connection 36)
[2017.03.31-15.19.56:836][ 88]LogHttp:Warning: 0000024729EB5000: request failed, libcurl error: 6 (Couldn't resolve host name)
[2017.03.31-15.19.56:836][ 88]LogHttp:Warning: 0000024729EB5000: libcurl info message cache 0 (Could not resolve host: datarouter.ol.epicgames.com)
[2017.03.31-15.19.56:836][ 88]LogHttp:Warning: 0000024729EB5000: libcurl info message cache 1 (Closing connection 37)
[2017.03.31-15.20.56:915][268]LogHttp:Warning: 0000024729EB6980: request failed, libcurl error: 6 (Couldn't resolve host name)
[2017.03.31-15.20.56:915][268]LogHttp:Warning: 0000024729EB6980: libcurl info message cache 0 (Could not resolve host: datarouter.ol.epicgames.com)
[2017.03.31-15.20.56:915][268]LogHttp:Warning: 0000024729EB6980: libcurl info message cache 1 (Closing connection 38)
[2017.03.31-15.21.16:665][327]LogAudio:Warning: Current Audio Device with ID {0.0.0.00000000}.{f0d6a790-fb88-4190-a338-c53d4a692925} was removed. Shutting down audio device.
[2017.03.31-15.22.56:719][627]LogHttp:Warning: 0000024729EB6800: request failed, libcurl error: 6 (Couldn't resolve host name)
[2017.03.31-15.22.56:719][627]LogHttp:Warning: 0000024729EB6800: libcurl info message cache 0 (Could not resolve host: datarouter.ol.epicgames.com)
[2017.03.31-15.22.56:719][627]LogHttp:Warning: 0000024729EB6800: libcurl info message cache 1 (Closing connection 39)
[2017.03.31-15.23.56:784][807]LogHttp:Warning: 0000024729EB7B80: request failed, libcurl error: 6 (Couldn't resolve host name)
[2017.03.31-15.23.56:784][807]LogHttp:Warning: 0000024729EB7B80: libcurl info message cache 0 (Could not resolve host: datarouter.ol.epicgames.com)
[2017.03.31-15.23.56:784][807]LogHttp:Warning: 0000024729EB7B80: libcurl info message cache 1 (Closing connection 40)
[2017.03.31-15.24.56:842][987]LogHttp:Warning: 0000024729EB6980: request failed, libcurl error: 6 (Couldn't resolve host name)
[2017.03.31-15.24.56:843][987]LogHttp:Warning: 0000024729EB6980: libcurl info message cache 0 (Could not resolve host: datarouter.ol.epicgames.com)
[2017.03.31-15.24.56:843][987]LogHttp:Warning: 0000024729EB6980: libcurl info message cache 1 (Closing connection 41)
[2017.03.31-15.25.57:002][167]LogHttp:Warning: 0000024729EB6800: request failed, libcurl error: 6 (Couldn't resolve host name)
[2017.03.31-15.25.57:002][167]LogHttp:Warning: 0000024729EB6800: libcurl info message cache 0 (Could not resolve host: datarouter.ol.epicgames.com)
[2017.03.31-15.25.57:002][167]LogHttp:Warning: 0000024729EB6800: libcurl info message cache 1 (Closing connection 42)
[2017.03.31-15.27.56:690][526]LogHttp:Warning: 0000024729EB4700: request failed, libcurl error: 6 (Couldn't resolve host name)
[2017.03.31-15.27.56:690][526]LogHttp:Warning: 0000024729EB4700: libcurl info message cache 0 (Could not resolve host: datarouter.ol.epicgames.com)
[2017.03.31-15.27.56:690][526]LogHttp:Warning: 0000024729EB4700: libcurl info message cache 1 (Closing connection 43)
[2017.03.31-15.28.56:731][706]LogHttp:Warning: 0000024729EB4700: request failed, libcurl error: 6 (Couldn't resolve host name)
[2017.03.31-15.28.56:731][706]LogHttp:Warning: 0000024729EB4700: libcurl info message cache 0 (Could not resolve host: datarouter.ol.epicgames.com)
[2017.03.31-15.28.56:731][706]LogHttp:Warning: 0000024729EB4700: libcurl info message cache 1 (Closing connection 44)
[2017.03.31-16.28.42:097][656]Cmd: QUIT_EDITOR
[2017.03.31-16.28.42:155][656]LogWindowsTextInputMethodSystem:Display: IME system now deactivated.
[2017.03.31-16.28.42:155][656]LogWindowsTextInputMethodSystem:Display: IME system now deactivated.
[2017.03.31-16.28.42:182][656]LogExit: Preparing to exit.
[2017.03.31-16.28.43:044][656]LogDirectoryWatcher: A directory notification for 'C:/Users/Sabrina/Documents/Call-Of-Bread/Call_Of_bread/Content/' was aborted.
[2017.03.31-16.28.43:075][656]LogExit: Editor shut down
[2017.03.31-16.28.43:075][656]LogExit: Transaction tracking system shut down
[2017.03.31-16.28.43:204][656]LogObj: Freed 0b from 0 cluster array pools.
[2017.03.31-16.28.43:204][656]LogExit: Object subsystem successfully closed.
[2017.03.31-16.28.43:235][656]LogD3D11RHI: Shutdown
[2017.03.31-16.28.43:235][656]LogD3D11RHI: CleanupD3DDevice
[2017.03.31-16.28.43:470][656]LogD3D11RHI: ~FD3D11DynamicRHI
[2017.03.31-16.28.43:488][656]LogHttp:Display: Http module shutting down, but needs to wait on 1 outstanding Http requests:
[2017.03.31-16.28.43:488][656]LogHttp:Display: 	verb=[POST] url=[https://datarouter.ol.epicgames.com/datarouter/api/v1/public/data?SessionID=%7BA49372FE-468D-8EBD-F970-3A9D268B7523%7D&AppID=UEEditor.Rocket.Release&AppVersion=4.14.1-3224400%2B%2B%2BUE4%2BRelease-4.14&UserID=c7f13bf945c3301e352a60bf81dddae3%7Cf7698a23ab304a72af95938514704e6f%7Ca4eec51f-45a8-441a-8972-fd03d43fbe44&AppEnvironment=datacollector-binary&UploadType=eteventstream] status=Processing
[2017.03.31-16.28.43:496][656]LogModuleManager: Shutting down and abandoning module MaterialEditor (243)
[2017.03.31-16.28.43:496][656]LogModuleManager: Shutting down and abandoning module StaticMeshEditor (242)
[2017.03.31-16.28.43:496][656]LogModuleManager: Shutting down and abandoning module HierarchicalLODOutliner (241)
[2017.03.31-16.28.43:496][656]LogModuleManager: Shutting down and abandoning module CrashTracker (240)
[2017.03.31-16.28.43:496][656]LogModuleManager: Shutting down and abandoning module SceneOutliner (239)
[2017.03.31-16.28.43:496][656]LogModuleManager: Shutting down and abandoning module WidgetCarousel (238)
[2017.03.31-16.28.43:496][656]LogModuleManager: Shutting down and abandoning module AddContentDialog (237)
[2017.03.31-16.28.43:496][656]LogDirectoryWatcher: A directory notification for 'C:/Program Files (x86)/Epic Games/4.14/FeaturePacks/' was aborted.
[2017.03.31-16.28.43:497][656]LogModuleManager: Shutting down and abandoning module GameplayTags (236)
[2017.03.31-16.28.43:497][656]LogModuleManager: Shutting down and abandoning module EditorWidgets (235)
[2017.03.31-16.28.43:497][656]LogModuleManager: Shutting down and abandoning module CollectionManager (234)
[2017.03.31-16.28.43:497][656]LogDirectoryWatcher: A directory notification for 'C:/Users/Sabrina/Documents/Call-Of-Bread/Call_Of_bread/Content/Collections/' was aborted.
[2017.03.31-16.28.43:497][656]LogDirectoryWatcher: A directory notification for 'C:/Users/Sabrina/Documents/Call-Of-Bread/Call_Of_bread/Content/Developers/Sabrina/Collections/' was aborted.
[2017.03.31-16.28.43:497][656]LogDirectoryWatcher: A directory notification for 'C:/Users/Sabrina/Documents/Call-Of-Bread/Call_Of_bread/Saved/Collections/' was aborted.
[2017.03.31-16.28.43:497][656]LogModuleManager: Shutting down and abandoning module StatsViewer (233)
[2017.03.31-16.28.43:497][656]LogModuleManager: Shutting down and abandoning module FoliageEdit (232)
[2017.03.31-16.28.43:497][656]LogModuleManager: Shutting down and abandoning module LandscapeEditor (231)
[2017.03.31-16.28.43:498][656]LogModuleManager: Shutting down and abandoning module SceneDepthPickerMode (230)
[2017.03.31-16.28.43:498][656]LogModuleManager: Shutting down and abandoning module ActorPickerMode (229)
[2017.03.31-16.28.43:498][656]LogModuleManager: Shutting down and abandoning module GeometryMode (228)
[2017.03.31-16.28.43:498][656]LogModuleManager: Shutting down and abandoning module TextureAlignMode (227)
[2017.03.31-16.28.43:498][656]LogModuleManager: Shutting down and abandoning module BspMode (226)
[2017.03.31-16.28.43:498][656]LogModuleManager: Shutting down and abandoning module HardwareSurvey (225)
[2017.03.31-16.28.43:498][656]LogModuleManager: Shutting down and abandoning module SequenceRecorderSections (224)
[2017.03.31-16.28.43:498][656]LogModuleManager: Shutting down and abandoning module AutomationWorker (223)
[2017.03.31-16.28.43:498][656]LogModuleManager: Shutting down and abandoning module MatineeToLevelSequence (222)
[2017.03.31-16.28.43:498][656]LogModuleManager: Shutting down and abandoning module PlacementMode (221)
[2017.03.31-16.28.43:498][656]LogModuleManager: Shutting down and abandoning module LevelSequenceEditor (220)
[2017.03.31-16.28.43:499][656]LogModuleManager: Shutting down and abandoning module WmfMediaFactory (219)
[2017.03.31-16.28.43:499][656]LogModuleManager: Shutting down and abandoning module WmfMediaEditor (218)
[2017.03.31-16.28.43:499][656]LogModuleManager: Shutting down and abandoning module AvfMediaFactory (217)
[2017.03.31-16.28.43:499][656]LogModuleManager: Shutting down and abandoning module AvfMediaEditor (216)
[2017.03.31-16.28.43:499][656]LogModuleManager: Shutting down and abandoning module Media (215)
[2017.03.31-16.28.43:499][656]LogModuleManager: Shutting down and abandoning module AndroidMediaFactory (214)
[2017.03.31-16.28.43:499][656]LogModuleManager: Shutting down and abandoning module AndroidMediaEditor (213)
[2017.03.31-16.28.43:499][656]LogModuleManager: Shutting down and abandoning module CharacterAI (212)
[2017.03.31-16.28.43:499][656]LogModuleManager: Shutting down and abandoning module SequenceRecorder (211)
[2017.03.31-16.28.43:499][656]LogModuleManager: Shutting down and abandoning module AudioCapture (210)
[2017.03.31-16.28.43:499][656]LogModuleManager: Shutting down and abandoning module SmartSnapping (209)
[2017.03.31-16.28.43:499][656]LogModuleManager: Shutting down and abandoning module SessionServices (208)
[2017.03.31-16.28.43:499][656]LogModuleManager: Shutting down and abandoning module ViewportSnapping (207)
[2017.03.31-16.28.43:499][656]LogModuleManager: Shutting down and abandoning module ViewportInteraction (206)
[2017.03.31-16.28.43:499][656]LogModuleManager: Shutting down and abandoning module LogVisualizer (205)
[2017.03.31-16.28.43:499][656]LogModuleManager: Shutting down and abandoning module GameProjectGeneration (204)
[2017.03.31-16.28.43:499][656]LogModuleManager: Shutting down and abandoning module IntroTutorials (203)
[2017.03.31-16.28.43:499][656]LogModuleManager: Shutting down and abandoning module EditorLiveStreaming (202)
[2017.03.31-16.28.43:499][656]LogModuleManager: Shutting down and abandoning module IOSPlatformEditor (201)
[2017.03.31-16.28.43:499][656]LogModuleManager: Shutting down and abandoning module HTML5PlatformEditor (200)
[2017.03.31-16.28.43:499][656]LogModuleManager: Shutting down and abandoning module AndroidDeviceDetection (199)
[2017.03.31-16.28.44:336][656]LogModuleManager: Shutting down and abandoning module AndroidPlatformEditor (198)
[2017.03.31-16.28.44:336][656]LogModuleManager: Shutting down and abandoning module IOSRuntimeSettings (197)
[2017.03.31-16.28.44:336][656]LogModuleManager: Shutting down and abandoning module AndroidRuntimeSettings (196)
[2017.03.31-16.28.44:336][656]LogModuleManager: Shutting down and abandoning module InputBindingEditor (195)
[2017.03.31-16.28.44:336][656]LogModuleManager: Shutting down and abandoning module NiagaraEditor (194)
[2017.03.31-16.28.44:336][656]LogModuleManager: Shutting down and abandoning module MergeActors (193)
[2017.03.31-16.28.44:336][656]LogModuleManager: Shutting down and abandoning module SizeMap (192)
[2017.03.31-16.28.44:336][656]LogModuleManager: Shutting down and abandoning module TreeMap (191)
[2017.03.31-16.28.44:336][656]LogModuleManager: Shutting down and abandoning module ReferenceViewer (190)
[2017.03.31-16.28.44:336][656]LogModuleManager: Shutting down and abandoning module LocalizationService (189)
[2017.03.31-16.28.44:337][656]LogModuleManager: Shutting down and abandoning module LocalizationDashboard (188)
[2017.03.31-16.28.44:337][656]LogModuleManager: Shutting down and abandoning module HardwareTargeting (187)
[2017.03.31-16.28.44:337][656]LogModuleManager: Shutting down and abandoning module DeviceProfileEditor (186)
[2017.03.31-16.28.44:337][656]LogModuleManager: Shutting down and abandoning module UndoHistory (185)
[2017.03.31-16.28.44:337][656]LogModuleManager: Shutting down and abandoning module UserFeedback (184)
[2017.03.31-16.28.44:337][656]LogModuleManager: Shutting down and abandoning module XmlParser (183)
[2017.03.31-16.28.44:337][656]LogModuleManager: Shutting down and abandoning module Blutility (182)
[2017.03.31-16.28.44:337][656]LogModuleManager: Shutting down and abandoning module ProjectTargetPlatformEditor (181)
[2017.03.31-16.28.44:337][656]LogModuleManager: Shutting down and abandoning module ProjectSettingsViewer (180)
[2017.03.31-16.28.44:337][656]LogModuleManager: Shutting down and abandoning module EditorSettingsViewer (179)
[2017.03.31-16.28.44:337][656]LogModuleManager: Shutting down and abandoning module SettingsEditor (178)
[2017.03.31-16.28.44:337][656]LogModuleManager: Shutting down and abandoning module ProjectLauncher (177)
[2017.03.31-16.28.44:337][656]LogModuleManager: Shutting down and abandoning module SessionFrontend (176)
[2017.03.31-16.28.44:337][656]LogModuleManager: Shutting down and abandoning module ProfilerClient (175)
[2017.03.31-16.28.44:337][656]LogModuleManager: Shutting down and abandoning module TargetDeviceServices (174)
[2017.03.31-16.28.44:337][656]LogModuleManager: Shutting down and abandoning module DeviceManager (173)
[2017.03.31-16.28.44:380][656]LogModuleManager: Shutting down and abandoning module AutomationController (172)
[2017.03.31-16.28.44:380][656]LogModuleManager: Shutting down and abandoning module AutomationWindow (171)
[2017.03.31-16.28.44:380][656]LogModuleManager: Shutting down and abandoning module Layers (170)
[2017.03.31-16.28.44:380][656]LogModuleManager: Shutting down and abandoning module ComponentVisualizers (169)
[2017.03.31-16.28.44:380][656]LogModuleManager: Shutting down and abandoning module DetailCustomizations (168)
[2017.03.31-16.28.44:381][656]LogModuleManager: Shutting down and abandoning module PackagesDialog (167)
[2017.03.31-16.28.44:381][656]LogModuleManager: Shutting down and abandoning module AnimGraph (166)
[2017.03.31-16.28.44:381][656]LogModuleManager: Shutting down and abandoning module Persona (165)
[2017.03.31-16.28.44:381][656]LogModuleManager: Shutting down and abandoning module Kismet (164)
[2017.03.31-16.28.44:382][656]LogModuleManager: Shutting down and abandoning module GraphEditor (163)
[2017.03.31-16.28.44:382][656]LogModuleManager: Shutting down and abandoning module ClassViewer (162)
[2017.03.31-16.28.44:382][656]LogModuleManager: Shutting down and abandoning module Toolbox (161)
[2017.03.31-16.28.44:382][656]LogModuleManager: Shutting down and abandoning module ModuleUI (160)
[2017.03.31-16.28.44:382][656]LogModuleManager: Shutting down and abandoning module MovieSceneTools (159)
[2017.03.31-16.28.44:382][656]LogModuleManager: Shutting down and abandoning module OutputLog (158)
[2017.03.31-16.28.44:382][656]LogModuleManager: Shutting down and abandoning module GammaUI (157)
[2017.03.31-16.28.44:382][656]LogModuleManager: Shutting down and abandoning module Documentation (156)
[2017.03.31-16.28.44:382][656]LogModuleManager: Shutting down and abandoning module Niagara (155)
[2017.03.31-16.28.44:382][656]LogModuleManager: Shutting down and abandoning module StreamingPauseRendering (154)
[2017.03.31-16.28.44:383][656]LogModuleManager: Shutting down and abandoning module AnalyticsET (153)
[2017.03.31-16.28.44:383][656]LogModuleManager: Shutting down and abandoning module PortalServices (152)
[2017.03.31-16.28.44:383][656]LogModuleManager: Shutting down and abandoning module PortalRpc (151)
[2017.03.31-16.28.44:383][656]LogModuleManager: Shutting down and abandoning module MessagingRpc (150)
[2017.03.31-16.28.44:383][656]LogModuleManager: Shutting down and abandoning module GameplayDebugger (149)
[2017.03.31-16.28.44:383][656]LogModuleManager: Shutting down and abandoning module AITestSuite (148)
[2017.03.31-16.28.44:383][656]LogModuleManager: Shutting down and abandoning module AIModule (147)
[2017.03.31-16.28.44:383][656]LogModuleManager: Shutting down and abandoning module ProfilerService (146)
[2017.03.31-16.28.44:520][656]LogModuleManager: Shutting down and abandoning module TaskGraph (145)
[2017.03.31-16.28.44:520][656]LogModuleManager: Shutting down and abandoning module SlateRemote (144)
[2017.03.31-16.28.44:520][656]LogModuleManager: Shutting down and abandoning module SteamVRController (143)
[2017.03.31-16.28.44:520][656]LogModuleManager: Shutting down and abandoning module SteamVR (142)
[2017.03.31-16.28.44:520][656]LogModuleManager: Shutting down and abandoning module ProceduralMeshComponentEditor (141)
[2017.03.31-16.28.44:521][656]LogModuleManager: Shutting down and abandoning module ProceduralMeshComponent (140)
[2017.03.31-16.28.44:522][656]LogModuleManager: Shutting down and abandoning module OculusLibrary (139)
[2017.03.31-16.28.44:522][656]LogModuleManager: Shutting down and abandoning module OculusInput (138)
[2017.03.31-16.28.44:522][656]LogModuleManager: Shutting down and abandoning module MobilePatchingUtils (137)
[2017.03.31-16.28.44:522][656]LogModuleManager: Shutting down and abandoning module CustomMeshComponent (136)
[2017.03.31-16.28.44:522][656]LogModuleManager: Shutting down and abandoning module CableComponent (135)
[2017.03.31-16.28.44:522][656]LogModuleManager: Shutting down and abandoning module ArchVisCharacter (134)
[2017.03.31-16.28.44:522][656]LogModuleManager: Shutting down and abandoning module MediaPlayerEditor (132)
[2017.03.31-16.28.44:526][656]LogModuleManager: Shutting down and abandoning module HTML5Networking (131)
[2017.03.31-16.28.44:526][656]LogModuleManager: Shutting down and abandoning module GeometryCacheEd (130)
[2017.03.31-16.28.44:526][656]LogModuleManager: Shutting down and abandoning module GeometryCache (129)
[2017.03.31-16.28.44:526][656]LogModuleManager: Shutting down and abandoning module AlembicLibrary (128)
[2017.03.31-16.28.44:527][656]LogModuleManager: Shutting down and abandoning module AlembicImporter (127)
[2017.03.31-16.28.44:527][656]LogModuleManager: Shutting down and abandoning module SuperSearch (126)
[2017.03.31-16.28.44:528][656]LogModuleManager: Shutting down and abandoning module SuperSearchEditor (125)
[2017.03.31-16.28.44:528][656]LogModuleManager: Shutting down and abandoning module SpeedTreeImporter (124)
[2017.03.31-16.28.44:528][656]LogModuleManager: Shutting down and abandoning module PluginBrowser (123)
[2017.03.31-16.28.44:530][656]LogModuleManager: Shutting down and abandoning module MobileLauncherProfileWizard (122)
[2017.03.31-16.28.44:532][656]LogModuleManager: Shutting down and abandoning module EpicSurvey (121)
[2017.03.31-16.28.44:532][656]LogModuleManager: Shutting down and abandoning module DesktopPlatform (120)
[2017.03.31-16.28.44:532][656]LogModuleManager: Shutting down and abandoning module VisualStudioSourceCodeAccess (119)
[2017.03.31-16.28.44:533][656]LogModuleManager: Shutting down and abandoning module UObjectPlugin (118)
[2017.03.31-16.28.44:533][656]LogModuleManager: Shutting down and abandoning module SubversionSourceControl (117)
[2017.03.31-16.28.44:534][656]LogModuleManager: Shutting down and abandoning module PerforceSourceControl (116)
[2017.03.31-16.28.44:536][656]LogModuleManager: Shutting down and abandoning module SourceControl (115)
[2017.03.31-16.28.44:536][656]LogModuleManager: Shutting down and abandoning module GitSourceControl (114)
[2017.03.31-16.28.44:536][656]LogModuleManager: Shutting down and abandoning module LightPropagationVolumeEditor (113)
[2017.03.31-16.28.44:536][656]LogModuleManager: Shutting down and abandoning module PaperTiledImporter (112)
[2017.03.31-16.28.44:537][656]LogModuleManager: Shutting down and abandoning module PaperSpriteSheetImporter (111)
[2017.03.31-16.28.44:537][656]LogModuleManager: Shutting down and abandoning module MeshPaint (110)
[2017.03.31-16.28.44:537][656]LogModuleManager: Shutting down and abandoning module PixelInspectorModule (109)
[2017.03.31-16.28.44:537][656]LogModuleManager: Shutting down and abandoning module HotReload (108)
[2017.03.31-16.28.44:538][656]LogModuleManager: Shutting down and abandoning module MainFrame (107)
[2017.03.31-16.28.44:538][656]LogModuleManager: Shutting down and abandoning module LevelEditor (106)
[2017.03.31-16.28.44:540][656]LogModuleManager: Shutting down and abandoning module ContentBrowser (105)
[2017.03.31-16.28.44:542][656]LogModuleManager: Shutting down and abandoning module Paper2DEditor (104)
[2017.03.31-16.28.44:543][656]LogModuleManager: Shutting down and abandoning module UdpMessaging (103)
[2017.03.31-16.28.44:644][656]LogModuleManager: Shutting down and abandoning module TcpMessaging (102)
[2017.03.31-16.28.44:860][656]LogModuleManager: Shutting down and abandoning module LightPropagationVolumeRuntime (101)
[2017.03.31-16.28.44:860][656]LogModuleManager: Shutting down and abandoning module Paper2D (100)
[2017.03.31-16.28.44:877][656]LogModuleManager: Shutting down and abandoning module WindowsMoviePlayer (99)
[2017.03.31-16.28.44:877][656]LogModuleManager: Shutting down and abandoning module WmfMedia (98)
[2017.03.31-16.28.44:878][656]LogModuleManager: Shutting down and abandoning module MediaAssets (97)
[2017.03.31-16.28.44:878][656]LogModuleManager: Shutting down and abandoning module GameLiveStreaming (96)
[2017.03.31-16.28.44:878][656]LogModuleManager: Shutting down and abandoning module GameplayTagsEditor (95)
[2017.03.31-16.28.44:878][656]LogModuleManager: Shutting down and abandoning module VREditor (94)
[2017.03.31-16.28.44:878][656]LogModuleManager: Shutting down and abandoning module GameplayTasksEditor (93)
[2017.03.31-16.28.44:878][656]LogModuleManager: Shutting down and abandoning module BehaviorTreeEditor (92)
[2017.03.31-16.28.44:878][656]LogModuleManager: Shutting down and abandoning module FunctionalTesting (91)
[2017.03.31-16.28.44:878][656]LogModuleManager: Shutting down and abandoning module CollisionAnalyzer (90)
[2017.03.31-16.28.44:878][656]LogModuleManager: Shutting down and abandoning module Sequencer (89)
[2017.03.31-16.28.44:879][656]LogModuleManager: Shutting down and abandoning module WorkspaceMenuStructure (88)
[2017.03.31-16.28.44:879][656]LogModuleManager: Shutting down and abandoning module MessageLog (87)
[2017.03.31-16.28.44:879][656]LogModuleManager: Shutting down and abandoning module AssetTools (86)
[2017.03.31-16.28.44:879][656]LogModuleManager: Shutting down and abandoning module UMGEditor (85)
[2017.03.31-16.28.44:879][656]LogModuleManager: Shutting down and abandoning module UMG (84)
[2017.03.31-16.28.44:879][656]LogModuleManager: Shutting down and abandoning module SlateReflector (83)
[2017.03.31-16.28.44:879][656]LogModuleManager: Shutting down and abandoning module Slate (82)
[2017.03.31-16.28.44:879][656]LogModuleManager: Shutting down and abandoning module EditorStyle (81)
[2017.03.31-16.28.44:926][656]LogModuleManager: Shutting down and abandoning module SourceCodeAccess (80)
[2017.03.31-16.28.44:926][656]LogModuleManager: Shutting down and abandoning module HeadMountedDisplay (79)
[2017.03.31-16.28.44:926][656]LogModuleManager: Shutting down and abandoning module XAudio2 (78)
[2017.03.31-16.28.44:926][656]LogModuleManager: Shutting down and abandoning module Networking (76)
[2017.03.31-16.28.44:926][656]LogModuleManager: Shutting down and abandoning module Core (75)
[2017.03.31-16.28.44:926][656]LogModuleManager: Shutting down and abandoning module DirectoryWatcher (74)
[2017.03.31-16.28.44:926][656]LogDirectoryWatcher: A directory notification for '../../../Engine/Content/' was aborted.
[2017.03.31-16.28.44:926][656]LogDirectoryWatcher: A directory notification for '../../../../../../Users/Sabrina/Documents/Call-Of-Bread/Call_Of_bread/Content/' was aborted.
[2017.03.31-16.28.44:926][656]LogDirectoryWatcher: A directory notification for '../../../Engine/Plugins/2D/Paper2D/Content/' was aborted.
[2017.03.31-16.28.44:931][656]LogModuleManager: Shutting down and abandoning module AssetRegistry (73)
[2017.03.31-16.28.45:135][656]LogModuleManager: Shutting down and abandoning module KismetCompiler (72)
[2017.03.31-16.28.45:135][656]LogModuleManager: Shutting down and abandoning module PhysXFormats (71)
[2017.03.31-16.28.45:135][656]LogModuleManager: Shutting down and abandoning module SimplygonSwarm (70)
[2017.03.31-16.28.45:135][656]LogModuleManager: Shutting down and abandoning module SimplygonMeshReduction (69)
[2017.03.31-16.28.45:135][656]LogModuleManager: Shutting down and abandoning module QuadricMeshReduction (68)
[2017.03.31-16.28.45:135][656]LogModuleManager: Shutting down and abandoning module PropertyEditor (67)
[2017.03.31-16.28.45:135][656]LogModuleManager: Shutting down and abandoning module MeshUtilities (66)
[2017.03.31-16.28.45:135][656]LogModuleManager: Shutting down and abandoning module DerivedDataCache (65)
[2017.03.31-16.28.45:171][656]LogDerivedDataCache: Shutdown
[2017.03.31-16.28.45:171][656]LogModuleManager: Shutting down and abandoning module VulkanShaderFormat (64)
[2017.03.31-16.28.45:171][656]LogModuleManager: Shutting down and abandoning module ShaderFormatOpenGL (63)
[2017.03.31-16.28.45:171][656]LogModuleManager: Shutting down and abandoning module ShaderFormatD3D (62)
[2017.03.31-16.28.45:171][656]LogModuleManager: Shutting down and abandoning module MetalShaderFormat (61)
[2017.03.31-16.28.45:171][656]LogModuleManager: Shutting down and abandoning module TextureFormatUncompressed (60)
[2017.03.31-16.28.45:171][656]LogModuleManager: Shutting down and abandoning module TextureFormatPVR (59)
[2017.03.31-16.28.45:171][656]LogModuleManager: Shutting down and abandoning module TextureFormatDXT (58)
[2017.03.31-16.28.45:171][656]LogModuleManager: Shutting down and abandoning module TextureFormatIntelISPCTexComp (57)
[2017.03.31-16.28.45:171][656]LogModuleManager: Shutting down and abandoning module ImageWrapper (56)
[2017.03.31-16.28.45:171][656]LogModuleManager: Shutting down and abandoning module TextureFormatASTC (55)
[2017.03.31-16.28.45:171][656]LogModuleManager: Shutting down and abandoning module TextureFormatAndroid (54)
[2017.03.31-16.28.45:171][656]LogModuleManager: Shutting down and abandoning module AudioFormatOpus (53)
[2017.03.31-16.28.45:171][656]LogModuleManager: Shutting down and abandoning module AudioFormatOgg (52)
[2017.03.31-16.28.45:171][656]LogModuleManager: Shutting down and abandoning module AudioFormatADPCM (51)
[2017.03.31-16.28.45:171][656]LogModuleManager: Shutting down and abandoning module LinuxTargetPlatform (50)
[2017.03.31-16.28.45:171][656]LogModuleManager: Shutting down and abandoning module LinuxServerTargetPlatform (49)
[2017.03.31-16.28.45:171][656]LogModuleManager: Shutting down and abandoning module LinuxNoEditorTargetPlatform (48)
[2017.03.31-16.28.45:171][656]LogModuleManager: Shutting down and abandoning module LinuxClientTargetPlatform (47)
[2017.03.31-16.28.45:171][656]LogModuleManager: Shutting down and abandoning module TVOSTargetPlatform (46)
[2017.03.31-16.28.45:171][656]LogModuleManager: Shutting down and abandoning module Messaging (45)
[2017.03.31-16.28.45:171][656]LogModuleManager: Shutting down and abandoning module IOSTargetPlatform (44)
[2017.03.31-16.28.45:171][656]LogModuleManager: Shutting down and abandoning module HTML5TargetPlatform (43)
[2017.03.31-16.28.45:171][656]LogModuleManager: Shutting down and abandoning module Android_PVRTCTargetPlatform (42)
[2017.03.31-16.28.45:171][656]LogModuleManager: Shutting down and abandoning module Android_MultiTargetPlatform (41)
[2017.03.31-16.28.45:171][656]LogModuleManager: Shutting down and abandoning module Android_ETC2TargetPlatform (40)
[2017.03.31-16.28.45:171][656]LogModuleManager: Shutting down and abandoning module Android_ETC1TargetPlatform (39)
[2017.03.31-16.28.45:171][656]LogModuleManager: Shutting down and abandoning module Android_DXTTargetPlatform (38)
[2017.03.31-16.28.45:171][656]LogModuleManager: Shutting down and abandoning module Android_ATCTargetPlatform (37)
[2017.03.31-16.28.45:171][656]LogModuleManager: Shutting down and abandoning module Android_ASTCTargetPlatform (36)
[2017.03.31-16.28.45:171][656]LogModuleManager: Shutting down and abandoning module AndroidTargetPlatform (35)
[2017.03.31-16.28.45:171][656]LogModuleManager: Shutting down and abandoning module WindowsTargetPlatform (34)
[2017.03.31-16.28.45:171][656]LogModuleManager: Shutting down and abandoning module WindowsServerTargetPlatform (33)
[2017.03.31-16.28.45:171][656]LogModuleManager: Shutting down and abandoning module WindowsNoEditorTargetPlatform (32)
[2017.03.31-16.28.45:171][656]LogModuleManager: Shutting down and abandoning module WindowsClientTargetPlatform (31)
[2017.03.31-16.28.45:171][656]LogModuleManager: Shutting down and abandoning module MacTargetPlatform (30)
[2017.03.31-16.28.45:171][656]LogModuleManager: Shutting down and abandoning module MacServerTargetPlatform (29)
[2017.03.31-16.28.45:171][656]LogModuleManager: Shutting down and abandoning module MacNoEditorTargetPlatform (28)
[2017.03.31-16.28.45:171][656]LogModuleManager: Shutting down and abandoning module MacClientTargetPlatform (27)
[2017.03.31-16.28.45:171][656]LogModuleManager: Shutting down and abandoning module AllDesktopTargetPlatform (26)
[2017.03.31-16.28.45:171][656]LogModuleManager: Shutting down and abandoning module TargetPlatform (25)
[2017.03.31-16.28.45:171][656]LogModuleManager: Shutting down and abandoning module InputCore (24)
[2017.03.31-16.28.45:171][656]LogModuleManager: Shutting down and abandoning module Settings (23)
[2017.03.31-16.28.45:171][656]LogModuleManager: Shutting down and abandoning module OculusRift (22)
[2017.03.31-16.28.45:172][656]LogModuleManager: Shutting down and abandoning module ExampleDeviceProfileSelector (21)
[2017.03.31-16.28.45:172][656]LogModuleManager: Shutting down and abandoning module OnlineBlueprintSupport (20)
[2017.03.31-16.28.45:172][656]LogModuleManager: Shutting down and abandoning module OnlineSubsystem (18)
[2017.03.31-16.28.45:172][656]LogOnline:Display: Unloading online subsystem: NULL
[2017.03.31-16.28.45:172][656]LogModuleManager: Shutting down and abandoning module SSL (17)
[2017.03.31-16.28.45:174][656]LogModuleManager: Shutting down and abandoning module HTTP (16)
[2017.03.31-16.28.45:174][656]LogModuleManager: Shutting down and abandoning module XMPP (15)
[2017.03.31-16.28.45:174][656]LogModuleManager: Shutting down and abandoning module TextureCompressor (14)
[2017.03.31-16.28.45:174][656]LogModuleManager: Shutting down and abandoning module ShaderCore (13)
[2017.03.31-16.28.45:174][656]LogModuleManager: Shutting down and abandoning module Landscape (12)
[2017.03.31-16.28.45:174][656]LogModuleManager: Shutting down and abandoning module SlateRHIRenderer (11)
[2017.03.31-16.28.45:176][656]LogModuleManager: Shutting down and abandoning module OpenGLDrv (10)
[2017.03.31-16.28.45:176][656]LogModuleManager: Shutting down and abandoning module D3D11RHI (9)
[2017.03.31-16.28.45:176][656]LogModuleManager: Shutting down and abandoning module AnimGraphRuntime (8)
[2017.03.31-16.28.45:176][656]LogModuleManager: Shutting down and abandoning module Renderer (7)
[2017.03.31-16.28.45:176][656]LogModuleManager: Shutting down and abandoning module Engine (6)
[2017.03.31-16.28.45:176][656]LogModuleManager: Shutting down and abandoning module CoreUObject (5)
[2017.03.31-16.28.45:176][656]LogModuleManager: Shutting down and abandoning module NetworkFile (4)
[2017.03.31-16.28.45:176][656]LogModuleManager: Shutting down and abandoning module StreamingFile (3)
[2017.03.31-16.28.45:176][656]LogModuleManager: Shutting down and abandoning module SandboxFile (2)
[2017.03.31-16.28.45:176][656]LogModuleManager: Shutting down and abandoning module PakFile (1)
[2017.03.31-16.28.45:178][656]LogExit: Exiting.
[2017.03.31-16.28.45:192][656]Log file closed, 03/31/17 18:28:45
