Log file open, 03/23/17 15:03:15
LogInit:Display: Running engine for game: Call_Of_bread
LogPlatformFile: Not using cached read wrapper
LogInit:Display: RandInit(-1843682859) SRandInit(-1843682859).
LogTaskGraph: Started task graph with 5 named threads and 6 total threads with 1 sets of task threads.
LogStats: Stats thread started at 0.612197
LogPluginManager: Loaded Plugin Paper2D, From C:/Program Files (x86)/Epic Games/4.14/Engine/Plugins/2D/Paper2D/Paper2D.uplugin
LogPluginManager: Loaded Plugin LightPropagationVolume, From C:/Program Files (x86)/Epic Games/4.14/Engine/Plugins/Blendables/LightPropagationVolume/LightPropagationVolume.uplugin
LogPluginManager: Loaded Plugin BlankPlugin, From C:/Program Files (x86)/Epic Games/4.14/Engine/Plugins/Developer/BlankPlugin/BlankPlugin.uplugin
LogPluginManager: Loaded Plugin CodeLiteSourceCodeAccess, From C:/Program Files (x86)/Epic Games/4.14/Engine/Plugins/Developer/CodeLiteSourceCodeAccess/CodeLiteSourceCodeAccess.uplugin
LogPluginManager: Loaded Plugin GitSourceControl, From C:/Program Files (x86)/Epic Games/4.14/Engine/Plugins/Developer/GitSourceControl/GitSourceControl.uplugin
LogPluginManager: Loaded Plugin KDevelopSourceCodeAccess, From C:/Program Files (x86)/Epic Games/4.14/Engine/Plugins/Developer/KDevelopSourceCodeAccess/KDevelopSourceCodeAccess.uplugin
LogPluginManager: Loaded Plugin NullSourceCodeAccess, From C:/Program Files (x86)/Epic Games/4.14/Engine/Plugins/Developer/NullSourceCodeAccess/NullSourceCodeAccess.uplugin
LogPluginManager: Loaded Plugin OneSkyLocalizationService, From C:/Program Files (x86)/Epic Games/4.14/Engine/Plugins/Developer/OneSkyLocalizationService/OneSkyLocalizationService.uplugin
LogPluginManager: Loaded Plugin PerforceSourceControl, From C:/Program Files (x86)/Epic Games/4.14/Engine/Plugins/Developer/PerforceSourceControl/PerforceSourceControl.uplugin
LogPluginManager: Loaded Plugin SubversionSourceControl, From C:/Program Files (x86)/Epic Games/4.14/Engine/Plugins/Developer/SubversionSourceControl/SubversionSourceControl.uplugin
LogPluginManager: Loaded Plugin UObjectPlugin, From C:/Program Files (x86)/Epic Games/4.14/Engine/Plugins/Developer/UObjectPlugin/UObjectPlugin.uplugin
LogPluginManager: Loaded Plugin VisualStudioSourceCodeAccess, From C:/Program Files (x86)/Epic Games/4.14/Engine/Plugins/Developer/VisualStudioSourceCodeAccess/VisualStudioSourceCodeAccess.uplugin
LogPluginManager: Loaded Plugin XCodeSourceCodeAccess, From C:/Program Files (x86)/Epic Games/4.14/Engine/Plugins/Developer/XCodeSourceCodeAccess/XCodeSourceCodeAccess.uplugin
LogPluginManager: Loaded Plugin AudioCapture, From C:/Program Files (x86)/Epic Games/4.14/Engine/Plugins/Editor/AudioCapture/AudioCapture.uplugin
LogPluginManager: Loaded Plugin EpicSurvey, From C:/Program Files (x86)/Epic Games/4.14/Engine/Plugins/Editor/EpicSurvey/EpicSurvey.uplugin
LogPluginManager: Loaded Plugin MacGraphicsSwitching, From C:/Program Files (x86)/Epic Games/4.14/Engine/Plugins/Editor/MacGraphicsSwitching/MacGraphicsSwitching.uplugin
LogPluginManager: Loaded Plugin MobileLauncherProfileWizard, From C:/Program Files (x86)/Epic Games/4.14/Engine/Plugins/Editor/MobileLauncherProfileWizard/MobileLauncherProfileWizard.uplugin
LogPluginManager: Loaded Plugin PluginBrowser, From C:/Program Files (x86)/Epic Games/4.14/Engine/Plugins/Editor/PluginBrowser/PluginBrowser.uplugin
LogPluginManager: Loaded Plugin SpeedTreeImporter, From C:/Program Files (x86)/Epic Games/4.14/Engine/Plugins/Editor/SpeedTreeImporter/SpeedTreeImporter.uplugin
LogPluginManager: Loaded Plugin SuperSearchEditor, From C:/Program Files (x86)/Epic Games/4.14/Engine/Plugins/Editor/SuperSearchEditor/SuperSearchEditor.uplugin
LogPluginManager: Loaded Plugin AlembicImporter, From C:/Program Files (x86)/Epic Games/4.14/Engine/Plugins/Experimental/AlembicImporter/AlembicImporter.uplugin
LogPluginManager: Loaded Plugin BlueprintStats, From C:/Program Files (x86)/Epic Games/4.14/Engine/Plugins/Experimental/BlueprintStats/BlueprintStats.uplugin
LogPluginManager: Loaded Plugin CharacterAI, From C:/Program Files (x86)/Epic Games/4.14/Engine/Plugins/Experimental/CharacterAI/CharacterAI.uplugin
LogPluginManager: Loaded Plugin CodeEditor, From C:/Program Files (x86)/Epic Games/4.14/Engine/Plugins/Experimental/CodeEditor/CodeEditor.uplugin
LogPluginManager: Loaded Plugin CodeView, From C:/Program Files (x86)/Epic Games/4.14/Engine/Plugins/Experimental/CodeView/CodeView.uplugin
LogPluginManager: Loaded Plugin HTML5Networking, From C:/Program Files (x86)/Epic Games/4.14/Engine/Plugins/Experimental/HTML5Networking/HTML5Networking.uplugin
LogPluginManager: Loaded Plugin OSVR, From C:/Program Files (x86)/Epic Games/4.14/Engine/Plugins/Experimental/OSVR/OSVR.uplugin
LogPluginManager: Loaded Plugin Phya, From C:/Program Files (x86)/Epic Games/4.14/Engine/Plugins/Experimental/Phya/Phya.uplugin
LogPluginManager: Loaded Plugin SignificanceManager, From C:/Program Files (x86)/Epic Games/4.14/Engine/Plugins/Experimental/SignificanceManager/SignificanceManager.uplugin
LogPluginManager: Loaded Plugin SimpleHMD, From C:/Program Files (x86)/Epic Games/4.14/Engine/Plugins/Experimental/SimpleHMD/SimpleHMD.uplugin
LogPluginManager: Loaded Plugin StereoPanorama, From C:/Program Files (x86)/Epic Games/4.14/Engine/Plugins/Experimental/StereoPanorama/StereoPanorama.uplugin
LogPluginManager: Loaded Plugin StructBox, From C:/Program Files (x86)/Epic Games/4.14/Engine/Plugins/Experimental/StructBox/StructBox.uplugin
LogPluginManager: Loaded Plugin AndroidMedia, From C:/Program Files (x86)/Epic Games/4.14/Engine/Plugins/Media/AndroidMedia/AndroidMedia.uplugin
LogPluginManager: Loaded Plugin AvfMedia, From C:/Program Files (x86)/Epic Games/4.14/Engine/Plugins/Media/AvfMedia/AvfMedia.uplugin
LogPluginManager: Loaded Plugin MediaPlayerEditor, From C:/Program Files (x86)/Epic Games/4.14/Engine/Plugins/Media/MediaPlayerEditor/MediaPlayerEditor.uplugin
LogPluginManager: Loaded Plugin WmfMedia, From C:/Program Files (x86)/Epic Games/4.14/Engine/Plugins/Media/WmfMedia/WmfMedia.uplugin
LogPluginManager: Loaded Plugin MessagingDebugger, From C:/Program Files (x86)/Epic Games/4.14/Engine/Plugins/Messaging/MessagingDebugger/MessagingDebugger.uplugin
LogPluginManager: Loaded Plugin TcpMessaging, From C:/Program Files (x86)/Epic Games/4.14/Engine/Plugins/Messaging/TcpMessaging/TcpMessaging.uplugin
LogPluginManager: Loaded Plugin UdpMessaging, From C:/Program Files (x86)/Epic Games/4.14/Engine/Plugins/Messaging/UdpMessaging/UdpMessaging.uplugin
LogPluginManager: Loaded Plugin LevelSequenceEditor, From C:/Program Files (x86)/Epic Games/4.14/Engine/Plugins/MovieScene/LevelSequenceEditor/LevelSequenceEditor.uplugin
LogPluginManager: Loaded Plugin MatineeToLevelSequence, From C:/Program Files (x86)/Epic Games/4.14/Engine/Plugins/MovieScene/MatineeToLevelSequence/MatineeToLevelSequence.uplugin
LogPluginManager: Loaded Plugin NetcodeUnitTest, From C:/Program Files (x86)/Epic Games/4.14/Engine/Plugins/NetcodeUnitTest/NetcodeUnitTest/NetcodeUnitTest.uplugin
LogPluginManager: Loaded Plugin NUTUnrealEngine4, From C:/Program Files (x86)/Epic Games/4.14/Engine/Plugins/NetcodeUnitTest/NUTUnrealEngine4/NUTUnrealEngine4.uplugin
LogPluginManager: Loaded Plugin OnlineSubsystemGameCircle, From C:/Program Files (x86)/Epic Games/4.14/Engine/Plugins/Online/Android/OnlineSubsystemGameCircle/OnlineSubsystemGameCircle.uplugin
LogPluginManager: Loaded Plugin OnlineSubsystemGooglePlay, From C:/Program Files (x86)/Epic Games/4.14/Engine/Plugins/Online/Android/OnlineSubsystemGooglePlay/OnlineSubsystemGooglePlay.uplugin
LogPluginManager: Loaded Plugin OnlineSubsystemIOS, From C:/Program Files (x86)/Epic Games/4.14/Engine/Plugins/Online/IOS/OnlineSubsystemIOS/OnlineSubsystemIOS.uplugin
LogPluginManager: Loaded Plugin OnlineFramework, From C:/Program Files (x86)/Epic Games/4.14/Engine/Plugins/Online/OnlineFramework/OnlineFramework.uplugin
LogPluginManager: Loaded Plugin OnlineSubsystem, From C:/Program Files (x86)/Epic Games/4.14/Engine/Plugins/Online/OnlineSubsystem/OnlineSubsystem.uplugin
LogPluginManager: Loaded Plugin OnlineSubsystemAmazon, From C:/Program Files (x86)/Epic Games/4.14/Engine/Plugins/Online/OnlineSubsystemAmazon/OnlineSubsystemAmazon.uplugin
LogPluginManager: Loaded Plugin OnlineSubsystemFacebook, From C:/Program Files (x86)/Epic Games/4.14/Engine/Plugins/Online/OnlineSubsystemFacebook/OnlineSubsystemFacebook.uplugin
LogPluginManager: Loaded Plugin OnlineSubsystemNull, From C:/Program Files (x86)/Epic Games/4.14/Engine/Plugins/Online/OnlineSubsystemNull/OnlineSubsystemNull.uplugin
LogPluginManager: Loaded Plugin OnlineSubsystemOculus, From C:/Program Files (x86)/Epic Games/4.14/Engine/Plugins/Online/OnlineSubsystemOculus/OnlineSubsystemOculus.uplugin
LogPluginManager: Loaded Plugin OnlineSubsystemSteam, From C:/Program Files (x86)/Epic Games/4.14/Engine/Plugins/Online/OnlineSubsystemSteam/OnlineSubsystemSteam.uplugin
LogPluginManager: Loaded Plugin OnlineSubsystemUtils, From C:/Program Files (x86)/Epic Games/4.14/Engine/Plugins/Online/OnlineSubsystemUtils/OnlineSubsystemUtils.uplugin
LogPluginManager: Loaded Plugin IOSTapJoy, From C:/Program Files (x86)/Epic Games/4.14/Engine/Plugins/Runtime/Advertising/IOSTapJoy/IOSTapJoy.uplugin
LogPluginManager: Loaded Plugin AnalyticsBlueprintLibrary, From C:/Program Files (x86)/Epic Games/4.14/Engine/Plugins/Runtime/Analytics/AnalyticsBlueprintLibrary/AnalyticsBlueprintLibrary.uplugin
LogPluginManager: Loaded Plugin AnalyticsMulticast, From C:/Program Files (x86)/Epic Games/4.14/Engine/Plugins/Runtime/Analytics/AnalyticsMulticast/AnalyticsMulticast.uplugin
LogPluginManager: Loaded Plugin Apsalar, From C:/Program Files (x86)/Epic Games/4.14/Engine/Plugins/Runtime/Analytics/Apsalar/Apsalar.uplugin
LogPluginManager: Loaded Plugin FileLogging, From C:/Program Files (x86)/Epic Games/4.14/Engine/Plugins/Runtime/Analytics/FileLogging/FileLogging.uplugin
LogPluginManager: Loaded Plugin Flurry, From C:/Program Files (x86)/Epic Games/4.14/Engine/Plugins/Runtime/Analytics/Flurry/Flurry.uplugin
LogPluginManager: Loaded Plugin AndroidDeviceProfileSelector, From C:/Program Files (x86)/Epic Games/4.14/Engine/Plugins/Runtime/AndroidDeviceProfileSelector/AndroidDeviceProfileSelector.uplugin
LogPluginManager: Loaded Plugin AndroidMoviePlayer, From C:/Program Files (x86)/Epic Games/4.14/Engine/Plugins/Runtime/AndroidMoviePlayer/AndroidMoviePlayer.uplugin
LogPluginManager: Loaded Plugin AppleMoviePlayer, From C:/Program Files (x86)/Epic Games/4.14/Engine/Plugins/Runtime/AppleMoviePlayer/AppleMoviePlayer.uplugin
LogPluginManager: Loaded Plugin ArchVisCharacter, From C:/Program Files (x86)/Epic Games/4.14/Engine/Plugins/Runtime/ArchVisCharacter/ArchVisCharacter.uplugin
LogPluginManager: Loaded Plugin CableComponent, From C:/Program Files (x86)/Epic Games/4.14/Engine/Plugins/Runtime/CableComponent/CableComponent.uplugin
LogPluginManager: Loaded Plugin CustomMeshComponent, From C:/Program Files (x86)/Epic Games/4.14/Engine/Plugins/Runtime/CustomMeshComponent/CustomMeshComponent.uplugin
LogPluginManager: Loaded Plugin ExampleDeviceProfileSelector, From C:/Program Files (x86)/Epic Games/4.14/Engine/Plugins/Runtime/ExampleDeviceProfileSelector/ExampleDeviceProfileSelector.uplugin
LogPluginManager: Loaded Plugin GearVR, From C:/Program Files (x86)/Epic Games/4.14/Engine/Plugins/Runtime/GearVR/GearVR.uplugin
LogPluginManager: Loaded Plugin GoogleVRController, From C:/Program Files (x86)/Epic Games/4.14/Engine/Plugins/Runtime/GoogleVR/GoogleVRController/GoogleVRController.uplugin
LogPluginManager: Loaded Plugin GoogleVRHMD, From C:/Program Files (x86)/Epic Games/4.14/Engine/Plugins/Runtime/GoogleVR/GoogleVRHMD/GoogleVRHMD.uplugin
LogPluginManager: Loaded Plugin IOSDeviceProfileSelector, From C:/Program Files (x86)/Epic Games/4.14/Engine/Plugins/Runtime/IOSDeviceProfileSelector/IOSDeviceProfileSelector.uplugin
LogPluginManager: Loaded Plugin LeapMotion, From C:/Program Files (x86)/Epic Games/4.14/Engine/Plugins/Runtime/LeapMotion/LeapMotion.uplugin
LogPluginManager: Loaded Plugin LinuxDeviceProfileSelector, From C:/Program Files (x86)/Epic Games/4.14/Engine/Plugins/Runtime/LinuxDeviceProfileSelector/LinuxDeviceProfileSelector.uplugin
LogPluginManager: Loaded Plugin MIDIDevice, From C:/Program Files (x86)/Epic Games/4.14/Engine/Plugins/Runtime/MIDIDevice/MIDIDevice.uplugin
LogPluginManager: Loaded Plugin MobilePatchingUtils, From C:/Program Files (x86)/Epic Games/4.14/Engine/Plugins/Runtime/MobilePatchingUtils/MobilePatchingUtils.uplugin
LogPluginManager: Loaded Plugin Ansel, From C:/Program Files (x86)/Epic Games/4.14/Engine/Plugins/Runtime/Nvidia/Ansel/Ansel.uplugin
LogPluginManager: Loaded Plugin OculusAudio, From C:/Program Files (x86)/Epic Games/4.14/Engine/Plugins/Runtime/OculusAudio/OculusAudio.uplugin
LogPluginManager: Loaded Plugin OculusInput, From C:/Program Files (x86)/Epic Games/4.14/Engine/Plugins/Runtime/OculusInput/OculusInput.uplugin
LogPluginManager: Loaded Plugin OculusLibrary, From C:/Program Files (x86)/Epic Games/4.14/Engine/Plugins/Runtime/OculusLibrary/OculusLibrary.uplugin
LogPluginManager: Loaded Plugin OculusRift, From C:/Program Files (x86)/Epic Games/4.14/Engine/Plugins/Runtime/OculusRift/OculusRift.uplugin
LogPluginManager: Loaded Plugin Oodle, From C:/Program Files (x86)/Epic Games/4.14/Engine/Plugins/Runtime/PacketHandlers/CompressionComponents/Oodle/Oodle.uplugin
LogPluginManager: Loaded Plugin ProceduralMeshComponent, From C:/Program Files (x86)/Epic Games/4.14/Engine/Plugins/Runtime/ProceduralMeshComponent/ProceduralMeshComponent.uplugin
LogPluginManager: Loaded Plugin SoundMod, From C:/Program Files (x86)/Epic Games/4.14/Engine/Plugins/Runtime/SoundMod/SoundMod.uplugin
LogPluginManager: Loaded Plugin SoundVisualizations, From C:/Program Files (x86)/Epic Games/4.14/Engine/Plugins/Runtime/SoundVisualizations/SoundVisualizations.uplugin
LogPluginManager: Loaded Plugin SteamController, From C:/Program Files (x86)/Epic Games/4.14/Engine/Plugins/Runtime/Steam/SteamController/SteamController.uplugin
LogPluginManager: Loaded Plugin SteamVR, From C:/Program Files (x86)/Epic Games/4.14/Engine/Plugins/Runtime/Steam/SteamVR/SteamVR.uplugin
LogPluginManager: Loaded Plugin WebBrowserWidget, From C:/Program Files (x86)/Epic Games/4.14/Engine/Plugins/Runtime/WebBrowserWidget/WebBrowserWidget.uplugin
LogPluginManager: Loaded Plugin WindowsDeviceProfileSelector, From C:/Program Files (x86)/Epic Games/4.14/Engine/Plugins/Runtime/WindowsDeviceProfileSelector/WindowsDeviceProfileSelector.uplugin
LogPluginManager: Loaded Plugin WindowsMoviePlayer, From C:/Program Files (x86)/Epic Games/4.14/Engine/Plugins/Runtime/WindowsMoviePlayer/WindowsMoviePlayer.uplugin
LogPluginManager: Loaded Plugin ScriptPlugin, From C:/Program Files (x86)/Epic Games/4.14/Engine/Plugins/ScriptPlugin/ScriptPlugin.uplugin
LogPluginManager: Loaded Plugin SlateRemote, From C:/Program Files (x86)/Epic Games/4.14/Engine/Plugins/Slate/SlateRemote/SlateRemote.uplugin
LogPluginManager: Loaded Plugin EditorTests, From C:/Program Files (x86)/Epic Games/4.14/Engine/Plugins/Tests/EditorTests/EditorTests.uplugin
LogPluginManager: Loaded Plugin FbxAutomationTestBuilder, From C:/Program Files (x86)/Epic Games/4.14/Engine/Plugins/Tests/FbxAutomationTestBuilder/FbxAutomationTestBuilder.uplugin
LogPluginManager: Loaded Plugin FunctionalTestingEditor, From C:/Program Files (x86)/Epic Games/4.14/Engine/Plugins/Tests/FunctionalTestingEditor/FunctionalTestingEditor.uplugin
LogPluginManager: Loaded Plugin RuntimeTests, From C:/Program Files (x86)/Epic Games/4.14/Engine/Plugins/Tests/RuntimeTests/RuntimeTests.uplugin
LogPluginManager: Loaded Plugin ScreenshotTools, From C:/Program Files (x86)/Epic Games/4.14/Engine/Plugins/Tests/ScreenshotTools/ScreenshotTools.uplugin
LogInit: Using libcurl 7.47.1
LogInit:  - built for x86_64-pc-win32
LogInit:  - supports SSL with OpenSSL/1.0.2g
LogInit:  - supports HTTP deflate (compression) using libz 1.2.8
LogInit:  - other features:
LogInit:      CURL_VERSION_SSL
LogInit:      CURL_VERSION_LIBZ
LogInit:      CURL_VERSION_IPV6
LogInit:      CURL_VERSION_ASYNCHDNS
LogInit:      CURL_VERSION_LARGEFILE
LogInit:      CURL_VERSION_IDN
LogInit:  CurlRequestOptions (configurable via config and command line):
LogInit:  - bVerifyPeer = false  - Libcurl will NOT verify peer certificate
LogInit:  - bUseHttpProxy = false  - Libcurl will NOT use HTTP proxy
LogInit:  - bDontReuseConnections = false  - Libcurl will reuse connections
LogInit:  - CertBundlePath = nullptr  - Libcurl will use whatever was configured at build time.
LogInit: Build: ++UE4+Release-4.14-CL-3224400
LogInit: Engine Version: 4.14.1-3224400+++UE4+Release-4.14
LogInit: Compatible Engine Version: 4.14.0-3195953+++UE4+Release-4.14
LogInit: Net CL: 3195953
LogDevObjectVersion: Number of dev versions registered: 13
LogDevObjectVersion:   Dev-Blueprints (B0D832E4-1F89-4F0D-ACCF-7EB736FD4AA2): 7
LogDevObjectVersion:   Dev-Build (E1C64328-A22C-4D53-A36C-8E866417BD8C): 0
LogDevObjectVersion:   Dev-Core (375EC13C-06E4-48FB-B500-84F0262A717E): 1
LogDevObjectVersion:   Dev-Editor (E4B068ED-F494-42E9-A231-DA0B2E46BB41): 8
LogDevObjectVersion:   Dev-Framework (CFFC743F-43B0-4480-9391-14DF171D2073): 17
LogDevObjectVersion:   Dev-Mobile (B02B49B5-BB20-44E9-A304-32B752E40360): 0
LogDevObjectVersion:   Dev-Networking (A4E4105C-59A1-49B5-A7C5-40C4547EDFEE): 0
LogDevObjectVersion:   Dev-Online (39C831C9-5AE6-47DC-9A44-9C173E1C8E7C): 0
LogDevObjectVersion:   Dev-Physics (78F01B33-EBEA-4F98-B9B4-84EACCB95AA2): 0
LogDevObjectVersion:   Dev-Platform (6631380F-2D4D-43E0-8009-CF276956A95A): 0
LogDevObjectVersion:   Dev-Rendering (12F88B9F-8875-4AFC-A67C-D90C383ABD29): 12
LogDevObjectVersion:   Dev-Sequencer (7B5AE74C-D270-4C10-A958-57980B212A5A): 1
LogDevObjectVersion:   Dev-VR (D7296918-1DD6-4BDD-9DE2-64A83CC13884): 0
LogInit: Compiled (64-bit): Dec  7 2016 02:14:32
LogInit: Compiled with Visual C++: 19.00.23026.00
LogInit: Build Configuration: Development
LogInit: Branch Name: ++UE4+Release-4.14
LogInit: Command line:  
LogInit: Base directory: C:/Program Files (x86)/Epic Games/4.14/Engine/Binaries/Win64/
LogInit: Installed Engine Build: 1
LogInit: Presizing for max 8388607 objects, including 0 objects not considered by GC, pre-allocating 0 bytes for permanent pool.
LogInit: Object subsystem initialized
[2017.03.23-15.03.16:336][  0]LogInit: Selected Device Profile: [Windows]
[2017.03.23-15.03.16:336][  0]LogInit: Applying CVar settings loaded from the selected device profile: [Windows]
[2017.03.23-15.03.16:381][  0]LogInit: Computer: DESKTOP-VTD5TTC
[2017.03.23-15.03.16:381][  0]LogInit: User: Sabrina
[2017.03.23-15.03.16:381][  0]LogInit: CPU Page size=65536, Cores=2
[2017.03.23-15.03.16:381][  0]LogInit: High frequency timer resolution =2.742189 MHz
[2017.03.23-15.03.16:382][  0]LogMemory: Memory total: Physical=15.9GB (16GB approx)
[2017.03.23-15.03.16:382][  0]LogMemory: Platform Memory Stats for Windows
[2017.03.23-15.03.16:382][  0]LogMemory: Process Physical Memory: 263.47 MB used, 263.47 MB peak
[2017.03.23-15.03.16:382][  0]LogMemory: Process Virtual Memory: 262.37 MB used, 262.37 MB peak
[2017.03.23-15.03.16:382][  0]LogMemory: Physical Memory: 8595.59 MB used,  7714.52 MB free, 16310.11 MB total
[2017.03.23-15.03.16:382][  0]LogMemory: Virtual Memory: 674.74 MB used,  7714.52 MB free, 134217728.00 MB total
[2017.03.23-15.03.16:741][  0]LogTextLocalizationManager: No specific translations for ('en-US') exist, so ('en') translations will be used.
[2017.03.23-15.03.20:504][  0]LogD3D11RHI: D3D11 adapters:
[2017.03.23-15.03.20:547][  0]LogD3D11RHI:    0. 'NVIDIA GeForce GPU' (Feature Level 11_0)
[2017.03.23-15.03.20:547][  0]LogD3D11RHI:       996/0/8155 MB DedicatedVideo/DedicatedSystem/SharedSystem, Outputs:1, VendorId:0x10de
[2017.03.23-15.03.20:555][  0]LogD3D11RHI:    1. 'Intel(R) HD Graphics 520' (Feature Level 11_0)
[2017.03.23-15.03.20:555][  0]LogD3D11RHI:       128/0/8155 MB DedicatedVideo/DedicatedSystem/SharedSystem, Outputs:0, VendorId:0x8086
[2017.03.23-15.03.20:557][  0]LogD3D11RHI:    2. 'Microsoft Basic Render Driver' (Feature Level 11_0)
[2017.03.23-15.03.20:557][  0]LogD3D11RHI:       0/0/8155 MB DedicatedVideo/DedicatedSystem/SharedSystem, Outputs:0, VendorId:0x1414
[2017.03.23-15.03.20:557][  0]LogD3D11RHI: Chosen D3D11 Adapter: 0
[2017.03.23-15.03.20:564][  0]LogD3D11RHI: Creating new Direct3DDevice
[2017.03.23-15.03.20:564][  0]LogD3D11RHI:     GPU DeviceId: 0x134b (for the marketing name, search the web for "GPU Device Id")
[2017.03.23-15.03.20:564][  0]LogWindows: EnumDisplayDevices:
[2017.03.23-15.03.20:564][  0]LogWindows:    0. 'Intel(R) HD Graphics 520' (P:1 D:1)
[2017.03.23-15.03.20:565][  0]LogWindows:    1. 'Intel(R) HD Graphics 520' (P:0 D:0)
[2017.03.23-15.03.20:565][  0]LogWindows:    2. 'Intel(R) HD Graphics 520' (P:0 D:0)
[2017.03.23-15.03.20:565][  0]LogWindows: DebugString: PrimaryIsNotTheChoosenAdapter PrimaryIsNotTheChoosenAdapter PrimaryIsNotTheChoosenAdapter FoundDriverCount:0 
[2017.03.23-15.03.20:565][  0]LogD3D11RHI:     Adapter Name: NVIDIA GeForce GPU
[2017.03.23-15.03.20:565][  0]LogD3D11RHI:   Driver Version: Unknown (internal:Unknown, unified:Unknown)
[2017.03.23-15.03.20:565][  0]LogD3D11RHI:      Driver Date: Unknown
[2017.03.23-15.03.20:566][  0]LogRHI: Texture pool is 697 MB (70% of 996 MB)
[2017.03.23-15.03.20:580][  0]LogD3D11RHI: Async texture creation enabled
[2017.03.23-15.03.20:614][  0]LogD3D11RHI: GPU Timing Frequency: 1000.000000 (Debug: 2 2)
[2017.03.23-15.03.20:620][  0]LogShaderCompilers: Guid format shader working directory is -22 characters bigger than the processId version (../../../../../../Users/Sabrina/Documents/Call-Of-Bread/Call_Of_bread/Intermediate/Shaders/WorkingDirectory/13656/).
[2017.03.23-15.03.20:620][  0]LogShaderCompilers: Cleaned the shader compiler working directory 'C:/Users/Sabrina/AppData/Local/Temp/UnrealShaderWorkingDir/36D7A6B84711084364A6AE9564962703/'.
[2017.03.23-15.03.20:620][  0]LogShaderCompilers:Display: Using Local Shader Compiler.
[2017.03.23-15.03.23:818][  0]LogTemp:Display: Loaded TP AllDesktopTargetPlatform
[2017.03.23-15.03.23:880][  0]LogTemp:Display: Loaded TP MacClientTargetPlatform
[2017.03.23-15.03.23:937][  0]LogTemp:Display: Loaded TP MacNoEditorTargetPlatform
[2017.03.23-15.03.23:992][  0]LogTemp:Display: Loaded TP MacServerTargetPlatform
[2017.03.23-15.03.24:083][  0]LogTemp:Display: Loaded TP MacTargetPlatform
[2017.03.23-15.03.24:140][  0]LogTemp:Display: Loaded TP WindowsClientTargetPlatform
[2017.03.23-15.03.24:205][  0]LogTemp:Display: Loaded TP WindowsNoEditorTargetPlatform
[2017.03.23-15.03.24:264][  0]LogTemp:Display: Loaded TP WindowsServerTargetPlatform
[2017.03.23-15.03.24:312][  0]LogTemp:Display: Loaded TP WindowsTargetPlatform
[2017.03.23-15.03.24:417][  0]LogTemp:Display: Loaded TP AndroidTargetPlatform
[2017.03.23-15.03.24:481][  0]LogTemp:Display: Loaded TP Android_ASTCTargetPlatform
[2017.03.23-15.03.24:544][  0]LogTemp:Display: Loaded TP Android_ATCTargetPlatform
[2017.03.23-15.03.24:618][  0]LogTemp:Display: Loaded TP Android_DXTTargetPlatform
[2017.03.23-15.03.24:707][  0]LogTemp:Display: Loaded TP Android_ETC1TargetPlatform
[2017.03.23-15.03.24:814][  0]LogTemp:Display: Loaded TP Android_ETC2TargetPlatform
[2017.03.23-15.03.25:017][  0]LogTemp:Display: Loaded TP Android_MultiTargetPlatform
[2017.03.23-15.03.25:017][  0]LogTemp:Display: Loaded TP Android_PVRTCTargetPlatform
[2017.03.23-15.03.25:082][  0]LogTemp:Display: Loaded TP HTML5TargetPlatform
[2017.03.23-15.03.25:248][  0]LogTemp:Display: Loaded TP IOSTargetPlatform
[2017.03.23-15.03.25:327][  0]LogTemp:Display: Loaded TP TVOSTargetPlatform
[2017.03.23-15.03.25:449][  0]LogTemp:Display: Loaded TP LinuxClientTargetPlatform
[2017.03.23-15.03.25:530][  0]LogTemp:Display: Loaded TP LinuxNoEditorTargetPlatform
[2017.03.23-15.03.25:594][  0]LogTemp:Display: Loaded TP LinuxServerTargetPlatform
[2017.03.23-15.03.25:688][  0]LogTemp:Display: Loaded TP LinuxTargetPlatform
[2017.03.23-15.03.25:688][  0]LogTargetPlatformManager:Display: Building Assets For Windows
[2017.03.23-15.03.26:544][  0]LogDerivedDataCache:Display: Max Cache Size: 512 MB
[2017.03.23-15.03.26:752][  0]LogDerivedDataCache: Loaded boot cache 0.21s 50MB C:/Users/Sabrina/AppData/Local/UnrealEngine/4.14/DerivedDataCache/Boot.ddc.
[2017.03.23-15.03.26:752][  0]LogDerivedDataCache:Display: Loaded Boot cache: C:/Users/Sabrina/AppData/Local/UnrealEngine/4.14/DerivedDataCache/Boot.ddc
[2017.03.23-15.03.26:752][  0]LogDerivedDataCache: FDerivedDataBackendGraph:  Pak pak cache file ../../../../../../Users/Sabrina/Documents/Call-Of-Bread/Call_Of_bread/DerivedDataCache/DDC.ddp not found, will not use a pak cache.
[2017.03.23-15.03.26:752][  0]LogDerivedDataCache: Unable to find inner node Pak for hierarchical cache Hierarchy.
[2017.03.23-15.03.26:752][  0]LogDerivedDataCache: FDerivedDataBackendGraph:  CompressedPak pak cache file ../../../../../../Users/Sabrina/Documents/Call-Of-Bread/Call_Of_bread/DerivedDataCache/Compressed.ddp not found, will not use a pak cache.
[2017.03.23-15.03.26:752][  0]LogDerivedDataCache: Unable to find inner node CompressedPak for hierarchical cache Hierarchy.
[2017.03.23-15.03.26:784][  0]LogDerivedDataCache:Display: Pak cache opened for reading ../../../Engine/DerivedDataCache/Compressed.ddp.
[2017.03.23-15.03.26:797][  0]LogDerivedDataCache: Using Local data cache path C:/Users/Sabrina/AppData/Local/UnrealEngine/Common/DerivedDataCache: Writable
[2017.03.23-15.03.30:134][  0]LogInit: Selected Device Profile: [Windows]
[2017.03.23-15.03.30:143][  0]LogContentStreaming: Texture pool size is 0.00 MB
[2017.03.23-15.03.30:473][  0]LogMeshUtilities: Using QuadricMeshReduction for automatic static mesh reduction
[2017.03.23-15.03.30:536][  0]LogSimplygon: Simplygon DLL not present - disabling.
[2017.03.23-15.03.30:599][  0]LogMeshUtilities: Using SimplygonSwarm for distributed automatic mesh merging
[2017.03.23-15.03.30:599][  0]LogMeshUtilities: No automatic skeletal mesh reduction module available
[2017.03.23-15.03.30:599][  0]LogMeshUtilities: No automatic mesh merging module available
[2017.03.23-15.03.32:245][  0]LogNetVersion: GetLocalNetworkVersion: CL: 3195953, ProjectName: call_of_bread, ProjectVersion: , EngineNetworkVersion: 2, GameNetworkVersion: 0, NetworkChecksum: 1183517265
[2017.03.23-15.03.32:341][  0]LogAssetRegistry: FAssetRegistry took 0.0268 seconds to start up
[2017.03.23-15.03.32:413][  0]LogPackageLocalizationCache: Processed 3 localized package path(s) for 2 prioritized culture(s) in 0.044105 seconds
[2017.03.23-15.03.32:422][  0]LogUObjectArray: 31946 objects as part of root set at end of initial load.
[2017.03.23-15.03.32:422][  0]LogUObjectAllocator: 6935840 out of 0 bytes used by permanent object pool.
[2017.03.23-15.03.32:422][  0]LogUObjectArray: CloseDisregardForGC: 0/0 objects in disregard for GC pool
[2017.03.23-15.03.32:514][  0]LogInit: WinSock: version 1.1 (2.2), MaxSocks=32767, MaxUdp=65467
[2017.03.23-15.03.33:687][  0]LogSlate: Using Freetype 2.6.0
[2017.03.23-15.03.33:708][  0]LogSlate: SlateFontCache - WITH_FREETYPE: 1, WITH_HARFBUZZ: 1
[2017.03.23-15.03.33:708][  0]LogSlate: SlateFontCache - WITH_FREETYPE: 1, WITH_HARFBUZZ: 1
[2017.03.23-15.03.37:869][  0]LogTcpMessaging: Initializing TcpMessaging bridge
[2017.03.23-15.03.37:915][  0]LogUdpMessaging: Initializing bridge on interface 0.0.0.0:0 to multicast group 230.0.0.1:6666.
[2017.03.23-15.03.38:436][  0]LogMaterial: Uniform references updated for custom material expression Custom.
[2017.03.23-15.03.39:052][  0]SourceControl: Info Source control is disabled
[2017.03.23-15.03.39:089][  0]SourceControl: Info Source control is disabled
[2017.03.23-15.03.39:149][  0]SourceControl: Info Source control is disabled
[2017.03.23-15.03.39:201][  0]SourceControl: Info Source control is disabled
[2017.03.23-15.03.41:304][  0]LogEngine: Initializing Engine...
[2017.03.23-15.03.41:306][  0]LogHMD: Failed to initialize OpenVR with code 110
[2017.03.23-15.03.42:153][  0]LogAIModule: Creating AISystem for world Untitled
[2017.03.23-15.03.42:177][  0]LogInit: XAudio2 using 'Speakers (Realtek High Definition Audio(SST))' : 2 channels at 48 kHz using 32 bits per sample (channel mask 0x3)
[2017.03.23-15.03.42:200][  0]LogInit: FAudioDevice initialized.
[2017.03.23-15.03.42:234][  0]LogDerivedDataCache: Saved boot cache 0.03s 50MB C:/Users/Sabrina/AppData/Local/UnrealEngine/4.14/DerivedDataCache/Boot.ddc.
[2017.03.23-15.03.42:244][  0]LogInit: Texture streaming: Enabled
[2017.03.23-15.03.42:534][  0]LogWindowsTextInputMethodSystem:Display: IME system now deactivated.
[2017.03.23-15.03.42:534][  0]LogWindowsTextInputMethodSystem:Display: IME system now deactivated.
[2017.03.23-15.03.42:608][  0]LogInit: Transaction tracking system initialized
[2017.03.23-15.03.43:236][  0]BlueprintLog: New page: Editor Load
[2017.03.23-15.03.44:605][  0]LocalizationService: Info Localization service is disabled
[2017.03.23-15.03.45:538][  0]LogConsoleResponse:Display: 
[2017.03.23-15.03.46:337][  0]LogCook:Display: Max memory allowance for cook 16384mb min free memory 0mb
[2017.03.23-15.03.46:337][  0]LogCook:Display: Mobile HDR setting 1
[2017.03.23-15.03.46:938][  0]LogFileCache: Scanning file cache for directory 'C:/Users/Sabrina/Documents/Call-Of-Bread/Call_Of_bread/Content/' took 0.02s
[2017.03.23-15.03.49:715][  0]SourceControl: Info Source control is disabled
[2017.03.23-15.03.49:719][  0]Cmd: MAP LOAD FILE="../../../../../../Users/Sabrina/Documents/Call-Of-Bread/Call_Of_bread/Content/ThirdPersonBP/Maps/ThirdPersonExampleMap.umap" TEMPLATE=0 SHOWPROGRESS=1 FEATURELEVEL=3
[2017.03.23-15.03.49:768][  0]LightingResults: New page: Lighting Build
[2017.03.23-15.03.50:062][  0]MapCheck: New page: Map Check
[2017.03.23-15.03.50:062][  0]LightingResults: New page: Lighting Build
[2017.03.23-15.03.51:635][  0]LogAIModule: Creating AISystem for world ThirdPersonExampleMap
[2017.03.23-15.03.51:931][  0]LogEditorServer: Finished looking for orphan Actors (0.000 secs)
[2017.03.23-15.03.51:934][  0]Cmd: MAP CHECKDEP NOCLEARLOG
[2017.03.23-15.03.52:006][  0]MapCheck: Info Map check complete: 0 Error(s), 0 Warning(s), took 71.724ms to complete.
[2017.03.23-15.03.52:006][  0]LogFileHelpers: Loading map 'ThirdPersonExampleMap' took 2.288
[2017.03.23-15.03.52:335][  0]LogCollectionManager: Loaded 0 collections in 0.002324 seconds
[2017.03.23-15.03.52:493][  0]LogFileCache: Scanning file cache for directory 'C:/Users/Sabrina/Documents/Call-Of-Bread/Call_Of_bread/Saved/Collections/' took 0.01s
[2017.03.23-15.03.52:493][  0]LogFileCache: Scanning file cache for directory 'C:/Users/Sabrina/Documents/Call-Of-Bread/Call_Of_bread/Content/Developers/Sabrina/Collections/' took 0.01s
[2017.03.23-15.03.52:493][  0]LogFileCache: Scanning file cache for directory 'C:/Users/Sabrina/Documents/Call-Of-Bread/Call_Of_bread/Content/Collections/' took 0.01s
[2017.03.23-15.03.52:493][  0]LogCollectionManager: Rebuilt the GUID cache for 0 collections in 0.000003 seconds
[2017.03.23-15.03.52:514][  0]LogContentBrowser: Native class hierarchy populated in 0.0177 seconds. Added 2190 classes and 428 folders.
[2017.03.23-15.03.52:633][  0]LogStats: UGameplayTagsManager::ConstructGameplayTagTree: Construct from data asset -  0.000 s
[2017.03.23-15.03.52:633][  0]LogStats: UGameplayTagsManager::ConstructGameplayTagTree: GameplayTagTreeChangedEvent.Broadcast -  0.000 s
[2017.03.23-15.03.52:634][  0]LogContentBrowser: Native class hierarchy updated for 'GameplayTags' in 0.0009 seconds. Added 13 classes and 0 folders.
[2017.03.23-15.03.52:741][  0]LogContentBrowser: Native class hierarchy updated for 'WidgetCarousel' in 0.0007 seconds. Added 0 classes and 0 folders.
[2017.03.23-15.03.53:175][  0]LogContentBrowser: Native class hierarchy updated for 'AddContentDialog' in 0.0007 seconds. Added 0 classes and 0 folders.
[2017.03.23-15.03.53:240][  0]LogContentBrowser: Native class hierarchy updated for 'SceneOutliner' in 0.0007 seconds. Added 1 classes and 2 folders.
[2017.03.23-15.03.53:463][  0]LogCrashTracker: Crashtracker disabled due to settings.
[2017.03.23-15.03.53:480][  0]LogUObjectGlobals:Warning: Failed to find object 'Class None.'
[2017.03.23-15.03.53:595][  0]LogContentBrowser: Native class hierarchy updated for 'HierarchicalLODOutliner' in 0.0008 seconds. Added 1 classes and 2 folders.
[2017.03.23-15.03.53:596][  0]LogLoad: (Engine Initialization) Total time: 41.19 seconds
[2017.03.23-15.03.53:596][  0]LogLoad: (Engine Initialization) Total Blueprint compile time: 0.37 seconds
[2017.03.23-15.03.53:596][  0]LogExternalProfiler: Found external profiler: VSPerf
[2017.03.23-15.03.53:596][  0]LogExternalProfiler: Using external profiler: VSPerf
[2017.03.23-15.03.53:616][  0]LogOcInput: OculusInput pre-init called
[2017.03.23-15.03.53:668][  0]LogContentStreaming: Texture pool size now 1000 MB
[2017.03.23-15.03.53:984][  2]LogRenderer: Reallocating scene render targets to support 1076x444 NumSamples 1 (Frame:2).
[2017.03.23-15.03.54:094][  2]LogAssetRegistry: Asset discovery search completed in 21.7748 seconds
[2017.03.23-15.03.54:094][  2]LogCollectionManager: Rebuilt the object cache for 0 collections in 0.000001 seconds (found 0 objects)
[2017.03.23-15.03.54:094][  2]LogCollectionManager: Fixed up redirectors for 0 collections in 0.000262 seconds (updated 0 objects)
[2017.03.23-15.05.53:165][895]LogFactory: FactoryCreateFile: StaticMesh with FbxFactory (0 0 C:\Users\Sabrina\Desktop\CALL OF BREAD GAME\Fbx files\PotKitchen.fbx)
[2017.03.23-15.05.53:208][895]LogFbx: ItemName: GlobalSettings, ItemCount : 1
[2017.03.23-15.05.53:208][895]LogFbx: ItemName: NodeAttribute, ItemCount : 1
[2017.03.23-15.05.53:208][895]LogFbx: ItemName: Geometry, ItemCount : 1
[2017.03.23-15.05.53:208][895]LogFbx: ItemName: Model, ItemCount : 2
[2017.03.23-15.05.53:208][895]LogFbx: ItemName: Material, ItemCount : 2
[2017.03.23-15.05.53:219][895]LogFbx: Loading FBX Scene from C:\Users\Sabrina\Desktop\CALL OF BREAD GAME\Fbx files\PotKitchen.fbx
[2017.03.23-15.05.53:234][895]LogFbx: FBX Scene Loaded Succesfully
[2017.03.23-15.05.54:772][895]LogFbx: Loading FBX Scene from C:\Users\Sabrina\Desktop\CALL OF BREAD GAME\Fbx files\PotKitchen.fbx
[2017.03.23-15.05.54:782][895]LogFbx: FBX Scene Loaded Succesfully
[2017.03.23-15.05.54:802][895]LogLinker: Can't find file '/Game/Assets/Kitchencounterclutter/Material_002'
[2017.03.23-15.05.54:802][895]LogLinker: Can't find file '/Game/Assets/Kitchencounterclutter/Material_002'
[2017.03.23-15.05.54:812][895]LogMaterial: Missing cached shader map for material Material_002, compiling. 
[2017.03.23-15.05.54:852][895]LogFbx:Warning: Triangulating static mesh Cylinder
[2017.03.23-15.05.55:589][895]LogStaticMesh: Building static mesh PotKitchen...
[2017.03.23-15.05.55:747][895]LogStaticMesh: Built static mesh [0.16s] /Game/Assets/Kitchencounterclutter/PotKitchen.PotKitchen
[2017.03.23-15.05.55:794][895]FBXImport:Warning: Warning No smoothing group information was found in this FBX scene.  Please make sure to enable the 'Export Smoothing Groups' option in the FBX Exporter plug-in before exporting the file.  Even for tools that don't support smoothing groups, the FBX Exporter will generate appropriate smoothing data at export-time so that correct vertex normals can be inferred while importing. 
[2017.03.23-15.06.07:206][449]LogRenderer: Reallocating scene render targets to support 1076x692 NumSamples 1 (Frame:6442).
[2017.03.23-15.07.11:537][302]LogEditorFactories: Performing atomic reimport of [C:/Users/Sabrina/Desktop/CALL OF BREAD GAME/Fbx files/PotKitchen.fbx]
[2017.03.23-15.07.11:571][302]LogFbx: Loading FBX Scene from C:/Users/Sabrina/Desktop/CALL OF BREAD GAME/Fbx files/PotKitchen.fbx
[2017.03.23-15.07.11:584][302]LogFbx: FBX Scene Loaded Succesfully
[2017.03.23-15.07.11:590][302]LogFbx:Warning: Warning No smoothing group information was found in this FBX scene.  Please make sure to enable the 'Export Smoothing Groups' option in the FBX Exporter plug-in before exporting the file.  Even for tools that don't support smoothing groups, the FBX Exporter will generate appropriate smoothing data at export-time so that correct vertex normals can be inferred while importing.
[2017.03.23-15.07.11:591][302]LogFbx:Warning: Triangulating static mesh Cylinder
[2017.03.23-15.07.12:155][302]LogStaticMesh: Building static mesh PotKitchen...
[2017.03.23-15.07.12:264][302]LogStaticMesh: Built static mesh [0.14s] /Game/Assets/Kitchencounterclutter/PotKitchen.PotKitchen
[2017.03.23-15.07.12:284][302]LogEditorFactories: -- imported successfully
[2017.03.23-15.07.37:746][978]LogMaterial: Missing cached shader map for material Material_001, compiling. 
[2017.03.23-15.07.37:907][978]LogMaterial: Missing cached shader map for material Material_001, compiling. 
[2017.03.23-15.07.37:922][978]LogMaterial: 0.00 seconds spent updating 1 materials, 1 interfaces, 0 instances, 0 with static permutations.
[2017.03.23-15.07.37:952][978]LogMaterial: Missing cached shader map for material FMatExpressionPreview MaterialExpressionVectorParameter_0, compiling. 
[2017.03.23-15.07.41:972][120]MaterialEditorStats: Info Base pass shader with only dynamic lighting: 22 instructions
[2017.03.23-15.07.41:972][120]MaterialEditorStats: Info Vertex shader: 29 instructions
[2017.03.23-15.07.41:972][120]MaterialEditorStats: Info Texture samplers: 0/16
[2017.03.23-15.11.11:635][467]LogMaterial: Missing cached shader map for material Material_001, compiling. 
[2017.03.23-15.11.11:648][467]LogMaterial: 0.00 seconds spent updating 1 materials, 1 interfaces, 0 instances, 0 with static permutations.
[2017.03.23-15.11.14:762][558]MaterialEditorStats: Info Base pass shader with only dynamic lighting: 22 instructions
[2017.03.23-15.11.14:762][558]MaterialEditorStats: Info Vertex shader: 29 instructions
[2017.03.23-15.11.14:762][558]MaterialEditorStats: Info Texture samplers: 0/16
[2017.03.23-15.11.15:081][566]LogMaterial: Missing cached shader map for material Material_001, compiling. 
[2017.03.23-15.11.15:093][566]LogMaterial: 0.00 seconds spent updating 1 materials, 1 interfaces, 0 instances, 0 with static permutations.
[2017.03.23-15.11.17:515][659]LogMaterial: Missing cached shader map for material Material_001, compiling. 
[2017.03.23-15.11.17:527][659]LogMaterial: 0.00 seconds spent updating 1 materials, 1 interfaces, 0 instances, 0 with static permutations.
[2017.03.23-15.11.20:432][709]MaterialEditorStats: Info Base pass shader with only dynamic lighting: 22 instructions
[2017.03.23-15.11.20:433][709]MaterialEditorStats: Info Vertex shader: 29 instructions
[2017.03.23-15.11.20:433][709]MaterialEditorStats: Info Texture samplers: 0/16
[2017.03.23-15.11.29:786][974]LogMaterial: Missing cached shader map for material Material_001, compiling. 
[2017.03.23-15.11.29:798][974]LogMaterial: 0.00 seconds spent updating 1 materials, 1 interfaces, 0 instances, 0 with static permutations.
[2017.03.23-15.11.32:064][ 41]MaterialEditorStats: Info Base pass shader with only dynamic lighting: 22 instructions
[2017.03.23-15.11.32:064][ 41]MaterialEditorStats: Info Vertex shader: 29 instructions
[2017.03.23-15.11.32:064][ 41]MaterialEditorStats: Info Texture samplers: 0/16
[2017.03.23-15.11.37:220][186]LogMaterial: Missing cached shader map for material Material_001, compiling. 
[2017.03.23-15.11.37:234][186]LogMaterial: 0.00 seconds spent updating 1 materials, 1 interfaces, 0 instances, 0 with static permutations.
[2017.03.23-15.11.39:628][270]MaterialEditorStats: Info Base pass shader with only dynamic lighting: 22 instructions
[2017.03.23-15.11.39:628][270]MaterialEditorStats: Info Vertex shader: 29 instructions
[2017.03.23-15.11.39:628][270]MaterialEditorStats: Info Texture samplers: 0/16
[2017.03.23-15.11.40:643][319]LogMaterial: Missing cached shader map for material Material_001, compiling. 
[2017.03.23-15.11.40:656][319]LogMaterial: 0.00 seconds spent updating 1 materials, 1 interfaces, 0 instances, 0 with static permutations.
[2017.03.23-15.11.43:581][427]MaterialEditorStats: Info Base pass shader with only dynamic lighting: 22 instructions
[2017.03.23-15.11.43:581][427]MaterialEditorStats: Info Vertex shader: 29 instructions
[2017.03.23-15.11.43:581][427]MaterialEditorStats: Info Texture samplers: 0/16
[2017.03.23-15.12.07:625][244]LogMaterialEditor: Applying material Material_001
[2017.03.23-15.12.08:112][244]LogMaterial: Missing cached shader map for material Material_001, compiling. 
[2017.03.23-15.12.08:134][244]LogMaterial: 0.00 seconds spent updating 1 materials, 1 interfaces, 0 instances, 0 with static permutations.
[2017.03.23-15.12.08:175][244]LogMaterial: Missing cached shader map for material Material_001, compiling. 
[2017.03.23-15.12.08:240][244]LogMaterial: Missing cached shader map for material Material_001, compiling. 
[2017.03.23-15.12.08:262][244]LogMaterial: 0.00 seconds spent updating 1 materials, 1 interfaces, 0 instances, 0 with static permutations.
[2017.03.23-15.12.37:003][987]LogMaterial: Missing cached shader map for material PreviewMaterial_0, compiling. 
[2017.03.23-15.12.37:096][987]LogMaterial: Missing cached shader map for material PreviewMaterial_0, compiling. 
[2017.03.23-15.12.37:107][987]LogMaterial: 0.00 seconds spent updating 1 materials, 1 interfaces, 0 instances, 0 with static permutations.
[2017.03.23-15.12.37:169][987]LogMaterial: Missing cached shader map for material FMatExpressionPreview MaterialExpressionVectorParameter_0, compiling. 
[2017.03.23-15.12.41:792][100]MaterialEditorStats: Info Base pass shader with only dynamic lighting: 22 instructions
[2017.03.23-15.12.41:792][100]MaterialEditorStats: Info Vertex shader: 29 instructions
[2017.03.23-15.12.41:792][100]MaterialEditorStats: Info Texture samplers: 0/16
[2017.03.23-15.12.59:631][617]LogSavePackage: Save=20.48ms
[2017.03.23-15.12.59:631][617]LogSavePackage: Moving '../../../../../../Users/Sabrina/Documents/Call-Of-Bread/Call_Of_bread/Saved/StainlessSteelFE783F514D06E9D09E91FDA814CCDF7A.tmp' to '../../../../../../Users/Sabrina/Documents/Call-Of-Bread/Call_Of_bread/Content/Assets/Kitchencounterclutter/StainlessSteel.uasset'
[2017.03.23-15.12.59:638][617]LogSavePackage:Display: Finished SavePackage ../../../../../../Users/Sabrina/Documents/Call-Of-Bread/Call_Of_bread/Content/Assets/Kitchencounterclutter/StainlessSteel.uasset
[2017.03.23-15.13.05:491][928]LogMaterial: Missing cached shader map for material Material_002, compiling. 
[2017.03.23-15.13.05:560][928]LogMaterial: Missing cached shader map for material Material_002, compiling. 
[2017.03.23-15.13.05:577][928]LogMaterial: 0.00 seconds spent updating 1 materials, 1 interfaces, 0 instances, 0 with static permutations.
[2017.03.23-15.13.05:606][928]LogMaterial: Missing cached shader map for material FMatExpressionPreview MaterialExpressionVectorParameter_0, compiling. 
[2017.03.23-15.13.10:173][117]MaterialEditorStats: Info Base pass shader with only dynamic lighting: 22 instructions
[2017.03.23-15.13.10:173][117]MaterialEditorStats: Info Vertex shader: 29 instructions
[2017.03.23-15.13.10:173][117]MaterialEditorStats: Info Texture samplers: 0/16
[2017.03.23-15.13.26:466][724]LogSavePackage: Save=18.27ms
[2017.03.23-15.13.26:466][724]LogSavePackage: Moving '../../../../../../Users/Sabrina/Documents/Call-Of-Bread/Call_Of_bread/Saved/PotKitchen1FA2664C476BBC6F10BE3C9BD1F2AAC9.tmp' to '../../../../../../Users/Sabrina/Documents/Call-Of-Bread/Call_Of_bread/Content/Assets/Kitchencounterclutter/PotKitchen.uasset'
[2017.03.23-15.13.26:470][724]LogSavePackage:Display: Finished SavePackage ../../../../../../Users/Sabrina/Documents/Call-Of-Bread/Call_Of_bread/Content/Assets/Kitchencounterclutter/PotKitchen.uasset
[2017.03.23-15.13.56:092][ 83]LogFileHelpers: Editor autosave (incl. sublevels) for '/Game/ThirdPersonBP/Maps/ThirdPersonExampleMap' took 0.022
[2017.03.23-15.13.56:094][ 83]OBJ SavePackage: Generating thumbnails for [1] asset(s) in package [/Game/Assets/Kitchencounterclutter/Material_002] ([1] browsable assets)...
[2017.03.23-15.13.56:175][ 83]OBJ SavePackage:     Rendered thumbnail for [Material /Game/Assets/Kitchencounterclutter/Material_002.Material_002]
[2017.03.23-15.13.56:175][ 83]OBJ SavePackage: Finished generating thumbnails for package [/Game/Assets/Kitchencounterclutter/Material_002]
[2017.03.23-15.13.56:192][ 83]LogSavePackage: Save=15.42ms
[2017.03.23-15.13.56:192][ 83]LogSavePackage: Moving '../../../../../../Users/Sabrina/Documents/Call-Of-Bread/Call_Of_bread/Saved/Material_002_Auto11A2F3D5C47E37B3AC3E7659D555B4F74.tmp' to '../../../../../../Users/Sabrina/Documents/Call-Of-Bread/Call_Of_bread/Saved/Autosaves/Game/Assets/Kitchencounterclutter/Material_002_Auto1.uasset'
[2017.03.23-15.13.56:194][ 83]LogSavePackage:Display: Finished SavePackage ../../../../../../Users/Sabrina/Documents/Call-Of-Bread/Call_Of_bread/Saved/Autosaves/Game/Assets/Kitchencounterclutter/Material_002_Auto1.uasset
[2017.03.23-15.13.56:194][ 83]LogFileHelpers: Auto-saving content packages took 0.101
[2017.03.23-15.37.10:917][321]LogFactory: FactoryCreateFile: StaticMesh with FbxFactory (0 0 C:\Users\Sabrina\Desktop\CALL OF BREAD GAME\Fbx files\pan.fbx)
[2017.03.23-15.37.10:923][321]LogFbx: ItemName: GlobalSettings, ItemCount : 1
[2017.03.23-15.37.10:923][321]LogFbx: ItemName: NodeAttribute, ItemCount : 2
[2017.03.23-15.37.10:923][321]LogFbx: ItemName: Geometry, ItemCount : 1
[2017.03.23-15.37.10:923][321]LogFbx: ItemName: Model, ItemCount : 3
[2017.03.23-15.37.10:929][321]LogFbx: Loading FBX Scene from C:\Users\Sabrina\Desktop\CALL OF BREAD GAME\Fbx files\pan.fbx
[2017.03.23-15.37.10:937][321]LogFbx: FBX Scene Loaded Succesfully
[2017.03.23-15.37.12:674][321]LogFbx: Loading FBX Scene from C:\Users\Sabrina\Desktop\CALL OF BREAD GAME\Fbx files\pan.fbx
[2017.03.23-15.37.12:683][321]LogFbx: FBX Scene Loaded Succesfully
[2017.03.23-15.37.12:686][321]LogFbx:Warning: Triangulating static mesh Circle.001
[2017.03.23-15.37.12:735][321]LogStaticMesh: Building static mesh pan...
[2017.03.23-15.37.12:741][321]LogStaticMesh: Built static mesh [0.01s] /Game/Assets/Kitchencounterclutter/pan.pan
[2017.03.23-15.37.12:782][321]FBXImport:Warning: Warning No smoothing group information was found in this FBX scene.  Please make sure to enable the 'Export Smoothing Groups' option in the FBX Exporter plug-in before exporting the file.  Even for tools that don't support smoothing groups, the FBX Exporter will generate appropriate smoothing data at export-time so that correct vertex normals can be inferred while importing. 
[2017.03.23-15.37.53:742][991]LogFileHelpers: Editor autosave (incl. sublevels) for '/Game/ThirdPersonBP/Maps/ThirdPersonExampleMap' took 0.024
[2017.03.23-15.37.53:744][991]OBJ SavePackage: Generating thumbnails for [1] asset(s) in package [/Game/Assets/Kitchencounterclutter/pan] ([1] browsable assets)...
[2017.03.23-15.37.53:824][991]OBJ SavePackage:     Rendered thumbnail for [StaticMesh /Game/Assets/Kitchencounterclutter/pan.pan]
[2017.03.23-15.37.53:824][991]OBJ SavePackage: Finished generating thumbnails for package [/Game/Assets/Kitchencounterclutter/pan]
[2017.03.23-15.37.53:842][991]LogSavePackage: Save=16.47ms
[2017.03.23-15.37.53:842][991]LogSavePackage: Moving '../../../../../../Users/Sabrina/Documents/Call-Of-Bread/Call_Of_bread/Saved/pan_Auto20C311D48499C04F3C7133BA3C24FC22B.tmp' to '../../../../../../Users/Sabrina/Documents/Call-Of-Bread/Call_Of_bread/Saved/Autosaves/Game/Assets/Kitchencounterclutter/pan_Auto2.uasset'
[2017.03.23-15.37.53:844][991]LogSavePackage:Display: Finished SavePackage ../../../../../../Users/Sabrina/Documents/Call-Of-Bread/Call_Of_bread/Saved/Autosaves/Game/Assets/Kitchencounterclutter/pan_Auto2.uasset
[2017.03.23-15.37.53:844][991]LogFileHelpers: Auto-saving content packages took 0.102
[2017.03.23-15.38.09:192][193]LogEditorFactories: Performing atomic reimport of [C:/Users/Sabrina/Desktop/CALL OF BREAD GAME/Fbx files/pan.fbx]
[2017.03.23-15.38.09:222][193]LogFbx: Loading FBX Scene from C:/Users/Sabrina/Desktop/CALL OF BREAD GAME/Fbx files/pan.fbx
[2017.03.23-15.38.09:230][193]LogFbx: FBX Scene Loaded Succesfully
[2017.03.23-15.38.09:233][193]LogFbx:Warning: Warning No smoothing group information was found in this FBX scene.  Please make sure to enable the 'Export Smoothing Groups' option in the FBX Exporter plug-in before exporting the file.  Even for tools that don't support smoothing groups, the FBX Exporter will generate appropriate smoothing data at export-time so that correct vertex normals can be inferred while importing.
[2017.03.23-15.38.09:234][193]LogFbx:Warning: Triangulating static mesh Circle.001
[2017.03.23-15.38.09:278][193]LogStaticMesh: Building static mesh pan...
[2017.03.23-15.38.09:283][193]LogStaticMesh: Built static mesh [0.00s] /Game/Assets/Kitchencounterclutter/pan.pan
[2017.03.23-15.38.09:292][193]LogEditorFactories: -- imported successfully
[2017.03.23-15.48.20:037][ 85]LogFileHelpers: Editor autosave (incl. sublevels) for '/Game/ThirdPersonBP/Maps/ThirdPersonExampleMap' took 0.033
[2017.03.23-15.48.20:039][ 85]OBJ SavePackage: Generating thumbnails for [1] asset(s) in package [/Game/Assets/Kitchencounterclutter/pan] ([1] browsable assets)...
[2017.03.23-15.48.20:120][ 85]OBJ SavePackage:     Rendered thumbnail for [StaticMesh /Game/Assets/Kitchencounterclutter/pan.pan]
[2017.03.23-15.48.20:120][ 85]OBJ SavePackage: Finished generating thumbnails for package [/Game/Assets/Kitchencounterclutter/pan]
[2017.03.23-15.48.20:138][ 85]LogSavePackage: Save=16.09ms
[2017.03.23-15.48.20:138][ 85]LogSavePackage: Moving '../../../../../../Users/Sabrina/Documents/Call-Of-Bread/Call_Of_bread/Saved/pan_Auto3FB5130224F06C66691FAEE873BCA069B.tmp' to '../../../../../../Users/Sabrina/Documents/Call-Of-Bread/Call_Of_bread/Saved/Autosaves/Game/Assets/Kitchencounterclutter/pan_Auto3.uasset'
[2017.03.23-15.48.20:140][ 85]LogSavePackage:Display: Finished SavePackage ../../../../../../Users/Sabrina/Documents/Call-Of-Bread/Call_Of_bread/Saved/Autosaves/Game/Assets/Kitchencounterclutter/pan_Auto3.uasset
[2017.03.23-15.48.20:140][ 85]LogFileHelpers: Auto-saving content packages took 0.103
[2017.03.23-15.50.07:614][602]LogEditorFactories: Performing atomic reimport of [C:/Users/Sabrina/Desktop/CALL OF BREAD GAME/Fbx files/pan.fbx]
[2017.03.23-15.50.07:640][602]LogFbx: Loading FBX Scene from C:/Users/Sabrina/Desktop/CALL OF BREAD GAME/Fbx files/pan.fbx
[2017.03.23-15.50.07:649][602]LogFbx: FBX Scene Loaded Succesfully
[2017.03.23-15.50.07:652][602]LogFbx:Warning: Warning No smoothing group information was found in this FBX scene.  Please make sure to enable the 'Export Smoothing Groups' option in the FBX Exporter plug-in before exporting the file.  Even for tools that don't support smoothing groups, the FBX Exporter will generate appropriate smoothing data at export-time so that correct vertex normals can be inferred while importing.
[2017.03.23-15.50.07:653][602]LogFbx:Warning: Triangulating static mesh Circle.001
[2017.03.23-15.50.07:705][602]LogStaticMesh: Building static mesh pan...
[2017.03.23-15.50.07:711][602]LogStaticMesh: Built static mesh [0.01s] /Game/Assets/Kitchencounterclutter/pan.pan
[2017.03.23-15.50.07:756][602]LogEditorFactories: -- imported successfully
[2017.03.23-15.50.23:580][121]LogSavePackage: Save=49.31ms
[2017.03.23-15.50.23:580][121]LogSavePackage: Moving '../../../../../../Users/Sabrina/Documents/Call-Of-Bread/Call_Of_bread/Saved/pan395E12EF426DF0B1A6075ABB27240EEE.tmp' to '../../../../../../Users/Sabrina/Documents/Call-Of-Bread/Call_Of_bread/Content/Assets/Kitchencounterclutter/pan.uasset'
[2017.03.23-15.50.23:587][121]LogSavePackage:Display: Finished SavePackage ../../../../../../Users/Sabrina/Documents/Call-Of-Bread/Call_Of_bread/Content/Assets/Kitchencounterclutter/pan.uasset
[2017.03.23-15.52.04:366][854]LogMaterial: Missing cached shader map for material platematerial, compiling. 
[2017.03.23-15.52.04:495][854]LogMaterial: Missing cached shader map for material platematerial, compiling. 
[2017.03.23-15.52.04:512][854]LogMaterial: 0.00 seconds spent updating 1 materials, 1 interfaces, 0 instances, 0 with static permutations.
[2017.03.23-15.52.04:543][854]LogMaterial: Missing cached shader map for material FMatExpressionPreview MaterialExpressionVectorParameter_0, compiling. 
[2017.03.23-15.52.06:898][903]MaterialEditorStats: Info Base pass shader with only dynamic lighting: 22 instructions
[2017.03.23-15.52.06:898][903]MaterialEditorStats: Info Vertex shader: 29 instructions
[2017.03.23-15.52.06:898][903]MaterialEditorStats: Info Texture samplers: 0/16
[2017.03.23-15.52.12:246][133]LogMaterial: Missing cached shader map for material platematerial, compiling. 
[2017.03.23-15.52.12:259][133]LogMaterial: 0.00 seconds spent updating 1 materials, 1 interfaces, 0 instances, 0 with static permutations.
[2017.03.23-15.52.14:793][211]MaterialEditorStats: Info Base pass shader with only dynamic lighting: 22 instructions
[2017.03.23-15.52.14:793][211]MaterialEditorStats: Info Vertex shader: 29 instructions
[2017.03.23-15.52.14:793][211]MaterialEditorStats: Info Texture samplers: 0/16
[2017.03.23-15.52.14:866][212]LogMaterial: Missing cached shader map for material platematerial, compiling. 
[2017.03.23-15.52.14:877][212]LogMaterial: 0.00 seconds spent updating 1 materials, 1 interfaces, 0 instances, 0 with static permutations.
[2017.03.23-15.52.16:956][273]MaterialEditorStats: Info Base pass shader with only dynamic lighting: 22 instructions
[2017.03.23-15.52.16:956][273]MaterialEditorStats: Info Vertex shader: 29 instructions
[2017.03.23-15.52.16:956][273]MaterialEditorStats: Info Texture samplers: 0/16
[2017.03.23-15.52.18:727][364]LogMaterial: Missing cached shader map for material platematerial, compiling. 
[2017.03.23-15.52.18:739][364]LogMaterial: 0.00 seconds spent updating 1 materials, 1 interfaces, 0 instances, 0 with static permutations.
[2017.03.23-15.52.20:813][425]MaterialEditorStats: Info Base pass shader with only dynamic lighting: 22 instructions
[2017.03.23-15.52.20:813][425]MaterialEditorStats: Info Vertex shader: 29 instructions
[2017.03.23-15.52.20:813][425]MaterialEditorStats: Info Texture samplers: 0/16
[2017.03.23-15.52.29:143][759]LogMaterial: Missing cached shader map for material platematerial, compiling. 
[2017.03.23-15.52.29:155][759]LogMaterial: 0.00 seconds spent updating 1 materials, 1 interfaces, 0 instances, 0 with static permutations.
[2017.03.23-15.52.31:285][826]MaterialEditorStats: Info Base pass shader with only dynamic lighting: 22 instructions
[2017.03.23-15.52.31:285][826]MaterialEditorStats: Info Vertex shader: 29 instructions
[2017.03.23-15.52.31:285][826]MaterialEditorStats: Info Texture samplers: 0/16
[2017.03.23-15.52.36:369][974]LogMaterial: Missing cached shader map for material platematerial, compiling. 
[2017.03.23-15.52.36:381][974]LogMaterial: 0.00 seconds spent updating 1 materials, 1 interfaces, 0 instances, 0 with static permutations.
[2017.03.23-15.52.40:323][156]LogMaterial: Missing cached shader map for material platematerial, compiling. 
[2017.03.23-15.52.40:336][156]LogMaterial: 0.00 seconds spent updating 1 materials, 1 interfaces, 0 instances, 0 with static permutations.
[2017.03.23-15.52.42:652][224]MaterialEditorStats: Info Base pass shader with only dynamic lighting: 22 instructions
[2017.03.23-15.52.42:652][224]MaterialEditorStats: Info Vertex shader: 29 instructions
[2017.03.23-15.52.42:652][224]MaterialEditorStats: Info Texture samplers: 0/16
[2017.03.23-15.52.51:439][479]LogMaterial: Missing cached shader map for material platematerial, compiling. 
[2017.03.23-15.52.51:454][479]LogMaterial: 0.00 seconds spent updating 1 materials, 1 interfaces, 0 instances, 0 with static permutations.
[2017.03.23-15.52.53:548][542]MaterialEditorStats: Info Base pass shader with only dynamic lighting: 22 instructions
[2017.03.23-15.52.53:548][542]MaterialEditorStats: Info Vertex shader: 29 instructions
[2017.03.23-15.52.53:548][542]MaterialEditorStats: Info Texture samplers: 0/16
[2017.03.23-15.53.04:682][890]LogMaterial: Missing cached shader map for material platematerial, compiling. 
[2017.03.23-15.53.04:694][890]LogMaterial: 0.00 seconds spent updating 1 materials, 1 interfaces, 0 instances, 0 with static permutations.
[2017.03.23-15.53.06:775][952]MaterialEditorStats: Info Base pass shader with only dynamic lighting: 22 instructions
[2017.03.23-15.53.06:775][952]MaterialEditorStats: Info Vertex shader: 29 instructions
[2017.03.23-15.53.06:775][952]MaterialEditorStats: Info Texture samplers: 0/16
[2017.03.23-15.53.11:579][ 77]LogMaterialEditor: Applying material platematerial
[2017.03.23-15.53.12:418][ 77]LogMaterial: Missing cached shader map for material platematerial, compiling. 
[2017.03.23-15.53.12:443][ 77]LogMaterial: 0.00 seconds spent updating 1 materials, 1 interfaces, 0 instances, 0 with static permutations.
[2017.03.23-15.53.12:469][ 77]LogMaterial: Missing cached shader map for material platematerial, compiling. 
[2017.03.23-15.53.12:508][ 77]LogMaterial: Missing cached shader map for material platematerial, compiling. 
[2017.03.23-15.53.12:535][ 77]LogMaterial: 0.00 seconds spent updating 1 materials, 1 interfaces, 0 instances, 0 with static permutations.
[2017.03.23-15.53.18:671][244]MaterialEditorStats: Info Base pass shader with only dynamic lighting: 61 instructions
[2017.03.23-15.53.18:671][244]MaterialEditorStats: Info Vertex shader: 29 instructions
[2017.03.23-15.53.18:671][244]MaterialEditorStats: Info Texture samplers: 3/16
[2017.03.23-15.53.25:218][414]LogMaterialEditor: Saving and Compiling material platematerial
[2017.03.23-15.53.25:818][414]LogMaterial: Missing cached shader map for material platematerial, compiling. 
[2017.03.23-15.53.25:840][414]LogMaterial: 0.00 seconds spent updating 1 materials, 1 interfaces, 0 instances, 0 with static permutations.
[2017.03.23-15.53.25:862][414]LogMaterial: Missing cached shader map for material platematerial, compiling. 
[2017.03.23-15.53.25:892][414]LogMaterial: Missing cached shader map for material platematerial, compiling. 
[2017.03.23-15.53.25:915][414]LogMaterial: 0.00 seconds spent updating 1 materials, 1 interfaces, 0 instances, 0 with static permutations.
[2017.03.23-15.53.29:994][414]LogSavePackage: Save=50.05ms
[2017.03.23-15.53.29:994][414]LogSavePackage: Moving '../../../../../../Users/Sabrina/Documents/Call-Of-Bread/Call_Of_bread/Saved/platematerial6C52EE5F4D51980672081B9FEEF32EC9.tmp' to '../../../../../../Users/Sabrina/Documents/Call-Of-Bread/Call_Of_bread/Content/Assets/Kitchencounterclutter/MaterialsTextures/platematerial.uasset'
[2017.03.23-15.53.29:998][414]LogSavePackage:Display: Finished SavePackage ../../../../../../Users/Sabrina/Documents/Call-Of-Bread/Call_Of_bread/Content/Assets/Kitchencounterclutter/MaterialsTextures/platematerial.uasset
[2017.03.23-15.53.46:905][842]LogSavePackage: Save=15.66ms
[2017.03.23-15.53.46:905][842]LogSavePackage: Moving '../../../../../../Users/Sabrina/Documents/Call-Of-Bread/Call_Of_bread/Saved/plateuved60A1DB5F4E9462C05471AEBD5C5287CE.tmp' to '../../../../../../Users/Sabrina/Documents/Call-Of-Bread/Call_Of_bread/Content/Assets/Kitchencounterclutter/plateuved.uasset'
[2017.03.23-15.53.46:906][842]LogSavePackage:Display: Finished SavePackage ../../../../../../Users/Sabrina/Documents/Call-Of-Bread/Call_Of_bread/Content/Assets/Kitchencounterclutter/plateuved.uasset
[2017.03.23-15.55.00:716][129]LogSavePackage: Save=7.46ms
[2017.03.23-15.55.00:716][129]LogSavePackage: Moving '../../../../../../Users/Sabrina/Documents/Call-Of-Bread/Call_Of_bread/Saved/plateuvedD2841293480B6EFA9F047B9C48C977AB.tmp' to '../../../../../../Users/Sabrina/Documents/Call-Of-Bread/Call_Of_bread/Content/Assets/Kitchencounterclutter/plateuved.uasset'
[2017.03.23-15.55.00:718][129]LogSavePackage:Display: Finished SavePackage ../../../../../../Users/Sabrina/Documents/Call-Of-Bread/Call_Of_bread/Content/Assets/Kitchencounterclutter/plateuved.uasset
[2017.03.23-15.55.11:658][518]LogAIModule: Creating AISystem for world test-Level
[2017.03.23-15.55.11:706][518]Cmd: MAP LOAD FILE="../../../../../../Users/Sabrina/Documents/Call-Of-Bread/Call_Of_bread/Content/Test-Level.umap" TEMPLATE=0 SHOWPROGRESS=1 FEATURELEVEL=3
[2017.03.23-15.55.11:706][518]LightingResults: New page: Lighting Build
[2017.03.23-15.55.11:707][518]LoadErrors: New page: Loading map: Test-Level.umap
[2017.03.23-15.55.11:709][518]MapCheck: New page: Map Check
[2017.03.23-15.55.11:709][518]LightingResults: New page: Lighting Build
[2017.03.23-15.55.11:796][518]LogEditorServer: Finished looking for orphan Actors (0.000 secs)
[2017.03.23-15.55.11:826][518]Cmd: MAP CHECKDEP NOCLEARLOG
[2017.03.23-15.55.11:892][518]MapCheck: Info Map check complete: 0 Error(s), 0 Warning(s), took 65.774ms to complete.
[2017.03.23-15.55.11:893][518]LogFileHelpers: Loading map 'Test-Level' took 0.187
[2017.03.23-15.55.45:019][463]LogEditorViewport: Clicking on Actor (context menu): StaticMeshActor (Counter-Drawers4)
[2017.03.23-15.56.29:075][998]Cmd: OBJ SAVEPACKAGE PACKAGE="/Game/Test-Level" FILE="../../../../../../Users/Sabrina/Documents/Call-Of-Bread/Call_Of_bread/Content/Test-Level.umap" SILENT=true AUTOSAVING=false KEEPDIRTY=false
[2017.03.23-15.56.29:182][998]LogSavePackage: Save=62.76ms
[2017.03.23-15.56.29:182][998]LogSavePackage: Moving '../../../../../../Users/Sabrina/Documents/Call-Of-Bread/Call_Of_bread/Saved/Test-Level4D178B3D404097F6B6B0B5ACC97C08CC.tmp' to '../../../../../../Users/Sabrina/Documents/Call-Of-Bread/Call_Of_bread/Content/Test-Level.umap'
[2017.03.23-15.56.29:184][998]LogSavePackage:Display: Finished SavePackage ../../../../../../Users/Sabrina/Documents/Call-Of-Bread/Call_Of_bread/Content/Test-Level.umap
[2017.03.23-15.56.29:220][998]Cmd: OBJ SAVEPACKAGE PACKAGE="/Game/Test-Level_BuiltData" FILE="../../../../../../Users/Sabrina/Documents/Call-Of-Bread/Call_Of_bread/Content/Test-Level_BuiltData.uasset" SILENT=true
[2017.03.23-15.56.29:242][998]LogSavePackage: Save=6.22ms
[2017.03.23-15.56.29:242][998]LogSavePackage: Moving '../../../../../../Users/Sabrina/Documents/Call-Of-Bread/Call_Of_bread/Saved/Test-Level_BuiltDataE1AE34AF41C1E9D2E7093985329A4E6C.tmp' to '../../../../../../Users/Sabrina/Documents/Call-Of-Bread/Call_Of_bread/Content/Test-Level_BuiltData.uasset'
[2017.03.23-15.56.29:244][998]LogSavePackage:Display: Finished SavePackage ../../../../../../Users/Sabrina/Documents/Call-Of-Bread/Call_Of_bread/Content/Test-Level_BuiltData.uasset
[2017.03.23-15.56.41:665][702]Cmd: QUIT_EDITOR
[2017.03.23-15.56.41:716][702]LogWindowsTextInputMethodSystem:Display: IME system now deactivated.
[2017.03.23-15.56.41:716][702]LogWindowsTextInputMethodSystem:Display: IME system now deactivated.
[2017.03.23-15.56.41:753][702]LogExit: Preparing to exit.
[2017.03.23-15.56.42:155][702]LogDirectoryWatcher: A directory notification for 'C:/Users/Sabrina/Documents/Call-Of-Bread/Call_Of_bread/Content/' was aborted.
[2017.03.23-15.56.42:256][702]LogExit: Editor shut down
[2017.03.23-15.56.42:258][702]LogExit: Transaction tracking system shut down
[2017.03.23-15.56.42:447][702]LogObj: Freed 0b from 0 cluster array pools.
[2017.03.23-15.56.42:447][702]LogExit: Object subsystem successfully closed.
[2017.03.23-15.56.42:476][702]LogD3D11RHI: Shutdown
[2017.03.23-15.56.42:476][702]LogD3D11RHI: CleanupD3DDevice
[2017.03.23-15.56.42:765][702]LogD3D11RHI: ~FD3D11DynamicRHI
[2017.03.23-15.56.42:825][702]LogHttp:Display: Http module shutting down, but needs to wait on 1 outstanding Http requests:
[2017.03.23-15.56.42:825][702]LogHttp:Display: 	verb=[POST] url=[https://datarouter.ol.epicgames.com/datarouter/api/v1/public/data?SessionID=%7BC676FB40-4A72-1426-A460-F5A470A19E3F%7D&AppID=UEEditor.Rocket.Release&AppVersion=4.14.1-3224400%2B%2B%2BUE4%2BRelease-4.14&UserID=c7f13bf945c3301e352a60bf81dddae3%7Cf7698a23ab304a72af95938514704e6f%7Ca4eec51f-45a8-441a-8972-fd03d43fbe44&AppEnvironment=datacollector-binary&UploadType=eteventstream] status=Processing
[2017.03.23-15.56.42:845][702]LogModuleManager: Shutting down and abandoning module MaterialEditor (243)
[2017.03.23-15.56.42:845][702]LogModuleManager: Shutting down and abandoning module StaticMeshEditor (242)
[2017.03.23-15.56.42:845][702]LogModuleManager: Shutting down and abandoning module HierarchicalLODOutliner (241)
[2017.03.23-15.56.42:846][702]LogModuleManager: Shutting down and abandoning module CrashTracker (240)
[2017.03.23-15.56.42:846][702]LogModuleManager: Shutting down and abandoning module SceneOutliner (239)
[2017.03.23-15.56.42:846][702]LogModuleManager: Shutting down and abandoning module WidgetCarousel (238)
[2017.03.23-15.56.42:846][702]LogModuleManager: Shutting down and abandoning module AddContentDialog (237)
[2017.03.23-15.56.42:846][702]LogDirectoryWatcher: A directory notification for 'C:/Program Files (x86)/Epic Games/4.14/FeaturePacks/' was aborted.
[2017.03.23-15.56.42:853][702]LogModuleManager: Shutting down and abandoning module GameplayTags (236)
[2017.03.23-15.56.42:853][702]LogModuleManager: Shutting down and abandoning module EditorWidgets (235)
[2017.03.23-15.56.42:853][702]LogModuleManager: Shutting down and abandoning module CollectionManager (234)
[2017.03.23-15.56.42:853][702]LogDirectoryWatcher: A directory notification for 'C:/Users/Sabrina/Documents/Call-Of-Bread/Call_Of_bread/Content/Collections/' was aborted.
[2017.03.23-15.56.42:853][702]LogDirectoryWatcher: A directory notification for 'C:/Users/Sabrina/Documents/Call-Of-Bread/Call_Of_bread/Content/Developers/Sabrina/Collections/' was aborted.
[2017.03.23-15.56.42:853][702]LogDirectoryWatcher: A directory notification for 'C:/Users/Sabrina/Documents/Call-Of-Bread/Call_Of_bread/Saved/Collections/' was aborted.
[2017.03.23-15.56.42:853][702]LogModuleManager: Shutting down and abandoning module StatsViewer (233)
[2017.03.23-15.56.42:854][702]LogModuleManager: Shutting down and abandoning module FoliageEdit (232)
[2017.03.23-15.56.42:854][702]LogModuleManager: Shutting down and abandoning module LandscapeEditor (231)
[2017.03.23-15.56.42:854][702]LogModuleManager: Shutting down and abandoning module SceneDepthPickerMode (230)
[2017.03.23-15.56.42:854][702]LogModuleManager: Shutting down and abandoning module ActorPickerMode (229)
[2017.03.23-15.56.42:854][702]LogModuleManager: Shutting down and abandoning module GeometryMode (228)
[2017.03.23-15.56.42:854][702]LogModuleManager: Shutting down and abandoning module TextureAlignMode (227)
[2017.03.23-15.56.42:854][702]LogModuleManager: Shutting down and abandoning module BspMode (226)
[2017.03.23-15.56.42:854][702]LogModuleManager: Shutting down and abandoning module HardwareSurvey (225)
[2017.03.23-15.56.42:854][702]LogModuleManager: Shutting down and abandoning module SequenceRecorderSections (224)
[2017.03.23-15.56.42:854][702]LogModuleManager: Shutting down and abandoning module AutomationWorker (223)
[2017.03.23-15.56.42:854][702]LogModuleManager: Shutting down and abandoning module MatineeToLevelSequence (222)
[2017.03.23-15.56.42:854][702]LogModuleManager: Shutting down and abandoning module PlacementMode (221)
[2017.03.23-15.56.42:855][702]LogModuleManager: Shutting down and abandoning module LevelSequenceEditor (220)
[2017.03.23-15.56.42:855][702]LogModuleManager: Shutting down and abandoning module WmfMediaFactory (219)
[2017.03.23-15.56.42:855][702]LogModuleManager: Shutting down and abandoning module WmfMediaEditor (218)
[2017.03.23-15.56.42:855][702]LogModuleManager: Shutting down and abandoning module AvfMediaFactory (217)
[2017.03.23-15.56.42:855][702]LogModuleManager: Shutting down and abandoning module AvfMediaEditor (216)
[2017.03.23-15.56.42:855][702]LogModuleManager: Shutting down and abandoning module Media (215)
[2017.03.23-15.56.42:855][702]LogModuleManager: Shutting down and abandoning module AndroidMediaFactory (214)
[2017.03.23-15.56.42:855][702]LogModuleManager: Shutting down and abandoning module AndroidMediaEditor (213)
[2017.03.23-15.56.42:855][702]LogModuleManager: Shutting down and abandoning module CharacterAI (212)
[2017.03.23-15.56.42:855][702]LogModuleManager: Shutting down and abandoning module SequenceRecorder (211)
[2017.03.23-15.56.42:855][702]LogModuleManager: Shutting down and abandoning module AudioCapture (210)
[2017.03.23-15.56.42:855][702]LogModuleManager: Shutting down and abandoning module SmartSnapping (209)
[2017.03.23-15.56.42:855][702]LogModuleManager: Shutting down and abandoning module SessionServices (208)
[2017.03.23-15.56.42:855][702]LogModuleManager: Shutting down and abandoning module ViewportSnapping (207)
[2017.03.23-15.56.42:855][702]LogModuleManager: Shutting down and abandoning module ViewportInteraction (206)
[2017.03.23-15.56.42:855][702]LogModuleManager: Shutting down and abandoning module LogVisualizer (205)
[2017.03.23-15.56.42:855][702]LogModuleManager: Shutting down and abandoning module GameProjectGeneration (204)
[2017.03.23-15.56.42:857][702]LogModuleManager: Shutting down and abandoning module IntroTutorials (203)
[2017.03.23-15.56.42:857][702]LogModuleManager: Shutting down and abandoning module EditorLiveStreaming (202)
[2017.03.23-15.56.42:857][702]LogModuleManager: Shutting down and abandoning module IOSPlatformEditor (201)
[2017.03.23-15.56.42:857][702]LogModuleManager: Shutting down and abandoning module HTML5PlatformEditor (200)
[2017.03.23-15.56.42:857][702]LogModuleManager: Shutting down and abandoning module AndroidDeviceDetection (199)
[2017.03.23-15.56.42:955][702]LogModuleManager: Shutting down and abandoning module AndroidPlatformEditor (198)
[2017.03.23-15.56.42:955][702]LogModuleManager: Shutting down and abandoning module IOSRuntimeSettings (197)
[2017.03.23-15.56.42:955][702]LogModuleManager: Shutting down and abandoning module AndroidRuntimeSettings (196)
[2017.03.23-15.56.42:955][702]LogModuleManager: Shutting down and abandoning module InputBindingEditor (195)
[2017.03.23-15.56.42:955][702]LogModuleManager: Shutting down and abandoning module NiagaraEditor (194)
[2017.03.23-15.56.42:956][702]LogModuleManager: Shutting down and abandoning module MergeActors (193)
[2017.03.23-15.56.42:956][702]LogModuleManager: Shutting down and abandoning module SizeMap (192)
[2017.03.23-15.56.42:956][702]LogModuleManager: Shutting down and abandoning module TreeMap (191)
[2017.03.23-15.56.42:956][702]LogModuleManager: Shutting down and abandoning module ReferenceViewer (190)
[2017.03.23-15.56.42:956][702]LogModuleManager: Shutting down and abandoning module LocalizationService (189)
[2017.03.23-15.56.42:956][702]LogModuleManager: Shutting down and abandoning module LocalizationDashboard (188)
[2017.03.23-15.56.42:956][702]LogModuleManager: Shutting down and abandoning module HardwareTargeting (187)
[2017.03.23-15.56.42:956][702]LogModuleManager: Shutting down and abandoning module DeviceProfileEditor (186)
[2017.03.23-15.56.42:957][702]LogModuleManager: Shutting down and abandoning module UndoHistory (185)
[2017.03.23-15.56.42:957][702]LogModuleManager: Shutting down and abandoning module UserFeedback (184)
[2017.03.23-15.56.42:957][702]LogModuleManager: Shutting down and abandoning module XmlParser (183)
[2017.03.23-15.56.42:957][702]LogModuleManager: Shutting down and abandoning module Blutility (182)
[2017.03.23-15.56.42:957][702]LogModuleManager: Shutting down and abandoning module ProjectTargetPlatformEditor (181)
[2017.03.23-15.56.42:957][702]LogModuleManager: Shutting down and abandoning module ProjectSettingsViewer (180)
[2017.03.23-15.56.42:957][702]LogModuleManager: Shutting down and abandoning module EditorSettingsViewer (179)
[2017.03.23-15.56.42:958][702]LogModuleManager: Shutting down and abandoning module SettingsEditor (178)
[2017.03.23-15.56.42:958][702]LogModuleManager: Shutting down and abandoning module ProjectLauncher (177)
[2017.03.23-15.56.42:959][702]LogModuleManager: Shutting down and abandoning module SessionFrontend (176)
[2017.03.23-15.56.42:959][702]LogModuleManager: Shutting down and abandoning module ProfilerClient (175)
[2017.03.23-15.56.42:960][702]LogModuleManager: Shutting down and abandoning module TargetDeviceServices (174)
[2017.03.23-15.56.42:960][702]LogModuleManager: Shutting down and abandoning module DeviceManager (173)
[2017.03.23-15.56.43:002][702]LogModuleManager: Shutting down and abandoning module AutomationController (172)
[2017.03.23-15.56.43:002][702]LogModuleManager: Shutting down and abandoning module AutomationWindow (171)
[2017.03.23-15.56.43:003][702]LogModuleManager: Shutting down and abandoning module Layers (170)
[2017.03.23-15.56.43:004][702]LogModuleManager: Shutting down and abandoning module ComponentVisualizers (169)
[2017.03.23-15.56.43:004][702]LogModuleManager: Shutting down and abandoning module DetailCustomizations (168)
[2017.03.23-15.56.43:004][702]LogModuleManager: Shutting down and abandoning module PackagesDialog (167)
[2017.03.23-15.56.43:004][702]LogModuleManager: Shutting down and abandoning module AnimGraph (166)
[2017.03.23-15.56.43:004][702]LogModuleManager: Shutting down and abandoning module Persona (165)
[2017.03.23-15.56.43:005][702]LogModuleManager: Shutting down and abandoning module Kismet (164)
[2017.03.23-15.56.43:005][702]LogModuleManager: Shutting down and abandoning module GraphEditor (163)
[2017.03.23-15.56.43:005][702]LogModuleManager: Shutting down and abandoning module ClassViewer (162)
[2017.03.23-15.56.43:006][702]LogModuleManager: Shutting down and abandoning module Toolbox (161)
[2017.03.23-15.56.43:006][702]LogModuleManager: Shutting down and abandoning module ModuleUI (160)
[2017.03.23-15.56.43:006][702]LogModuleManager: Shutting down and abandoning module MovieSceneTools (159)
[2017.03.23-15.56.43:007][702]LogModuleManager: Shutting down and abandoning module OutputLog (158)
[2017.03.23-15.56.43:007][702]LogModuleManager: Shutting down and abandoning module GammaUI (157)
[2017.03.23-15.56.43:008][702]LogModuleManager: Shutting down and abandoning module Documentation (156)
[2017.03.23-15.56.43:008][702]LogModuleManager: Shutting down and abandoning module Niagara (155)
[2017.03.23-15.56.43:008][702]LogModuleManager: Shutting down and abandoning module StreamingPauseRendering (154)
[2017.03.23-15.56.43:008][702]LogModuleManager: Shutting down and abandoning module AnalyticsET (153)
[2017.03.23-15.56.43:008][702]LogModuleManager: Shutting down and abandoning module PortalServices (152)
[2017.03.23-15.56.43:008][702]LogModuleManager: Shutting down and abandoning module PortalRpc (151)
[2017.03.23-15.56.43:008][702]LogModuleManager: Shutting down and abandoning module MessagingRpc (150)
[2017.03.23-15.56.43:008][702]LogModuleManager: Shutting down and abandoning module GameplayDebugger (149)
[2017.03.23-15.56.43:008][702]LogModuleManager: Shutting down and abandoning module AITestSuite (148)
[2017.03.23-15.56.43:008][702]LogModuleManager: Shutting down and abandoning module AIModule (147)
[2017.03.23-15.56.43:008][702]LogModuleManager: Shutting down and abandoning module ProfilerService (146)
[2017.03.23-15.56.43:047][702]LogModuleManager: Shutting down and abandoning module TaskGraph (145)
[2017.03.23-15.56.43:048][702]LogModuleManager: Shutting down and abandoning module SlateRemote (144)
[2017.03.23-15.56.43:048][702]LogModuleManager: Shutting down and abandoning module SteamVRController (143)
[2017.03.23-15.56.43:048][702]LogModuleManager: Shutting down and abandoning module SteamVR (142)
[2017.03.23-15.56.43:048][702]LogModuleManager: Shutting down and abandoning module ProceduralMeshComponentEditor (141)
[2017.03.23-15.56.43:048][702]LogModuleManager: Shutting down and abandoning module ProceduralMeshComponent (140)
[2017.03.23-15.56.43:048][702]LogModuleManager: Shutting down and abandoning module OculusLibrary (139)
[2017.03.23-15.56.43:048][702]LogModuleManager: Shutting down and abandoning module OculusInput (138)
[2017.03.23-15.56.43:048][702]LogModuleManager: Shutting down and abandoning module MobilePatchingUtils (137)
[2017.03.23-15.56.43:048][702]LogModuleManager: Shutting down and abandoning module CustomMeshComponent (136)
[2017.03.23-15.56.43:048][702]LogModuleManager: Shutting down and abandoning module CableComponent (135)
[2017.03.23-15.56.43:048][702]LogModuleManager: Shutting down and abandoning module ArchVisCharacter (134)
[2017.03.23-15.56.43:048][702]LogModuleManager: Shutting down and abandoning module MediaPlayerEditor (132)
[2017.03.23-15.56.43:049][702]LogModuleManager: Shutting down and abandoning module HTML5Networking (131)
[2017.03.23-15.56.43:049][702]LogModuleManager: Shutting down and abandoning module GeometryCacheEd (130)
[2017.03.23-15.56.43:049][702]LogModuleManager: Shutting down and abandoning module GeometryCache (129)
[2017.03.23-15.56.43:049][702]LogModuleManager: Shutting down and abandoning module AlembicLibrary (128)
[2017.03.23-15.56.43:049][702]LogModuleManager: Shutting down and abandoning module AlembicImporter (127)
[2017.03.23-15.56.43:049][702]LogModuleManager: Shutting down and abandoning module SuperSearch (126)
[2017.03.23-15.56.43:049][702]LogModuleManager: Shutting down and abandoning module SuperSearchEditor (125)
[2017.03.23-15.56.43:049][702]LogModuleManager: Shutting down and abandoning module SpeedTreeImporter (124)
[2017.03.23-15.56.43:049][702]LogModuleManager: Shutting down and abandoning module PluginBrowser (123)
[2017.03.23-15.56.43:049][702]LogModuleManager: Shutting down and abandoning module MobileLauncherProfileWizard (122)
[2017.03.23-15.56.43:050][702]LogModuleManager: Shutting down and abandoning module EpicSurvey (121)
[2017.03.23-15.56.43:050][702]LogModuleManager: Shutting down and abandoning module DesktopPlatform (120)
[2017.03.23-15.56.43:050][702]LogModuleManager: Shutting down and abandoning module VisualStudioSourceCodeAccess (119)
[2017.03.23-15.56.43:050][702]LogModuleManager: Shutting down and abandoning module UObjectPlugin (118)
[2017.03.23-15.56.43:050][702]LogModuleManager: Shutting down and abandoning module SubversionSourceControl (117)
[2017.03.23-15.56.43:050][702]LogModuleManager: Shutting down and abandoning module PerforceSourceControl (116)
[2017.03.23-15.56.43:050][702]LogModuleManager: Shutting down and abandoning module SourceControl (115)
[2017.03.23-15.56.43:050][702]LogModuleManager: Shutting down and abandoning module GitSourceControl (114)
[2017.03.23-15.56.43:050][702]LogModuleManager: Shutting down and abandoning module LightPropagationVolumeEditor (113)
[2017.03.23-15.56.43:050][702]LogModuleManager: Shutting down and abandoning module PaperTiledImporter (112)
[2017.03.23-15.56.43:050][702]LogModuleManager: Shutting down and abandoning module PaperSpriteSheetImporter (111)
[2017.03.23-15.56.43:050][702]LogModuleManager: Shutting down and abandoning module MeshPaint (110)
[2017.03.23-15.56.43:050][702]LogModuleManager: Shutting down and abandoning module PixelInspectorModule (109)
[2017.03.23-15.56.43:050][702]LogModuleManager: Shutting down and abandoning module HotReload (108)
[2017.03.23-15.56.43:051][702]LogModuleManager: Shutting down and abandoning module MainFrame (107)
[2017.03.23-15.56.43:051][702]LogModuleManager: Shutting down and abandoning module LevelEditor (106)
[2017.03.23-15.56.43:052][702]LogModuleManager: Shutting down and abandoning module ContentBrowser (105)
[2017.03.23-15.56.43:054][702]LogModuleManager: Shutting down and abandoning module Paper2DEditor (104)
[2017.03.23-15.56.43:055][702]LogModuleManager: Shutting down and abandoning module UdpMessaging (103)
[2017.03.23-15.56.43:156][702]LogModuleManager: Shutting down and abandoning module TcpMessaging (102)
[2017.03.23-15.56.43:256][702]LogModuleManager: Shutting down and abandoning module LightPropagationVolumeRuntime (101)
[2017.03.23-15.56.43:256][702]LogModuleManager: Shutting down and abandoning module Paper2D (100)
[2017.03.23-15.56.43:256][702]LogModuleManager: Shutting down and abandoning module WindowsMoviePlayer (99)
[2017.03.23-15.56.43:257][702]LogModuleManager: Shutting down and abandoning module WmfMedia (98)
[2017.03.23-15.56.43:289][702]LogModuleManager: Shutting down and abandoning module MediaAssets (97)
[2017.03.23-15.56.43:289][702]LogModuleManager: Shutting down and abandoning module GameLiveStreaming (96)
[2017.03.23-15.56.43:289][702]LogModuleManager: Shutting down and abandoning module GameplayTagsEditor (95)
[2017.03.23-15.56.43:289][702]LogModuleManager: Shutting down and abandoning module VREditor (94)
[2017.03.23-15.56.43:289][702]LogModuleManager: Shutting down and abandoning module GameplayTasksEditor (93)
[2017.03.23-15.56.43:289][702]LogModuleManager: Shutting down and abandoning module BehaviorTreeEditor (92)
[2017.03.23-15.56.43:290][702]LogModuleManager: Shutting down and abandoning module FunctionalTesting (91)
[2017.03.23-15.56.43:290][702]LogModuleManager: Shutting down and abandoning module CollisionAnalyzer (90)
[2017.03.23-15.56.43:290][702]LogModuleManager: Shutting down and abandoning module Sequencer (89)
[2017.03.23-15.56.43:290][702]LogModuleManager: Shutting down and abandoning module WorkspaceMenuStructure (88)
[2017.03.23-15.56.43:291][702]LogModuleManager: Shutting down and abandoning module MessageLog (87)
[2017.03.23-15.56.43:291][702]LogModuleManager: Shutting down and abandoning module AssetTools (86)
[2017.03.23-15.56.43:291][702]LogModuleManager: Shutting down and abandoning module UMGEditor (85)
[2017.03.23-15.56.43:291][702]LogModuleManager: Shutting down and abandoning module UMG (84)
[2017.03.23-15.56.43:292][702]LogModuleManager: Shutting down and abandoning module SlateReflector (83)
[2017.03.23-15.56.43:292][702]LogModuleManager: Shutting down and abandoning module Slate (82)
[2017.03.23-15.56.43:293][702]LogModuleManager: Shutting down and abandoning module EditorStyle (81)
[2017.03.23-15.56.43:295][702]LogModuleManager: Shutting down and abandoning module SourceCodeAccess (80)
[2017.03.23-15.56.43:295][702]LogModuleManager: Shutting down and abandoning module HeadMountedDisplay (79)
[2017.03.23-15.56.43:295][702]LogModuleManager: Shutting down and abandoning module XAudio2 (78)
[2017.03.23-15.56.43:295][702]LogModuleManager: Shutting down and abandoning module Networking (76)
[2017.03.23-15.56.43:295][702]LogModuleManager: Shutting down and abandoning module Core (75)
[2017.03.23-15.56.43:295][702]LogModuleManager: Shutting down and abandoning module DirectoryWatcher (74)
[2017.03.23-15.56.43:296][702]LogDirectoryWatcher: A directory notification for '../../../Engine/Content/' was aborted.
[2017.03.23-15.56.43:296][702]LogDirectoryWatcher: A directory notification for '../../../../../../Users/Sabrina/Documents/Call-Of-Bread/Call_Of_bread/Content/' was aborted.
[2017.03.23-15.56.43:297][702]LogDirectoryWatcher: A directory notification for '../../../Engine/Plugins/2D/Paper2D/Content/' was aborted.
[2017.03.23-15.56.43:301][702]LogModuleManager: Shutting down and abandoning module AssetRegistry (73)
[2017.03.23-15.56.43:621][702]LogModuleManager: Shutting down and abandoning module KismetCompiler (72)
[2017.03.23-15.56.43:622][702]LogModuleManager: Shutting down and abandoning module PhysXFormats (71)
[2017.03.23-15.56.43:622][702]LogModuleManager: Shutting down and abandoning module SimplygonSwarm (70)
[2017.03.23-15.56.43:622][702]LogModuleManager: Shutting down and abandoning module SimplygonMeshReduction (69)
[2017.03.23-15.56.43:622][702]LogModuleManager: Shutting down and abandoning module QuadricMeshReduction (68)
[2017.03.23-15.56.43:622][702]LogModuleManager: Shutting down and abandoning module PropertyEditor (67)
[2017.03.23-15.56.43:622][702]LogModuleManager: Shutting down and abandoning module MeshUtilities (66)
[2017.03.23-15.56.43:622][702]LogModuleManager: Shutting down and abandoning module DerivedDataCache (65)
[2017.03.23-15.56.43:723][702]LogDerivedDataCache: Shutdown
[2017.03.23-15.56.43:723][702]LogModuleManager: Shutting down and abandoning module VulkanShaderFormat (64)
[2017.03.23-15.56.43:723][702]LogModuleManager: Shutting down and abandoning module ShaderFormatOpenGL (63)
[2017.03.23-15.56.43:725][702]LogModuleManager: Shutting down and abandoning module ShaderFormatD3D (62)
[2017.03.23-15.56.43:725][702]LogModuleManager: Shutting down and abandoning module MetalShaderFormat (61)
[2017.03.23-15.56.43:725][702]LogModuleManager: Shutting down and abandoning module TextureFormatUncompressed (60)
[2017.03.23-15.56.43:725][702]LogModuleManager: Shutting down and abandoning module TextureFormatPVR (59)
[2017.03.23-15.56.43:725][702]LogModuleManager: Shutting down and abandoning module TextureFormatDXT (58)
[2017.03.23-15.56.43:725][702]LogModuleManager: Shutting down and abandoning module TextureFormatIntelISPCTexComp (57)
[2017.03.23-15.56.43:726][702]LogModuleManager: Shutting down and abandoning module ImageWrapper (56)
[2017.03.23-15.56.43:726][702]LogModuleManager: Shutting down and abandoning module TextureFormatASTC (55)
[2017.03.23-15.56.43:726][702]LogModuleManager: Shutting down and abandoning module TextureFormatAndroid (54)
[2017.03.23-15.56.43:726][702]LogModuleManager: Shutting down and abandoning module AudioFormatOpus (53)
[2017.03.23-15.56.43:726][702]LogModuleManager: Shutting down and abandoning module AudioFormatOgg (52)
[2017.03.23-15.56.43:726][702]LogModuleManager: Shutting down and abandoning module AudioFormatADPCM (51)
[2017.03.23-15.56.43:726][702]LogModuleManager: Shutting down and abandoning module LinuxTargetPlatform (50)
[2017.03.23-15.56.43:726][702]LogModuleManager: Shutting down and abandoning module LinuxServerTargetPlatform (49)
[2017.03.23-15.56.43:726][702]LogModuleManager: Shutting down and abandoning module LinuxNoEditorTargetPlatform (48)
[2017.03.23-15.56.43:726][702]LogModuleManager: Shutting down and abandoning module LinuxClientTargetPlatform (47)
[2017.03.23-15.56.43:726][702]LogModuleManager: Shutting down and abandoning module TVOSTargetPlatform (46)
[2017.03.23-15.56.43:726][702]LogModuleManager: Shutting down and abandoning module Messaging (45)
[2017.03.23-15.56.43:726][702]LogModuleManager: Shutting down and abandoning module IOSTargetPlatform (44)
[2017.03.23-15.56.43:726][702]LogModuleManager: Shutting down and abandoning module HTML5TargetPlatform (43)
[2017.03.23-15.56.43:726][702]LogModuleManager: Shutting down and abandoning module Android_PVRTCTargetPlatform (42)
[2017.03.23-15.56.43:726][702]LogModuleManager: Shutting down and abandoning module Android_MultiTargetPlatform (41)
[2017.03.23-15.56.43:726][702]LogModuleManager: Shutting down and abandoning module Android_ETC2TargetPlatform (40)
[2017.03.23-15.56.43:727][702]LogModuleManager: Shutting down and abandoning module Android_ETC1TargetPlatform (39)
[2017.03.23-15.56.43:727][702]LogModuleManager: Shutting down and abandoning module Android_DXTTargetPlatform (38)
[2017.03.23-15.56.43:727][702]LogModuleManager: Shutting down and abandoning module Android_ATCTargetPlatform (37)
[2017.03.23-15.56.43:727][702]LogModuleManager: Shutting down and abandoning module Android_ASTCTargetPlatform (36)
[2017.03.23-15.56.43:727][702]LogModuleManager: Shutting down and abandoning module AndroidTargetPlatform (35)
[2017.03.23-15.56.43:727][702]LogModuleManager: Shutting down and abandoning module WindowsTargetPlatform (34)
[2017.03.23-15.56.43:727][702]LogModuleManager: Shutting down and abandoning module WindowsServerTargetPlatform (33)
[2017.03.23-15.56.43:727][702]LogModuleManager: Shutting down and abandoning module WindowsNoEditorTargetPlatform (32)
[2017.03.23-15.56.43:727][702]LogModuleManager: Shutting down and abandoning module WindowsClientTargetPlatform (31)
[2017.03.23-15.56.43:727][702]LogModuleManager: Shutting down and abandoning module MacTargetPlatform (30)
[2017.03.23-15.56.43:727][702]LogModuleManager: Shutting down and abandoning module MacServerTargetPlatform (29)
[2017.03.23-15.56.43:727][702]LogModuleManager: Shutting down and abandoning module MacNoEditorTargetPlatform (28)
[2017.03.23-15.56.43:727][702]LogModuleManager: Shutting down and abandoning module MacClientTargetPlatform (27)
[2017.03.23-15.56.43:727][702]LogModuleManager: Shutting down and abandoning module AllDesktopTargetPlatform (26)
[2017.03.23-15.56.43:727][702]LogModuleManager: Shutting down and abandoning module TargetPlatform (25)
[2017.03.23-15.56.43:727][702]LogModuleManager: Shutting down and abandoning module InputCore (24)
[2017.03.23-15.56.43:727][702]LogModuleManager: Shutting down and abandoning module Settings (23)
[2017.03.23-15.56.43:727][702]LogModuleManager: Shutting down and abandoning module OculusRift (22)
[2017.03.23-15.56.43:727][702]LogModuleManager: Shutting down and abandoning module ExampleDeviceProfileSelector (21)
[2017.03.23-15.56.43:727][702]LogModuleManager: Shutting down and abandoning module OnlineBlueprintSupport (20)
[2017.03.23-15.56.43:727][702]LogModuleManager: Shutting down and abandoning module OnlineSubsystem (18)
[2017.03.23-15.56.43:727][702]LogOnline:Display: Unloading online subsystem: NULL
[2017.03.23-15.56.43:728][702]LogModuleManager: Shutting down and abandoning module SSL (17)
[2017.03.23-15.56.43:730][702]LogModuleManager: Shutting down and abandoning module HTTP (16)
[2017.03.23-15.56.43:730][702]LogModuleManager: Shutting down and abandoning module XMPP (15)
[2017.03.23-15.56.43:731][702]LogModuleManager: Shutting down and abandoning module TextureCompressor (14)
[2017.03.23-15.56.43:732][702]LogModuleManager: Shutting down and abandoning module ShaderCore (13)
[2017.03.23-15.56.43:732][702]LogModuleManager: Shutting down and abandoning module Landscape (12)
[2017.03.23-15.56.43:732][702]LogModuleManager: Shutting down and abandoning module SlateRHIRenderer (11)
[2017.03.23-15.56.43:739][702]LogModuleManager: Shutting down and abandoning module OpenGLDrv (10)
[2017.03.23-15.56.43:740][702]LogModuleManager: Shutting down and abandoning module D3D11RHI (9)
[2017.03.23-15.56.43:740][702]LogModuleManager: Shutting down and abandoning module AnimGraphRuntime (8)
[2017.03.23-15.56.43:740][702]LogModuleManager: Shutting down and abandoning module Renderer (7)
[2017.03.23-15.56.43:740][702]LogModuleManager: Shutting down and abandoning module Engine (6)
[2017.03.23-15.56.43:740][702]LogModuleManager: Shutting down and abandoning module CoreUObject (5)
[2017.03.23-15.56.43:740][702]LogModuleManager: Shutting down and abandoning module NetworkFile (4)
[2017.03.23-15.56.43:740][702]LogModuleManager: Shutting down and abandoning module StreamingFile (3)
[2017.03.23-15.56.43:740][702]LogModuleManager: Shutting down and abandoning module SandboxFile (2)
[2017.03.23-15.56.43:740][702]LogModuleManager: Shutting down and abandoning module PakFile (1)
[2017.03.23-15.56.43:741][702]LogExit: Exiting.
[2017.03.23-15.56.43:746][702]Log file closed, 03/23/17 15:56:43
