Log file open, 04/20/17 23:35:30
LogInit:Display: Running engine for game: Call_Of_bread
LogPlatformFile: Not using cached read wrapper
LogInit:Display: RandInit(1182183218) SRandInit(1182183218).
LogTaskGraph: Started task graph with 5 named threads and 8 total threads with 1 sets of task threads.
LogStats: Stats thread started at 0.082030
LogPluginManager: Loaded Plugin Paper2D, From C:/Program Files (x86)/Epic Games/4.14/Engine/Plugins/2D/Paper2D/Paper2D.uplugin
LogPluginManager: Loaded Plugin LightPropagationVolume, From C:/Program Files (x86)/Epic Games/4.14/Engine/Plugins/Blendables/LightPropagationVolume/LightPropagationVolume.uplugin
LogPluginManager: Loaded Plugin BlankPlugin, From C:/Program Files (x86)/Epic Games/4.14/Engine/Plugins/Developer/BlankPlugin/BlankPlugin.uplugin
LogPluginManager: Loaded Plugin CodeLiteSourceCodeAccess, From C:/Program Files (x86)/Epic Games/4.14/Engine/Plugins/Developer/CodeLiteSourceCodeAccess/CodeLiteSourceCodeAccess.uplugin
LogPluginManager: Loaded Plugin GitSourceControl, From C:/Program Files (x86)/Epic Games/4.14/Engine/Plugins/Developer/GitSourceControl/GitSourceControl.uplugin
LogPluginManager: Loaded Plugin KDevelopSourceCodeAccess, From C:/Program Files (x86)/Epic Games/4.14/Engine/Plugins/Developer/KDevelopSourceCodeAccess/KDevelopSourceCodeAccess.uplugin
LogPluginManager: Loaded Plugin NullSourceCodeAccess, From C:/Program Files (x86)/Epic Games/4.14/Engine/Plugins/Developer/NullSourceCodeAccess/NullSourceCodeAccess.uplugin
LogPluginManager: Loaded Plugin OneSkyLocalizationService, From C:/Program Files (x86)/Epic Games/4.14/Engine/Plugins/Developer/OneSkyLocalizationService/OneSkyLocalizationService.uplugin
LogPluginManager: Loaded Plugin PerforceSourceControl, From C:/Program Files (x86)/Epic Games/4.14/Engine/Plugins/Developer/PerforceSourceControl/PerforceSourceControl.uplugin
LogPluginManager: Loaded Plugin SubversionSourceControl, From C:/Program Files (x86)/Epic Games/4.14/Engine/Plugins/Developer/SubversionSourceControl/SubversionSourceControl.uplugin
LogPluginManager: Loaded Plugin UObjectPlugin, From C:/Program Files (x86)/Epic Games/4.14/Engine/Plugins/Developer/UObjectPlugin/UObjectPlugin.uplugin
LogPluginManager: Loaded Plugin VisualStudioSourceCodeAccess, From C:/Program Files (x86)/Epic Games/4.14/Engine/Plugins/Developer/VisualStudioSourceCodeAccess/VisualStudioSourceCodeAccess.uplugin
LogPluginManager: Loaded Plugin XCodeSourceCodeAccess, From C:/Program Files (x86)/Epic Games/4.14/Engine/Plugins/Developer/XCodeSourceCodeAccess/XCodeSourceCodeAccess.uplugin
LogPluginManager: Loaded Plugin AudioCapture, From C:/Program Files (x86)/Epic Games/4.14/Engine/Plugins/Editor/AudioCapture/AudioCapture.uplugin
LogPluginManager: Loaded Plugin EpicSurvey, From C:/Program Files (x86)/Epic Games/4.14/Engine/Plugins/Editor/EpicSurvey/EpicSurvey.uplugin
LogPluginManager: Loaded Plugin MacGraphicsSwitching, From C:/Program Files (x86)/Epic Games/4.14/Engine/Plugins/Editor/MacGraphicsSwitching/MacGraphicsSwitching.uplugin
LogPluginManager: Loaded Plugin MobileLauncherProfileWizard, From C:/Program Files (x86)/Epic Games/4.14/Engine/Plugins/Editor/MobileLauncherProfileWizard/MobileLauncherProfileWizard.uplugin
LogPluginManager: Loaded Plugin PluginBrowser, From C:/Program Files (x86)/Epic Games/4.14/Engine/Plugins/Editor/PluginBrowser/PluginBrowser.uplugin
LogPluginManager: Loaded Plugin SpeedTreeImporter, From C:/Program Files (x86)/Epic Games/4.14/Engine/Plugins/Editor/SpeedTreeImporter/SpeedTreeImporter.uplugin
LogPluginManager: Loaded Plugin SuperSearchEditor, From C:/Program Files (x86)/Epic Games/4.14/Engine/Plugins/Editor/SuperSearchEditor/SuperSearchEditor.uplugin
LogPluginManager: Loaded Plugin AlembicImporter, From C:/Program Files (x86)/Epic Games/4.14/Engine/Plugins/Experimental/AlembicImporter/AlembicImporter.uplugin
LogPluginManager: Loaded Plugin BlueprintStats, From C:/Program Files (x86)/Epic Games/4.14/Engine/Plugins/Experimental/BlueprintStats/BlueprintStats.uplugin
LogPluginManager: Loaded Plugin CharacterAI, From C:/Program Files (x86)/Epic Games/4.14/Engine/Plugins/Experimental/CharacterAI/CharacterAI.uplugin
LogPluginManager: Loaded Plugin CodeEditor, From C:/Program Files (x86)/Epic Games/4.14/Engine/Plugins/Experimental/CodeEditor/CodeEditor.uplugin
LogPluginManager: Loaded Plugin CodeView, From C:/Program Files (x86)/Epic Games/4.14/Engine/Plugins/Experimental/CodeView/CodeView.uplugin
LogPluginManager: Loaded Plugin HTML5Networking, From C:/Program Files (x86)/Epic Games/4.14/Engine/Plugins/Experimental/HTML5Networking/HTML5Networking.uplugin
LogPluginManager: Loaded Plugin OSVR, From C:/Program Files (x86)/Epic Games/4.14/Engine/Plugins/Experimental/OSVR/OSVR.uplugin
LogPluginManager: Loaded Plugin Phya, From C:/Program Files (x86)/Epic Games/4.14/Engine/Plugins/Experimental/Phya/Phya.uplugin
LogPluginManager: Loaded Plugin SignificanceManager, From C:/Program Files (x86)/Epic Games/4.14/Engine/Plugins/Experimental/SignificanceManager/SignificanceManager.uplugin
LogPluginManager: Loaded Plugin SimpleHMD, From C:/Program Files (x86)/Epic Games/4.14/Engine/Plugins/Experimental/SimpleHMD/SimpleHMD.uplugin
LogPluginManager: Loaded Plugin StereoPanorama, From C:/Program Files (x86)/Epic Games/4.14/Engine/Plugins/Experimental/StereoPanorama/StereoPanorama.uplugin
LogPluginManager: Loaded Plugin StructBox, From C:/Program Files (x86)/Epic Games/4.14/Engine/Plugins/Experimental/StructBox/StructBox.uplugin
LogPluginManager: Loaded Plugin AndroidMedia, From C:/Program Files (x86)/Epic Games/4.14/Engine/Plugins/Media/AndroidMedia/AndroidMedia.uplugin
LogPluginManager: Loaded Plugin AvfMedia, From C:/Program Files (x86)/Epic Games/4.14/Engine/Plugins/Media/AvfMedia/AvfMedia.uplugin
LogPluginManager: Loaded Plugin MediaPlayerEditor, From C:/Program Files (x86)/Epic Games/4.14/Engine/Plugins/Media/MediaPlayerEditor/MediaPlayerEditor.uplugin
LogPluginManager: Loaded Plugin WmfMedia, From C:/Program Files (x86)/Epic Games/4.14/Engine/Plugins/Media/WmfMedia/WmfMedia.uplugin
LogPluginManager: Loaded Plugin MessagingDebugger, From C:/Program Files (x86)/Epic Games/4.14/Engine/Plugins/Messaging/MessagingDebugger/MessagingDebugger.uplugin
LogPluginManager: Loaded Plugin TcpMessaging, From C:/Program Files (x86)/Epic Games/4.14/Engine/Plugins/Messaging/TcpMessaging/TcpMessaging.uplugin
LogPluginManager: Loaded Plugin UdpMessaging, From C:/Program Files (x86)/Epic Games/4.14/Engine/Plugins/Messaging/UdpMessaging/UdpMessaging.uplugin
LogPluginManager: Loaded Plugin LevelSequenceEditor, From C:/Program Files (x86)/Epic Games/4.14/Engine/Plugins/MovieScene/LevelSequenceEditor/LevelSequenceEditor.uplugin
LogPluginManager: Loaded Plugin MatineeToLevelSequence, From C:/Program Files (x86)/Epic Games/4.14/Engine/Plugins/MovieScene/MatineeToLevelSequence/MatineeToLevelSequence.uplugin
LogPluginManager: Loaded Plugin NetcodeUnitTest, From C:/Program Files (x86)/Epic Games/4.14/Engine/Plugins/NetcodeUnitTest/NetcodeUnitTest/NetcodeUnitTest.uplugin
LogPluginManager: Loaded Plugin NUTUnrealEngine4, From C:/Program Files (x86)/Epic Games/4.14/Engine/Plugins/NetcodeUnitTest/NUTUnrealEngine4/NUTUnrealEngine4.uplugin
LogPluginManager: Loaded Plugin OnlineSubsystemGameCircle, From C:/Program Files (x86)/Epic Games/4.14/Engine/Plugins/Online/Android/OnlineSubsystemGameCircle/OnlineSubsystemGameCircle.uplugin
LogPluginManager: Loaded Plugin OnlineSubsystemGooglePlay, From C:/Program Files (x86)/Epic Games/4.14/Engine/Plugins/Online/Android/OnlineSubsystemGooglePlay/OnlineSubsystemGooglePlay.uplugin
LogPluginManager: Loaded Plugin OnlineSubsystemIOS, From C:/Program Files (x86)/Epic Games/4.14/Engine/Plugins/Online/IOS/OnlineSubsystemIOS/OnlineSubsystemIOS.uplugin
LogPluginManager: Loaded Plugin OnlineFramework, From C:/Program Files (x86)/Epic Games/4.14/Engine/Plugins/Online/OnlineFramework/OnlineFramework.uplugin
LogPluginManager: Loaded Plugin OnlineSubsystem, From C:/Program Files (x86)/Epic Games/4.14/Engine/Plugins/Online/OnlineSubsystem/OnlineSubsystem.uplugin
LogPluginManager: Loaded Plugin OnlineSubsystemAmazon, From C:/Program Files (x86)/Epic Games/4.14/Engine/Plugins/Online/OnlineSubsystemAmazon/OnlineSubsystemAmazon.uplugin
LogPluginManager: Loaded Plugin OnlineSubsystemFacebook, From C:/Program Files (x86)/Epic Games/4.14/Engine/Plugins/Online/OnlineSubsystemFacebook/OnlineSubsystemFacebook.uplugin
LogPluginManager: Loaded Plugin OnlineSubsystemNull, From C:/Program Files (x86)/Epic Games/4.14/Engine/Plugins/Online/OnlineSubsystemNull/OnlineSubsystemNull.uplugin
LogPluginManager: Loaded Plugin OnlineSubsystemOculus, From C:/Program Files (x86)/Epic Games/4.14/Engine/Plugins/Online/OnlineSubsystemOculus/OnlineSubsystemOculus.uplugin
LogPluginManager: Loaded Plugin OnlineSubsystemSteam, From C:/Program Files (x86)/Epic Games/4.14/Engine/Plugins/Online/OnlineSubsystemSteam/OnlineSubsystemSteam.uplugin
LogPluginManager: Loaded Plugin OnlineSubsystemUtils, From C:/Program Files (x86)/Epic Games/4.14/Engine/Plugins/Online/OnlineSubsystemUtils/OnlineSubsystemUtils.uplugin
LogPluginManager: Loaded Plugin IOSTapJoy, From C:/Program Files (x86)/Epic Games/4.14/Engine/Plugins/Runtime/Advertising/IOSTapJoy/IOSTapJoy.uplugin
LogPluginManager: Loaded Plugin AnalyticsBlueprintLibrary, From C:/Program Files (x86)/Epic Games/4.14/Engine/Plugins/Runtime/Analytics/AnalyticsBlueprintLibrary/AnalyticsBlueprintLibrary.uplugin
LogPluginManager: Loaded Plugin AnalyticsMulticast, From C:/Program Files (x86)/Epic Games/4.14/Engine/Plugins/Runtime/Analytics/AnalyticsMulticast/AnalyticsMulticast.uplugin
LogPluginManager: Loaded Plugin Apsalar, From C:/Program Files (x86)/Epic Games/4.14/Engine/Plugins/Runtime/Analytics/Apsalar/Apsalar.uplugin
LogPluginManager: Loaded Plugin FileLogging, From C:/Program Files (x86)/Epic Games/4.14/Engine/Plugins/Runtime/Analytics/FileLogging/FileLogging.uplugin
LogPluginManager: Loaded Plugin Flurry, From C:/Program Files (x86)/Epic Games/4.14/Engine/Plugins/Runtime/Analytics/Flurry/Flurry.uplugin
LogPluginManager: Loaded Plugin AndroidDeviceProfileSelector, From C:/Program Files (x86)/Epic Games/4.14/Engine/Plugins/Runtime/AndroidDeviceProfileSelector/AndroidDeviceProfileSelector.uplugin
LogPluginManager: Loaded Plugin AndroidMoviePlayer, From C:/Program Files (x86)/Epic Games/4.14/Engine/Plugins/Runtime/AndroidMoviePlayer/AndroidMoviePlayer.uplugin
LogPluginManager: Loaded Plugin AppleMoviePlayer, From C:/Program Files (x86)/Epic Games/4.14/Engine/Plugins/Runtime/AppleMoviePlayer/AppleMoviePlayer.uplugin
LogPluginManager: Loaded Plugin ArchVisCharacter, From C:/Program Files (x86)/Epic Games/4.14/Engine/Plugins/Runtime/ArchVisCharacter/ArchVisCharacter.uplugin
LogPluginManager: Loaded Plugin CableComponent, From C:/Program Files (x86)/Epic Games/4.14/Engine/Plugins/Runtime/CableComponent/CableComponent.uplugin
LogPluginManager: Loaded Plugin CustomMeshComponent, From C:/Program Files (x86)/Epic Games/4.14/Engine/Plugins/Runtime/CustomMeshComponent/CustomMeshComponent.uplugin
LogPluginManager: Loaded Plugin ExampleDeviceProfileSelector, From C:/Program Files (x86)/Epic Games/4.14/Engine/Plugins/Runtime/ExampleDeviceProfileSelector/ExampleDeviceProfileSelector.uplugin
LogPluginManager: Loaded Plugin GearVR, From C:/Program Files (x86)/Epic Games/4.14/Engine/Plugins/Runtime/GearVR/GearVR.uplugin
LogPluginManager: Loaded Plugin GoogleVRController, From C:/Program Files (x86)/Epic Games/4.14/Engine/Plugins/Runtime/GoogleVR/GoogleVRController/GoogleVRController.uplugin
LogPluginManager: Loaded Plugin GoogleVRHMD, From C:/Program Files (x86)/Epic Games/4.14/Engine/Plugins/Runtime/GoogleVR/GoogleVRHMD/GoogleVRHMD.uplugin
LogPluginManager: Loaded Plugin IOSDeviceProfileSelector, From C:/Program Files (x86)/Epic Games/4.14/Engine/Plugins/Runtime/IOSDeviceProfileSelector/IOSDeviceProfileSelector.uplugin
LogPluginManager: Loaded Plugin LeapMotion, From C:/Program Files (x86)/Epic Games/4.14/Engine/Plugins/Runtime/LeapMotion/LeapMotion.uplugin
LogPluginManager: Loaded Plugin LinuxDeviceProfileSelector, From C:/Program Files (x86)/Epic Games/4.14/Engine/Plugins/Runtime/LinuxDeviceProfileSelector/LinuxDeviceProfileSelector.uplugin
LogPluginManager: Loaded Plugin MIDIDevice, From C:/Program Files (x86)/Epic Games/4.14/Engine/Plugins/Runtime/MIDIDevice/MIDIDevice.uplugin
LogPluginManager: Loaded Plugin MobilePatchingUtils, From C:/Program Files (x86)/Epic Games/4.14/Engine/Plugins/Runtime/MobilePatchingUtils/MobilePatchingUtils.uplugin
LogPluginManager: Loaded Plugin Ansel, From C:/Program Files (x86)/Epic Games/4.14/Engine/Plugins/Runtime/Nvidia/Ansel/Ansel.uplugin
LogPluginManager: Loaded Plugin OculusAudio, From C:/Program Files (x86)/Epic Games/4.14/Engine/Plugins/Runtime/OculusAudio/OculusAudio.uplugin
LogPluginManager: Loaded Plugin OculusInput, From C:/Program Files (x86)/Epic Games/4.14/Engine/Plugins/Runtime/OculusInput/OculusInput.uplugin
LogPluginManager: Loaded Plugin OculusLibrary, From C:/Program Files (x86)/Epic Games/4.14/Engine/Plugins/Runtime/OculusLibrary/OculusLibrary.uplugin
LogPluginManager: Loaded Plugin OculusRift, From C:/Program Files (x86)/Epic Games/4.14/Engine/Plugins/Runtime/OculusRift/OculusRift.uplugin
LogPluginManager: Loaded Plugin Oodle, From C:/Program Files (x86)/Epic Games/4.14/Engine/Plugins/Runtime/PacketHandlers/CompressionComponents/Oodle/Oodle.uplugin
LogPluginManager: Loaded Plugin ProceduralMeshComponent, From C:/Program Files (x86)/Epic Games/4.14/Engine/Plugins/Runtime/ProceduralMeshComponent/ProceduralMeshComponent.uplugin
LogPluginManager: Loaded Plugin SoundMod, From C:/Program Files (x86)/Epic Games/4.14/Engine/Plugins/Runtime/SoundMod/SoundMod.uplugin
LogPluginManager: Loaded Plugin SoundVisualizations, From C:/Program Files (x86)/Epic Games/4.14/Engine/Plugins/Runtime/SoundVisualizations/SoundVisualizations.uplugin
LogPluginManager: Loaded Plugin SteamController, From C:/Program Files (x86)/Epic Games/4.14/Engine/Plugins/Runtime/Steam/SteamController/SteamController.uplugin
LogPluginManager: Loaded Plugin SteamVR, From C:/Program Files (x86)/Epic Games/4.14/Engine/Plugins/Runtime/Steam/SteamVR/SteamVR.uplugin
LogPluginManager: Loaded Plugin WebBrowserWidget, From C:/Program Files (x86)/Epic Games/4.14/Engine/Plugins/Runtime/WebBrowserWidget/WebBrowserWidget.uplugin
LogPluginManager: Loaded Plugin WindowsDeviceProfileSelector, From C:/Program Files (x86)/Epic Games/4.14/Engine/Plugins/Runtime/WindowsDeviceProfileSelector/WindowsDeviceProfileSelector.uplugin
LogPluginManager: Loaded Plugin WindowsMoviePlayer, From C:/Program Files (x86)/Epic Games/4.14/Engine/Plugins/Runtime/WindowsMoviePlayer/WindowsMoviePlayer.uplugin
LogPluginManager: Loaded Plugin ScriptPlugin, From C:/Program Files (x86)/Epic Games/4.14/Engine/Plugins/ScriptPlugin/ScriptPlugin.uplugin
LogPluginManager: Loaded Plugin SlateRemote, From C:/Program Files (x86)/Epic Games/4.14/Engine/Plugins/Slate/SlateRemote/SlateRemote.uplugin
LogPluginManager: Loaded Plugin EditorTests, From C:/Program Files (x86)/Epic Games/4.14/Engine/Plugins/Tests/EditorTests/EditorTests.uplugin
LogPluginManager: Loaded Plugin FbxAutomationTestBuilder, From C:/Program Files (x86)/Epic Games/4.14/Engine/Plugins/Tests/FbxAutomationTestBuilder/FbxAutomationTestBuilder.uplugin
LogPluginManager: Loaded Plugin FunctionalTestingEditor, From C:/Program Files (x86)/Epic Games/4.14/Engine/Plugins/Tests/FunctionalTestingEditor/FunctionalTestingEditor.uplugin
LogPluginManager: Loaded Plugin RuntimeTests, From C:/Program Files (x86)/Epic Games/4.14/Engine/Plugins/Tests/RuntimeTests/RuntimeTests.uplugin
LogPluginManager: Loaded Plugin ScreenshotTools, From C:/Program Files (x86)/Epic Games/4.14/Engine/Plugins/Tests/ScreenshotTools/ScreenshotTools.uplugin
LogInit: Using libcurl 7.47.1
LogInit:  - built for x86_64-pc-win32
LogInit:  - supports SSL with OpenSSL/1.0.2g
LogInit:  - supports HTTP deflate (compression) using libz 1.2.8
LogInit:  - other features:
LogInit:      CURL_VERSION_SSL
LogInit:      CURL_VERSION_LIBZ
LogInit:      CURL_VERSION_IPV6
LogInit:      CURL_VERSION_ASYNCHDNS
LogInit:      CURL_VERSION_LARGEFILE
LogInit:      CURL_VERSION_IDN
LogInit:  CurlRequestOptions (configurable via config and command line):
LogInit:  - bVerifyPeer = false  - Libcurl will NOT verify peer certificate
LogInit:  - bUseHttpProxy = false  - Libcurl will NOT use HTTP proxy
LogInit:  - bDontReuseConnections = false  - Libcurl will reuse connections
LogInit:  - CertBundlePath = nullptr  - Libcurl will use whatever was configured at build time.
LogInit: Build: ++UE4+Release-4.14-CL-3224400
LogInit: Engine Version: 4.14.1-3224400+++UE4+Release-4.14
LogInit: Compatible Engine Version: 4.14.0-3195953+++UE4+Release-4.14
LogInit: Net CL: 3195953
LogDevObjectVersion: Number of dev versions registered: 13
LogDevObjectVersion:   Dev-Blueprints (B0D832E4-1F89-4F0D-ACCF-7EB736FD4AA2): 7
LogDevObjectVersion:   Dev-Build (E1C64328-A22C-4D53-A36C-8E866417BD8C): 0
LogDevObjectVersion:   Dev-Core (375EC13C-06E4-48FB-B500-84F0262A717E): 1
LogDevObjectVersion:   Dev-Editor (E4B068ED-F494-42E9-A231-DA0B2E46BB41): 8
LogDevObjectVersion:   Dev-Framework (CFFC743F-43B0-4480-9391-14DF171D2073): 17
LogDevObjectVersion:   Dev-Mobile (B02B49B5-BB20-44E9-A304-32B752E40360): 0
LogDevObjectVersion:   Dev-Networking (A4E4105C-59A1-49B5-A7C5-40C4547EDFEE): 0
LogDevObjectVersion:   Dev-Online (39C831C9-5AE6-47DC-9A44-9C173E1C8E7C): 0
LogDevObjectVersion:   Dev-Physics (78F01B33-EBEA-4F98-B9B4-84EACCB95AA2): 0
LogDevObjectVersion:   Dev-Platform (6631380F-2D4D-43E0-8009-CF276956A95A): 0
LogDevObjectVersion:   Dev-Rendering (12F88B9F-8875-4AFC-A67C-D90C383ABD29): 12
LogDevObjectVersion:   Dev-Sequencer (7B5AE74C-D270-4C10-A958-57980B212A5A): 1
LogDevObjectVersion:   Dev-VR (D7296918-1DD6-4BDD-9DE2-64A83CC13884): 0
LogInit: Compiled (64-bit): Dec  7 2016 02:14:32
LogInit: Compiled with Visual C++: 19.00.23026.00
LogInit: Build Configuration: Development
LogInit: Branch Name: ++UE4+Release-4.14
LogInit: Command line:  
LogInit: Base directory: C:/Program Files (x86)/Epic Games/4.14/Engine/Binaries/Win64/
LogInit: Installed Engine Build: 1
LogInit: Presizing for max 8388607 objects, including 0 objects not considered by GC, pre-allocating 0 bytes for permanent pool.
LogInit: Object subsystem initialized
[2017.04.20-22.35.30:771][  0]LogInit: Selected Device Profile: [Windows]
[2017.04.20-22.35.30:771][  0]LogInit: Applying CVar settings loaded from the selected device profile: [Windows]
[2017.04.20-22.35.30:878][  0]LogInit: Computer: MAX-PC
[2017.04.20-22.35.30:878][  0]LogInit: User: Max
[2017.04.20-22.35.30:878][  0]LogInit: CPU Page size=65536, Cores=4
[2017.04.20-22.35.30:878][  0]LogInit: High frequency timer resolution =3.132148 MHz
[2017.04.20-22.35.30:878][  0]LogMemory: Memory total: Physical=12.0GB (12GB approx)
[2017.04.20-22.35.30:878][  0]LogMemory: Platform Memory Stats for Windows
[2017.04.20-22.35.30:878][  0]LogMemory: Process Physical Memory: 267.46 MB used, 267.46 MB peak
[2017.04.20-22.35.30:878][  0]LogMemory: Process Virtual Memory: 265.71 MB used, 265.71 MB peak
[2017.04.20-22.35.30:878][  0]LogMemory: Physical Memory: 5058.77 MB used,  7220.35 MB free, 12279.11 MB total
[2017.04.20-22.35.30:878][  0]LogMemory: Virtual Memory: 664.21 MB used,  7220.35 MB free, 8388608.00 MB total
[2017.04.20-22.35.30:914][  0]LogTextLocalizationManager: No specific translations for ('en-GB') exist, so ('en') translations will be used.
[2017.04.20-22.35.31:721][  0]LogD3D11RHI: D3D11 adapters:
[2017.04.20-22.35.31:729][  0]LogD3D11RHI:    0. 'AMD Radeon HD 7900 Series' (Feature Level 11_0)
[2017.04.20-22.35.31:729][  0]LogD3D11RHI:       3051/0/3840 MB DedicatedVideo/DedicatedSystem/SharedSystem, Outputs:2, VendorId:0x1002
[2017.04.20-22.35.31:729][  0]LogD3D11RHI: Chosen D3D11 Adapter: 0
[2017.04.20-22.35.31:742][  0]LogD3D11RHI: Creating new Direct3DDevice
[2017.04.20-22.35.31:742][  0]LogD3D11RHI:     GPU DeviceId: 0x6798 (for the marketing name, search the web for "GPU Device Id")
[2017.04.20-22.35.31:742][  0]LogWindows: EnumDisplayDevices:
[2017.04.20-22.35.31:743][  0]LogWindows:    0. 'AMD Radeon HD 7900 Series' (P:1 D:1)
[2017.04.20-22.35.31:743][  0]LogWindows:    1. 'AMD Radeon HD 7900 Series' (P:0 D:1)
[2017.04.20-22.35.31:743][  0]LogWindows:    2. 'AMD Radeon HD 7900 Series' (P:0 D:0)
[2017.04.20-22.35.31:743][  0]LogWindows:    3. 'AMD Radeon HD 7900 Series' (P:0 D:0)
[2017.04.20-22.35.31:744][  0]LogWindows:    4. 'AMD Radeon HD 7900 Series' (P:0 D:0)
[2017.04.20-22.35.31:744][  0]LogWindows:    5. 'AMD Radeon HD 7900 Series' (P:0 D:0)
[2017.04.20-22.35.31:744][  0]LogWindows:    6. 'RDPDD Chained DD' (P:0 D:0)
[2017.04.20-22.35.31:744][  0]LogWindows:    7. 'RDP Encoder Mirror Driver' (P:0 D:0)
[2017.04.20-22.35.31:745][  0]LogWindows:    8. 'RDP Reflector Display Driver' (P:0 D:0)
[2017.04.20-22.35.31:745][  0]LogWindows: DebugString: GetVideoDriverDetailsInvalid PrimaryIsNotTheChoosenAdapter GetVideoDriverDetailsInvalid PrimaryIsNotTheChoosenAdapter GetVideoDriverDetailsInvalid PrimaryIsNotTheChoosenAdapter FoundDriverCount:6 
[2017.04.20-22.35.31:745][  0]LogD3D11RHI:     Adapter Name: AMD Radeon HD 7900 Series
[2017.04.20-22.35.31:745][  0]LogD3D11RHI:   Driver Version: Crimson 16.3.2 (internal:16.150.2211.0, unified:16.150.2211.0)
[2017.04.20-22.35.31:745][  0]LogD3D11RHI:      Driver Date: 3-21-2016
[2017.04.20-22.35.31:745][  0]LogRHI: Texture pool is 1361 MB (70% of 1945 MB)
[2017.04.20-22.35.31:751][  0]LogD3D11RHI: Async texture creation enabled
[2017.04.20-22.35.31:761][  0]LogD3D11RHI: GPU Timing Frequency: 27.000000 (Debug: 2 1)
[2017.04.20-22.35.31:761][  0]LogShaderCompilers: Guid format shader working directory is -23 characters bigger than the processId version (../../../../../../Users/Max/Documents/Call-Of-Bread/Call_Of_bread/Intermediate/Shaders/WorkingDirectory/195312/).
[2017.04.20-22.35.31:762][  0]LogShaderCompilers: Cleaned the shader compiler working directory 'C:/Users/Max/AppData/Local/Temp/UnrealShaderWorkingDir/7AE6198E43B4EDBEC4BF08A0221D0F79/'.
[2017.04.20-22.35.31:762][  0]LogShaderCompilers:Display: Using Local Shader Compiler.
[2017.04.20-22.35.33:160][  0]LogTemp:Display: Loaded TP AllDesktopTargetPlatform
[2017.04.20-22.35.33:244][  0]LogTemp:Display: Loaded TP MacClientTargetPlatform
[2017.04.20-22.35.33:327][  0]LogTemp:Display: Loaded TP MacNoEditorTargetPlatform
[2017.04.20-22.35.33:411][  0]LogTemp:Display: Loaded TP MacServerTargetPlatform
[2017.04.20-22.35.33:494][  0]LogTemp:Display: Loaded TP MacTargetPlatform
[2017.04.20-22.35.33:577][  0]LogTemp:Display: Loaded TP WindowsClientTargetPlatform
[2017.04.20-22.35.33:661][  0]LogTemp:Display: Loaded TP WindowsNoEditorTargetPlatform
[2017.04.20-22.35.33:745][  0]LogTemp:Display: Loaded TP WindowsServerTargetPlatform
[2017.04.20-22.35.33:814][  0]LogTemp:Display: Loaded TP WindowsTargetPlatform
[2017.04.20-22.35.33:896][  0]LogTemp:Display: Loaded TP AndroidTargetPlatform
[2017.04.20-22.35.33:978][  0]LogTemp:Display: Loaded TP Android_ASTCTargetPlatform
[2017.04.20-22.35.34:059][  0]LogTemp:Display: Loaded TP Android_ATCTargetPlatform
[2017.04.20-22.35.34:141][  0]LogTemp:Display: Loaded TP Android_DXTTargetPlatform
[2017.04.20-22.35.34:224][  0]LogTemp:Display: Loaded TP Android_ETC1TargetPlatform
[2017.04.20-22.35.34:306][  0]LogTemp:Display: Loaded TP Android_ETC2TargetPlatform
[2017.04.20-22.35.34:470][  0]LogTemp:Display: Loaded TP Android_MultiTargetPlatform
[2017.04.20-22.35.34:470][  0]LogTemp:Display: Loaded TP Android_PVRTCTargetPlatform
[2017.04.20-22.35.34:530][  0]LogTemp:Display: Loaded TP HTML5TargetPlatform
[2017.04.20-22.35.34:650][  0]LogTemp:Display: Loaded TP IOSTargetPlatform
[2017.04.20-22.35.34:696][  0]LogTemp:Display: Loaded TP TVOSTargetPlatform
[2017.04.20-22.35.34:779][  0]LogTemp:Display: Loaded TP LinuxClientTargetPlatform
[2017.04.20-22.35.34:861][  0]LogTemp:Display: Loaded TP LinuxNoEditorTargetPlatform
[2017.04.20-22.35.34:944][  0]LogTemp:Display: Loaded TP LinuxServerTargetPlatform
[2017.04.20-22.35.35:026][  0]LogTemp:Display: Loaded TP LinuxTargetPlatform
[2017.04.20-22.35.35:026][  0]LogTargetPlatformManager:Display: Building Assets For Windows
[2017.04.20-22.35.35:557][  0]LogDerivedDataCache:Display: Max Cache Size: 512 MB
[2017.04.20-22.35.35:651][  0]LogDerivedDataCache: Loaded boot cache 0.09s 62MB C:/Users/Max/AppData/Local/UnrealEngine/4.14/DerivedDataCache/Boot.ddc.
[2017.04.20-22.35.35:651][  0]LogDerivedDataCache:Display: Loaded Boot cache: C:/Users/Max/AppData/Local/UnrealEngine/4.14/DerivedDataCache/Boot.ddc
[2017.04.20-22.35.35:651][  0]LogDerivedDataCache: FDerivedDataBackendGraph:  Pak pak cache file ../../../../../../Users/Max/Documents/Call-Of-Bread/Call_Of_bread/DerivedDataCache/DDC.ddp not found, will not use a pak cache.
[2017.04.20-22.35.35:651][  0]LogDerivedDataCache: Unable to find inner node Pak for hierarchical cache Hierarchy.
[2017.04.20-22.35.35:651][  0]LogDerivedDataCache: FDerivedDataBackendGraph:  CompressedPak pak cache file ../../../../../../Users/Max/Documents/Call-Of-Bread/Call_Of_bread/DerivedDataCache/Compressed.ddp not found, will not use a pak cache.
[2017.04.20-22.35.35:651][  0]LogDerivedDataCache: Unable to find inner node CompressedPak for hierarchical cache Hierarchy.
[2017.04.20-22.35.35:673][  0]LogDerivedDataCache:Display: Pak cache opened for reading ../../../Engine/DerivedDataCache/Compressed.ddp.
[2017.04.20-22.35.35:734][  0]LogDerivedDataCache: Using Local data cache path C:/Users/Max/AppData/Local/UnrealEngine/Common/DerivedDataCache: Writable
[2017.04.20-22.35.36:028][  0]LogInit: Selected Device Profile: [Windows]
[2017.04.20-22.35.36:033][  0]LogContentStreaming: Texture pool size is 0.00 MB
[2017.04.20-22.35.36:369][  0]LogMeshUtilities: Using QuadricMeshReduction for automatic static mesh reduction
[2017.04.20-22.35.36:435][  0]LogSimplygon: Simplygon DLL not present - disabling.
[2017.04.20-22.35.36:507][  0]LogMeshUtilities: Using SimplygonSwarm for distributed automatic mesh merging
[2017.04.20-22.35.36:507][  0]LogMeshUtilities: No automatic skeletal mesh reduction module available
[2017.04.20-22.35.36:507][  0]LogMeshUtilities: No automatic mesh merging module available
[2017.04.20-22.35.37:254][  0]LogNetVersion: GetLocalNetworkVersion: CL: 3195953, ProjectName: call_of_bread, ProjectVersion: , EngineNetworkVersion: 2, GameNetworkVersion: 0, NetworkChecksum: 1183517265
[2017.04.20-22.35.37:319][  0]LogAssetRegistry: FAssetRegistry took 0.0217 seconds to start up
[2017.04.20-22.35.38:024][  0]LogPackageLocalizationCache: Processed 3 localized package path(s) for 2 prioritized culture(s) in 0.676765 seconds
[2017.04.20-22.35.38:030][  0]LogUObjectArray: 31946 objects as part of root set at end of initial load.
[2017.04.20-22.35.38:030][  0]LogUObjectAllocator: 6935848 out of 0 bytes used by permanent object pool.
[2017.04.20-22.35.38:030][  0]LogUObjectArray: CloseDisregardForGC: 0/0 objects in disregard for GC pool
[2017.04.20-22.35.38:112][  0]LogInit: WinSock: version 1.1 (2.2), MaxSocks=32767, MaxUdp=65467
[2017.04.20-22.35.39:217][  0]LogSlate: Using Freetype 2.6.0
[2017.04.20-22.35.39:218][  0]LogSlate: SlateFontCache - WITH_FREETYPE: 1, WITH_HARFBUZZ: 1
[2017.04.20-22.35.39:218][  0]LogSlate: SlateFontCache - WITH_FREETYPE: 1, WITH_HARFBUZZ: 1
[2017.04.20-22.35.40:502][  0]LogTcpMessaging: Initializing TcpMessaging bridge
[2017.04.20-22.35.40:550][  0]LogUdpMessaging: Initializing bridge on interface 0.0.0.0:0 to multicast group 230.0.0.1:6666.
[2017.04.20-22.35.41:078][  0]LogMaterial: Uniform references updated for custom material expression Custom.
[2017.04.20-22.35.41:760][  0]SourceControl: Info Source control is disabled
[2017.04.20-22.35.41:908][  0]SourceControl: Info Source control is disabled
[2017.04.20-22.35.41:984][  0]SourceControl: Info Source control is disabled
[2017.04.20-22.35.42:054][  0]SourceControl: Info Source control is disabled
[2017.04.20-22.35.43:948][  0]LogEngine: Initializing Engine...
[2017.04.20-22.35.43:949][  0]LogHMD: Failed to initialize OpenVR with code 110
[2017.04.20-22.35.44:285][  0]LogAIModule: Creating AISystem for world Untitled
[2017.04.20-22.35.44:306][  0]LogInit: XAudio2 using 'Speakers (High Definition Audio Device)' : 2 channels at 44.1 kHz using 16 bits per sample (channel mask 0x3)
[2017.04.20-22.35.44:315][  0]LogInit: FAudioDevice initialized.
[2017.04.20-22.35.44:665][  0]LogDerivedDataCache: Saved boot cache 0.35s 62MB C:/Users/Max/AppData/Local/UnrealEngine/4.14/DerivedDataCache/Boot.ddc.
[2017.04.20-22.35.44:676][  0]LogInit: Texture streaming: Enabled
[2017.04.20-22.35.44:936][  0]LogInit: Transaction tracking system initialized
[2017.04.20-22.35.45:466][  0]BlueprintLog: New page: Editor Load
[2017.04.20-22.35.46:867][  0]LocalizationService: Info Localization service is disabled
[2017.04.20-22.35.47:835][  0]LogConsoleResponse:Display: 
[2017.04.20-22.35.48:013][  0]LogCook:Display: Max memory allowance for cook 16384mb min free memory 0mb
[2017.04.20-22.35.48:013][  0]LogCook:Display: Mobile HDR setting 1
[2017.04.20-22.35.48:741][  0]LogFileCache: Scanning file cache for directory 'C:/Users/Max/Documents/Call-Of-Bread/Call_Of_bread/Content/' took 0.02s
[2017.04.20-22.35.49:430][  0]SourceControl: Info Source control is disabled
[2017.04.20-22.35.49:430][  0]Cmd: MAP LOAD FILE="../../../../../../Users/Max/Documents/Call-Of-Bread/Call_Of_bread/Content/ThirdPersonBP/Maps/ThirdPersonExampleMap.umap" TEMPLATE=0 SHOWPROGRESS=1 FEATURELEVEL=3
[2017.04.20-22.35.49:431][  0]LightingResults: New page: Lighting Build
[2017.04.20-22.35.49:492][  0]MapCheck: New page: Map Check
[2017.04.20-22.35.49:492][  0]LightingResults: New page: Lighting Build
[2017.04.20-22.35.50:129][  0]LogAIModule: Creating AISystem for world ThirdPersonExampleMap
[2017.04.20-22.35.50:139][  0]LogEditorServer: Finished looking for orphan Actors (0.000 secs)
[2017.04.20-22.35.50:139][  0]Cmd: MAP CHECKDEP NOCLEARLOG
[2017.04.20-22.35.50:234][  0]MapCheck: Info Map check complete: 0 Error(s), 0 Warning(s), took 94.776ms to complete.
[2017.04.20-22.35.50:234][  0]LogFileHelpers: Loading map 'ThirdPersonExampleMap' took 0.805
[2017.04.20-22.35.50:407][  0]LogCollectionManager: Loaded 0 collections in 0.002520 seconds
[2017.04.20-22.35.50:513][  0]LogFileCache: Scanning file cache for directory 'C:/Users/Max/Documents/Call-Of-Bread/Call_Of_bread/Saved/Collections/' took 0.01s
[2017.04.20-22.35.50:513][  0]LogFileCache: Scanning file cache for directory 'C:/Users/Max/Documents/Call-Of-Bread/Call_Of_bread/Content/Developers/Max/Collections/' took 0.01s
[2017.04.20-22.35.50:513][  0]LogFileCache: Scanning file cache for directory 'C:/Users/Max/Documents/Call-Of-Bread/Call_Of_bread/Content/Collections/' took 0.01s
[2017.04.20-22.35.50:513][  0]LogCollectionManager: Rebuilt the GUID cache for 0 collections in 0.000002 seconds
[2017.04.20-22.35.50:524][  0]LogContentBrowser: Native class hierarchy populated in 0.0109 seconds. Added 2190 classes and 428 folders.
[2017.04.20-22.35.50:588][  0]LogStats: UGameplayTagsManager::ConstructGameplayTagTree: Construct from data asset -  0.000 s
[2017.04.20-22.35.50:588][  0]LogStats: UGameplayTagsManager::ConstructGameplayTagTree: GameplayTagTreeChangedEvent.Broadcast -  0.000 s
[2017.04.20-22.35.50:588][  0]LogContentBrowser: Native class hierarchy updated for 'GameplayTags' in 0.0006 seconds. Added 13 classes and 0 folders.
[2017.04.20-22.35.50:678][  0]LogContentBrowser: Native class hierarchy updated for 'WidgetCarousel' in 0.0006 seconds. Added 0 classes and 0 folders.
[2017.04.20-22.35.50:758][  0]LogContentBrowser: Native class hierarchy updated for 'AddContentDialog' in 0.0005 seconds. Added 0 classes and 0 folders.
[2017.04.20-22.35.50:824][  0]LogContentBrowser: Native class hierarchy updated for 'SceneOutliner' in 0.0006 seconds. Added 1 classes and 2 folders.
[2017.04.20-22.35.50:873][  0]LogCrashTracker: Crashtracker disabled due to settings.
[2017.04.20-22.35.50:877][  0]LogUObjectGlobals:Warning: Failed to find object 'Class None.'
[2017.04.20-22.35.50:962][  0]LogContentBrowser: Native class hierarchy updated for 'HierarchicalLODOutliner' in 0.0006 seconds. Added 1 classes and 2 folders.
[2017.04.20-22.35.50:963][  0]LogLoad: (Engine Initialization) Total time: 22.87 seconds
[2017.04.20-22.35.50:963][  0]LogLoad: (Engine Initialization) Total Blueprint compile time: 0.23 seconds
[2017.04.20-22.35.50:963][  0]LogExternalProfiler: Found external profiler: VSPerf
[2017.04.20-22.35.50:963][  0]LogExternalProfiler: Using external profiler: VSPerf
[2017.04.20-22.35.50:972][  0]LogOcInput: OculusInput pre-init called
[2017.04.20-22.35.50:991][  0]LogContentStreaming: Texture pool size now 1000 MB
[2017.04.20-22.35.51:183][  0]LogRenderer: Reallocating scene render targets to support 1148x576 NumSamples 1 (Frame:2).
[2017.04.20-22.35.51:559][  1]LogAssetRegistry: Asset discovery search completed in 14.2624 seconds
[2017.04.20-22.35.51:559][  1]LogCollectionManager: Rebuilt the object cache for 0 collections in 0.000001 seconds (found 0 objects)
[2017.04.20-22.35.51:559][  1]LogCollectionManager: Fixed up redirectors for 0 collections in 0.000019 seconds (updated 0 objects)
[2017.04.20-22.35.58:464][707]LogContentBrowser: Native class hierarchy updated for 'BlueprintGraph' in 0.0011 seconds. Added 111 classes and 0 folders.
[2017.04.20-22.41.59:024][340]BlueprintLog: New page: Collapse to Function
[2017.04.20-22.43.03:749][105]LogEditorTransaction: Undo Add Out Parameter
[2017.04.20-22.47.31:423][814]LogFileHelpers: Editor autosave (incl. sublevels) for '/Game/ThirdPersonBP/Maps/ThirdPersonExampleMap' took 0.039
[2017.04.20-22.47.31:425][814]OBJ SavePackage: Generating thumbnails for [0] asset(s) in package [/Game/Blueprints/Drawer_Movement_Collision] ([1] browsable assets)...
[2017.04.20-22.47.31:425][814]OBJ SavePackage: Finished generating thumbnails for package [/Game/Blueprints/Drawer_Movement_Collision]
[2017.04.20-22.47.31:693][814]LogSavePackage: Save=210.70ms
[2017.04.20-22.47.31:693][814]LogSavePackage: Moving '../../../../../../Users/Max/Documents/Call-Of-Bread/Call_Of_bread/Saved/Drawer_Movement_Collision_Auto19BC45E534ECB09772C554AA39A593D78.tmp' to '../../../../../../Users/Max/Documents/Call-Of-Bread/Call_Of_bread/Saved/Autosaves/Game/Blueprints/Drawer_Movement_Collision_Auto1.uasset'
[2017.04.20-22.47.31:694][814]LogSavePackage:Display: Finished SavePackage ../../../../../../Users/Max/Documents/Call-Of-Bread/Call_Of_bread/Saved/Autosaves/Game/Blueprints/Drawer_Movement_Collision_Auto1.uasset
[2017.04.20-22.47.31:694][814]LogFileHelpers: Auto-saving content packages took 0.270
[2017.04.20-22.50.53:175][425]LogEditorViewport: Clicking on Actor (LMB): StaticMeshActor (Wall6)
[2017.04.20-22.51.31:033][ 57]BlueprintLog: New page: Compile Drawer_Movement_Collision
[2017.04.20-22.51.32:112][103]LogSavePackage: Save=137.27ms
[2017.04.20-22.51.32:112][103]LogSavePackage: Moving '../../../../../../Users/Max/Documents/Call-Of-Bread/Call_Of_bread/Saved/Drawer_Movement_CollisionE1DE5BD64BAE93574FCCCE83EBF946CF.tmp' to '../../../../../../Users/Max/Documents/Call-Of-Bread/Call_Of_bread/Content/Blueprints/Drawer_Movement_Collision.uasset'
[2017.04.20-22.51.32:166][103]LogSavePackage:Display: Finished SavePackage ../../../../../../Users/Max/Documents/Call-Of-Bread/Call_Of_bread/Content/Blueprints/Drawer_Movement_Collision.uasset
[2017.04.20-22.51.35:725][317]LogSavePackage: Save=843.86ms
[2017.04.20-22.51.35:725][317]LogSavePackage: Moving '../../../../../../Users/Max/Documents/Call-Of-Bread/Call_Of_bread/Saved/ThirdPersonExampleMap1FD179B94454FC6D2721A180385D5B04.tmp' to '../../../../../../Users/Max/Documents/Call-Of-Bread/Call_Of_bread/Content/ThirdPersonBP/Maps/ThirdPersonExampleMap.umap'
[2017.04.20-22.51.35:727][317]LogSavePackage:Display: Finished SavePackage ../../../../../../Users/Max/Documents/Call-Of-Bread/Call_Of_bread/Content/ThirdPersonBP/Maps/ThirdPersonExampleMap.umap
[2017.04.20-22.51.36:915][406]Cmd: QUIT_EDITOR
[2017.04.20-22.51.36:972][406]LogExit: Preparing to exit.
[2017.04.20-22.51.37:726][406]LogDirectoryWatcher: A directory notification for 'C:/Users/Max/Documents/Call-Of-Bread/Call_Of_bread/Content/' was aborted.
[2017.04.20-22.51.37:810][406]LogExit: Editor shut down
[2017.04.20-22.51.37:810][406]LogExit: Transaction tracking system shut down
[2017.04.20-22.51.37:919][406]LogObj: Freed 0b from 0 cluster array pools.
[2017.04.20-22.51.37:919][406]LogExit: Object subsystem successfully closed.
[2017.04.20-22.51.37:935][406]LogD3D11RHI: Shutdown
[2017.04.20-22.51.37:935][406]LogD3D11RHI: CleanupD3DDevice
[2017.04.20-22.51.37:962][406]LogD3D11RHI: ~FD3D11DynamicRHI
[2017.04.20-22.51.38:007][406]LogHttp:Display: Http module shutting down, but needs to wait on 1 outstanding Http requests:
[2017.04.20-22.51.38:007][406]LogHttp:Display: 	verb=[POST] url=[https://datarouter.ol.epicgames.com/datarouter/api/v1/public/data?SessionID=%7B135EA554-4A6E-576E-1FEA-34AE8BE8E2B0%7D&AppID=UEEditor.Rocket.Release&AppVersion=4.14.1-3224400%2B%2B%2BUE4%2BRelease-4.14&UserID=1225e89048de4f98aaa708bd9e59bb5a%7Ccea67678c7e74640b63ec889f2c32c96%7C863bea68-1497-40a4-8440-6b8558e98a1e&AppEnvironment=datacollector-binary&UploadType=eteventstream] status=Processing
[2017.04.20-22.51.38:040][406]LogModuleManager: Shutting down and abandoning module BlueprintGraph (243)
[2017.04.20-22.51.38:040][406]LogModuleManager: Shutting down and abandoning module BlueprintProfiler (242)
[2017.04.20-22.51.38:040][406]LogModuleManager: Shutting down and abandoning module HierarchicalLODOutliner (241)
[2017.04.20-22.51.38:041][406]LogModuleManager: Shutting down and abandoning module CrashTracker (240)
[2017.04.20-22.51.38:041][406]LogModuleManager: Shutting down and abandoning module SceneOutliner (239)
[2017.04.20-22.51.38:041][406]LogModuleManager: Shutting down and abandoning module WidgetCarousel (238)
[2017.04.20-22.51.38:041][406]LogModuleManager: Shutting down and abandoning module AddContentDialog (237)
[2017.04.20-22.51.38:041][406]LogDirectoryWatcher: A directory notification for 'C:/Program Files (x86)/Epic Games/4.14/FeaturePacks/' was aborted.
[2017.04.20-22.51.38:042][406]LogModuleManager: Shutting down and abandoning module GameplayTags (236)
[2017.04.20-22.51.38:042][406]LogModuleManager: Shutting down and abandoning module EditorWidgets (235)
[2017.04.20-22.51.38:042][406]LogModuleManager: Shutting down and abandoning module CollectionManager (234)
[2017.04.20-22.51.38:042][406]LogDirectoryWatcher: A directory notification for 'C:/Users/Max/Documents/Call-Of-Bread/Call_Of_bread/Content/Collections/' was aborted.
[2017.04.20-22.51.38:042][406]LogDirectoryWatcher: A directory notification for 'C:/Users/Max/Documents/Call-Of-Bread/Call_Of_bread/Content/Developers/Max/Collections/' was aborted.
[2017.04.20-22.51.38:042][406]LogDirectoryWatcher: A directory notification for 'C:/Users/Max/Documents/Call-Of-Bread/Call_Of_bread/Saved/Collections/' was aborted.
[2017.04.20-22.51.38:042][406]LogModuleManager: Shutting down and abandoning module StatsViewer (233)
[2017.04.20-22.51.38:042][406]LogModuleManager: Shutting down and abandoning module FoliageEdit (232)
[2017.04.20-22.51.38:042][406]LogModuleManager: Shutting down and abandoning module LandscapeEditor (231)
[2017.04.20-22.51.38:042][406]LogModuleManager: Shutting down and abandoning module SceneDepthPickerMode (230)
[2017.04.20-22.51.38:042][406]LogModuleManager: Shutting down and abandoning module ActorPickerMode (229)
[2017.04.20-22.51.38:042][406]LogModuleManager: Shutting down and abandoning module GeometryMode (228)
[2017.04.20-22.51.38:042][406]LogModuleManager: Shutting down and abandoning module TextureAlignMode (227)
[2017.04.20-22.51.38:042][406]LogModuleManager: Shutting down and abandoning module BspMode (226)
[2017.04.20-22.51.38:042][406]LogModuleManager: Shutting down and abandoning module HardwareSurvey (225)
[2017.04.20-22.51.38:042][406]LogModuleManager: Shutting down and abandoning module SequenceRecorderSections (224)
[2017.04.20-22.51.38:042][406]LogModuleManager: Shutting down and abandoning module AutomationWorker (223)
[2017.04.20-22.51.38:042][406]LogModuleManager: Shutting down and abandoning module MatineeToLevelSequence (222)
[2017.04.20-22.51.38:042][406]LogModuleManager: Shutting down and abandoning module PlacementMode (221)
[2017.04.20-22.51.38:042][406]LogModuleManager: Shutting down and abandoning module LevelSequenceEditor (220)
[2017.04.20-22.51.38:042][406]LogModuleManager: Shutting down and abandoning module WmfMediaFactory (219)
[2017.04.20-22.51.38:042][406]LogModuleManager: Shutting down and abandoning module WmfMediaEditor (218)
[2017.04.20-22.51.38:042][406]LogModuleManager: Shutting down and abandoning module AvfMediaFactory (217)
[2017.04.20-22.51.38:042][406]LogModuleManager: Shutting down and abandoning module AvfMediaEditor (216)
[2017.04.20-22.51.38:042][406]LogModuleManager: Shutting down and abandoning module Media (215)
[2017.04.20-22.51.38:042][406]LogModuleManager: Shutting down and abandoning module AndroidMediaFactory (214)
[2017.04.20-22.51.38:042][406]LogModuleManager: Shutting down and abandoning module AndroidMediaEditor (213)
[2017.04.20-22.51.38:042][406]LogModuleManager: Shutting down and abandoning module CharacterAI (212)
[2017.04.20-22.51.38:042][406]LogModuleManager: Shutting down and abandoning module SequenceRecorder (211)
[2017.04.20-22.51.38:042][406]LogModuleManager: Shutting down and abandoning module AudioCapture (210)
[2017.04.20-22.51.38:042][406]LogModuleManager: Shutting down and abandoning module SmartSnapping (209)
[2017.04.20-22.51.38:042][406]LogModuleManager: Shutting down and abandoning module SessionServices (208)
[2017.04.20-22.51.38:042][406]LogModuleManager: Shutting down and abandoning module ViewportSnapping (207)
[2017.04.20-22.51.38:042][406]LogModuleManager: Shutting down and abandoning module ViewportInteraction (206)
[2017.04.20-22.51.38:042][406]LogModuleManager: Shutting down and abandoning module LogVisualizer (205)
[2017.04.20-22.51.38:042][406]LogModuleManager: Shutting down and abandoning module GameProjectGeneration (204)
[2017.04.20-22.51.38:042][406]LogModuleManager: Shutting down and abandoning module IntroTutorials (203)
[2017.04.20-22.51.38:042][406]LogModuleManager: Shutting down and abandoning module EditorLiveStreaming (202)
[2017.04.20-22.51.38:042][406]LogModuleManager: Shutting down and abandoning module IOSPlatformEditor (201)
[2017.04.20-22.51.38:043][406]LogModuleManager: Shutting down and abandoning module HTML5PlatformEditor (200)
[2017.04.20-22.51.38:043][406]LogModuleManager: Shutting down and abandoning module AndroidDeviceDetection (199)
[2017.04.20-22.51.38:439][406]LogModuleManager: Shutting down and abandoning module AndroidPlatformEditor (198)
[2017.04.20-22.51.38:439][406]LogModuleManager: Shutting down and abandoning module IOSRuntimeSettings (197)
[2017.04.20-22.51.38:439][406]LogModuleManager: Shutting down and abandoning module AndroidRuntimeSettings (196)
[2017.04.20-22.51.38:439][406]LogModuleManager: Shutting down and abandoning module InputBindingEditor (195)
[2017.04.20-22.51.38:439][406]LogModuleManager: Shutting down and abandoning module NiagaraEditor (194)
[2017.04.20-22.51.38:439][406]LogModuleManager: Shutting down and abandoning module MergeActors (193)
[2017.04.20-22.51.38:439][406]LogModuleManager: Shutting down and abandoning module SizeMap (192)
[2017.04.20-22.51.38:439][406]LogModuleManager: Shutting down and abandoning module TreeMap (191)
[2017.04.20-22.51.38:439][406]LogModuleManager: Shutting down and abandoning module ReferenceViewer (190)
[2017.04.20-22.51.38:439][406]LogModuleManager: Shutting down and abandoning module LocalizationService (189)
[2017.04.20-22.51.38:439][406]LogModuleManager: Shutting down and abandoning module LocalizationDashboard (188)
[2017.04.20-22.51.38:439][406]LogModuleManager: Shutting down and abandoning module HardwareTargeting (187)
[2017.04.20-22.51.38:439][406]LogModuleManager: Shutting down and abandoning module DeviceProfileEditor (186)
[2017.04.20-22.51.38:439][406]LogModuleManager: Shutting down and abandoning module UndoHistory (185)
[2017.04.20-22.51.38:439][406]LogModuleManager: Shutting down and abandoning module UserFeedback (184)
[2017.04.20-22.51.38:439][406]LogModuleManager: Shutting down and abandoning module XmlParser (183)
[2017.04.20-22.51.38:439][406]LogModuleManager: Shutting down and abandoning module Blutility (182)
[2017.04.20-22.51.38:439][406]LogModuleManager: Shutting down and abandoning module ProjectTargetPlatformEditor (181)
[2017.04.20-22.51.38:439][406]LogModuleManager: Shutting down and abandoning module ProjectSettingsViewer (180)
[2017.04.20-22.51.38:439][406]LogModuleManager: Shutting down and abandoning module EditorSettingsViewer (179)
[2017.04.20-22.51.38:439][406]LogModuleManager: Shutting down and abandoning module SettingsEditor (178)
[2017.04.20-22.51.38:440][406]LogModuleManager: Shutting down and abandoning module ProjectLauncher (177)
[2017.04.20-22.51.38:440][406]LogModuleManager: Shutting down and abandoning module SessionFrontend (176)
[2017.04.20-22.51.38:440][406]LogModuleManager: Shutting down and abandoning module ProfilerClient (175)
[2017.04.20-22.51.38:440][406]LogModuleManager: Shutting down and abandoning module TargetDeviceServices (174)
[2017.04.20-22.51.38:440][406]LogModuleManager: Shutting down and abandoning module DeviceManager (173)
[2017.04.20-22.51.38:480][406]LogModuleManager: Shutting down and abandoning module AutomationController (172)
[2017.04.20-22.51.38:480][406]LogModuleManager: Shutting down and abandoning module AutomationWindow (171)
[2017.04.20-22.51.38:480][406]LogModuleManager: Shutting down and abandoning module Layers (170)
[2017.04.20-22.51.38:480][406]LogModuleManager: Shutting down and abandoning module ComponentVisualizers (169)
[2017.04.20-22.51.38:480][406]LogModuleManager: Shutting down and abandoning module DetailCustomizations (168)
[2017.04.20-22.51.38:480][406]LogModuleManager: Shutting down and abandoning module PackagesDialog (167)
[2017.04.20-22.51.38:480][406]LogModuleManager: Shutting down and abandoning module AnimGraph (166)
[2017.04.20-22.51.38:480][406]LogModuleManager: Shutting down and abandoning module Persona (165)
[2017.04.20-22.51.38:480][406]LogModuleManager: Shutting down and abandoning module Kismet (164)
[2017.04.20-22.51.38:486][406]LogModuleManager: Shutting down and abandoning module GraphEditor (163)
[2017.04.20-22.51.38:486][406]LogModuleManager: Shutting down and abandoning module ClassViewer (162)
[2017.04.20-22.51.38:486][406]LogModuleManager: Shutting down and abandoning module Toolbox (161)
[2017.04.20-22.51.38:486][406]LogModuleManager: Shutting down and abandoning module ModuleUI (160)
[2017.04.20-22.51.38:486][406]LogModuleManager: Shutting down and abandoning module MovieSceneTools (159)
[2017.04.20-22.51.38:486][406]LogModuleManager: Shutting down and abandoning module OutputLog (158)
[2017.04.20-22.51.38:486][406]LogModuleManager: Shutting down and abandoning module GammaUI (157)
[2017.04.20-22.51.38:486][406]LogModuleManager: Shutting down and abandoning module Documentation (156)
[2017.04.20-22.51.38:486][406]LogModuleManager: Shutting down and abandoning module Niagara (155)
[2017.04.20-22.51.38:486][406]LogModuleManager: Shutting down and abandoning module StreamingPauseRendering (154)
[2017.04.20-22.51.38:486][406]LogModuleManager: Shutting down and abandoning module AnalyticsET (153)
[2017.04.20-22.51.38:486][406]LogModuleManager: Shutting down and abandoning module PortalServices (152)
[2017.04.20-22.51.38:486][406]LogModuleManager: Shutting down and abandoning module PortalRpc (151)
[2017.04.20-22.51.38:486][406]LogModuleManager: Shutting down and abandoning module MessagingRpc (150)
[2017.04.20-22.51.38:486][406]LogModuleManager: Shutting down and abandoning module GameplayDebugger (149)
[2017.04.20-22.51.38:486][406]LogModuleManager: Shutting down and abandoning module AITestSuite (148)
[2017.04.20-22.51.38:486][406]LogModuleManager: Shutting down and abandoning module AIModule (147)
[2017.04.20-22.51.38:486][406]LogModuleManager: Shutting down and abandoning module ProfilerService (146)
[2017.04.20-22.51.38:728][406]LogModuleManager: Shutting down and abandoning module TaskGraph (145)
[2017.04.20-22.51.38:728][406]LogModuleManager: Shutting down and abandoning module SlateRemote (144)
[2017.04.20-22.51.38:728][406]LogModuleManager: Shutting down and abandoning module SteamVRController (143)
[2017.04.20-22.51.38:728][406]LogModuleManager: Shutting down and abandoning module SteamVR (142)
[2017.04.20-22.51.38:728][406]LogModuleManager: Shutting down and abandoning module ProceduralMeshComponentEditor (141)
[2017.04.20-22.51.38:728][406]LogModuleManager: Shutting down and abandoning module ProceduralMeshComponent (140)
[2017.04.20-22.51.38:728][406]LogModuleManager: Shutting down and abandoning module OculusLibrary (139)
[2017.04.20-22.51.38:728][406]LogModuleManager: Shutting down and abandoning module OculusInput (138)
[2017.04.20-22.51.38:728][406]LogModuleManager: Shutting down and abandoning module MobilePatchingUtils (137)
[2017.04.20-22.51.38:728][406]LogModuleManager: Shutting down and abandoning module CustomMeshComponent (136)
[2017.04.20-22.51.38:728][406]LogModuleManager: Shutting down and abandoning module CableComponent (135)
[2017.04.20-22.51.38:728][406]LogModuleManager: Shutting down and abandoning module ArchVisCharacter (134)
[2017.04.20-22.51.38:728][406]LogModuleManager: Shutting down and abandoning module MediaPlayerEditor (132)
[2017.04.20-22.51.38:728][406]LogModuleManager: Shutting down and abandoning module HTML5Networking (131)
[2017.04.20-22.51.38:728][406]LogModuleManager: Shutting down and abandoning module GeometryCacheEd (130)
[2017.04.20-22.51.38:728][406]LogModuleManager: Shutting down and abandoning module GeometryCache (129)
[2017.04.20-22.51.38:728][406]LogModuleManager: Shutting down and abandoning module AlembicLibrary (128)
[2017.04.20-22.51.38:728][406]LogModuleManager: Shutting down and abandoning module AlembicImporter (127)
[2017.04.20-22.51.38:728][406]LogModuleManager: Shutting down and abandoning module SuperSearch (126)
[2017.04.20-22.51.38:728][406]LogModuleManager: Shutting down and abandoning module SuperSearchEditor (125)
[2017.04.20-22.51.38:728][406]LogModuleManager: Shutting down and abandoning module SpeedTreeImporter (124)
[2017.04.20-22.51.38:728][406]LogModuleManager: Shutting down and abandoning module PluginBrowser (123)
[2017.04.20-22.51.38:728][406]LogModuleManager: Shutting down and abandoning module MobileLauncherProfileWizard (122)
[2017.04.20-22.51.38:728][406]LogModuleManager: Shutting down and abandoning module EpicSurvey (121)
[2017.04.20-22.51.38:728][406]LogModuleManager: Shutting down and abandoning module DesktopPlatform (120)
[2017.04.20-22.51.38:728][406]LogModuleManager: Shutting down and abandoning module VisualStudioSourceCodeAccess (119)
[2017.04.20-22.51.38:728][406]LogModuleManager: Shutting down and abandoning module UObjectPlugin (118)
[2017.04.20-22.51.38:728][406]LogModuleManager: Shutting down and abandoning module SubversionSourceControl (117)
[2017.04.20-22.51.38:728][406]LogModuleManager: Shutting down and abandoning module PerforceSourceControl (116)
[2017.04.20-22.51.38:729][406]LogModuleManager: Shutting down and abandoning module SourceControl (115)
[2017.04.20-22.51.38:729][406]LogModuleManager: Shutting down and abandoning module GitSourceControl (114)
[2017.04.20-22.51.38:729][406]LogModuleManager: Shutting down and abandoning module LightPropagationVolumeEditor (113)
[2017.04.20-22.51.38:729][406]LogModuleManager: Shutting down and abandoning module PaperTiledImporter (112)
[2017.04.20-22.51.38:729][406]LogModuleManager: Shutting down and abandoning module PaperSpriteSheetImporter (111)
[2017.04.20-22.51.38:729][406]LogModuleManager: Shutting down and abandoning module MeshPaint (110)
[2017.04.20-22.51.38:729][406]LogModuleManager: Shutting down and abandoning module PixelInspectorModule (109)
[2017.04.20-22.51.38:729][406]LogModuleManager: Shutting down and abandoning module HotReload (108)
[2017.04.20-22.51.38:729][406]LogModuleManager: Shutting down and abandoning module MainFrame (107)
[2017.04.20-22.51.38:729][406]LogModuleManager: Shutting down and abandoning module LevelEditor (106)
[2017.04.20-22.51.38:730][406]LogModuleManager: Shutting down and abandoning module ContentBrowser (105)
[2017.04.20-22.51.38:731][406]LogModuleManager: Shutting down and abandoning module Paper2DEditor (104)
[2017.04.20-22.51.38:731][406]LogModuleManager: Shutting down and abandoning module UdpMessaging (103)
[2017.04.20-22.51.38:831][406]LogModuleManager: Shutting down and abandoning module TcpMessaging (102)
[2017.04.20-22.51.38:931][406]LogModuleManager: Shutting down and abandoning module LightPropagationVolumeRuntime (101)
[2017.04.20-22.51.38:931][406]LogModuleManager: Shutting down and abandoning module Paper2D (100)
[2017.04.20-22.51.38:931][406]LogModuleManager: Shutting down and abandoning module WindowsMoviePlayer (99)
[2017.04.20-22.51.38:931][406]LogModuleManager: Shutting down and abandoning module WmfMedia (98)
[2017.04.20-22.51.38:931][406]LogModuleManager: Shutting down and abandoning module MediaAssets (97)
[2017.04.20-22.51.38:931][406]LogModuleManager: Shutting down and abandoning module GameLiveStreaming (96)
[2017.04.20-22.51.38:931][406]LogModuleManager: Shutting down and abandoning module GameplayTagsEditor (95)
[2017.04.20-22.51.38:931][406]LogModuleManager: Shutting down and abandoning module VREditor (94)
[2017.04.20-22.51.38:931][406]LogModuleManager: Shutting down and abandoning module GameplayTasksEditor (93)
[2017.04.20-22.51.38:931][406]LogModuleManager: Shutting down and abandoning module BehaviorTreeEditor (92)
[2017.04.20-22.51.38:931][406]LogModuleManager: Shutting down and abandoning module FunctionalTesting (91)
[2017.04.20-22.51.38:931][406]LogModuleManager: Shutting down and abandoning module CollisionAnalyzer (90)
[2017.04.20-22.51.38:931][406]LogModuleManager: Shutting down and abandoning module Sequencer (89)
[2017.04.20-22.51.38:931][406]LogModuleManager: Shutting down and abandoning module WorkspaceMenuStructure (88)
[2017.04.20-22.51.38:931][406]LogModuleManager: Shutting down and abandoning module MessageLog (87)
[2017.04.20-22.51.38:931][406]LogModuleManager: Shutting down and abandoning module AssetTools (86)
[2017.04.20-22.51.38:931][406]LogModuleManager: Shutting down and abandoning module UMGEditor (85)
[2017.04.20-22.51.38:931][406]LogModuleManager: Shutting down and abandoning module UMG (84)
[2017.04.20-22.51.38:931][406]LogModuleManager: Shutting down and abandoning module SlateReflector (83)
[2017.04.20-22.51.38:932][406]LogModuleManager: Shutting down and abandoning module Slate (82)
[2017.04.20-22.51.38:932][406]LogModuleManager: Shutting down and abandoning module EditorStyle (81)
[2017.04.20-22.51.38:935][406]LogModuleManager: Shutting down and abandoning module SourceCodeAccess (80)
[2017.04.20-22.51.38:935][406]LogModuleManager: Shutting down and abandoning module HeadMountedDisplay (79)
[2017.04.20-22.51.38:935][406]LogModuleManager: Shutting down and abandoning module XAudio2 (78)
[2017.04.20-22.51.38:935][406]LogModuleManager: Shutting down and abandoning module Networking (76)
[2017.04.20-22.51.38:935][406]LogModuleManager: Shutting down and abandoning module Core (75)
[2017.04.20-22.51.38:935][406]LogModuleManager: Shutting down and abandoning module DirectoryWatcher (74)
[2017.04.20-22.51.38:935][406]LogDirectoryWatcher: A directory notification for '../../../Engine/Content/' was aborted.
[2017.04.20-22.51.38:935][406]LogDirectoryWatcher: A directory notification for '../../../../../../Users/Max/Documents/Call-Of-Bread/Call_Of_bread/Content/' was aborted.
[2017.04.20-22.51.38:935][406]LogDirectoryWatcher: A directory notification for '../../../Engine/Plugins/2D/Paper2D/Content/' was aborted.
[2017.04.20-22.51.38:935][406]LogModuleManager: Shutting down and abandoning module AssetRegistry (73)
[2017.04.20-22.51.39:274][406]LogModuleManager: Shutting down and abandoning module KismetCompiler (72)
[2017.04.20-22.51.39:274][406]LogModuleManager: Shutting down and abandoning module PhysXFormats (71)
[2017.04.20-22.51.39:274][406]LogModuleManager: Shutting down and abandoning module SimplygonSwarm (70)
[2017.04.20-22.51.39:274][406]LogModuleManager: Shutting down and abandoning module SimplygonMeshReduction (69)
[2017.04.20-22.51.39:274][406]LogModuleManager: Shutting down and abandoning module QuadricMeshReduction (68)
[2017.04.20-22.51.39:274][406]LogModuleManager: Shutting down and abandoning module PropertyEditor (67)
[2017.04.20-22.51.39:274][406]LogModuleManager: Shutting down and abandoning module MeshUtilities (66)
[2017.04.20-22.51.39:274][406]LogModuleManager: Shutting down and abandoning module DerivedDataCache (65)
[2017.04.20-22.51.39:313][406]LogDerivedDataCache: Shutdown
[2017.04.20-22.51.39:313][406]LogModuleManager: Shutting down and abandoning module VulkanShaderFormat (64)
[2017.04.20-22.51.39:313][406]LogModuleManager: Shutting down and abandoning module ShaderFormatOpenGL (63)
[2017.04.20-22.51.39:313][406]LogModuleManager: Shutting down and abandoning module ShaderFormatD3D (62)
[2017.04.20-22.51.39:313][406]LogModuleManager: Shutting down and abandoning module MetalShaderFormat (61)
[2017.04.20-22.51.39:313][406]LogModuleManager: Shutting down and abandoning module TextureFormatUncompressed (60)
[2017.04.20-22.51.39:313][406]LogModuleManager: Shutting down and abandoning module TextureFormatPVR (59)
[2017.04.20-22.51.39:313][406]LogModuleManager: Shutting down and abandoning module TextureFormatDXT (58)
[2017.04.20-22.51.39:313][406]LogModuleManager: Shutting down and abandoning module TextureFormatIntelISPCTexComp (57)
[2017.04.20-22.51.39:313][406]LogModuleManager: Shutting down and abandoning module ImageWrapper (56)
[2017.04.20-22.51.39:313][406]LogModuleManager: Shutting down and abandoning module TextureFormatASTC (55)
[2017.04.20-22.51.39:313][406]LogModuleManager: Shutting down and abandoning module TextureFormatAndroid (54)
[2017.04.20-22.51.39:313][406]LogModuleManager: Shutting down and abandoning module AudioFormatOpus (53)
[2017.04.20-22.51.39:313][406]LogModuleManager: Shutting down and abandoning module AudioFormatOgg (52)
[2017.04.20-22.51.39:313][406]LogModuleManager: Shutting down and abandoning module AudioFormatADPCM (51)
[2017.04.20-22.51.39:313][406]LogModuleManager: Shutting down and abandoning module LinuxTargetPlatform (50)
[2017.04.20-22.51.39:313][406]LogModuleManager: Shutting down and abandoning module LinuxServerTargetPlatform (49)
[2017.04.20-22.51.39:313][406]LogModuleManager: Shutting down and abandoning module LinuxNoEditorTargetPlatform (48)
[2017.04.20-22.51.39:313][406]LogModuleManager: Shutting down and abandoning module LinuxClientTargetPlatform (47)
[2017.04.20-22.51.39:313][406]LogModuleManager: Shutting down and abandoning module TVOSTargetPlatform (46)
[2017.04.20-22.51.39:313][406]LogModuleManager: Shutting down and abandoning module Messaging (45)
[2017.04.20-22.51.39:313][406]LogModuleManager: Shutting down and abandoning module IOSTargetPlatform (44)
[2017.04.20-22.51.39:313][406]LogModuleManager: Shutting down and abandoning module HTML5TargetPlatform (43)
[2017.04.20-22.51.39:313][406]LogModuleManager: Shutting down and abandoning module Android_PVRTCTargetPlatform (42)
[2017.04.20-22.51.39:313][406]LogModuleManager: Shutting down and abandoning module Android_MultiTargetPlatform (41)
[2017.04.20-22.51.39:313][406]LogModuleManager: Shutting down and abandoning module Android_ETC2TargetPlatform (40)
[2017.04.20-22.51.39:313][406]LogModuleManager: Shutting down and abandoning module Android_ETC1TargetPlatform (39)
[2017.04.20-22.51.39:313][406]LogModuleManager: Shutting down and abandoning module Android_DXTTargetPlatform (38)
[2017.04.20-22.51.39:313][406]LogModuleManager: Shutting down and abandoning module Android_ATCTargetPlatform (37)
[2017.04.20-22.51.39:313][406]LogModuleManager: Shutting down and abandoning module Android_ASTCTargetPlatform (36)
[2017.04.20-22.51.39:313][406]LogModuleManager: Shutting down and abandoning module AndroidTargetPlatform (35)
[2017.04.20-22.51.39:313][406]LogModuleManager: Shutting down and abandoning module WindowsTargetPlatform (34)
[2017.04.20-22.51.39:313][406]LogModuleManager: Shutting down and abandoning module WindowsServerTargetPlatform (33)
[2017.04.20-22.51.39:313][406]LogModuleManager: Shutting down and abandoning module WindowsNoEditorTargetPlatform (32)
[2017.04.20-22.51.39:313][406]LogModuleManager: Shutting down and abandoning module WindowsClientTargetPlatform (31)
[2017.04.20-22.51.39:313][406]LogModuleManager: Shutting down and abandoning module MacTargetPlatform (30)
[2017.04.20-22.51.39:313][406]LogModuleManager: Shutting down and abandoning module MacServerTargetPlatform (29)
[2017.04.20-22.51.39:313][406]LogModuleManager: Shutting down and abandoning module MacNoEditorTargetPlatform (28)
[2017.04.20-22.51.39:314][406]LogModuleManager: Shutting down and abandoning module MacClientTargetPlatform (27)
[2017.04.20-22.51.39:314][406]LogModuleManager: Shutting down and abandoning module AllDesktopTargetPlatform (26)
[2017.04.20-22.51.39:314][406]LogModuleManager: Shutting down and abandoning module TargetPlatform (25)
[2017.04.20-22.51.39:314][406]LogModuleManager: Shutting down and abandoning module InputCore (24)
[2017.04.20-22.51.39:314][406]LogModuleManager: Shutting down and abandoning module Settings (23)
[2017.04.20-22.51.39:314][406]LogModuleManager: Shutting down and abandoning module OculusRift (22)
[2017.04.20-22.51.39:314][406]LogModuleManager: Shutting down and abandoning module ExampleDeviceProfileSelector (21)
[2017.04.20-22.51.39:314][406]LogModuleManager: Shutting down and abandoning module OnlineBlueprintSupport (20)
[2017.04.20-22.51.39:314][406]LogModuleManager: Shutting down and abandoning module OnlineSubsystem (18)
[2017.04.20-22.51.39:314][406]LogOnline:Display: Unloading online subsystem: NULL
[2017.04.20-22.51.39:314][406]LogModuleManager: Shutting down and abandoning module SSL (17)
[2017.04.20-22.51.39:315][406]LogModuleManager: Shutting down and abandoning module HTTP (16)
[2017.04.20-22.51.39:315][406]LogModuleManager: Shutting down and abandoning module XMPP (15)
[2017.04.20-22.51.39:315][406]LogModuleManager: Shutting down and abandoning module TextureCompressor (14)
[2017.04.20-22.51.39:315][406]LogModuleManager: Shutting down and abandoning module ShaderCore (13)
[2017.04.20-22.51.39:315][406]LogModuleManager: Shutting down and abandoning module Landscape (12)
[2017.04.20-22.51.39:315][406]LogModuleManager: Shutting down and abandoning module SlateRHIRenderer (11)
[2017.04.20-22.51.39:317][406]LogModuleManager: Shutting down and abandoning module OpenGLDrv (10)
[2017.04.20-22.51.39:317][406]LogModuleManager: Shutting down and abandoning module D3D11RHI (9)
[2017.04.20-22.51.39:317][406]LogModuleManager: Shutting down and abandoning module AnimGraphRuntime (8)
[2017.04.20-22.51.39:317][406]LogModuleManager: Shutting down and abandoning module Renderer (7)
[2017.04.20-22.51.39:317][406]LogModuleManager: Shutting down and abandoning module Engine (6)
[2017.04.20-22.51.39:317][406]LogModuleManager: Shutting down and abandoning module CoreUObject (5)
[2017.04.20-22.51.39:317][406]LogModuleManager: Shutting down and abandoning module NetworkFile (4)
[2017.04.20-22.51.39:317][406]LogModuleManager: Shutting down and abandoning module StreamingFile (3)
[2017.04.20-22.51.39:317][406]LogModuleManager: Shutting down and abandoning module SandboxFile (2)
[2017.04.20-22.51.39:317][406]LogModuleManager: Shutting down and abandoning module PakFile (1)
[2017.04.20-22.51.39:318][406]LogExit: Exiting.
[2017.04.20-22.51.39:368][406]Log file closed, 04/20/17 23:51:39
