Log file open, 04/19/17 12:33:01
LogInit:Display: Running engine for game: Call_Of_bread
LogPlatformFile: Not using cached read wrapper
LogInit:Display: RandInit(1731979535) SRandInit(1731979535).
LogTaskGraph: Started task graph with 5 named threads and 6 total threads with 1 sets of task threads.
LogStats: Stats thread started at 0.092161
LogPluginManager: Loaded Plugin Paper2D, From C:/Program Files (x86)/Epic Games/4.14/Engine/Plugins/2D/Paper2D/Paper2D.uplugin
LogPluginManager: Loaded Plugin LightPropagationVolume, From C:/Program Files (x86)/Epic Games/4.14/Engine/Plugins/Blendables/LightPropagationVolume/LightPropagationVolume.uplugin
LogPluginManager: Loaded Plugin BlankPlugin, From C:/Program Files (x86)/Epic Games/4.14/Engine/Plugins/Developer/BlankPlugin/BlankPlugin.uplugin
LogPluginManager: Loaded Plugin CodeLiteSourceCodeAccess, From C:/Program Files (x86)/Epic Games/4.14/Engine/Plugins/Developer/CodeLiteSourceCodeAccess/CodeLiteSourceCodeAccess.uplugin
LogPluginManager: Loaded Plugin GitSourceControl, From C:/Program Files (x86)/Epic Games/4.14/Engine/Plugins/Developer/GitSourceControl/GitSourceControl.uplugin
LogPluginManager: Loaded Plugin KDevelopSourceCodeAccess, From C:/Program Files (x86)/Epic Games/4.14/Engine/Plugins/Developer/KDevelopSourceCodeAccess/KDevelopSourceCodeAccess.uplugin
LogPluginManager: Loaded Plugin NullSourceCodeAccess, From C:/Program Files (x86)/Epic Games/4.14/Engine/Plugins/Developer/NullSourceCodeAccess/NullSourceCodeAccess.uplugin
LogPluginManager: Loaded Plugin OneSkyLocalizationService, From C:/Program Files (x86)/Epic Games/4.14/Engine/Plugins/Developer/OneSkyLocalizationService/OneSkyLocalizationService.uplugin
LogPluginManager: Loaded Plugin PerforceSourceControl, From C:/Program Files (x86)/Epic Games/4.14/Engine/Plugins/Developer/PerforceSourceControl/PerforceSourceControl.uplugin
LogPluginManager: Loaded Plugin SubversionSourceControl, From C:/Program Files (x86)/Epic Games/4.14/Engine/Plugins/Developer/SubversionSourceControl/SubversionSourceControl.uplugin
LogPluginManager: Loaded Plugin UObjectPlugin, From C:/Program Files (x86)/Epic Games/4.14/Engine/Plugins/Developer/UObjectPlugin/UObjectPlugin.uplugin
LogPluginManager: Loaded Plugin VisualStudioSourceCodeAccess, From C:/Program Files (x86)/Epic Games/4.14/Engine/Plugins/Developer/VisualStudioSourceCodeAccess/VisualStudioSourceCodeAccess.uplugin
LogPluginManager: Loaded Plugin XCodeSourceCodeAccess, From C:/Program Files (x86)/Epic Games/4.14/Engine/Plugins/Developer/XCodeSourceCodeAccess/XCodeSourceCodeAccess.uplugin
LogPluginManager: Loaded Plugin AudioCapture, From C:/Program Files (x86)/Epic Games/4.14/Engine/Plugins/Editor/AudioCapture/AudioCapture.uplugin
LogPluginManager: Loaded Plugin EpicSurvey, From C:/Program Files (x86)/Epic Games/4.14/Engine/Plugins/Editor/EpicSurvey/EpicSurvey.uplugin
LogPluginManager: Loaded Plugin MacGraphicsSwitching, From C:/Program Files (x86)/Epic Games/4.14/Engine/Plugins/Editor/MacGraphicsSwitching/MacGraphicsSwitching.uplugin
LogPluginManager: Loaded Plugin MobileLauncherProfileWizard, From C:/Program Files (x86)/Epic Games/4.14/Engine/Plugins/Editor/MobileLauncherProfileWizard/MobileLauncherProfileWizard.uplugin
LogPluginManager: Loaded Plugin PluginBrowser, From C:/Program Files (x86)/Epic Games/4.14/Engine/Plugins/Editor/PluginBrowser/PluginBrowser.uplugin
LogPluginManager: Loaded Plugin SpeedTreeImporter, From C:/Program Files (x86)/Epic Games/4.14/Engine/Plugins/Editor/SpeedTreeImporter/SpeedTreeImporter.uplugin
LogPluginManager: Loaded Plugin SuperSearchEditor, From C:/Program Files (x86)/Epic Games/4.14/Engine/Plugins/Editor/SuperSearchEditor/SuperSearchEditor.uplugin
LogPluginManager: Loaded Plugin AlembicImporter, From C:/Program Files (x86)/Epic Games/4.14/Engine/Plugins/Experimental/AlembicImporter/AlembicImporter.uplugin
LogPluginManager: Loaded Plugin BlueprintStats, From C:/Program Files (x86)/Epic Games/4.14/Engine/Plugins/Experimental/BlueprintStats/BlueprintStats.uplugin
LogPluginManager: Loaded Plugin CharacterAI, From C:/Program Files (x86)/Epic Games/4.14/Engine/Plugins/Experimental/CharacterAI/CharacterAI.uplugin
LogPluginManager: Loaded Plugin CodeEditor, From C:/Program Files (x86)/Epic Games/4.14/Engine/Plugins/Experimental/CodeEditor/CodeEditor.uplugin
LogPluginManager: Loaded Plugin CodeView, From C:/Program Files (x86)/Epic Games/4.14/Engine/Plugins/Experimental/CodeView/CodeView.uplugin
LogPluginManager: Loaded Plugin HTML5Networking, From C:/Program Files (x86)/Epic Games/4.14/Engine/Plugins/Experimental/HTML5Networking/HTML5Networking.uplugin
LogPluginManager: Loaded Plugin OSVR, From C:/Program Files (x86)/Epic Games/4.14/Engine/Plugins/Experimental/OSVR/OSVR.uplugin
LogPluginManager: Loaded Plugin Phya, From C:/Program Files (x86)/Epic Games/4.14/Engine/Plugins/Experimental/Phya/Phya.uplugin
LogPluginManager: Loaded Plugin SignificanceManager, From C:/Program Files (x86)/Epic Games/4.14/Engine/Plugins/Experimental/SignificanceManager/SignificanceManager.uplugin
LogPluginManager: Loaded Plugin SimpleHMD, From C:/Program Files (x86)/Epic Games/4.14/Engine/Plugins/Experimental/SimpleHMD/SimpleHMD.uplugin
LogPluginManager: Loaded Plugin StereoPanorama, From C:/Program Files (x86)/Epic Games/4.14/Engine/Plugins/Experimental/StereoPanorama/StereoPanorama.uplugin
LogPluginManager: Loaded Plugin StructBox, From C:/Program Files (x86)/Epic Games/4.14/Engine/Plugins/Experimental/StructBox/StructBox.uplugin
LogPluginManager: Loaded Plugin AndroidMedia, From C:/Program Files (x86)/Epic Games/4.14/Engine/Plugins/Media/AndroidMedia/AndroidMedia.uplugin
LogPluginManager: Loaded Plugin AvfMedia, From C:/Program Files (x86)/Epic Games/4.14/Engine/Plugins/Media/AvfMedia/AvfMedia.uplugin
LogPluginManager: Loaded Plugin MediaPlayerEditor, From C:/Program Files (x86)/Epic Games/4.14/Engine/Plugins/Media/MediaPlayerEditor/MediaPlayerEditor.uplugin
LogPluginManager: Loaded Plugin WmfMedia, From C:/Program Files (x86)/Epic Games/4.14/Engine/Plugins/Media/WmfMedia/WmfMedia.uplugin
LogPluginManager: Loaded Plugin MessagingDebugger, From C:/Program Files (x86)/Epic Games/4.14/Engine/Plugins/Messaging/MessagingDebugger/MessagingDebugger.uplugin
LogPluginManager: Loaded Plugin TcpMessaging, From C:/Program Files (x86)/Epic Games/4.14/Engine/Plugins/Messaging/TcpMessaging/TcpMessaging.uplugin
LogPluginManager: Loaded Plugin UdpMessaging, From C:/Program Files (x86)/Epic Games/4.14/Engine/Plugins/Messaging/UdpMessaging/UdpMessaging.uplugin
LogPluginManager: Loaded Plugin LevelSequenceEditor, From C:/Program Files (x86)/Epic Games/4.14/Engine/Plugins/MovieScene/LevelSequenceEditor/LevelSequenceEditor.uplugin
LogPluginManager: Loaded Plugin MatineeToLevelSequence, From C:/Program Files (x86)/Epic Games/4.14/Engine/Plugins/MovieScene/MatineeToLevelSequence/MatineeToLevelSequence.uplugin
LogPluginManager: Loaded Plugin NetcodeUnitTest, From C:/Program Files (x86)/Epic Games/4.14/Engine/Plugins/NetcodeUnitTest/NetcodeUnitTest/NetcodeUnitTest.uplugin
LogPluginManager: Loaded Plugin NUTUnrealEngine4, From C:/Program Files (x86)/Epic Games/4.14/Engine/Plugins/NetcodeUnitTest/NUTUnrealEngine4/NUTUnrealEngine4.uplugin
LogPluginManager: Loaded Plugin OnlineSubsystemGameCircle, From C:/Program Files (x86)/Epic Games/4.14/Engine/Plugins/Online/Android/OnlineSubsystemGameCircle/OnlineSubsystemGameCircle.uplugin
LogPluginManager: Loaded Plugin OnlineSubsystemGooglePlay, From C:/Program Files (x86)/Epic Games/4.14/Engine/Plugins/Online/Android/OnlineSubsystemGooglePlay/OnlineSubsystemGooglePlay.uplugin
LogPluginManager: Loaded Plugin OnlineSubsystemIOS, From C:/Program Files (x86)/Epic Games/4.14/Engine/Plugins/Online/IOS/OnlineSubsystemIOS/OnlineSubsystemIOS.uplugin
LogPluginManager: Loaded Plugin OnlineFramework, From C:/Program Files (x86)/Epic Games/4.14/Engine/Plugins/Online/OnlineFramework/OnlineFramework.uplugin
LogPluginManager: Loaded Plugin OnlineSubsystem, From C:/Program Files (x86)/Epic Games/4.14/Engine/Plugins/Online/OnlineSubsystem/OnlineSubsystem.uplugin
LogPluginManager: Loaded Plugin OnlineSubsystemAmazon, From C:/Program Files (x86)/Epic Games/4.14/Engine/Plugins/Online/OnlineSubsystemAmazon/OnlineSubsystemAmazon.uplugin
LogPluginManager: Loaded Plugin OnlineSubsystemFacebook, From C:/Program Files (x86)/Epic Games/4.14/Engine/Plugins/Online/OnlineSubsystemFacebook/OnlineSubsystemFacebook.uplugin
LogPluginManager: Loaded Plugin OnlineSubsystemNull, From C:/Program Files (x86)/Epic Games/4.14/Engine/Plugins/Online/OnlineSubsystemNull/OnlineSubsystemNull.uplugin
LogPluginManager: Loaded Plugin OnlineSubsystemOculus, From C:/Program Files (x86)/Epic Games/4.14/Engine/Plugins/Online/OnlineSubsystemOculus/OnlineSubsystemOculus.uplugin
LogPluginManager: Loaded Plugin OnlineSubsystemSteam, From C:/Program Files (x86)/Epic Games/4.14/Engine/Plugins/Online/OnlineSubsystemSteam/OnlineSubsystemSteam.uplugin
LogPluginManager: Loaded Plugin OnlineSubsystemUtils, From C:/Program Files (x86)/Epic Games/4.14/Engine/Plugins/Online/OnlineSubsystemUtils/OnlineSubsystemUtils.uplugin
LogPluginManager: Loaded Plugin IOSTapJoy, From C:/Program Files (x86)/Epic Games/4.14/Engine/Plugins/Runtime/Advertising/IOSTapJoy/IOSTapJoy.uplugin
LogPluginManager: Loaded Plugin AnalyticsBlueprintLibrary, From C:/Program Files (x86)/Epic Games/4.14/Engine/Plugins/Runtime/Analytics/AnalyticsBlueprintLibrary/AnalyticsBlueprintLibrary.uplugin
LogPluginManager: Loaded Plugin AnalyticsMulticast, From C:/Program Files (x86)/Epic Games/4.14/Engine/Plugins/Runtime/Analytics/AnalyticsMulticast/AnalyticsMulticast.uplugin
LogPluginManager: Loaded Plugin Apsalar, From C:/Program Files (x86)/Epic Games/4.14/Engine/Plugins/Runtime/Analytics/Apsalar/Apsalar.uplugin
LogPluginManager: Loaded Plugin FileLogging, From C:/Program Files (x86)/Epic Games/4.14/Engine/Plugins/Runtime/Analytics/FileLogging/FileLogging.uplugin
LogPluginManager: Loaded Plugin Flurry, From C:/Program Files (x86)/Epic Games/4.14/Engine/Plugins/Runtime/Analytics/Flurry/Flurry.uplugin
LogPluginManager: Loaded Plugin AndroidDeviceProfileSelector, From C:/Program Files (x86)/Epic Games/4.14/Engine/Plugins/Runtime/AndroidDeviceProfileSelector/AndroidDeviceProfileSelector.uplugin
LogPluginManager: Loaded Plugin AndroidMoviePlayer, From C:/Program Files (x86)/Epic Games/4.14/Engine/Plugins/Runtime/AndroidMoviePlayer/AndroidMoviePlayer.uplugin
LogPluginManager: Loaded Plugin AppleMoviePlayer, From C:/Program Files (x86)/Epic Games/4.14/Engine/Plugins/Runtime/AppleMoviePlayer/AppleMoviePlayer.uplugin
LogPluginManager: Loaded Plugin ArchVisCharacter, From C:/Program Files (x86)/Epic Games/4.14/Engine/Plugins/Runtime/ArchVisCharacter/ArchVisCharacter.uplugin
LogPluginManager: Loaded Plugin CableComponent, From C:/Program Files (x86)/Epic Games/4.14/Engine/Plugins/Runtime/CableComponent/CableComponent.uplugin
LogPluginManager: Loaded Plugin CustomMeshComponent, From C:/Program Files (x86)/Epic Games/4.14/Engine/Plugins/Runtime/CustomMeshComponent/CustomMeshComponent.uplugin
LogPluginManager: Loaded Plugin ExampleDeviceProfileSelector, From C:/Program Files (x86)/Epic Games/4.14/Engine/Plugins/Runtime/ExampleDeviceProfileSelector/ExampleDeviceProfileSelector.uplugin
LogPluginManager: Loaded Plugin GearVR, From C:/Program Files (x86)/Epic Games/4.14/Engine/Plugins/Runtime/GearVR/GearVR.uplugin
LogPluginManager: Loaded Plugin GoogleVRController, From C:/Program Files (x86)/Epic Games/4.14/Engine/Plugins/Runtime/GoogleVR/GoogleVRController/GoogleVRController.uplugin
LogPluginManager: Loaded Plugin GoogleVRHMD, From C:/Program Files (x86)/Epic Games/4.14/Engine/Plugins/Runtime/GoogleVR/GoogleVRHMD/GoogleVRHMD.uplugin
LogPluginManager: Loaded Plugin IOSDeviceProfileSelector, From C:/Program Files (x86)/Epic Games/4.14/Engine/Plugins/Runtime/IOSDeviceProfileSelector/IOSDeviceProfileSelector.uplugin
LogPluginManager: Loaded Plugin LeapMotion, From C:/Program Files (x86)/Epic Games/4.14/Engine/Plugins/Runtime/LeapMotion/LeapMotion.uplugin
LogPluginManager: Loaded Plugin LinuxDeviceProfileSelector, From C:/Program Files (x86)/Epic Games/4.14/Engine/Plugins/Runtime/LinuxDeviceProfileSelector/LinuxDeviceProfileSelector.uplugin
LogPluginManager: Loaded Plugin MIDIDevice, From C:/Program Files (x86)/Epic Games/4.14/Engine/Plugins/Runtime/MIDIDevice/MIDIDevice.uplugin
LogPluginManager: Loaded Plugin MobilePatchingUtils, From C:/Program Files (x86)/Epic Games/4.14/Engine/Plugins/Runtime/MobilePatchingUtils/MobilePatchingUtils.uplugin
LogPluginManager: Loaded Plugin Ansel, From C:/Program Files (x86)/Epic Games/4.14/Engine/Plugins/Runtime/Nvidia/Ansel/Ansel.uplugin
LogPluginManager: Loaded Plugin OculusAudio, From C:/Program Files (x86)/Epic Games/4.14/Engine/Plugins/Runtime/OculusAudio/OculusAudio.uplugin
LogPluginManager: Loaded Plugin OculusInput, From C:/Program Files (x86)/Epic Games/4.14/Engine/Plugins/Runtime/OculusInput/OculusInput.uplugin
LogPluginManager: Loaded Plugin OculusLibrary, From C:/Program Files (x86)/Epic Games/4.14/Engine/Plugins/Runtime/OculusLibrary/OculusLibrary.uplugin
LogPluginManager: Loaded Plugin OculusRift, From C:/Program Files (x86)/Epic Games/4.14/Engine/Plugins/Runtime/OculusRift/OculusRift.uplugin
LogPluginManager: Loaded Plugin Oodle, From C:/Program Files (x86)/Epic Games/4.14/Engine/Plugins/Runtime/PacketHandlers/CompressionComponents/Oodle/Oodle.uplugin
LogPluginManager: Loaded Plugin ProceduralMeshComponent, From C:/Program Files (x86)/Epic Games/4.14/Engine/Plugins/Runtime/ProceduralMeshComponent/ProceduralMeshComponent.uplugin
LogPluginManager: Loaded Plugin SoundMod, From C:/Program Files (x86)/Epic Games/4.14/Engine/Plugins/Runtime/SoundMod/SoundMod.uplugin
LogPluginManager: Loaded Plugin SoundVisualizations, From C:/Program Files (x86)/Epic Games/4.14/Engine/Plugins/Runtime/SoundVisualizations/SoundVisualizations.uplugin
LogPluginManager: Loaded Plugin SteamController, From C:/Program Files (x86)/Epic Games/4.14/Engine/Plugins/Runtime/Steam/SteamController/SteamController.uplugin
LogPluginManager: Loaded Plugin SteamVR, From C:/Program Files (x86)/Epic Games/4.14/Engine/Plugins/Runtime/Steam/SteamVR/SteamVR.uplugin
LogPluginManager: Loaded Plugin WebBrowserWidget, From C:/Program Files (x86)/Epic Games/4.14/Engine/Plugins/Runtime/WebBrowserWidget/WebBrowserWidget.uplugin
LogPluginManager: Loaded Plugin WindowsDeviceProfileSelector, From C:/Program Files (x86)/Epic Games/4.14/Engine/Plugins/Runtime/WindowsDeviceProfileSelector/WindowsDeviceProfileSelector.uplugin
LogPluginManager: Loaded Plugin WindowsMoviePlayer, From C:/Program Files (x86)/Epic Games/4.14/Engine/Plugins/Runtime/WindowsMoviePlayer/WindowsMoviePlayer.uplugin
LogPluginManager: Loaded Plugin ScriptPlugin, From C:/Program Files (x86)/Epic Games/4.14/Engine/Plugins/ScriptPlugin/ScriptPlugin.uplugin
LogPluginManager: Loaded Plugin SlateRemote, From C:/Program Files (x86)/Epic Games/4.14/Engine/Plugins/Slate/SlateRemote/SlateRemote.uplugin
LogPluginManager: Loaded Plugin EditorTests, From C:/Program Files (x86)/Epic Games/4.14/Engine/Plugins/Tests/EditorTests/EditorTests.uplugin
LogPluginManager: Loaded Plugin FbxAutomationTestBuilder, From C:/Program Files (x86)/Epic Games/4.14/Engine/Plugins/Tests/FbxAutomationTestBuilder/FbxAutomationTestBuilder.uplugin
LogPluginManager: Loaded Plugin FunctionalTestingEditor, From C:/Program Files (x86)/Epic Games/4.14/Engine/Plugins/Tests/FunctionalTestingEditor/FunctionalTestingEditor.uplugin
LogPluginManager: Loaded Plugin RuntimeTests, From C:/Program Files (x86)/Epic Games/4.14/Engine/Plugins/Tests/RuntimeTests/RuntimeTests.uplugin
LogPluginManager: Loaded Plugin ScreenshotTools, From C:/Program Files (x86)/Epic Games/4.14/Engine/Plugins/Tests/ScreenshotTools/ScreenshotTools.uplugin
LogInit: Using libcurl 7.47.1
LogInit:  - built for x86_64-pc-win32
LogInit:  - supports SSL with OpenSSL/1.0.2g
LogInit:  - supports HTTP deflate (compression) using libz 1.2.8
LogInit:  - other features:
LogInit:      CURL_VERSION_SSL
LogInit:      CURL_VERSION_LIBZ
LogInit:      CURL_VERSION_IPV6
LogInit:      CURL_VERSION_ASYNCHDNS
LogInit:      CURL_VERSION_LARGEFILE
LogInit:      CURL_VERSION_IDN
LogInit:  CurlRequestOptions (configurable via config and command line):
LogInit:  - bVerifyPeer = false  - Libcurl will NOT verify peer certificate
LogInit:  - bUseHttpProxy = false  - Libcurl will NOT use HTTP proxy
LogInit:  - bDontReuseConnections = false  - Libcurl will reuse connections
LogInit:  - CertBundlePath = nullptr  - Libcurl will use whatever was configured at build time.
LogInit: Build: ++UE4+Release-4.14-CL-3224400
LogInit: Engine Version: 4.14.1-3224400+++UE4+Release-4.14
LogInit: Compatible Engine Version: 4.14.0-3195953+++UE4+Release-4.14
LogInit: Net CL: 3195953
LogDevObjectVersion: Number of dev versions registered: 13
LogDevObjectVersion:   Dev-Blueprints (B0D832E4-1F89-4F0D-ACCF-7EB736FD4AA2): 7
LogDevObjectVersion:   Dev-Build (E1C64328-A22C-4D53-A36C-8E866417BD8C): 0
LogDevObjectVersion:   Dev-Core (375EC13C-06E4-48FB-B500-84F0262A717E): 1
LogDevObjectVersion:   Dev-Editor (E4B068ED-F494-42E9-A231-DA0B2E46BB41): 8
LogDevObjectVersion:   Dev-Framework (CFFC743F-43B0-4480-9391-14DF171D2073): 17
LogDevObjectVersion:   Dev-Mobile (B02B49B5-BB20-44E9-A304-32B752E40360): 0
LogDevObjectVersion:   Dev-Networking (A4E4105C-59A1-49B5-A7C5-40C4547EDFEE): 0
LogDevObjectVersion:   Dev-Online (39C831C9-5AE6-47DC-9A44-9C173E1C8E7C): 0
LogDevObjectVersion:   Dev-Physics (78F01B33-EBEA-4F98-B9B4-84EACCB95AA2): 0
LogDevObjectVersion:   Dev-Platform (6631380F-2D4D-43E0-8009-CF276956A95A): 0
LogDevObjectVersion:   Dev-Rendering (12F88B9F-8875-4AFC-A67C-D90C383ABD29): 12
LogDevObjectVersion:   Dev-Sequencer (7B5AE74C-D270-4C10-A958-57980B212A5A): 1
LogDevObjectVersion:   Dev-VR (D7296918-1DD6-4BDD-9DE2-64A83CC13884): 0
LogInit: Compiled (64-bit): Dec  7 2016 02:14:32
LogInit: Compiled with Visual C++: 19.00.23026.00
LogInit: Build Configuration: Development
LogInit: Branch Name: ++UE4+Release-4.14
LogInit: Command line:  
LogInit: Base directory: C:/Program Files (x86)/Epic Games/4.14/Engine/Binaries/Win64/
LogInit: Installed Engine Build: 1
LogInit: Presizing for max 8388607 objects, including 0 objects not considered by GC, pre-allocating 0 bytes for permanent pool.
LogInit: Object subsystem initialized
[2017.04.19-11.33.01:470][  0]LogInit: Selected Device Profile: [Windows]
[2017.04.19-11.33.01:470][  0]LogInit: Applying CVar settings loaded from the selected device profile: [Windows]
[2017.04.19-11.33.01:499][  0]LogInit: Computer: DESKTOP-VTD5TTC
[2017.04.19-11.33.01:499][  0]LogInit: User: Sabrina
[2017.04.19-11.33.01:499][  0]LogInit: CPU Page size=65536, Cores=2
[2017.04.19-11.33.01:499][  0]LogInit: High frequency timer resolution =2.742195 MHz
[2017.04.19-11.33.01:499][  0]LogMemory: Memory total: Physical=15.9GB (16GB approx)
[2017.04.19-11.33.01:500][  0]LogMemory: Platform Memory Stats for Windows
[2017.04.19-11.33.01:500][  0]LogMemory: Process Physical Memory: 264.03 MB used, 264.03 MB peak
[2017.04.19-11.33.01:500][  0]LogMemory: Process Virtual Memory: 262.33 MB used, 262.33 MB peak
[2017.04.19-11.33.01:500][  0]LogMemory: Physical Memory: 10206.26 MB used,  6103.84 MB free, 16310.11 MB total
[2017.04.19-11.33.01:500][  0]LogMemory: Virtual Memory: 674.74 MB used,  6103.84 MB free, 134217728.00 MB total
[2017.04.19-11.33.01:823][  0]LogTextLocalizationManager: No specific translations for ('en-US') exist, so ('en') translations will be used.
[2017.04.19-11.33.04:507][  0]LogD3D11RHI: D3D11 adapters:
[2017.04.19-11.33.04:606][  0]LogD3D11RHI:    0. 'NVIDIA GeForce GPU' (Feature Level 11_0)
[2017.04.19-11.33.04:606][  0]LogD3D11RHI:       996/0/8155 MB DedicatedVideo/DedicatedSystem/SharedSystem, Outputs:1, VendorId:0x10de
[2017.04.19-11.33.04:614][  0]LogD3D11RHI:    1. 'Intel(R) HD Graphics 520' (Feature Level 11_0)
[2017.04.19-11.33.04:614][  0]LogD3D11RHI:       128/0/8155 MB DedicatedVideo/DedicatedSystem/SharedSystem, Outputs:0, VendorId:0x8086
[2017.04.19-11.33.04:615][  0]LogD3D11RHI:    2. 'Microsoft Basic Render Driver' (Feature Level 11_0)
[2017.04.19-11.33.04:615][  0]LogD3D11RHI:       0/0/8155 MB DedicatedVideo/DedicatedSystem/SharedSystem, Outputs:0, VendorId:0x1414
[2017.04.19-11.33.04:615][  0]LogD3D11RHI: Chosen D3D11 Adapter: 0
[2017.04.19-11.33.04:623][  0]LogD3D11RHI: Creating new Direct3DDevice
[2017.04.19-11.33.04:623][  0]LogD3D11RHI:     GPU DeviceId: 0x134b (for the marketing name, search the web for "GPU Device Id")
[2017.04.19-11.33.04:623][  0]LogWindows: EnumDisplayDevices:
[2017.04.19-11.33.04:623][  0]LogWindows:    0. 'Intel(R) HD Graphics 520' (P:1 D:1)
[2017.04.19-11.33.04:624][  0]LogWindows:    1. 'Intel(R) HD Graphics 520' (P:0 D:0)
[2017.04.19-11.33.04:624][  0]LogWindows:    2. 'Intel(R) HD Graphics 520' (P:0 D:0)
[2017.04.19-11.33.04:624][  0]LogWindows: DebugString: PrimaryIsNotTheChoosenAdapter PrimaryIsNotTheChoosenAdapter PrimaryIsNotTheChoosenAdapter FoundDriverCount:0 
[2017.04.19-11.33.04:624][  0]LogD3D11RHI:     Adapter Name: NVIDIA GeForce GPU
[2017.04.19-11.33.04:624][  0]LogD3D11RHI:   Driver Version: Unknown (internal:Unknown, unified:Unknown)
[2017.04.19-11.33.04:624][  0]LogD3D11RHI:      Driver Date: Unknown
[2017.04.19-11.33.04:625][  0]LogRHI: Texture pool is 697 MB (70% of 996 MB)
[2017.04.19-11.33.04:639][  0]LogD3D11RHI: Async texture creation enabled
[2017.04.19-11.33.04:673][  0]LogD3D11RHI: GPU Timing Frequency: 1000.000000 (Debug: 2 1)
[2017.04.19-11.33.04:687][  0]LogShaderCompilers: Guid format shader working directory is -22 characters bigger than the processId version (../../../../../../Users/Sabrina/Documents/Call-Of-Bread/Call_Of_bread/Intermediate/Shaders/WorkingDirectory/16368/).
[2017.04.19-11.33.04:687][  0]LogShaderCompilers: Cleaned the shader compiler working directory 'C:/Users/Sabrina/AppData/Local/Temp/UnrealShaderWorkingDir/466C6CF44E43224B1C27D8ABF36752D7/'.
[2017.04.19-11.33.04:688][  0]LogShaderCompilers:Display: Using Local Shader Compiler.
[2017.04.19-11.33.07:222][  0]LogTemp:Display: Loaded TP AllDesktopTargetPlatform
[2017.04.19-11.33.07:272][  0]LogTemp:Display: Loaded TP MacClientTargetPlatform
[2017.04.19-11.33.07:322][  0]LogTemp:Display: Loaded TP MacNoEditorTargetPlatform
[2017.04.19-11.33.07:377][  0]LogTemp:Display: Loaded TP MacServerTargetPlatform
[2017.04.19-11.33.07:466][  0]LogTemp:Display: Loaded TP MacTargetPlatform
[2017.04.19-11.33.07:514][  0]LogTemp:Display: Loaded TP WindowsClientTargetPlatform
[2017.04.19-11.33.07:563][  0]LogTemp:Display: Loaded TP WindowsNoEditorTargetPlatform
[2017.04.19-11.33.07:612][  0]LogTemp:Display: Loaded TP WindowsServerTargetPlatform
[2017.04.19-11.33.07:653][  0]LogTemp:Display: Loaded TP WindowsTargetPlatform
[2017.04.19-11.33.07:746][  0]LogTemp:Display: Loaded TP AndroidTargetPlatform
[2017.04.19-11.33.07:796][  0]LogTemp:Display: Loaded TP Android_ASTCTargetPlatform
[2017.04.19-11.33.07:850][  0]LogTemp:Display: Loaded TP Android_ATCTargetPlatform
[2017.04.19-11.33.07:901][  0]LogTemp:Display: Loaded TP Android_DXTTargetPlatform
[2017.04.19-11.33.07:952][  0]LogTemp:Display: Loaded TP Android_ETC1TargetPlatform
[2017.04.19-11.33.08:001][  0]LogTemp:Display: Loaded TP Android_ETC2TargetPlatform
[2017.04.19-11.33.08:111][  0]LogTemp:Display: Loaded TP Android_MultiTargetPlatform
[2017.04.19-11.33.08:111][  0]LogTemp:Display: Loaded TP Android_PVRTCTargetPlatform
[2017.04.19-11.33.08:156][  0]LogTemp:Display: Loaded TP HTML5TargetPlatform
[2017.04.19-11.33.08:308][  0]LogTemp:Display: Loaded TP IOSTargetPlatform
[2017.04.19-11.33.08:343][  0]LogTemp:Display: Loaded TP TVOSTargetPlatform
[2017.04.19-11.33.08:394][  0]LogTemp:Display: Loaded TP LinuxClientTargetPlatform
[2017.04.19-11.33.08:443][  0]LogTemp:Display: Loaded TP LinuxNoEditorTargetPlatform
[2017.04.19-11.33.08:491][  0]LogTemp:Display: Loaded TP LinuxServerTargetPlatform
[2017.04.19-11.33.08:577][  0]LogTemp:Display: Loaded TP LinuxTargetPlatform
[2017.04.19-11.33.08:577][  0]LogTargetPlatformManager:Display: Building Assets For Windows
[2017.04.19-11.33.09:301][  0]LogDerivedDataCache:Display: Max Cache Size: 512 MB
[2017.04.19-11.33.09:514][  0]LogDerivedDataCache: Loaded boot cache 0.21s 60MB C:/Users/Sabrina/AppData/Local/UnrealEngine/4.14/DerivedDataCache/Boot.ddc.
[2017.04.19-11.33.09:514][  0]LogDerivedDataCache:Display: Loaded Boot cache: C:/Users/Sabrina/AppData/Local/UnrealEngine/4.14/DerivedDataCache/Boot.ddc
[2017.04.19-11.33.09:514][  0]LogDerivedDataCache: FDerivedDataBackendGraph:  Pak pak cache file ../../../../../../Users/Sabrina/Documents/Call-Of-Bread/Call_Of_bread/DerivedDataCache/DDC.ddp not found, will not use a pak cache.
[2017.04.19-11.33.09:514][  0]LogDerivedDataCache: Unable to find inner node Pak for hierarchical cache Hierarchy.
[2017.04.19-11.33.09:514][  0]LogDerivedDataCache: FDerivedDataBackendGraph:  CompressedPak pak cache file ../../../../../../Users/Sabrina/Documents/Call-Of-Bread/Call_Of_bread/DerivedDataCache/Compressed.ddp not found, will not use a pak cache.
[2017.04.19-11.33.09:514][  0]LogDerivedDataCache: Unable to find inner node CompressedPak for hierarchical cache Hierarchy.
[2017.04.19-11.33.09:544][  0]LogDerivedDataCache:Display: Pak cache opened for reading ../../../Engine/DerivedDataCache/Compressed.ddp.
[2017.04.19-11.33.09:556][  0]LogDerivedDataCache: Using Local data cache path C:/Users/Sabrina/AppData/Local/UnrealEngine/Common/DerivedDataCache: Writable
[2017.04.19-11.33.12:811][  0]LogInit: Selected Device Profile: [Windows]
[2017.04.19-11.33.12:823][  0]LogContentStreaming: Texture pool size is 0.00 MB
[2017.04.19-11.33.13:123][  0]LogMeshUtilities: Using QuadricMeshReduction for automatic static mesh reduction
[2017.04.19-11.33.13:176][  0]LogSimplygon: Simplygon DLL not present - disabling.
[2017.04.19-11.33.13:220][  0]LogMeshUtilities: Using SimplygonSwarm for distributed automatic mesh merging
[2017.04.19-11.33.13:220][  0]LogMeshUtilities: No automatic skeletal mesh reduction module available
[2017.04.19-11.33.13:220][  0]LogMeshUtilities: No automatic mesh merging module available
[2017.04.19-11.33.14:779][  0]LogNetVersion: GetLocalNetworkVersion: CL: 3195953, ProjectName: call_of_bread, ProjectVersion: , EngineNetworkVersion: 2, GameNetworkVersion: 0, NetworkChecksum: 1183517265
[2017.04.19-11.33.14:884][  0]LogAssetRegistry: FAssetRegistry took 0.0243 seconds to start up
[2017.04.19-11.33.14:973][  0]LogPackageLocalizationCache: Processed 3 localized package path(s) for 2 prioritized culture(s) in 0.044565 seconds
[2017.04.19-11.33.14:982][  0]LogUObjectArray: 31912 objects as part of root set at end of initial load.
[2017.04.19-11.33.14:982][  0]LogUObjectAllocator: 6925352 out of 0 bytes used by permanent object pool.
[2017.04.19-11.33.14:982][  0]LogUObjectArray: CloseDisregardForGC: 0/0 objects in disregard for GC pool
[2017.04.19-11.33.15:080][  0]LogInit: WinSock: version 1.1 (2.2), MaxSocks=32767, MaxUdp=65467
[2017.04.19-11.33.16:005][  0]LogSlate: Using Freetype 2.6.0
[2017.04.19-11.33.16:025][  0]LogSlate: SlateFontCache - WITH_FREETYPE: 1, WITH_HARFBUZZ: 1
[2017.04.19-11.33.16:025][  0]LogSlate: SlateFontCache - WITH_FREETYPE: 1, WITH_HARFBUZZ: 1
[2017.04.19-11.33.18:793][  0]LogTcpMessaging: Initializing TcpMessaging bridge
[2017.04.19-11.33.18:835][  0]LogUdpMessaging: Initializing bridge on interface 0.0.0.0:0 to multicast group 230.0.0.1:6666.
[2017.04.19-11.33.19:338][  0]LogMaterial: Uniform references updated for custom material expression Custom.
[2017.04.19-11.33.19:833][  0]SourceControl: Info Source control is disabled
[2017.04.19-11.33.19:891][  0]SourceControl: Info Source control is disabled
[2017.04.19-11.33.19:940][  0]SourceControl: Info Source control is disabled
[2017.04.19-11.33.19:985][  0]SourceControl: Info Source control is disabled
[2017.04.19-11.33.21:352][  0]LogEngine: Initializing Engine...
[2017.04.19-11.33.21:353][  0]LogHMD: Failed to initialize OpenVR with code 110
[2017.04.19-11.33.21:764][  0]LogAIModule: Creating AISystem for world Untitled
[2017.04.19-11.33.21:787][  0]LogInit: XAudio2 using 'Speakers (Realtek High Definition Audio(SST))' : 2 channels at 48 kHz using 32 bits per sample (channel mask 0x3)
[2017.04.19-11.33.21:907][  0]LogInit: FAudioDevice initialized.
[2017.04.19-11.33.21:930][  0]LogDerivedDataCache: Saved boot cache 0.02s 50MB C:/Users/Sabrina/AppData/Local/UnrealEngine/4.14/DerivedDataCache/Boot.ddc.
[2017.04.19-11.33.21:939][  0]LogInit: Texture streaming: Enabled
[2017.04.19-11.33.22:132][  0]LogWindowsTextInputMethodSystem:Display: IME system now deactivated.
[2017.04.19-11.33.22:133][  0]LogWindowsTextInputMethodSystem:Display: IME system now deactivated.
[2017.04.19-11.33.22:177][  0]LogInit: Transaction tracking system initialized
[2017.04.19-11.33.22:577][  0]BlueprintLog: New page: Editor Load
[2017.04.19-11.33.23:715][  0]LocalizationService: Info Localization service is disabled
[2017.04.19-11.33.24:512][  0]LogConsoleResponse:Display: 
[2017.04.19-11.33.25:239][  0]LogCook:Display: Max memory allowance for cook 16384mb min free memory 0mb
[2017.04.19-11.33.25:239][  0]LogCook:Display: Mobile HDR setting 1
[2017.04.19-11.33.25:420][  0]LogFileCache: Scanning file cache for directory 'C:/Users/Sabrina/Documents/Call-Of-Bread/Call_Of_bread/Content/' took 0.02s
[2017.04.19-11.33.26:390][  0]SourceControl: Info Source control is disabled
[2017.04.19-11.33.26:392][  0]Cmd: MAP LOAD FILE="../../../../../../Users/Sabrina/Documents/Call-Of-Bread/Call_Of_bread/Content/ThirdPersonBP/Maps/ThirdPersonExampleMap.umap" TEMPLATE=0 SHOWPROGRESS=1 FEATURELEVEL=3
[2017.04.19-11.33.26:399][  0]LightingResults: New page: Lighting Build
[2017.04.19-11.33.26:448][  0]MapCheck: New page: Map Check
[2017.04.19-11.33.26:449][  0]LightingResults: New page: Lighting Build
[2017.04.19-11.33.27:357][  0]LogAIModule: Creating AISystem for world ThirdPersonExampleMap
[2017.04.19-11.33.27:557][  0]LogEditorServer: Finished looking for orphan Actors (0.000 secs)
[2017.04.19-11.33.27:559][  0]Cmd: MAP CHECKDEP NOCLEARLOG
[2017.04.19-11.33.27:605][  0]MapCheck: Info Map check complete: 0 Error(s), 0 Warning(s), took 46.195ms to complete.
[2017.04.19-11.33.27:605][  0]LogFileHelpers: Loading map 'ThirdPersonExampleMap' took 1.214
[2017.04.19-11.33.27:834][  0]LogCollectionManager: Loaded 0 collections in 0.002043 seconds
[2017.04.19-11.33.27:934][  0]LogFileCache: Scanning file cache for directory 'C:/Users/Sabrina/Documents/Call-Of-Bread/Call_Of_bread/Saved/Collections/' took 0.01s
[2017.04.19-11.33.27:934][  0]LogFileCache: Scanning file cache for directory 'C:/Users/Sabrina/Documents/Call-Of-Bread/Call_Of_bread/Content/Developers/Sabrina/Collections/' took 0.01s
[2017.04.19-11.33.27:934][  0]LogFileCache: Scanning file cache for directory 'C:/Users/Sabrina/Documents/Call-Of-Bread/Call_Of_bread/Content/Collections/' took 0.01s
[2017.04.19-11.33.27:934][  0]LogCollectionManager: Rebuilt the GUID cache for 0 collections in 0.000002 seconds
[2017.04.19-11.33.27:948][  0]LogContentBrowser: Native class hierarchy populated in 0.0112 seconds. Added 2190 classes and 428 folders.
[2017.04.19-11.33.27:993][  0]LogStats: UGameplayTagsManager::ConstructGameplayTagTree: Construct from data asset -  0.000 s
[2017.04.19-11.33.27:994][  0]LogStats: UGameplayTagsManager::ConstructGameplayTagTree: GameplayTagTreeChangedEvent.Broadcast -  0.000 s
[2017.04.19-11.33.27:994][  0]LogContentBrowser: Native class hierarchy updated for 'GameplayTags' in 0.0006 seconds. Added 13 classes and 0 folders.
[2017.04.19-11.33.28:061][  0]LogContentBrowser: Native class hierarchy updated for 'WidgetCarousel' in 0.0004 seconds. Added 0 classes and 0 folders.
[2017.04.19-11.33.28:430][  0]LogContentBrowser: Native class hierarchy updated for 'AddContentDialog' in 0.0007 seconds. Added 0 classes and 0 folders.
[2017.04.19-11.33.28:486][  0]LogContentBrowser: Native class hierarchy updated for 'SceneOutliner' in 0.0007 seconds. Added 1 classes and 2 folders.
[2017.04.19-11.33.28:697][  0]LogCrashTracker: Crashtracker disabled due to settings.
[2017.04.19-11.33.28:713][  0]LogUObjectGlobals:Warning: Failed to find object 'Class None.'
[2017.04.19-11.33.28:795][  0]LogContentBrowser: Native class hierarchy updated for 'HierarchicalLODOutliner' in 0.0007 seconds. Added 1 classes and 2 folders.
[2017.04.19-11.33.28:795][  0]LogLoad: (Engine Initialization) Total time: 30.25 seconds
[2017.04.19-11.33.28:795][  0]LogLoad: (Engine Initialization) Total Blueprint compile time: 0.23 seconds
[2017.04.19-11.33.28:795][  0]LogExternalProfiler: Found external profiler: VSPerf
[2017.04.19-11.33.28:795][  0]LogExternalProfiler: Using external profiler: VSPerf
[2017.04.19-11.33.28:806][  0]LogOcInput: OculusInput pre-init called
[2017.04.19-11.33.28:833][  0]LogContentStreaming: Texture pool size now 1000 MB
[2017.04.19-11.33.29:096][  0]LogRenderer: Reallocating scene render targets to support 836x544 NumSamples 1 (Frame:2).
[2017.04.19-11.33.29:212][  1]LogAssetRegistry: Asset discovery search completed in 14.3499 seconds
[2017.04.19-11.33.29:212][  1]LogCollectionManager: Rebuilt the object cache for 0 collections in 0.000000 seconds (found 0 objects)
[2017.04.19-11.33.29:212][  1]LogCollectionManager: Fixed up redirectors for 0 collections in 0.000016 seconds (updated 0 objects)
[2017.04.19-11.33.38:698][563]LogContentBrowser: Native class hierarchy updated for 'BlueprintGraph' in 0.0008 seconds. Added 111 classes and 0 folders.
[2017.04.19-12.39.07:294][ 33]LogRenderer: Reallocating scene render targets to support 936x692 NumSamples 1 (Frame:2314).
[2017.04.19-12.58.43:603][969]LogFactory: FactoryCreateFile: StaticMesh with FbxFactory (0 0 C:\Users\Sabrina\Desktop\umbrella_Animation.fbx)
[2017.04.19-12.58.43:641][969]LogFbx: ItemName: GlobalSettings, ItemCount : 1
[2017.04.19-12.58.43:641][969]LogFbx: ItemName: AnimationStack, ItemCount : 1
[2017.04.19-12.58.43:641][969]LogFbx: ItemName: AnimationLayer, ItemCount : 1
[2017.04.19-12.58.43:641][969]LogFbx: ItemName: NodeAttribute, ItemCount : 2
[2017.04.19-12.58.43:641][969]LogFbx: ItemName: Model, ItemCount : 4
[2017.04.19-12.58.43:641][969]LogFbx: ItemName: Geometry, ItemCount : 3
[2017.04.19-12.58.43:641][969]LogFbx: ItemName: Material, ItemCount : 2
[2017.04.19-12.58.43:641][969]LogFbx: ItemName: AnimationCurveNode, ItemCount : 2
[2017.04.19-12.58.43:641][969]LogFbx: ItemName: Deformer, ItemCount : 2
[2017.04.19-12.58.43:641][969]LogFbx: ItemName: AnimationCurve, ItemCount : 2
[2017.04.19-12.58.43:652][969]LogFbx: Loading FBX Scene from C:\Users\Sabrina\Desktop\umbrella_Animation.fbx
[2017.04.19-12.58.43:669][969]LogFbx: FBX Scene Loaded Succesfully
[2017.04.19-12.59.12:480][969]LogFbx: Loading FBX Scene from C:\Users\Sabrina\Desktop\umbrella_Animation.fbx
[2017.04.19-12.59.12:490][969]LogFbx: FBX Scene Loaded Succesfully
[2017.04.19-12.59.12:525][969]LogFbx: =================================================
[2017.04.19-12.59.12:525][969]LogFbx: Dumping Node START [Circle.001] 
[2017.04.19-12.59.12:525][969]LogFbx: 	Total Deformer Count -1171220928.
[2017.04.19-12.59.12:525][969]LogFbx: 		[Node 1] Umbrella (Type BlendShape).
[2017.04.19-12.59.12:525][969]LogFbx: =================================================
[2017.04.19-12.59.12:525][969]LogFbx: 	Attribute () Type (4).
[2017.04.19-12.59.12:525][969]LogFbx: 		[Node Attribute Child 1] Circle.001 (Type Mesh).
[2017.04.19-12.59.12:526][969]LogFbx: Dumping Node END [Circle.001]
[2017.04.19-12.59.12:526][969]LogFbx: =================================================
[2017.04.19-12.59.12:526][969]LogFbx: Dumping Node START [Circle.001] 
[2017.04.19-12.59.12:526][969]LogFbx: 	Total Deformer Count -1171220928.
[2017.04.19-12.59.12:526][969]LogFbx: 		[Node 1] Umbrella (Type BlendShape).
[2017.04.19-12.59.12:526][969]LogFbx: =================================================
[2017.04.19-12.59.12:526][969]LogFbx: 	Attribute () Type (4).
[2017.04.19-12.59.12:526][969]LogFbx: 		[Node Attribute Child 1] Circle.001 (Type Mesh).
[2017.04.19-12.59.12:526][969]LogFbx: Dumping Node END [Circle.001]
[2017.04.19-12.59.12:526][969]LogFbx: =================================================
[2017.04.19-12.59.12:526][969]LogFbx: Dumping Node START [Circle.001] 
[2017.04.19-12.59.12:526][969]LogFbx: 	Total Deformer Count -1171220928.
[2017.04.19-12.59.12:526][969]LogFbx: 		[Node 1] Umbrella (Type BlendShape).
[2017.04.19-12.59.12:526][969]LogFbx: =================================================
[2017.04.19-12.59.12:526][969]LogFbx: 	Attribute () Type (4).
[2017.04.19-12.59.12:526][969]LogFbx: 		[Node Attribute Child 1] Circle.001 (Type Mesh).
[2017.04.19-12.59.12:526][969]LogFbx: Dumping Node END [Circle.001]
[2017.04.19-12.59.12:529][969]LogLinker: Can't find file '/Game/Assets/Material'
[2017.04.19-12.59.12:530][969]LogLinker: Can't find file '/Game/Assets/Material'
[2017.04.19-12.59.12:531][969]LogMaterial:Warning: Material /Game/Assets/Material.Material needed to have new flag set bUsedWithSkeletalMesh !
[2017.04.19-12.59.12:533][969]LogMaterial: Missing cached shader map for material Material, compiling. 
[2017.04.19-12.59.12:582][969]LogMaterial: 0.00 seconds spent updating 1 materials, 1 interfaces, 0 instances, 0 with static permutations.
[2017.04.19-12.59.12:588][969]LogWindows: Windows GetLastError: The operation completed successfully. (0)
[2017.04.19-12.59.13:091][969]LogCrashTracker: 


[2017.04.19-12.59.13:095][969]LogWindows: Windows GetLastError: The operation completed successfully. (0)
[2017.04.19-12.59.13:125][969]LogWindows: Windows GetLastError: The operation completed successfully. (0)
[2017.04.19-12.59.13:126][969]LogCrashTracker: 


[2017.04.19-12.59.13:126][969]LogWindows:Error: === Critical error: ===
[2017.04.19-12.59.13:126][969]LogWindows:Error: 
[2017.04.19-12.59.13:126][969]LogWindows:Error: Fatal error: [File:D:\Build\++UE4+Release-4.14+Compile\Sync\Engine\Source\Runtime\RenderCore\Private\RenderingThread.cpp] [Line: 791] 
[2017.04.19-12.59.13:126][969]LogWindows:Error: Rendering thread exception:
[2017.04.19-12.59.13:126][969]LogWindows:Error: Assertion failed: !Proxy->IsDeleted() [File:d:\build\++ue4+release-4.14+compile\sync\engine\source\runtime\renderer\private\StaticMeshDrawList.inl] [Line: 937] 
[2017.04.19-12.59.13:126][969]LogWindows:Error: 
[2017.04.19-12.59.13:126][969]LogWindows:Error: 
[2017.04.19-12.59.13:126][969]LogWindows:Error: 
[2017.04.19-12.59.13:126][969]LogWindows:Error: KERNELBASE.dll
[2017.04.19-12.59.13:127][969]LogWindows:Error: UE4Editor-Core.dll
[2017.04.19-12.59.13:127][969]LogWindows:Error: UE4Editor-Core.dll
[2017.04.19-12.59.13:127][969]LogWindows:Error: UE4Editor-Core.dll
[2017.04.19-12.59.13:127][969]LogWindows:Error: UE4Editor-Renderer.dll
[2017.04.19-12.59.13:127][969]LogWindows:Error: UE4Editor-Renderer.dll
[2017.04.19-12.59.13:127][969]LogWindows:Error: UE4Editor-Renderer.dll
[2017.04.19-12.59.13:127][969]LogWindows:Error: UE4Editor-Core.dll
[2017.04.19-12.59.13:127][969]LogWindows:Error: UE4Editor-Core.dll
[2017.04.19-12.59.13:127][969]LogWindows:Error: UE4Editor-RenderCore.dll
[2017.04.19-12.59.13:127][969]LogWindows:Error: UE4Editor-RenderCore.dll
[2017.04.19-12.59.13:127][969]LogWindows:Error: UE4Editor-Core.dll
[2017.04.19-12.59.13:127][969]LogWindows:Error: UE4Editor-Core.dll
[2017.04.19-12.59.13:127][969]LogWindows:Error: KERNEL32.DLL
[2017.04.19-12.59.13:127][969]LogWindows:Error: ntdll.dll
[2017.04.19-12.59.13:127][969]LogWindows:Error: ntdll.dll
[2017.04.19-12.59.13:127][969]LogWindows:Error: 
[2017.04.19-12.59.13:127][969]LogWindows:Error: 
[2017.04.19-12.59.13:127][969]LogWindows:Error: 
[2017.04.19-12.59.13:127][969]LogWindows:Error: 
[2017.04.19-12.59.13:172][969]LogExit: Executing StaticShutdownAfterError
[2017.04.19-12.59.13:189][969]LogWindows: FPlatformMisc::RequestExit(1)
[2017.04.19-12.59.13:189][969]Log file closed, 04/19/17 13:59:13
