Log file open, 04/22/17 23:29:31
LogInit:Display: Running engine for game: Call_Of_bread
LogPlatformFile: Not using cached read wrapper
LogInit:Display: RandInit(733567974) SRandInit(733567974).
LogTaskGraph: Started task graph with 5 named threads and 6 total threads with 1 sets of task threads.
LogStats: Stats thread started at 0.055393
LogPluginManager: Loaded Plugin Paper2D, From C:/Program Files (x86)/Epic Games/4.14/Engine/Plugins/2D/Paper2D/Paper2D.uplugin
LogPluginManager: Loaded Plugin LightPropagationVolume, From C:/Program Files (x86)/Epic Games/4.14/Engine/Plugins/Blendables/LightPropagationVolume/LightPropagationVolume.uplugin
LogPluginManager: Loaded Plugin BlankPlugin, From C:/Program Files (x86)/Epic Games/4.14/Engine/Plugins/Developer/BlankPlugin/BlankPlugin.uplugin
LogPluginManager: Loaded Plugin CodeLiteSourceCodeAccess, From C:/Program Files (x86)/Epic Games/4.14/Engine/Plugins/Developer/CodeLiteSourceCodeAccess/CodeLiteSourceCodeAccess.uplugin
LogPluginManager: Loaded Plugin GitSourceControl, From C:/Program Files (x86)/Epic Games/4.14/Engine/Plugins/Developer/GitSourceControl/GitSourceControl.uplugin
LogPluginManager: Loaded Plugin KDevelopSourceCodeAccess, From C:/Program Files (x86)/Epic Games/4.14/Engine/Plugins/Developer/KDevelopSourceCodeAccess/KDevelopSourceCodeAccess.uplugin
LogPluginManager: Loaded Plugin NullSourceCodeAccess, From C:/Program Files (x86)/Epic Games/4.14/Engine/Plugins/Developer/NullSourceCodeAccess/NullSourceCodeAccess.uplugin
LogPluginManager: Loaded Plugin OneSkyLocalizationService, From C:/Program Files (x86)/Epic Games/4.14/Engine/Plugins/Developer/OneSkyLocalizationService/OneSkyLocalizationService.uplugin
LogPluginManager: Loaded Plugin PerforceSourceControl, From C:/Program Files (x86)/Epic Games/4.14/Engine/Plugins/Developer/PerforceSourceControl/PerforceSourceControl.uplugin
LogPluginManager: Loaded Plugin SubversionSourceControl, From C:/Program Files (x86)/Epic Games/4.14/Engine/Plugins/Developer/SubversionSourceControl/SubversionSourceControl.uplugin
LogPluginManager: Loaded Plugin UObjectPlugin, From C:/Program Files (x86)/Epic Games/4.14/Engine/Plugins/Developer/UObjectPlugin/UObjectPlugin.uplugin
LogPluginManager: Loaded Plugin VisualStudioSourceCodeAccess, From C:/Program Files (x86)/Epic Games/4.14/Engine/Plugins/Developer/VisualStudioSourceCodeAccess/VisualStudioSourceCodeAccess.uplugin
LogPluginManager: Loaded Plugin XCodeSourceCodeAccess, From C:/Program Files (x86)/Epic Games/4.14/Engine/Plugins/Developer/XCodeSourceCodeAccess/XCodeSourceCodeAccess.uplugin
LogPluginManager: Loaded Plugin AudioCapture, From C:/Program Files (x86)/Epic Games/4.14/Engine/Plugins/Editor/AudioCapture/AudioCapture.uplugin
LogPluginManager: Loaded Plugin EpicSurvey, From C:/Program Files (x86)/Epic Games/4.14/Engine/Plugins/Editor/EpicSurvey/EpicSurvey.uplugin
LogPluginManager: Loaded Plugin MacGraphicsSwitching, From C:/Program Files (x86)/Epic Games/4.14/Engine/Plugins/Editor/MacGraphicsSwitching/MacGraphicsSwitching.uplugin
LogPluginManager: Loaded Plugin MobileLauncherProfileWizard, From C:/Program Files (x86)/Epic Games/4.14/Engine/Plugins/Editor/MobileLauncherProfileWizard/MobileLauncherProfileWizard.uplugin
LogPluginManager: Loaded Plugin PluginBrowser, From C:/Program Files (x86)/Epic Games/4.14/Engine/Plugins/Editor/PluginBrowser/PluginBrowser.uplugin
LogPluginManager: Loaded Plugin SpeedTreeImporter, From C:/Program Files (x86)/Epic Games/4.14/Engine/Plugins/Editor/SpeedTreeImporter/SpeedTreeImporter.uplugin
LogPluginManager: Loaded Plugin SuperSearchEditor, From C:/Program Files (x86)/Epic Games/4.14/Engine/Plugins/Editor/SuperSearchEditor/SuperSearchEditor.uplugin
LogPluginManager: Loaded Plugin AlembicImporter, From C:/Program Files (x86)/Epic Games/4.14/Engine/Plugins/Experimental/AlembicImporter/AlembicImporter.uplugin
LogPluginManager: Loaded Plugin BlueprintStats, From C:/Program Files (x86)/Epic Games/4.14/Engine/Plugins/Experimental/BlueprintStats/BlueprintStats.uplugin
LogPluginManager: Loaded Plugin CharacterAI, From C:/Program Files (x86)/Epic Games/4.14/Engine/Plugins/Experimental/CharacterAI/CharacterAI.uplugin
LogPluginManager: Loaded Plugin CodeEditor, From C:/Program Files (x86)/Epic Games/4.14/Engine/Plugins/Experimental/CodeEditor/CodeEditor.uplugin
LogPluginManager: Loaded Plugin CodeView, From C:/Program Files (x86)/Epic Games/4.14/Engine/Plugins/Experimental/CodeView/CodeView.uplugin
LogPluginManager: Loaded Plugin HTML5Networking, From C:/Program Files (x86)/Epic Games/4.14/Engine/Plugins/Experimental/HTML5Networking/HTML5Networking.uplugin
LogPluginManager: Loaded Plugin OSVR, From C:/Program Files (x86)/Epic Games/4.14/Engine/Plugins/Experimental/OSVR/OSVR.uplugin
LogPluginManager: Loaded Plugin Phya, From C:/Program Files (x86)/Epic Games/4.14/Engine/Plugins/Experimental/Phya/Phya.uplugin
LogPluginManager: Loaded Plugin SignificanceManager, From C:/Program Files (x86)/Epic Games/4.14/Engine/Plugins/Experimental/SignificanceManager/SignificanceManager.uplugin
LogPluginManager: Loaded Plugin SimpleHMD, From C:/Program Files (x86)/Epic Games/4.14/Engine/Plugins/Experimental/SimpleHMD/SimpleHMD.uplugin
LogPluginManager: Loaded Plugin StereoPanorama, From C:/Program Files (x86)/Epic Games/4.14/Engine/Plugins/Experimental/StereoPanorama/StereoPanorama.uplugin
LogPluginManager: Loaded Plugin StructBox, From C:/Program Files (x86)/Epic Games/4.14/Engine/Plugins/Experimental/StructBox/StructBox.uplugin
LogPluginManager: Loaded Plugin AndroidMedia, From C:/Program Files (x86)/Epic Games/4.14/Engine/Plugins/Media/AndroidMedia/AndroidMedia.uplugin
LogPluginManager: Loaded Plugin AvfMedia, From C:/Program Files (x86)/Epic Games/4.14/Engine/Plugins/Media/AvfMedia/AvfMedia.uplugin
LogPluginManager: Loaded Plugin MediaPlayerEditor, From C:/Program Files (x86)/Epic Games/4.14/Engine/Plugins/Media/MediaPlayerEditor/MediaPlayerEditor.uplugin
LogPluginManager: Loaded Plugin WmfMedia, From C:/Program Files (x86)/Epic Games/4.14/Engine/Plugins/Media/WmfMedia/WmfMedia.uplugin
LogPluginManager: Loaded Plugin MessagingDebugger, From C:/Program Files (x86)/Epic Games/4.14/Engine/Plugins/Messaging/MessagingDebugger/MessagingDebugger.uplugin
LogPluginManager: Loaded Plugin TcpMessaging, From C:/Program Files (x86)/Epic Games/4.14/Engine/Plugins/Messaging/TcpMessaging/TcpMessaging.uplugin
LogPluginManager: Loaded Plugin UdpMessaging, From C:/Program Files (x86)/Epic Games/4.14/Engine/Plugins/Messaging/UdpMessaging/UdpMessaging.uplugin
LogPluginManager: Loaded Plugin LevelSequenceEditor, From C:/Program Files (x86)/Epic Games/4.14/Engine/Plugins/MovieScene/LevelSequenceEditor/LevelSequenceEditor.uplugin
LogPluginManager: Loaded Plugin MatineeToLevelSequence, From C:/Program Files (x86)/Epic Games/4.14/Engine/Plugins/MovieScene/MatineeToLevelSequence/MatineeToLevelSequence.uplugin
LogPluginManager: Loaded Plugin NetcodeUnitTest, From C:/Program Files (x86)/Epic Games/4.14/Engine/Plugins/NetcodeUnitTest/NetcodeUnitTest/NetcodeUnitTest.uplugin
LogPluginManager: Loaded Plugin NUTUnrealEngine4, From C:/Program Files (x86)/Epic Games/4.14/Engine/Plugins/NetcodeUnitTest/NUTUnrealEngine4/NUTUnrealEngine4.uplugin
LogPluginManager: Loaded Plugin OnlineSubsystemGameCircle, From C:/Program Files (x86)/Epic Games/4.14/Engine/Plugins/Online/Android/OnlineSubsystemGameCircle/OnlineSubsystemGameCircle.uplugin
LogPluginManager: Loaded Plugin OnlineSubsystemGooglePlay, From C:/Program Files (x86)/Epic Games/4.14/Engine/Plugins/Online/Android/OnlineSubsystemGooglePlay/OnlineSubsystemGooglePlay.uplugin
LogPluginManager: Loaded Plugin OnlineSubsystemIOS, From C:/Program Files (x86)/Epic Games/4.14/Engine/Plugins/Online/IOS/OnlineSubsystemIOS/OnlineSubsystemIOS.uplugin
LogPluginManager: Loaded Plugin OnlineFramework, From C:/Program Files (x86)/Epic Games/4.14/Engine/Plugins/Online/OnlineFramework/OnlineFramework.uplugin
LogPluginManager: Loaded Plugin OnlineSubsystem, From C:/Program Files (x86)/Epic Games/4.14/Engine/Plugins/Online/OnlineSubsystem/OnlineSubsystem.uplugin
LogPluginManager: Loaded Plugin OnlineSubsystemAmazon, From C:/Program Files (x86)/Epic Games/4.14/Engine/Plugins/Online/OnlineSubsystemAmazon/OnlineSubsystemAmazon.uplugin
LogPluginManager: Loaded Plugin OnlineSubsystemFacebook, From C:/Program Files (x86)/Epic Games/4.14/Engine/Plugins/Online/OnlineSubsystemFacebook/OnlineSubsystemFacebook.uplugin
LogPluginManager: Loaded Plugin OnlineSubsystemNull, From C:/Program Files (x86)/Epic Games/4.14/Engine/Plugins/Online/OnlineSubsystemNull/OnlineSubsystemNull.uplugin
LogPluginManager: Loaded Plugin OnlineSubsystemOculus, From C:/Program Files (x86)/Epic Games/4.14/Engine/Plugins/Online/OnlineSubsystemOculus/OnlineSubsystemOculus.uplugin
LogPluginManager: Loaded Plugin OnlineSubsystemSteam, From C:/Program Files (x86)/Epic Games/4.14/Engine/Plugins/Online/OnlineSubsystemSteam/OnlineSubsystemSteam.uplugin
LogPluginManager: Loaded Plugin OnlineSubsystemUtils, From C:/Program Files (x86)/Epic Games/4.14/Engine/Plugins/Online/OnlineSubsystemUtils/OnlineSubsystemUtils.uplugin
LogPluginManager: Loaded Plugin IOSTapJoy, From C:/Program Files (x86)/Epic Games/4.14/Engine/Plugins/Runtime/Advertising/IOSTapJoy/IOSTapJoy.uplugin
LogPluginManager: Loaded Plugin AnalyticsBlueprintLibrary, From C:/Program Files (x86)/Epic Games/4.14/Engine/Plugins/Runtime/Analytics/AnalyticsBlueprintLibrary/AnalyticsBlueprintLibrary.uplugin
LogPluginManager: Loaded Plugin AnalyticsMulticast, From C:/Program Files (x86)/Epic Games/4.14/Engine/Plugins/Runtime/Analytics/AnalyticsMulticast/AnalyticsMulticast.uplugin
LogPluginManager: Loaded Plugin Apsalar, From C:/Program Files (x86)/Epic Games/4.14/Engine/Plugins/Runtime/Analytics/Apsalar/Apsalar.uplugin
LogPluginManager: Loaded Plugin FileLogging, From C:/Program Files (x86)/Epic Games/4.14/Engine/Plugins/Runtime/Analytics/FileLogging/FileLogging.uplugin
LogPluginManager: Loaded Plugin Flurry, From C:/Program Files (x86)/Epic Games/4.14/Engine/Plugins/Runtime/Analytics/Flurry/Flurry.uplugin
LogPluginManager: Loaded Plugin AndroidDeviceProfileSelector, From C:/Program Files (x86)/Epic Games/4.14/Engine/Plugins/Runtime/AndroidDeviceProfileSelector/AndroidDeviceProfileSelector.uplugin
LogPluginManager: Loaded Plugin AndroidMoviePlayer, From C:/Program Files (x86)/Epic Games/4.14/Engine/Plugins/Runtime/AndroidMoviePlayer/AndroidMoviePlayer.uplugin
LogPluginManager: Loaded Plugin AppleMoviePlayer, From C:/Program Files (x86)/Epic Games/4.14/Engine/Plugins/Runtime/AppleMoviePlayer/AppleMoviePlayer.uplugin
LogPluginManager: Loaded Plugin ArchVisCharacter, From C:/Program Files (x86)/Epic Games/4.14/Engine/Plugins/Runtime/ArchVisCharacter/ArchVisCharacter.uplugin
LogPluginManager: Loaded Plugin CableComponent, From C:/Program Files (x86)/Epic Games/4.14/Engine/Plugins/Runtime/CableComponent/CableComponent.uplugin
LogPluginManager: Loaded Plugin CustomMeshComponent, From C:/Program Files (x86)/Epic Games/4.14/Engine/Plugins/Runtime/CustomMeshComponent/CustomMeshComponent.uplugin
LogPluginManager: Loaded Plugin ExampleDeviceProfileSelector, From C:/Program Files (x86)/Epic Games/4.14/Engine/Plugins/Runtime/ExampleDeviceProfileSelector/ExampleDeviceProfileSelector.uplugin
LogPluginManager: Loaded Plugin GearVR, From C:/Program Files (x86)/Epic Games/4.14/Engine/Plugins/Runtime/GearVR/GearVR.uplugin
LogPluginManager: Loaded Plugin GoogleVRController, From C:/Program Files (x86)/Epic Games/4.14/Engine/Plugins/Runtime/GoogleVR/GoogleVRController/GoogleVRController.uplugin
LogPluginManager: Loaded Plugin GoogleVRHMD, From C:/Program Files (x86)/Epic Games/4.14/Engine/Plugins/Runtime/GoogleVR/GoogleVRHMD/GoogleVRHMD.uplugin
LogPluginManager: Loaded Plugin IOSDeviceProfileSelector, From C:/Program Files (x86)/Epic Games/4.14/Engine/Plugins/Runtime/IOSDeviceProfileSelector/IOSDeviceProfileSelector.uplugin
LogPluginManager: Loaded Plugin LeapMotion, From C:/Program Files (x86)/Epic Games/4.14/Engine/Plugins/Runtime/LeapMotion/LeapMotion.uplugin
LogPluginManager: Loaded Plugin LinuxDeviceProfileSelector, From C:/Program Files (x86)/Epic Games/4.14/Engine/Plugins/Runtime/LinuxDeviceProfileSelector/LinuxDeviceProfileSelector.uplugin
LogPluginManager: Loaded Plugin MIDIDevice, From C:/Program Files (x86)/Epic Games/4.14/Engine/Plugins/Runtime/MIDIDevice/MIDIDevice.uplugin
LogPluginManager: Loaded Plugin MobilePatchingUtils, From C:/Program Files (x86)/Epic Games/4.14/Engine/Plugins/Runtime/MobilePatchingUtils/MobilePatchingUtils.uplugin
LogPluginManager: Loaded Plugin Ansel, From C:/Program Files (x86)/Epic Games/4.14/Engine/Plugins/Runtime/Nvidia/Ansel/Ansel.uplugin
LogPluginManager: Loaded Plugin OculusAudio, From C:/Program Files (x86)/Epic Games/4.14/Engine/Plugins/Runtime/OculusAudio/OculusAudio.uplugin
LogPluginManager: Loaded Plugin OculusInput, From C:/Program Files (x86)/Epic Games/4.14/Engine/Plugins/Runtime/OculusInput/OculusInput.uplugin
LogPluginManager: Loaded Plugin OculusLibrary, From C:/Program Files (x86)/Epic Games/4.14/Engine/Plugins/Runtime/OculusLibrary/OculusLibrary.uplugin
LogPluginManager: Loaded Plugin OculusRift, From C:/Program Files (x86)/Epic Games/4.14/Engine/Plugins/Runtime/OculusRift/OculusRift.uplugin
LogPluginManager: Loaded Plugin Oodle, From C:/Program Files (x86)/Epic Games/4.14/Engine/Plugins/Runtime/PacketHandlers/CompressionComponents/Oodle/Oodle.uplugin
LogPluginManager: Loaded Plugin ProceduralMeshComponent, From C:/Program Files (x86)/Epic Games/4.14/Engine/Plugins/Runtime/ProceduralMeshComponent/ProceduralMeshComponent.uplugin
LogPluginManager: Loaded Plugin SoundMod, From C:/Program Files (x86)/Epic Games/4.14/Engine/Plugins/Runtime/SoundMod/SoundMod.uplugin
LogPluginManager: Loaded Plugin SoundVisualizations, From C:/Program Files (x86)/Epic Games/4.14/Engine/Plugins/Runtime/SoundVisualizations/SoundVisualizations.uplugin
LogPluginManager: Loaded Plugin SteamController, From C:/Program Files (x86)/Epic Games/4.14/Engine/Plugins/Runtime/Steam/SteamController/SteamController.uplugin
LogPluginManager: Loaded Plugin SteamVR, From C:/Program Files (x86)/Epic Games/4.14/Engine/Plugins/Runtime/Steam/SteamVR/SteamVR.uplugin
LogPluginManager: Loaded Plugin WebBrowserWidget, From C:/Program Files (x86)/Epic Games/4.14/Engine/Plugins/Runtime/WebBrowserWidget/WebBrowserWidget.uplugin
LogPluginManager: Loaded Plugin WindowsDeviceProfileSelector, From C:/Program Files (x86)/Epic Games/4.14/Engine/Plugins/Runtime/WindowsDeviceProfileSelector/WindowsDeviceProfileSelector.uplugin
LogPluginManager: Loaded Plugin WindowsMoviePlayer, From C:/Program Files (x86)/Epic Games/4.14/Engine/Plugins/Runtime/WindowsMoviePlayer/WindowsMoviePlayer.uplugin
LogPluginManager: Loaded Plugin ScriptPlugin, From C:/Program Files (x86)/Epic Games/4.14/Engine/Plugins/ScriptPlugin/ScriptPlugin.uplugin
LogPluginManager: Loaded Plugin SlateRemote, From C:/Program Files (x86)/Epic Games/4.14/Engine/Plugins/Slate/SlateRemote/SlateRemote.uplugin
LogPluginManager: Loaded Plugin EditorTests, From C:/Program Files (x86)/Epic Games/4.14/Engine/Plugins/Tests/EditorTests/EditorTests.uplugin
LogPluginManager: Loaded Plugin FbxAutomationTestBuilder, From C:/Program Files (x86)/Epic Games/4.14/Engine/Plugins/Tests/FbxAutomationTestBuilder/FbxAutomationTestBuilder.uplugin
LogPluginManager: Loaded Plugin FunctionalTestingEditor, From C:/Program Files (x86)/Epic Games/4.14/Engine/Plugins/Tests/FunctionalTestingEditor/FunctionalTestingEditor.uplugin
LogPluginManager: Loaded Plugin RuntimeTests, From C:/Program Files (x86)/Epic Games/4.14/Engine/Plugins/Tests/RuntimeTests/RuntimeTests.uplugin
LogPluginManager: Loaded Plugin ScreenshotTools, From C:/Program Files (x86)/Epic Games/4.14/Engine/Plugins/Tests/ScreenshotTools/ScreenshotTools.uplugin
LogInit: Using libcurl 7.47.1
LogInit:  - built for x86_64-pc-win32
LogInit:  - supports SSL with OpenSSL/1.0.2g
LogInit:  - supports HTTP deflate (compression) using libz 1.2.8
LogInit:  - other features:
LogInit:      CURL_VERSION_SSL
LogInit:      CURL_VERSION_LIBZ
LogInit:      CURL_VERSION_IPV6
LogInit:      CURL_VERSION_ASYNCHDNS
LogInit:      CURL_VERSION_LARGEFILE
LogInit:      CURL_VERSION_IDN
LogInit:  CurlRequestOptions (configurable via config and command line):
LogInit:  - bVerifyPeer = false  - Libcurl will NOT verify peer certificate
LogInit:  - bUseHttpProxy = false  - Libcurl will NOT use HTTP proxy
LogInit:  - bDontReuseConnections = false  - Libcurl will reuse connections
LogInit:  - CertBundlePath = nullptr  - Libcurl will use whatever was configured at build time.
LogInit: Build: ++UE4+Release-4.14-CL-3224400
LogInit: Engine Version: 4.14.1-3224400+++UE4+Release-4.14
LogInit: Compatible Engine Version: 4.14.0-3195953+++UE4+Release-4.14
LogInit: Net CL: 3195953
LogDevObjectVersion: Number of dev versions registered: 13
LogDevObjectVersion:   Dev-Blueprints (B0D832E4-1F89-4F0D-ACCF-7EB736FD4AA2): 7
LogDevObjectVersion:   Dev-Build (E1C64328-A22C-4D53-A36C-8E866417BD8C): 0
LogDevObjectVersion:   Dev-Core (375EC13C-06E4-48FB-B500-84F0262A717E): 1
LogDevObjectVersion:   Dev-Editor (E4B068ED-F494-42E9-A231-DA0B2E46BB41): 8
LogDevObjectVersion:   Dev-Framework (CFFC743F-43B0-4480-9391-14DF171D2073): 17
LogDevObjectVersion:   Dev-Mobile (B02B49B5-BB20-44E9-A304-32B752E40360): 0
LogDevObjectVersion:   Dev-Networking (A4E4105C-59A1-49B5-A7C5-40C4547EDFEE): 0
LogDevObjectVersion:   Dev-Online (39C831C9-5AE6-47DC-9A44-9C173E1C8E7C): 0
LogDevObjectVersion:   Dev-Physics (78F01B33-EBEA-4F98-B9B4-84EACCB95AA2): 0
LogDevObjectVersion:   Dev-Platform (6631380F-2D4D-43E0-8009-CF276956A95A): 0
LogDevObjectVersion:   Dev-Rendering (12F88B9F-8875-4AFC-A67C-D90C383ABD29): 12
LogDevObjectVersion:   Dev-Sequencer (7B5AE74C-D270-4C10-A958-57980B212A5A): 1
LogDevObjectVersion:   Dev-VR (D7296918-1DD6-4BDD-9DE2-64A83CC13884): 0
LogInit: Compiled (64-bit): Dec  7 2016 02:14:32
LogInit: Compiled with Visual C++: 19.00.23026.00
LogInit: Build Configuration: Development
LogInit: Branch Name: ++UE4+Release-4.14
LogInit: Command line:  
LogInit: Base directory: C:/Program Files (x86)/Epic Games/4.14/Engine/Binaries/Win64/
LogInit: Installed Engine Build: 1
LogInit: Presizing for max 8388607 objects, including 0 objects not considered by GC, pre-allocating 0 bytes for permanent pool.
LogInit: Object subsystem initialized
[2017.04.22-22.29.31:758][  0]LogInit: Selected Device Profile: [Windows]
[2017.04.22-22.29.31:758][  0]LogInit: Applying CVar settings loaded from the selected device profile: [Windows]
[2017.04.22-22.29.31:770][  0]LogInit: Computer: DESKTOP-VTD5TTC
[2017.04.22-22.29.31:770][  0]LogInit: User: Sabrina
[2017.04.22-22.29.31:770][  0]LogInit: CPU Page size=65536, Cores=2
[2017.04.22-22.29.31:770][  0]LogInit: High frequency timer resolution =2.742189 MHz
[2017.04.22-22.29.31:770][  0]LogMemory: Memory total: Physical=15.9GB (16GB approx)
[2017.04.22-22.29.31:770][  0]LogMemory: Platform Memory Stats for Windows
[2017.04.22-22.29.31:770][  0]LogMemory: Process Physical Memory: 265.29 MB used, 265.29 MB peak
[2017.04.22-22.29.31:770][  0]LogMemory: Process Virtual Memory: 262.30 MB used, 262.30 MB peak
[2017.04.22-22.29.31:770][  0]LogMemory: Physical Memory: 9096.09 MB used,  7214.02 MB free, 16310.11 MB total
[2017.04.22-22.29.31:770][  0]LogMemory: Virtual Memory: 674.74 MB used,  7214.02 MB free, 134217728.00 MB total
[2017.04.22-22.29.31:794][  0]LogTextLocalizationManager: No specific translations for ('en-US') exist, so ('en') translations will be used.
[2017.04.22-22.29.32:439][  0]LogD3D11RHI: D3D11 adapters:
[2017.04.22-22.29.32:476][  0]LogD3D11RHI:    0. 'NVIDIA GeForce GPU' (Feature Level 11_0)
[2017.04.22-22.29.32:476][  0]LogD3D11RHI:       996/0/8155 MB DedicatedVideo/DedicatedSystem/SharedSystem, Outputs:1, VendorId:0x10de
[2017.04.22-22.29.32:482][  0]LogD3D11RHI:    1. 'Intel(R) HD Graphics 520' (Feature Level 11_0)
[2017.04.22-22.29.32:482][  0]LogD3D11RHI:       128/0/8155 MB DedicatedVideo/DedicatedSystem/SharedSystem, Outputs:0, VendorId:0x8086
[2017.04.22-22.29.32:484][  0]LogD3D11RHI:    2. 'Microsoft Basic Render Driver' (Feature Level 11_0)
[2017.04.22-22.29.32:484][  0]LogD3D11RHI:       0/0/8155 MB DedicatedVideo/DedicatedSystem/SharedSystem, Outputs:0, VendorId:0x1414
[2017.04.22-22.29.32:484][  0]LogD3D11RHI: Chosen D3D11 Adapter: 0
[2017.04.22-22.29.32:489][  0]LogD3D11RHI: Creating new Direct3DDevice
[2017.04.22-22.29.32:489][  0]LogD3D11RHI:     GPU DeviceId: 0x134b (for the marketing name, search the web for "GPU Device Id")
[2017.04.22-22.29.32:489][  0]LogWindows: EnumDisplayDevices:
[2017.04.22-22.29.32:489][  0]LogWindows:    0. 'Intel(R) HD Graphics 520' (P:1 D:1)
[2017.04.22-22.29.32:489][  0]LogWindows:    1. 'Intel(R) HD Graphics 520' (P:0 D:0)
[2017.04.22-22.29.32:489][  0]LogWindows:    2. 'Intel(R) HD Graphics 520' (P:0 D:0)
[2017.04.22-22.29.32:490][  0]LogWindows: DebugString: PrimaryIsNotTheChoosenAdapter PrimaryIsNotTheChoosenAdapter PrimaryIsNotTheChoosenAdapter FoundDriverCount:0 
[2017.04.22-22.29.32:490][  0]LogD3D11RHI:     Adapter Name: NVIDIA GeForce GPU
[2017.04.22-22.29.32:490][  0]LogD3D11RHI:   Driver Version: Unknown (internal:Unknown, unified:Unknown)
[2017.04.22-22.29.32:490][  0]LogD3D11RHI:      Driver Date: Unknown
[2017.04.22-22.29.32:490][  0]LogRHI: Texture pool is 697 MB (70% of 996 MB)
[2017.04.22-22.29.32:506][  0]LogD3D11RHI: Async texture creation enabled
[2017.04.22-22.29.32:523][  0]LogD3D11RHI: GPU Timing Frequency: 1000.000000 (Debug: 2 2)
[2017.04.22-22.29.32:524][  0]LogShaderCompilers: Guid format shader working directory is -21 characters bigger than the processId version (../../../../../../Users/Sabrina/Documents/Call-Of-Bread/Call_Of_bread/Intermediate/Shaders/WorkingDirectory/9996/).
[2017.04.22-22.29.32:524][  0]LogShaderCompilers: Cleaned the shader compiler working directory 'C:/Users/Sabrina/AppData/Local/Temp/UnrealShaderWorkingDir/903079384F9DB551FB418DB466D74F27/'.
[2017.04.22-22.29.32:524][  0]LogShaderCompilers:Display: Using Local Shader Compiler.
[2017.04.22-22.29.34:559][  0]LogTemp:Display: Loaded TP AllDesktopTargetPlatform
[2017.04.22-22.29.34:610][  0]LogTemp:Display: Loaded TP MacClientTargetPlatform
[2017.04.22-22.29.34:661][  0]LogTemp:Display: Loaded TP MacNoEditorTargetPlatform
[2017.04.22-22.29.34:712][  0]LogTemp:Display: Loaded TP MacServerTargetPlatform
[2017.04.22-22.29.34:764][  0]LogTemp:Display: Loaded TP MacTargetPlatform
[2017.04.22-22.29.34:817][  0]LogTemp:Display: Loaded TP WindowsClientTargetPlatform
[2017.04.22-22.29.34:868][  0]LogTemp:Display: Loaded TP WindowsNoEditorTargetPlatform
[2017.04.22-22.29.34:922][  0]LogTemp:Display: Loaded TP WindowsServerTargetPlatform
[2017.04.22-22.29.34:964][  0]LogTemp:Display: Loaded TP WindowsTargetPlatform
[2017.04.22-22.29.35:017][  0]LogTemp:Display: Loaded TP AndroidTargetPlatform
[2017.04.22-22.29.35:079][  0]LogTemp:Display: Loaded TP Android_ASTCTargetPlatform
[2017.04.22-22.29.35:135][  0]LogTemp:Display: Loaded TP Android_ATCTargetPlatform
[2017.04.22-22.29.35:185][  0]LogTemp:Display: Loaded TP Android_DXTTargetPlatform
[2017.04.22-22.29.35:235][  0]LogTemp:Display: Loaded TP Android_ETC1TargetPlatform
[2017.04.22-22.29.35:287][  0]LogTemp:Display: Loaded TP Android_ETC2TargetPlatform
[2017.04.22-22.29.35:388][  0]LogTemp:Display: Loaded TP Android_MultiTargetPlatform
[2017.04.22-22.29.35:388][  0]LogTemp:Display: Loaded TP Android_PVRTCTargetPlatform
[2017.04.22-22.29.35:425][  0]LogTemp:Display: Loaded TP HTML5TargetPlatform
[2017.04.22-22.29.35:505][  0]LogTemp:Display: Loaded TP IOSTargetPlatform
[2017.04.22-22.29.35:540][  0]LogTemp:Display: Loaded TP TVOSTargetPlatform
[2017.04.22-22.29.35:590][  0]LogTemp:Display: Loaded TP LinuxClientTargetPlatform
[2017.04.22-22.29.35:640][  0]LogTemp:Display: Loaded TP LinuxNoEditorTargetPlatform
[2017.04.22-22.29.35:697][  0]LogTemp:Display: Loaded TP LinuxServerTargetPlatform
[2017.04.22-22.29.35:750][  0]LogTemp:Display: Loaded TP LinuxTargetPlatform
[2017.04.22-22.29.35:750][  0]LogTargetPlatformManager:Display: Building Assets For Windows
[2017.04.22-22.29.36:123][  0]LogDerivedDataCache:Display: Max Cache Size: 512 MB
[2017.04.22-22.29.36:174][  0]LogDerivedDataCache: Loaded boot cache 0.05s 50MB C:/Users/Sabrina/AppData/Local/UnrealEngine/4.14/DerivedDataCache/Boot.ddc.
[2017.04.22-22.29.36:174][  0]LogDerivedDataCache:Display: Loaded Boot cache: C:/Users/Sabrina/AppData/Local/UnrealEngine/4.14/DerivedDataCache/Boot.ddc
[2017.04.22-22.29.36:174][  0]LogDerivedDataCache: FDerivedDataBackendGraph:  Pak pak cache file ../../../../../../Users/Sabrina/Documents/Call-Of-Bread/Call_Of_bread/DerivedDataCache/DDC.ddp not found, will not use a pak cache.
[2017.04.22-22.29.36:174][  0]LogDerivedDataCache: Unable to find inner node Pak for hierarchical cache Hierarchy.
[2017.04.22-22.29.36:174][  0]LogDerivedDataCache: FDerivedDataBackendGraph:  CompressedPak pak cache file ../../../../../../Users/Sabrina/Documents/Call-Of-Bread/Call_Of_bread/DerivedDataCache/Compressed.ddp not found, will not use a pak cache.
[2017.04.22-22.29.36:174][  0]LogDerivedDataCache: Unable to find inner node CompressedPak for hierarchical cache Hierarchy.
[2017.04.22-22.29.36:190][  0]LogDerivedDataCache:Display: Pak cache opened for reading ../../../Engine/DerivedDataCache/Compressed.ddp.
[2017.04.22-22.29.36:202][  0]LogDerivedDataCache: Using Local data cache path C:/Users/Sabrina/AppData/Local/UnrealEngine/Common/DerivedDataCache: Writable
[2017.04.22-22.29.36:397][  0]LogInit: Selected Device Profile: [Windows]
[2017.04.22-22.29.36:398][  0]LogContentStreaming: Texture pool size is 0.00 MB
[2017.04.22-22.29.36:597][  0]LogMeshUtilities: Using QuadricMeshReduction for automatic static mesh reduction
[2017.04.22-22.29.36:657][  0]LogSimplygon: Simplygon DLL not present - disabling.
[2017.04.22-22.29.36:699][  0]LogMeshUtilities: Using SimplygonSwarm for distributed automatic mesh merging
[2017.04.22-22.29.36:699][  0]LogMeshUtilities: No automatic skeletal mesh reduction module available
[2017.04.22-22.29.36:699][  0]LogMeshUtilities: No automatic mesh merging module available
[2017.04.22-22.29.37:235][  0]LogNetVersion: GetLocalNetworkVersion: CL: 3195953, ProjectName: call_of_bread, ProjectVersion: , EngineNetworkVersion: 2, GameNetworkVersion: 0, NetworkChecksum: 1183517265
[2017.04.22-22.29.37:299][  0]LogAssetRegistry: FAssetRegistry took 0.0220 seconds to start up
[2017.04.22-22.29.37:350][  0]LogPackageLocalizationCache: Processed 3 localized package path(s) for 2 prioritized culture(s) in 0.028572 seconds
[2017.04.22-22.29.37:356][  0]LogUObjectArray: 31912 objects as part of root set at end of initial load.
[2017.04.22-22.29.37:356][  0]LogUObjectAllocator: 6925352 out of 0 bytes used by permanent object pool.
[2017.04.22-22.29.37:356][  0]LogUObjectArray: CloseDisregardForGC: 0/0 objects in disregard for GC pool
[2017.04.22-22.29.37:413][  0]LogInit: WinSock: version 1.1 (2.2), MaxSocks=32767, MaxUdp=65467
[2017.04.22-22.29.38:128][  0]LogSlate: Using Freetype 2.6.0
[2017.04.22-22.29.38:128][  0]LogSlate: SlateFontCache - WITH_FREETYPE: 1, WITH_HARFBUZZ: 1
[2017.04.22-22.29.38:128][  0]LogSlate: SlateFontCache - WITH_FREETYPE: 1, WITH_HARFBUZZ: 1
[2017.04.22-22.29.38:860][  0]LogTcpMessaging: Initializing TcpMessaging bridge
[2017.04.22-22.29.38:898][  0]LogUdpMessaging: Initializing bridge on interface 0.0.0.0:0 to multicast group 230.0.0.1:6666.
[2017.04.22-22.29.39:199][  0]LogMaterial: Uniform references updated for custom material expression Custom.
[2017.04.22-22.29.39:564][  0]SourceControl: Info Source control is disabled
[2017.04.22-22.29.39:592][  0]SourceControl: Info Source control is disabled
[2017.04.22-22.29.39:635][  0]SourceControl: Info Source control is disabled
[2017.04.22-22.29.39:678][  0]SourceControl: Info Source control is disabled
[2017.04.22-22.29.40:845][  0]LogEngine: Initializing Engine...
[2017.04.22-22.29.40:846][  0]LogHMD: Failed to initialize OpenVR with code 110
[2017.04.22-22.29.41:087][  0]LogAIModule: Creating AISystem for world Untitled
[2017.04.22-22.29.41:100][  0]LogInit: XAudio2 using 'Headphones (Hesh 2 Wireless Stereo)' : 2 channels at 44.1 kHz using 16 bits per sample (channel mask 0x3)
[2017.04.22-22.29.41:113][  0]LogInit: FAudioDevice initialized.
[2017.04.22-22.29.41:139][  0]LogDerivedDataCache: Saved boot cache 0.03s 50MB C:/Users/Sabrina/AppData/Local/UnrealEngine/4.14/DerivedDataCache/Boot.ddc.
[2017.04.22-22.29.41:149][  0]LogInit: Texture streaming: Enabled
[2017.04.22-22.29.41:317][  0]LogInit: Transaction tracking system initialized
[2017.04.22-22.29.41:632][  0]BlueprintLog: New page: Editor Load
[2017.04.22-22.29.42:465][  0]LocalizationService: Info Localization service is disabled
[2017.04.22-22.29.43:074][  0]LogConsoleResponse:Display: 
[2017.04.22-22.29.43:215][  0]LogCook:Display: Max memory allowance for cook 16384mb min free memory 0mb
[2017.04.22-22.29.43:215][  0]LogCook:Display: Mobile HDR setting 1
[2017.04.22-22.29.43:413][  0]LogFileCache: Scanning file cache for directory 'C:/Users/Sabrina/Documents/Call-Of-Bread/Call_Of_bread/Content/' took 0.02s
[2017.04.22-22.29.44:129][  0]SourceControl: Info Source control is disabled
[2017.04.22-22.29.44:129][  0]Cmd: MAP LOAD FILE="../../../../../../Users/Sabrina/Documents/Call-Of-Bread/Call_Of_bread/Content/ThirdPersonBP/Maps/ThirdPersonExampleMap.umap" TEMPLATE=0 SHOWPROGRESS=1 FEATURELEVEL=3
[2017.04.22-22.29.44:129][  0]LightingResults: New page: Lighting Build
[2017.04.22-22.29.44:166][  0]MapCheck: New page: Map Check
[2017.04.22-22.29.44:167][  0]LightingResults: New page: Lighting Build
[2017.04.22-22.29.44:474][  0]LogLinker:Warning: Can't find file '/Game/Assets/Weapons/Jam-machine-Gun'
[2017.04.22-22.29.44:474][  0]LogLinker:Warning: Can't find file for asset '/Game/Assets/Weapons/Jam-machine-Gun' while loading ../../../../../../Users/Sabrina/Documents/Call-Of-Bread/Call_Of_bread/Content/ThirdPersonBP/Maps/ThirdPersonExampleMap.umap.
[2017.04.22-22.29.44:474][  0]LoadErrors:Error: Error /Game/ThirdPersonBP/Maps/ThirdPersonExampleMap : Can't find file for asset. /Game/Assets/Weapons/Jam-machine-Gun
[2017.04.22-22.29.44:478][  0]LogLinker:Warning: Can't find file '/Game/Assets/Weapons/Jam-machine-Gun'
[2017.04.22-22.29.44:478][  0]LogLinker:Warning: Can't find file for asset '/Game/Assets/Weapons/Jam-machine-Gun' while loading ../../../../../../Users/Sabrina/Documents/Call-Of-Bread/Call_Of_bread/Content/ThirdPersonBP/Maps/ThirdPersonExampleMap.umap.
[2017.04.22-22.29.44:478][  0]LoadErrors:Error: Error /Game/ThirdPersonBP/Maps/ThirdPersonExampleMap : Can't find file for asset. /Game/Assets/Weapons/Jam-machine-Gun
[2017.04.22-22.29.44:488][  0]LogLinker:Warning: Can't find file '/Game/Assets/Weapons/Jam-machine-Gun'
[2017.04.22-22.29.44:488][  0]LogLinker:Warning: Can't find file for asset '/Game/Assets/Weapons/Jam-machine-Gun' while loading ../../../../../../Users/Sabrina/Documents/Call-Of-Bread/Call_Of_bread/Content/ThirdPersonBP/Maps/ThirdPersonExampleMap.umap.
[2017.04.22-22.29.44:488][  0]LoadErrors:Error: Error /Game/ThirdPersonBP/Maps/ThirdPersonExampleMap : Can't find file for asset. /Game/Assets/Weapons/Jam-machine-Gun
[2017.04.22-22.29.44:489][  0]LogLinker:Warning: Can't find file '/Game/Assets/Weapons/Jam-machine-Gun'
[2017.04.22-22.29.44:489][  0]LogLinker:Warning: Can't find file for asset '/Game/Assets/Weapons/Jam-machine-Gun' while loading NULL.
[2017.04.22-22.29.44:489][  0]LogLinker:Warning: Can't find file '/Game/Assets/Weapons/Jam-machine-Gun'
[2017.04.22-22.29.44:489][  0]LogLinker:Warning: Can't find file for asset '/Game/Assets/Weapons/Jam-machine-Gun' while loading NULL.
[2017.04.22-22.29.44:489][  0]LogLinker:Warning: Can't find file '/Game/Assets/Weapons/Jam-machine-Gun'
[2017.04.22-22.29.44:489][  0]LogLinker:Warning: Can't find file for asset '/Game/Assets/Weapons/Jam-machine-Gun' while loading NULL.
[2017.04.22-22.29.44:494][  0]LogLinker:Warning: Can't find file '/Game/Assets/Weapons/Jam-machine-Gun'
[2017.04.22-22.29.44:494][  0]LogLinker:Warning: Can't find file for asset '/Game/Assets/Weapons/Jam-machine-Gun' while loading NULL.
[2017.04.22-22.29.44:494][  0]LogLinker:Warning: Can't find file '/Game/Assets/Weapons/Jam-machine-Gun'
[2017.04.22-22.29.44:494][  0]LogLinker:Warning: Can't find file for asset '/Game/Assets/Weapons/Jam-machine-Gun' while loading NULL.
[2017.04.22-22.29.44:494][  0]LogLinker:Warning: Can't find file '/Game/Assets/Weapons/Jam-machine-Gun'
[2017.04.22-22.29.44:495][  0]LogLinker:Warning: Can't find file for asset '/Game/Assets/Weapons/Jam-machine-Gun' while loading NULL.
[2017.04.22-22.29.44:495][  0]LogLinker:Warning: Can't find file '/Game/Assets/Weapons/Jam-machine-Gun'
[2017.04.22-22.29.44:495][  0]LogLinker:Warning: Can't find file for asset '/Game/Assets/Weapons/Jam-machine-Gun' while loading NULL.
[2017.04.22-22.29.44:498][  0]LogLinker:Warning: Can't find file '/Game/Assets/Weapons/Jam-machine-Gun'
[2017.04.22-22.29.44:498][  0]LogLinker:Warning: Can't find file for asset '/Game/Assets/Weapons/Jam-machine-Gun' while loading NULL.
[2017.04.22-22.29.44:499][  0]LogLinker:Warning: Can't find file '/Game/Assets/Weapons/Jam-machine-Gun'
[2017.04.22-22.29.44:499][  0]LoadErrors: Info Failed to load /Game/Assets/Weapons/Jam-machine-Gun.Jam-machine-Gun_C Referenced by PersistentLevel
[2017.04.22-22.29.44:499][  0]LogLinker:Warning: Can't find file for asset '/Game/Assets/Weapons/Jam-machine-Gun' while loading NULL.
[2017.04.22-22.29.44:499][  0]LoadErrors: Info Failed to load /Game/Assets/Weapons/Jam-machine-Gun.Jam-machine-Gun_C Referenced by PersistentLevel
[2017.04.22-22.29.44:708][  0]LogAIModule: Creating AISystem for world ThirdPersonExampleMap
[2017.04.22-22.29.44:719][  0]LogEditorServer: Finished looking for orphan Actors (0.000 secs)
[2017.04.22-22.29.44:719][  0]Cmd: MAP CHECKDEP NOCLEARLOG
[2017.04.22-22.29.44:766][  0]MapCheck: Info Map check complete: 0 Error(s), 0 Warning(s), took 46.58ms to complete.
[2017.04.22-22.29.44:766][  0]LogFileHelpers: Loading map 'ThirdPersonExampleMap' took 0.637
[2017.04.22-22.29.44:826][  0]LogWindowsTextInputMethodSystem:Display: IME system now deactivated.
[2017.04.22-22.29.44:827][  0]LogWindowsTextInputMethodSystem:Display: IME system now deactivated.
[2017.04.22-22.29.44:916][  0]LogCollectionManager: Loaded 0 collections in 0.001426 seconds
[2017.04.22-22.29.44:993][  0]LogFileCache: Scanning file cache for directory 'C:/Users/Sabrina/Documents/Call-Of-Bread/Call_Of_bread/Saved/Collections/' took 0.01s
[2017.04.22-22.29.44:993][  0]LogFileCache: Scanning file cache for directory 'C:/Users/Sabrina/Documents/Call-Of-Bread/Call_Of_bread/Content/Developers/Sabrina/Collections/' took 0.01s
[2017.04.22-22.29.44:993][  0]LogFileCache: Scanning file cache for directory 'C:/Users/Sabrina/Documents/Call-Of-Bread/Call_Of_bread/Content/Collections/' took 0.01s
[2017.04.22-22.29.44:993][  0]LogCollectionManager: Rebuilt the GUID cache for 0 collections in 0.000001 seconds
[2017.04.22-22.29.45:002][  0]LogContentBrowser: Native class hierarchy populated in 0.0087 seconds. Added 2190 classes and 428 folders.
[2017.04.22-22.29.45:047][  0]LogStats: UGameplayTagsManager::ConstructGameplayTagTree: Construct from data asset -  0.000 s
[2017.04.22-22.29.45:047][  0]LogStats: UGameplayTagsManager::ConstructGameplayTagTree: GameplayTagTreeChangedEvent.Broadcast -  0.000 s
[2017.04.22-22.29.45:048][  0]LogContentBrowser: Native class hierarchy updated for 'GameplayTags' in 0.0005 seconds. Added 13 classes and 0 folders.
[2017.04.22-22.29.45:109][  0]LogContentBrowser: Native class hierarchy updated for 'WidgetCarousel' in 0.0004 seconds. Added 0 classes and 0 folders.
[2017.04.22-22.29.45:143][  0]LogContentBrowser: Native class hierarchy updated for 'AddContentDialog' in 0.0005 seconds. Added 0 classes and 0 folders.
[2017.04.22-22.29.45:182][  0]LogContentBrowser: Native class hierarchy updated for 'SceneOutliner' in 0.0005 seconds. Added 1 classes and 2 folders.
[2017.04.22-22.29.45:277][  0]LogCrashTracker: Crashtracker disabled due to settings.
[2017.04.22-22.29.45:284][  0]LogUObjectGlobals:Warning: Failed to find object 'Class None.'
[2017.04.22-22.29.45:395][  0]LogContentBrowser: Native class hierarchy updated for 'HierarchicalLODOutliner' in 0.0008 seconds. Added 1 classes and 2 folders.
[2017.04.22-22.29.45:395][  0]LogLoad: (Engine Initialization) Total time: 15.04 seconds
[2017.04.22-22.29.45:395][  0]LogLoad: (Engine Initialization) Total Blueprint compile time: 0.18 seconds
[2017.04.22-22.29.45:395][  0]LogExternalProfiler: Found external profiler: VSPerf
[2017.04.22-22.29.45:395][  0]LogExternalProfiler: Using external profiler: VSPerf
[2017.04.22-22.29.45:415][  0]LogOcInput: OculusInput pre-init called
[2017.04.22-22.29.45:416][  0]LoadErrors:Warning: Warning CreateExport: Failed to load Outer for resource 'Weapon-mesh': Jam-machine-Gun_C /Game/ThirdPersonBP/Maps/ThirdPersonExampleMap.ThirdPersonExampleMap:PersistentLevel.Jam-machine-Gun2_24
[2017.04.22-22.29.45:438][  0]LogContentStreaming: Texture pool size now 1000 MB
[2017.04.22-22.29.45:728][  2]LogRenderer: Reallocating scene render targets to support 1100x408 NumSamples 1 (Frame:2).
[2017.04.22-22.29.45:880][  2]LogAssetRegistry: Asset discovery search completed in 8.6029 seconds
[2017.04.22-22.29.45:880][  2]LogCollectionManager: Rebuilt the object cache for 0 collections in 0.000037 seconds (found 0 objects)
[2017.04.22-22.29.45:880][  2]LogCollectionManager: Fixed up redirectors for 0 collections in 0.000152 seconds (updated 0 objects)
[2017.04.22-22.30.07:362][731]LogWindowsTextInputMethodSystem:Display: IME system now deactivated.
[2017.04.22-22.30.11:739][731]LogFactory: FactoryCreateFile: StaticMesh with FbxFactory (0 0 ../../../../../../Users/Sabrina/Desktop/CALL OF BREAD GAME/BreadAnime/Aim.fbx)
[2017.04.22-22.30.11:771][731]LogFbx: ItemName: GlobalSettings, ItemCount : 1
[2017.04.22-22.30.11:771][731]LogFbx: ItemName: AnimationStack, ItemCount : 1
[2017.04.22-22.30.11:771][731]LogFbx: ItemName: AnimationLayer, ItemCount : 1
[2017.04.22-22.30.11:771][731]LogFbx: ItemName: Geometry, ItemCount : 1
[2017.04.22-22.30.11:771][731]LogFbx: ItemName: Material, ItemCount : 1
[2017.04.22-22.30.11:771][731]LogFbx: ItemName: Model, ItemCount : 46
[2017.04.22-22.30.11:771][731]LogFbx: ItemName: NodeAttribute, ItemCount : 45
[2017.04.22-22.30.11:771][731]LogFbx: ItemName: AnimationCurveNode, ItemCount : 180
[2017.04.22-22.30.11:771][731]LogFbx: ItemName: CollectionExclusive, ItemCount : 2
[2017.04.22-22.30.11:771][731]LogFbx: ItemName: AnimationCurve, ItemCount : 135
[2017.04.22-22.30.11:771][731]LogFbx: ItemName: Pose, ItemCount : 1
[2017.04.22-22.30.11:771][731]LogFbx: ItemName: Deformer, ItemCount : 46
[2017.04.22-22.30.11:777][731]LogFbx: Loading FBX Scene from ../../../../../../Users/Sabrina/Desktop/CALL OF BREAD GAME/BreadAnime/Aim.fbx
[2017.04.22-22.30.11:830][731]LogFbx: FBX Scene Loaded Succesfully
[2017.04.22-22.30.16:928][731]LogFbx: Loading FBX Scene from ../../../../../../Users/Sabrina/Desktop/CALL OF BREAD GAME/BreadAnime/Aim.fbx
[2017.04.22-22.30.16:981][731]LogFbx: FBX Scene Loaded Succesfully
[2017.04.22-22.30.16:987][731]LogFbx: =================================================
[2017.04.22-22.30.16:987][731]LogFbx: Dumping Node START [breadcharacterretopsimplemaya:Mesh] 
[2017.04.22-22.30.16:987][731]LogFbx: 	Total Deformer Count -2041939328.
[2017.04.22-22.30.16:987][731]LogFbx: 		[Node 1]  (Type Skin).
[2017.04.22-22.30.16:987][731]LogFbx: =================================================
[2017.04.22-22.30.16:987][731]LogFbx: 	Attribute () Type (4).
[2017.04.22-22.30.16:987][731]LogFbx: 		[Node Attribute Child 1] breadcharacterretopsimplemaya:Mesh (Type Mesh).
[2017.04.22-22.30.16:987][731]LogFbx: Dumping Node END [breadcharacterretopsimplemaya:Mesh]
[2017.04.22-22.30.16:987][731]LogFbx: =================================================
[2017.04.22-22.30.16:987][731]LogFbx: Dumping Node START [breadcharacterretopsimplemaya:Mesh] 
[2017.04.22-22.30.16:987][731]LogFbx: 	Total Deformer Count -2041939328.
[2017.04.22-22.30.16:987][731]LogFbx: 		[Node 1]  (Type Skin).
[2017.04.22-22.30.16:987][731]LogFbx: =================================================
[2017.04.22-22.30.16:987][731]LogFbx: 	Attribute () Type (4).
[2017.04.22-22.30.16:987][731]LogFbx: 		[Node Attribute Child 1] breadcharacterretopsimplemaya:Mesh (Type Mesh).
[2017.04.22-22.30.16:987][731]LogFbx: Dumping Node END [breadcharacterretopsimplemaya:Mesh]
[2017.04.22-22.30.16:989][731]LogFbx: Valid bind pose for Pose (skinCluster1) - breadcharacterretopsimplemaya:Mesh
[2017.04.22-22.30.16:992][731]LogFbx: Triangulating skeletal mesh breadcharacterretopsimplemaya:Mesh
[2017.04.22-22.30.18:989][731]LogFbx:Warning: Bones digested - 45  Depth of hierarchy - 12
[2017.04.22-22.30.19:468][731]LogSkeletalMesh: Section 0: 12961 vertices, 45 active bones
[2017.04.22-22.30.19:505][731]LogSkeletalMesh: Section 0: Material=0, 23735 triangles
[2017.04.22-22.30.19:509][731]LogLinker: Can't find file '/Game/Bread/Animations/Aim_PhysicsAsset'
[2017.04.22-22.30.19:510][731]LogLinker: Can't find file '/Game/Bread/Animations/Aim_PhysicsAsset'
[2017.04.22-22.30.19:513][731]LogFbx: =================================================
[2017.04.22-22.30.19:513][731]LogFbx: Dumping Node START [breadcharacterretopsimplemaya:Mesh] 
[2017.04.22-22.30.19:513][731]LogFbx: 	Total Deformer Count -2041952640.
[2017.04.22-22.30.19:513][731]LogFbx: 		[Node 1]  (Type Skin).
[2017.04.22-22.30.19:513][731]LogFbx: =================================================
[2017.04.22-22.30.19:513][731]LogFbx: 	Attribute () Type (4).
[2017.04.22-22.30.19:513][731]LogFbx: 		[Node Attribute Child 1] breadcharacterretopsimplemaya:Mesh (Type Mesh).
[2017.04.22-22.30.19:513][731]LogFbx: Dumping Node END [breadcharacterretopsimplemaya:Mesh]
[2017.04.22-22.30.19:513][731]LogFbx: =================================================
[2017.04.22-22.30.19:513][731]LogFbx: Dumping Node START [breadcharacterretopsimplemaya:Mesh] 
[2017.04.22-22.30.19:513][731]LogFbx: 	Total Deformer Count -2041952640.
[2017.04.22-22.30.19:513][731]LogFbx: 		[Node 1]  (Type Skin).
[2017.04.22-22.30.19:513][731]LogFbx: =================================================
[2017.04.22-22.30.19:513][731]LogFbx: 	Attribute () Type (4).
[2017.04.22-22.30.19:513][731]LogFbx: 		[Node Attribute Child 1] breadcharacterretopsimplemaya:Mesh (Type Mesh).
[2017.04.22-22.30.19:513][731]LogFbx: Dumping Node END [breadcharacterretopsimplemaya:Mesh]
[2017.04.22-22.30.19:514][731]LogFbx: SortedLinks :(0) Bread_Root
[2017.04.22-22.30.19:514][731]LogFbx: SortedLinks :(1) Bread_Spine_01
[2017.04.22-22.30.19:514][731]LogFbx: SortedLinks :(2) Bread_Spine_02
[2017.04.22-22.30.19:514][731]LogFbx: SortedLinks :(3) Bread_Spine_03
[2017.04.22-22.30.19:514][731]LogFbx: SortedLinks :(4) Bread_Spine_04
[2017.04.22-22.30.19:514][731]LogFbx: SortedLinks :(5) Bread_Spine_05
[2017.04.22-22.30.19:514][731]LogFbx: SortedLinks :(6) Bread_Spine_End
[2017.04.22-22.30.19:514][731]LogFbx: SortedLinks :(7) Bread_Right_Shoulder
[2017.04.22-22.30.19:514][731]LogFbx: SortedLinks :(8) Bread_Right_Elbow
[2017.04.22-22.30.19:514][731]LogFbx: SortedLinks :(9) Bread_Right_Wrist
[2017.04.22-22.30.19:514][731]LogFbx: SortedLinks :(10) Bread_Right_Hand
[2017.04.22-22.30.19:514][731]LogFbx: SortedLinks :(11) Bread_Right_Thumb_Start
[2017.04.22-22.30.19:514][731]LogFbx: SortedLinks :(12) Bread_Right_Thumb_End
[2017.04.22-22.30.19:514][731]LogFbx: SortedLinks :(13) Bread_Right_Index_Start
[2017.04.22-22.30.19:514][731]LogFbx: SortedLinks :(14) Bread_Right_Index_Mid
[2017.04.22-22.30.19:514][731]LogFbx: SortedLinks :(15) Bread_Right_Index_End
[2017.04.22-22.30.19:514][731]LogFbx: SortedLinks :(16) Bread_Right_Middle_Start
[2017.04.22-22.30.19:514][731]LogFbx: SortedLinks :(17) Bread_Right_Middle_Middle
[2017.04.22-22.30.19:514][731]LogFbx: SortedLinks :(18) Bread_Right_Middle_End
[2017.04.22-22.30.19:514][731]LogFbx: SortedLinks :(19) Bread_Right_Ring_Start
[2017.04.22-22.30.19:514][731]LogFbx: SortedLinks :(20) Bread_Right_Ring_Mid
[2017.04.22-22.30.19:514][731]LogFbx: SortedLinks :(21) Bread_Right_Ring_End
[2017.04.22-22.30.19:514][731]LogFbx: SortedLinks :(22) Bread_Left_Shoulder
[2017.04.22-22.30.19:514][731]LogFbx: SortedLinks :(23) Bread_Left_Elbow
[2017.04.22-22.30.19:514][731]LogFbx: SortedLinks :(24) Bread_Left_Wrist
[2017.04.22-22.30.19:514][731]LogFbx: SortedLinks :(25) Bread_Left_Hand
[2017.04.22-22.30.19:514][731]LogFbx: SortedLinks :(26) Bread_Left_Thumb_Start
[2017.04.22-22.30.19:514][731]LogFbx: SortedLinks :(27) Bread_Left_Thumb_End
[2017.04.22-22.30.19:514][731]LogFbx: SortedLinks :(28) Bread_Left_Index_Start
[2017.04.22-22.30.19:514][731]LogFbx: SortedLinks :(29) Bread_Left_Index_Mid
[2017.04.22-22.30.19:514][731]LogFbx: SortedLinks :(30) Bread_Left_Index_End
[2017.04.22-22.30.19:514][731]LogFbx: SortedLinks :(31) Bread_Left_Middle_Start
[2017.04.22-22.30.19:514][731]LogFbx: SortedLinks :(32) Bread_Left_Middle_Middle
[2017.04.22-22.30.19:514][731]LogFbx: SortedLinks :(33) Bread_Left_Middle_End
[2017.04.22-22.30.19:514][731]LogFbx: SortedLinks :(34) Bread_Left_Ring_Start
[2017.04.22-22.30.19:514][731]LogFbx: SortedLinks :(35) Bread_Left_Ring_Mid
[2017.04.22-22.30.19:514][731]LogFbx: SortedLinks :(36) Bread_Left_Ring_End
[2017.04.22-22.30.19:514][731]LogFbx: SortedLinks :(37) topof_left
[2017.04.22-22.30.19:514][731]LogFbx: SortedLinks :(38) ankle_left
[2017.04.22-22.30.19:514][731]LogFbx: SortedLinks :(39) topoffoot_left
[2017.04.22-22.30.19:514][731]LogFbx: SortedLinks :(40) end_left
[2017.04.22-22.30.19:514][731]LogFbx: SortedLinks :(41) topof_right
[2017.04.22-22.30.19:514][731]LogFbx: SortedLinks :(42) ankle_right
[2017.04.22-22.30.19:514][731]LogFbx: SortedLinks :(43) topoffoot_right
[2017.04.22-22.30.19:514][731]LogFbx: SortedLinks :(44) end_Right
[2017.04.22-22.30.19:515][731]LogFbx: Parsing AnimStack Take 001
[2017.04.22-22.30.19:519][731]LogLinker: Can't find file '/Game/Bread/Animations/Aim_Anim'
[2017.04.22-22.30.19:519][731]LogLinker: Can't find file '/Game/Bread/Animations/Aim_Anim'
[2017.04.22-22.30.19:746][731]LogAnimationCompression: Building Anim DDC data for AnimSequence /Game/Bread/Animations/Aim_Anim.Aim_Anim
[2017.04.22-22.30.19:754][731]FBXImport:Warning: Warning No smoothing group information was found in this FBX scene.  Please make sure to enable the 'Export Smoothing Groups' option in the FBX Exporter plug-in before exporting the file.  Even for tools that don't support smoothing groups, the FBX Exporter will generate appropriate smoothing data at export-time so that correct vertex normals can be inferred while importing. 
[2017.04.22-22.30.33:902][352]LogSavePackage: Save=675.20ms
[2017.04.22-22.30.33:902][352]LogSavePackage: Moving '../../../../../../Users/Sabrina/Documents/Call-Of-Bread/Call_Of_bread/Saved/ThirdPersonExampleMapCE838CA3490F12F5BE411698B82B06E1.tmp' to '../../../../../../Users/Sabrina/Documents/Call-Of-Bread/Call_Of_bread/Content/ThirdPersonBP/Maps/ThirdPersonExampleMap.umap'
[2017.04.22-22.30.33:907][352]LogSavePackage:Display: Finished SavePackage ../../../../../../Users/Sabrina/Documents/Call-Of-Bread/Call_Of_bread/Content/ThirdPersonBP/Maps/ThirdPersonExampleMap.umap
[2017.04.22-22.40.33:602][468]LogFileHelpers: Editor autosave (incl. sublevels) for '/Game/ThirdPersonBP/Maps/ThirdPersonExampleMap' took 0.025
[2017.04.22-22.40.33:604][468]OBJ SavePackage: Generating thumbnails for [1] asset(s) in package [/Game/Bread/Animations/Aim_Anim] ([1] browsable assets)...
[2017.04.22-22.40.33:611][468]OBJ SavePackage:     Rendered thumbnail for [AnimSequence /Game/Bread/Animations/Aim_Anim.Aim_Anim]
[2017.04.22-22.40.33:611][468]OBJ SavePackage: Finished generating thumbnails for package [/Game/Bread/Animations/Aim_Anim]
[2017.04.22-22.40.33:623][468]LogSavePackage: Save=9.58ms
[2017.04.22-22.40.33:623][468]LogSavePackage: Moving '../../../../../../Users/Sabrina/Documents/Call-Of-Bread/Call_Of_bread/Saved/Aim_Anim_Auto15A5640204B257484973B9E918ABF7D72.tmp' to '../../../../../../Users/Sabrina/Documents/Call-Of-Bread/Call_Of_bread/Saved/Autosaves/Game/Bread/Animations/Aim_Anim_Auto1.uasset'
[2017.04.22-22.40.33:624][468]LogSavePackage:Display: Finished SavePackage ../../../../../../Users/Sabrina/Documents/Call-Of-Bread/Call_Of_bread/Saved/Autosaves/Game/Bread/Animations/Aim_Anim_Auto1.uasset
[2017.04.22-22.40.33:625][468]OBJ SavePackage: Generating thumbnails for [0] asset(s) in package [/Game/Bread/Animations/Aim_PhysicsAsset] ([1] browsable assets)...
[2017.04.22-22.40.33:625][468]OBJ SavePackage: Finished generating thumbnails for package [/Game/Bread/Animations/Aim_PhysicsAsset]
[2017.04.22-22.40.33:635][468]LogSavePackage: Save=8.26ms
[2017.04.22-22.40.33:635][468]LogSavePackage: Moving '../../../../../../Users/Sabrina/Documents/Call-Of-Bread/Call_Of_bread/Saved/Aim_PhysicsAsset_Auto12EEA9DCE48429B097402159B9F5AD4CF.tmp' to '../../../../../../Users/Sabrina/Documents/Call-Of-Bread/Call_Of_bread/Saved/Autosaves/Game/Bread/Animations/Aim_PhysicsAsset_Auto1.uasset'
[2017.04.22-22.40.33:636][468]LogSavePackage:Display: Finished SavePackage ../../../../../../Users/Sabrina/Documents/Call-Of-Bread/Call_Of_bread/Saved/Autosaves/Game/Bread/Animations/Aim_PhysicsAsset_Auto1.uasset
[2017.04.22-22.40.33:636][468]OBJ SavePackage: Generating thumbnails for [1] asset(s) in package [/Game/Bread/Animations/Aim] ([1] browsable assets)...
[2017.04.22-22.40.33:719][468]OBJ SavePackage:     Rendered thumbnail for [SkeletalMesh /Game/Bread/Animations/Aim.Aim]
[2017.04.22-22.40.33:719][468]OBJ SavePackage: Finished generating thumbnails for package [/Game/Bread/Animations/Aim]
[2017.04.22-22.40.33:763][468]LogSavePackage: Save=42.80ms
[2017.04.22-22.40.33:763][468]LogSavePackage: Moving '../../../../../../Users/Sabrina/Documents/Call-Of-Bread/Call_Of_bread/Saved/Aim_Auto1C790E37348D502F0E2B07EA19E0003B9.tmp' to '../../../../../../Users/Sabrina/Documents/Call-Of-Bread/Call_Of_bread/Saved/Autosaves/Game/Bread/Animations/Aim_Auto1.uasset'
[2017.04.22-22.40.33:766][468]LogSavePackage:Display: Finished SavePackage ../../../../../../Users/Sabrina/Documents/Call-Of-Bread/Call_Of_bread/Saved/Autosaves/Game/Bread/Animations/Aim_Auto1.uasset
[2017.04.22-22.40.33:766][468]LogFileHelpers: Auto-saving content packages took 0.163
[2017.04.22-22.43.31:437][227]LogFactory: FactoryCreateFile: StaticMesh with FbxFactory (0 0 ../../../../../../Users/Sabrina/Desktop/CALL OF BREAD GAME/BreadAnime/Walk.fbx)
[2017.04.22-22.43.31:458][227]LogFbx: ItemName: GlobalSettings, ItemCount : 1
[2017.04.22-22.43.31:458][227]LogFbx: ItemName: AnimationStack, ItemCount : 1
[2017.04.22-22.43.31:458][227]LogFbx: ItemName: AnimationLayer, ItemCount : 1
[2017.04.22-22.43.31:458][227]LogFbx: ItemName: Geometry, ItemCount : 1
[2017.04.22-22.43.31:458][227]LogFbx: ItemName: Material, ItemCount : 1
[2017.04.22-22.43.31:458][227]LogFbx: ItemName: Model, ItemCount : 46
[2017.04.22-22.43.31:458][227]LogFbx: ItemName: NodeAttribute, ItemCount : 45
[2017.04.22-22.43.31:458][227]LogFbx: ItemName: AnimationCurveNode, ItemCount : 180
[2017.04.22-22.43.31:458][227]LogFbx: ItemName: CollectionExclusive, ItemCount : 2
[2017.04.22-22.43.31:458][227]LogFbx: ItemName: AnimationCurve, ItemCount : 135
[2017.04.22-22.43.31:458][227]LogFbx: ItemName: Pose, ItemCount : 1
[2017.04.22-22.43.31:458][227]LogFbx: ItemName: Deformer, ItemCount : 46
[2017.04.22-22.43.31:465][227]LogFbx: Loading FBX Scene from ../../../../../../Users/Sabrina/Desktop/CALL OF BREAD GAME/BreadAnime/Walk.fbx
[2017.04.22-22.43.31:515][227]LogFbx: FBX Scene Loaded Succesfully
[2017.04.22-22.43.36:239][227]LogFbx: Loading FBX Scene from ../../../../../../Users/Sabrina/Desktop/CALL OF BREAD GAME/BreadAnime/Walk.fbx
[2017.04.22-22.43.36:289][227]LogFbx: FBX Scene Loaded Succesfully
[2017.04.22-22.43.36:295][227]LogFbx: =================================================
[2017.04.22-22.43.36:295][227]LogFbx: Dumping Node START [breadcharacterretopsimplemaya:Mesh] 
[2017.04.22-22.43.36:295][227]LogFbx: 	Total Deformer Count -1517953280.
[2017.04.22-22.43.36:295][227]LogFbx: 		[Node 1]  (Type Skin).
[2017.04.22-22.43.36:295][227]LogFbx: =================================================
[2017.04.22-22.43.36:295][227]LogFbx: 	Attribute () Type (4).
[2017.04.22-22.43.36:295][227]LogFbx: 		[Node Attribute Child 1] breadcharacterretopsimplemaya:Mesh (Type Mesh).
[2017.04.22-22.43.36:295][227]LogFbx: Dumping Node END [breadcharacterretopsimplemaya:Mesh]
[2017.04.22-22.43.36:295][227]LogFbx: =================================================
[2017.04.22-22.43.36:295][227]LogFbx: Dumping Node START [breadcharacterretopsimplemaya:Mesh] 
[2017.04.22-22.43.36:295][227]LogFbx: 	Total Deformer Count -1517953280.
[2017.04.22-22.43.36:295][227]LogFbx: 		[Node 1]  (Type Skin).
[2017.04.22-22.43.36:295][227]LogFbx: =================================================
[2017.04.22-22.43.36:295][227]LogFbx: 	Attribute () Type (4).
[2017.04.22-22.43.36:295][227]LogFbx: 		[Node Attribute Child 1] breadcharacterretopsimplemaya:Mesh (Type Mesh).
[2017.04.22-22.43.36:295][227]LogFbx: Dumping Node END [breadcharacterretopsimplemaya:Mesh]
[2017.04.22-22.43.36:297][227]LogFbx: Valid bind pose for Pose (skinCluster1) - breadcharacterretopsimplemaya:Mesh
[2017.04.22-22.43.36:298][227]LogFbx: Triangulating skeletal mesh breadcharacterretopsimplemaya:Mesh
[2017.04.22-22.43.38:307][227]LogFbx:Warning: Bones digested - 45  Depth of hierarchy - 12
[2017.04.22-22.43.38:777][227]LogSkeletalMesh: Section 0: 12961 vertices, 45 active bones
[2017.04.22-22.43.38:809][227]LogSkeletalMesh: Section 0: Material=0, 23735 triangles
[2017.04.22-22.43.38:815][227]LogLinker: Can't find file '/Game/Bread/Animations/Walk_PhysicsAsset'
[2017.04.22-22.43.38:815][227]LogLinker: Can't find file '/Game/Bread/Animations/Walk_PhysicsAsset'
[2017.04.22-22.43.38:819][227]LogFbx: =================================================
[2017.04.22-22.43.38:819][227]LogFbx: Dumping Node START [breadcharacterretopsimplemaya:Mesh] 
[2017.04.22-22.43.38:819][227]LogFbx: 	Total Deformer Count -1532253568.
[2017.04.22-22.43.38:819][227]LogFbx: 		[Node 1]  (Type Skin).
[2017.04.22-22.43.38:819][227]LogFbx: =================================================
[2017.04.22-22.43.38:819][227]LogFbx: 	Attribute () Type (4).
[2017.04.22-22.43.38:819][227]LogFbx: 		[Node Attribute Child 1] breadcharacterretopsimplemaya:Mesh (Type Mesh).
[2017.04.22-22.43.38:819][227]LogFbx: Dumping Node END [breadcharacterretopsimplemaya:Mesh]
[2017.04.22-22.43.38:819][227]LogFbx: =================================================
[2017.04.22-22.43.38:819][227]LogFbx: Dumping Node START [breadcharacterretopsimplemaya:Mesh] 
[2017.04.22-22.43.38:819][227]LogFbx: 	Total Deformer Count -1532253568.
[2017.04.22-22.43.38:819][227]LogFbx: 		[Node 1]  (Type Skin).
[2017.04.22-22.43.38:819][227]LogFbx: =================================================
[2017.04.22-22.43.38:819][227]LogFbx: 	Attribute () Type (4).
[2017.04.22-22.43.38:819][227]LogFbx: 		[Node Attribute Child 1] breadcharacterretopsimplemaya:Mesh (Type Mesh).
[2017.04.22-22.43.38:819][227]LogFbx: Dumping Node END [breadcharacterretopsimplemaya:Mesh]
[2017.04.22-22.43.38:820][227]LogFbx: SortedLinks :(0) Bread_Root
[2017.04.22-22.43.38:820][227]LogFbx: SortedLinks :(1) Bread_Spine_01
[2017.04.22-22.43.38:820][227]LogFbx: SortedLinks :(2) Bread_Spine_02
[2017.04.22-22.43.38:820][227]LogFbx: SortedLinks :(3) Bread_Spine_03
[2017.04.22-22.43.38:820][227]LogFbx: SortedLinks :(4) Bread_Spine_04
[2017.04.22-22.43.38:820][227]LogFbx: SortedLinks :(5) Bread_Spine_05
[2017.04.22-22.43.38:820][227]LogFbx: SortedLinks :(6) Bread_Spine_End
[2017.04.22-22.43.38:820][227]LogFbx: SortedLinks :(7) Bread_Right_Shoulder
[2017.04.22-22.43.38:820][227]LogFbx: SortedLinks :(8) Bread_Right_Elbow
[2017.04.22-22.43.38:820][227]LogFbx: SortedLinks :(9) Bread_Right_Wrist
[2017.04.22-22.43.38:820][227]LogFbx: SortedLinks :(10) Bread_Right_Hand
[2017.04.22-22.43.38:820][227]LogFbx: SortedLinks :(11) Bread_Right_Thumb_Start
[2017.04.22-22.43.38:820][227]LogFbx: SortedLinks :(12) Bread_Right_Thumb_End
[2017.04.22-22.43.38:820][227]LogFbx: SortedLinks :(13) Bread_Right_Index_Start
[2017.04.22-22.43.38:820][227]LogFbx: SortedLinks :(14) Bread_Right_Index_Mid
[2017.04.22-22.43.38:820][227]LogFbx: SortedLinks :(15) Bread_Right_Index_End
[2017.04.22-22.43.38:820][227]LogFbx: SortedLinks :(16) Bread_Right_Middle_Start
[2017.04.22-22.43.38:820][227]LogFbx: SortedLinks :(17) Bread_Right_Middle_Middle
[2017.04.22-22.43.38:820][227]LogFbx: SortedLinks :(18) Bread_Right_Middle_End
[2017.04.22-22.43.38:820][227]LogFbx: SortedLinks :(19) Bread_Right_Ring_Start
[2017.04.22-22.43.38:820][227]LogFbx: SortedLinks :(20) Bread_Right_Ring_Mid
[2017.04.22-22.43.38:820][227]LogFbx: SortedLinks :(21) Bread_Right_Ring_End
[2017.04.22-22.43.38:820][227]LogFbx: SortedLinks :(22) Bread_Left_Shoulder
[2017.04.22-22.43.38:820][227]LogFbx: SortedLinks :(23) Bread_Left_Elbow
[2017.04.22-22.43.38:820][227]LogFbx: SortedLinks :(24) Bread_Left_Wrist
[2017.04.22-22.43.38:820][227]LogFbx: SortedLinks :(25) Bread_Left_Hand
[2017.04.22-22.43.38:820][227]LogFbx: SortedLinks :(26) Bread_Left_Thumb_Start
[2017.04.22-22.43.38:820][227]LogFbx: SortedLinks :(27) Bread_Left_Thumb_End
[2017.04.22-22.43.38:820][227]LogFbx: SortedLinks :(28) Bread_Left_Index_Start
[2017.04.22-22.43.38:820][227]LogFbx: SortedLinks :(29) Bread_Left_Index_Mid
[2017.04.22-22.43.38:820][227]LogFbx: SortedLinks :(30) Bread_Left_Index_End
[2017.04.22-22.43.38:820][227]LogFbx: SortedLinks :(31) Bread_Left_Middle_Start
[2017.04.22-22.43.38:820][227]LogFbx: SortedLinks :(32) Bread_Left_Middle_Middle
[2017.04.22-22.43.38:820][227]LogFbx: SortedLinks :(33) Bread_Left_Middle_End
[2017.04.22-22.43.38:820][227]LogFbx: SortedLinks :(34) Bread_Left_Ring_Start
[2017.04.22-22.43.38:820][227]LogFbx: SortedLinks :(35) Bread_Left_Ring_Mid
[2017.04.22-22.43.38:820][227]LogFbx: SortedLinks :(36) Bread_Left_Ring_End
[2017.04.22-22.43.38:820][227]LogFbx: SortedLinks :(37) topof_left
[2017.04.22-22.43.38:820][227]LogFbx: SortedLinks :(38) ankle_left
[2017.04.22-22.43.38:820][227]LogFbx: SortedLinks :(39) topoffoot_left
[2017.04.22-22.43.38:820][227]LogFbx: SortedLinks :(40) end_left
[2017.04.22-22.43.38:820][227]LogFbx: SortedLinks :(41) topof_right
[2017.04.22-22.43.38:820][227]LogFbx: SortedLinks :(42) ankle_right
[2017.04.22-22.43.38:820][227]LogFbx: SortedLinks :(43) topoffoot_right
[2017.04.22-22.43.38:820][227]LogFbx: SortedLinks :(44) end_Right
[2017.04.22-22.43.38:821][227]LogFbx: Parsing AnimStack Take 001
[2017.04.22-22.43.38:825][227]LogLinker: Can't find file '/Game/Bread/Animations/Walk_Anim'
[2017.04.22-22.43.38:825][227]LogLinker: Can't find file '/Game/Bread/Animations/Walk_Anim'
[2017.04.22-22.43.38:988][227]LogAnimationCompression: Building Anim DDC data for AnimSequence /Game/Bread/Animations/Walk_Anim.Walk_Anim
[2017.04.22-22.43.38:997][227]FBXImport:Warning: Warning No smoothing group information was found in this FBX scene.  Please make sure to enable the 'Export Smoothing Groups' option in the FBX Exporter plug-in before exporting the file.  Even for tools that don't support smoothing groups, the FBX Exporter will generate appropriate smoothing data at export-time so that correct vertex normals can be inferred while importing. 
[2017.04.22-22.45.04:368][829]Cmd: OBJ SAVEPACKAGE PACKAGE="/Game/Bread/Animations/Aim" FILE="../../../../../../Users/Sabrina/Documents/Call-Of-Bread/Call_Of_bread/Content/Bread/Animations/Aim.uasset" SILENT=true
[2017.04.22-22.45.04:424][829]LogSavePackage: Save=53.52ms
[2017.04.22-22.45.04:424][829]LogSavePackage: Moving '../../../../../../Users/Sabrina/Documents/Call-Of-Bread/Call_Of_bread/Saved/Aim06BD8B0F48AAB6151535A3A94BC551A4.tmp' to '../../../../../../Users/Sabrina/Documents/Call-Of-Bread/Call_Of_bread/Content/Bread/Animations/Aim.uasset'
[2017.04.22-22.45.04:430][829]LogSavePackage:Display: Finished SavePackage ../../../../../../Users/Sabrina/Documents/Call-Of-Bread/Call_Of_bread/Content/Bread/Animations/Aim.uasset
[2017.04.22-22.45.04:473][829]Cmd: OBJ SAVEPACKAGE PACKAGE="/Game/Bread/Animations/Aim_Anim" FILE="../../../../../../Users/Sabrina/Documents/Call-Of-Bread/Call_Of_bread/Content/Bread/Animations/Aim_Anim.uasset" SILENT=true
[2017.04.22-22.45.04:484][829]LogSavePackage: Save=9.36ms
[2017.04.22-22.45.04:484][829]LogSavePackage: Moving '../../../../../../Users/Sabrina/Documents/Call-Of-Bread/Call_Of_bread/Saved/Aim_AnimA869621847EC7B095FDB8599F5CEC928.tmp' to '../../../../../../Users/Sabrina/Documents/Call-Of-Bread/Call_Of_bread/Content/Bread/Animations/Aim_Anim.uasset'
[2017.04.22-22.45.04:491][829]LogSavePackage:Display: Finished SavePackage ../../../../../../Users/Sabrina/Documents/Call-Of-Bread/Call_Of_bread/Content/Bread/Animations/Aim_Anim.uasset
[2017.04.22-22.45.04:509][829]LogSavePackage: Save=9.39ms
[2017.04.22-22.45.04:509][829]LogSavePackage: Moving '../../../../../../Users/Sabrina/Documents/Call-Of-Bread/Call_Of_bread/Saved/Aim_PhysicsAsset207BB13A4AC641C1DD1D9C9996F4503B.tmp' to '../../../../../../Users/Sabrina/Documents/Call-Of-Bread/Call_Of_bread/Content/Bread/Animations/Aim_PhysicsAsset.uasset'
[2017.04.22-22.45.04:512][829]LogSavePackage:Display: Finished SavePackage ../../../../../../Users/Sabrina/Documents/Call-Of-Bread/Call_Of_bread/Content/Bread/Animations/Aim_PhysicsAsset.uasset
[2017.04.22-22.45.04:602][829]Cmd: OBJ SAVEPACKAGE PACKAGE="/Game/Bread/Animations/Walk" FILE="../../../../../../Users/Sabrina/Documents/Call-Of-Bread/Call_Of_bread/Content/Bread/Animations/Walk.uasset" SILENT=true
[2017.04.22-22.45.04:649][829]LogSavePackage: Save=44.55ms
[2017.04.22-22.45.04:649][829]LogSavePackage: Moving '../../../../../../Users/Sabrina/Documents/Call-Of-Bread/Call_Of_bread/Saved/Walk6D83597D4B4C53C0A46F40ADBB05F26D.tmp' to '../../../../../../Users/Sabrina/Documents/Call-Of-Bread/Call_Of_bread/Content/Bread/Animations/Walk.uasset'
[2017.04.22-22.45.04:653][829]LogSavePackage:Display: Finished SavePackage ../../../../../../Users/Sabrina/Documents/Call-Of-Bread/Call_Of_bread/Content/Bread/Animations/Walk.uasset
[2017.04.22-22.45.04:665][829]Cmd: OBJ SAVEPACKAGE PACKAGE="/Game/Bread/Animations/Walk_Anim" FILE="../../../../../../Users/Sabrina/Documents/Call-Of-Bread/Call_Of_bread/Content/Bread/Animations/Walk_Anim.uasset" SILENT=true
[2017.04.22-22.45.04:676][829]LogSavePackage: Save=9.02ms
[2017.04.22-22.45.04:676][829]LogSavePackage: Moving '../../../../../../Users/Sabrina/Documents/Call-Of-Bread/Call_Of_bread/Saved/Walk_AnimEF3E951C418B1B1F9D41B8A6333BEA17.tmp' to '../../../../../../Users/Sabrina/Documents/Call-Of-Bread/Call_Of_bread/Content/Bread/Animations/Walk_Anim.uasset'
[2017.04.22-22.45.04:679][829]LogSavePackage:Display: Finished SavePackage ../../../../../../Users/Sabrina/Documents/Call-Of-Bread/Call_Of_bread/Content/Bread/Animations/Walk_Anim.uasset
[2017.04.22-22.45.04:697][829]LogSavePackage: Save=9.98ms
[2017.04.22-22.45.04:697][829]LogSavePackage: Moving '../../../../../../Users/Sabrina/Documents/Call-Of-Bread/Call_Of_bread/Saved/Walk_PhysicsAsset09F7D45B49F37AD4756BA7B7FEABF696.tmp' to '../../../../../../Users/Sabrina/Documents/Call-Of-Bread/Call_Of_bread/Content/Bread/Animations/Walk_PhysicsAsset.uasset'
[2017.04.22-22.45.04:700][829]LogSavePackage:Display: Finished SavePackage ../../../../../../Users/Sabrina/Documents/Call-Of-Bread/Call_Of_bread/Content/Bread/Animations/Walk_PhysicsAsset.uasset
[2017.04.22-22.45.04:817][829]LogWindowsTextInputMethodSystem:Display: IME system now deactivated.
[2017.04.22-22.45.04:817][829]LogWindowsTextInputMethodSystem:Display: IME system now deactivated.
[2017.04.22-22.45.04:818][829]LogWindowsTextInputMethodSystem:Display: IME system now deactivated.
[2017.04.22-22.45.05:155][830]Cmd: QUIT_EDITOR
[2017.04.22-22.45.05:252][830]LogExit: Preparing to exit.
[2017.04.22-22.45.05:438][830]LogDirectoryWatcher: A directory notification for 'C:/Users/Sabrina/Documents/Call-Of-Bread/Call_Of_bread/Content/' was aborted.
[2017.04.22-22.45.05:490][830]LogExit: Editor shut down
[2017.04.22-22.45.05:490][830]LogExit: Transaction tracking system shut down
[2017.04.22-22.45.05:569][830]LogObj: Freed 0b from 0 cluster array pools.
[2017.04.22-22.45.05:570][830]LogExit: Object subsystem successfully closed.
[2017.04.22-22.45.05:591][830]LogD3D11RHI: Shutdown
[2017.04.22-22.45.05:591][830]LogD3D11RHI: CleanupD3DDevice
[2017.04.22-22.45.05:726][830]LogD3D11RHI: ~FD3D11DynamicRHI
[2017.04.22-22.45.05:740][830]LogHttp:Display: Http module shutting down, but needs to wait on 1 outstanding Http requests:
[2017.04.22-22.45.05:740][830]LogHttp:Display: 	verb=[POST] url=[https://datarouter.ol.epicgames.com/datarouter/api/v1/public/data?SessionID=%7B0BC6C176-480E-6AF0-7EA2-AE9E0D89E0E9%7D&AppID=UEEditor.Rocket.Release&AppVersion=4.14.1-3224400%2B%2B%2BUE4%2BRelease-4.14&UserID=c7f13bf945c3301e352a60bf81dddae3%7Cf7698a23ab304a72af95938514704e6f%7Ca4eec51f-45a8-441a-8972-fd03d43fbe44&AppEnvironment=datacollector-binary&UploadType=eteventstream] status=Processing
[2017.04.22-22.45.05:743][830]LogModuleManager: Shutting down and abandoning module HierarchicalLODOutliner (241)
[2017.04.22-22.45.05:743][830]LogModuleManager: Shutting down and abandoning module CrashTracker (240)
[2017.04.22-22.45.05:743][830]LogModuleManager: Shutting down and abandoning module SceneOutliner (239)
[2017.04.22-22.45.05:743][830]LogModuleManager: Shutting down and abandoning module WidgetCarousel (238)
[2017.04.22-22.45.05:743][830]LogModuleManager: Shutting down and abandoning module AddContentDialog (237)
[2017.04.22-22.45.05:743][830]LogDirectoryWatcher: A directory notification for 'C:/Program Files (x86)/Epic Games/4.14/FeaturePacks/' was aborted.
[2017.04.22-22.45.05:744][830]LogModuleManager: Shutting down and abandoning module GameplayTags (236)
[2017.04.22-22.45.05:744][830]LogModuleManager: Shutting down and abandoning module EditorWidgets (235)
[2017.04.22-22.45.05:744][830]LogModuleManager: Shutting down and abandoning module CollectionManager (234)
[2017.04.22-22.45.05:744][830]LogDirectoryWatcher: A directory notification for 'C:/Users/Sabrina/Documents/Call-Of-Bread/Call_Of_bread/Content/Collections/' was aborted.
[2017.04.22-22.45.05:744][830]LogDirectoryWatcher: A directory notification for 'C:/Users/Sabrina/Documents/Call-Of-Bread/Call_Of_bread/Content/Developers/Sabrina/Collections/' was aborted.
[2017.04.22-22.45.05:744][830]LogDirectoryWatcher: A directory notification for 'C:/Users/Sabrina/Documents/Call-Of-Bread/Call_Of_bread/Saved/Collections/' was aborted.
[2017.04.22-22.45.05:744][830]LogModuleManager: Shutting down and abandoning module StatsViewer (233)
[2017.04.22-22.45.05:744][830]LogModuleManager: Shutting down and abandoning module FoliageEdit (232)
[2017.04.22-22.45.05:744][830]LogModuleManager: Shutting down and abandoning module LandscapeEditor (231)
[2017.04.22-22.45.05:744][830]LogModuleManager: Shutting down and abandoning module SceneDepthPickerMode (230)
[2017.04.22-22.45.05:744][830]LogModuleManager: Shutting down and abandoning module ActorPickerMode (229)
[2017.04.22-22.45.05:744][830]LogModuleManager: Shutting down and abandoning module GeometryMode (228)
[2017.04.22-22.45.05:744][830]LogModuleManager: Shutting down and abandoning module TextureAlignMode (227)
[2017.04.22-22.45.05:744][830]LogModuleManager: Shutting down and abandoning module BspMode (226)
[2017.04.22-22.45.05:744][830]LogModuleManager: Shutting down and abandoning module HardwareSurvey (225)
[2017.04.22-22.45.05:744][830]LogModuleManager: Shutting down and abandoning module SequenceRecorderSections (224)
[2017.04.22-22.45.05:744][830]LogModuleManager: Shutting down and abandoning module AutomationWorker (223)
[2017.04.22-22.45.05:744][830]LogModuleManager: Shutting down and abandoning module MatineeToLevelSequence (222)
[2017.04.22-22.45.05:744][830]LogModuleManager: Shutting down and abandoning module PlacementMode (221)
[2017.04.22-22.45.05:744][830]LogModuleManager: Shutting down and abandoning module LevelSequenceEditor (220)
[2017.04.22-22.45.05:744][830]LogModuleManager: Shutting down and abandoning module WmfMediaFactory (219)
[2017.04.22-22.45.05:744][830]LogModuleManager: Shutting down and abandoning module WmfMediaEditor (218)
[2017.04.22-22.45.05:744][830]LogModuleManager: Shutting down and abandoning module AvfMediaFactory (217)
[2017.04.22-22.45.05:744][830]LogModuleManager: Shutting down and abandoning module AvfMediaEditor (216)
[2017.04.22-22.45.05:744][830]LogModuleManager: Shutting down and abandoning module Media (215)
[2017.04.22-22.45.05:744][830]LogModuleManager: Shutting down and abandoning module AndroidMediaFactory (214)
[2017.04.22-22.45.05:744][830]LogModuleManager: Shutting down and abandoning module AndroidMediaEditor (213)
[2017.04.22-22.45.05:744][830]LogModuleManager: Shutting down and abandoning module CharacterAI (212)
[2017.04.22-22.45.05:744][830]LogModuleManager: Shutting down and abandoning module SequenceRecorder (211)
[2017.04.22-22.45.05:744][830]LogModuleManager: Shutting down and abandoning module AudioCapture (210)
[2017.04.22-22.45.05:744][830]LogModuleManager: Shutting down and abandoning module SmartSnapping (209)
[2017.04.22-22.45.05:744][830]LogModuleManager: Shutting down and abandoning module SessionServices (208)
[2017.04.22-22.45.05:744][830]LogModuleManager: Shutting down and abandoning module ViewportSnapping (207)
[2017.04.22-22.45.05:744][830]LogModuleManager: Shutting down and abandoning module ViewportInteraction (206)
[2017.04.22-22.45.05:744][830]LogModuleManager: Shutting down and abandoning module LogVisualizer (205)
[2017.04.22-22.45.05:744][830]LogModuleManager: Shutting down and abandoning module GameProjectGeneration (204)
[2017.04.22-22.45.05:744][830]LogModuleManager: Shutting down and abandoning module IntroTutorials (203)
[2017.04.22-22.45.05:744][830]LogModuleManager: Shutting down and abandoning module EditorLiveStreaming (202)
[2017.04.22-22.45.05:744][830]LogModuleManager: Shutting down and abandoning module IOSPlatformEditor (201)
[2017.04.22-22.45.05:744][830]LogModuleManager: Shutting down and abandoning module HTML5PlatformEditor (200)
[2017.04.22-22.45.05:744][830]LogModuleManager: Shutting down and abandoning module AndroidDeviceDetection (199)
[2017.04.22-22.45.06:163][830]LogModuleManager: Shutting down and abandoning module AndroidPlatformEditor (198)
[2017.04.22-22.45.06:163][830]LogModuleManager: Shutting down and abandoning module IOSRuntimeSettings (197)
[2017.04.22-22.45.06:163][830]LogModuleManager: Shutting down and abandoning module AndroidRuntimeSettings (196)
[2017.04.22-22.45.06:163][830]LogModuleManager: Shutting down and abandoning module InputBindingEditor (195)
[2017.04.22-22.45.06:163][830]LogModuleManager: Shutting down and abandoning module NiagaraEditor (194)
[2017.04.22-22.45.06:163][830]LogModuleManager: Shutting down and abandoning module MergeActors (193)
[2017.04.22-22.45.06:163][830]LogModuleManager: Shutting down and abandoning module SizeMap (192)
[2017.04.22-22.45.06:163][830]LogModuleManager: Shutting down and abandoning module TreeMap (191)
[2017.04.22-22.45.06:163][830]LogModuleManager: Shutting down and abandoning module ReferenceViewer (190)
[2017.04.22-22.45.06:163][830]LogModuleManager: Shutting down and abandoning module LocalizationService (189)
[2017.04.22-22.45.06:163][830]LogModuleManager: Shutting down and abandoning module LocalizationDashboard (188)
[2017.04.22-22.45.06:163][830]LogModuleManager: Shutting down and abandoning module HardwareTargeting (187)
[2017.04.22-22.45.06:163][830]LogModuleManager: Shutting down and abandoning module DeviceProfileEditor (186)
[2017.04.22-22.45.06:163][830]LogModuleManager: Shutting down and abandoning module UndoHistory (185)
[2017.04.22-22.45.06:163][830]LogModuleManager: Shutting down and abandoning module UserFeedback (184)
[2017.04.22-22.45.06:163][830]LogModuleManager: Shutting down and abandoning module XmlParser (183)
[2017.04.22-22.45.06:163][830]LogModuleManager: Shutting down and abandoning module Blutility (182)
[2017.04.22-22.45.06:163][830]LogModuleManager: Shutting down and abandoning module ProjectTargetPlatformEditor (181)
[2017.04.22-22.45.06:163][830]LogModuleManager: Shutting down and abandoning module ProjectSettingsViewer (180)
[2017.04.22-22.45.06:163][830]LogModuleManager: Shutting down and abandoning module EditorSettingsViewer (179)
[2017.04.22-22.45.06:163][830]LogModuleManager: Shutting down and abandoning module SettingsEditor (178)
[2017.04.22-22.45.06:163][830]LogModuleManager: Shutting down and abandoning module ProjectLauncher (177)
[2017.04.22-22.45.06:163][830]LogModuleManager: Shutting down and abandoning module SessionFrontend (176)
[2017.04.22-22.45.06:163][830]LogModuleManager: Shutting down and abandoning module ProfilerClient (175)
[2017.04.22-22.45.06:163][830]LogModuleManager: Shutting down and abandoning module TargetDeviceServices (174)
[2017.04.22-22.45.06:163][830]LogModuleManager: Shutting down and abandoning module DeviceManager (173)
[2017.04.22-22.45.06:206][830]LogModuleManager: Shutting down and abandoning module AutomationController (172)
[2017.04.22-22.45.06:206][830]LogModuleManager: Shutting down and abandoning module AutomationWindow (171)
[2017.04.22-22.45.06:206][830]LogModuleManager: Shutting down and abandoning module Layers (170)
[2017.04.22-22.45.06:206][830]LogModuleManager: Shutting down and abandoning module ComponentVisualizers (169)
[2017.04.22-22.45.06:206][830]LogModuleManager: Shutting down and abandoning module DetailCustomizations (168)
[2017.04.22-22.45.06:206][830]LogModuleManager: Shutting down and abandoning module PackagesDialog (167)
[2017.04.22-22.45.06:206][830]LogModuleManager: Shutting down and abandoning module AnimGraph (166)
[2017.04.22-22.45.06:206][830]LogModuleManager: Shutting down and abandoning module Persona (165)
[2017.04.22-22.45.06:206][830]LogModuleManager: Shutting down and abandoning module Kismet (164)
[2017.04.22-22.45.06:207][830]LogModuleManager: Shutting down and abandoning module GraphEditor (163)
[2017.04.22-22.45.06:207][830]LogModuleManager: Shutting down and abandoning module ClassViewer (162)
[2017.04.22-22.45.06:207][830]LogModuleManager: Shutting down and abandoning module Toolbox (161)
[2017.04.22-22.45.06:207][830]LogModuleManager: Shutting down and abandoning module ModuleUI (160)
[2017.04.22-22.45.06:207][830]LogModuleManager: Shutting down and abandoning module MovieSceneTools (159)
[2017.04.22-22.45.06:207][830]LogModuleManager: Shutting down and abandoning module OutputLog (158)
[2017.04.22-22.45.06:207][830]LogModuleManager: Shutting down and abandoning module GammaUI (157)
[2017.04.22-22.45.06:207][830]LogModuleManager: Shutting down and abandoning module Documentation (156)
[2017.04.22-22.45.06:207][830]LogModuleManager: Shutting down and abandoning module Niagara (155)
[2017.04.22-22.45.06:207][830]LogModuleManager: Shutting down and abandoning module StreamingPauseRendering (154)
[2017.04.22-22.45.06:207][830]LogModuleManager: Shutting down and abandoning module AnalyticsET (153)
[2017.04.22-22.45.06:207][830]LogModuleManager: Shutting down and abandoning module PortalServices (152)
[2017.04.22-22.45.06:207][830]LogModuleManager: Shutting down and abandoning module PortalRpc (151)
[2017.04.22-22.45.06:207][830]LogModuleManager: Shutting down and abandoning module MessagingRpc (150)
[2017.04.22-22.45.06:207][830]LogModuleManager: Shutting down and abandoning module GameplayDebugger (149)
[2017.04.22-22.45.06:207][830]LogModuleManager: Shutting down and abandoning module AITestSuite (148)
[2017.04.22-22.45.06:207][830]LogModuleManager: Shutting down and abandoning module AIModule (147)
[2017.04.22-22.45.06:207][830]LogModuleManager: Shutting down and abandoning module ProfilerService (146)
[2017.04.22-22.45.06:229][830]LogModuleManager: Shutting down and abandoning module TaskGraph (145)
[2017.04.22-22.45.06:229][830]LogModuleManager: Shutting down and abandoning module SlateRemote (144)
[2017.04.22-22.45.06:229][830]LogModuleManager: Shutting down and abandoning module SteamVRController (143)
[2017.04.22-22.45.06:229][830]LogModuleManager: Shutting down and abandoning module SteamVR (142)
[2017.04.22-22.45.06:229][830]LogModuleManager: Shutting down and abandoning module ProceduralMeshComponentEditor (141)
[2017.04.22-22.45.06:229][830]LogModuleManager: Shutting down and abandoning module ProceduralMeshComponent (140)
[2017.04.22-22.45.06:229][830]LogModuleManager: Shutting down and abandoning module OculusLibrary (139)
[2017.04.22-22.45.06:229][830]LogModuleManager: Shutting down and abandoning module OculusInput (138)
[2017.04.22-22.45.06:229][830]LogModuleManager: Shutting down and abandoning module MobilePatchingUtils (137)
[2017.04.22-22.45.06:229][830]LogModuleManager: Shutting down and abandoning module CustomMeshComponent (136)
[2017.04.22-22.45.06:229][830]LogModuleManager: Shutting down and abandoning module CableComponent (135)
[2017.04.22-22.45.06:229][830]LogModuleManager: Shutting down and abandoning module ArchVisCharacter (134)
[2017.04.22-22.45.06:229][830]LogModuleManager: Shutting down and abandoning module MediaPlayerEditor (132)
[2017.04.22-22.45.06:229][830]LogModuleManager: Shutting down and abandoning module HTML5Networking (131)
[2017.04.22-22.45.06:229][830]LogModuleManager: Shutting down and abandoning module GeometryCacheEd (130)
[2017.04.22-22.45.06:229][830]LogModuleManager: Shutting down and abandoning module GeometryCache (129)
[2017.04.22-22.45.06:229][830]LogModuleManager: Shutting down and abandoning module AlembicLibrary (128)
[2017.04.22-22.45.06:229][830]LogModuleManager: Shutting down and abandoning module AlembicImporter (127)
[2017.04.22-22.45.06:229][830]LogModuleManager: Shutting down and abandoning module SuperSearch (126)
[2017.04.22-22.45.06:229][830]LogModuleManager: Shutting down and abandoning module SuperSearchEditor (125)
[2017.04.22-22.45.06:229][830]LogModuleManager: Shutting down and abandoning module SpeedTreeImporter (124)
[2017.04.22-22.45.06:229][830]LogModuleManager: Shutting down and abandoning module PluginBrowser (123)
[2017.04.22-22.45.06:229][830]LogModuleManager: Shutting down and abandoning module MobileLauncherProfileWizard (122)
[2017.04.22-22.45.06:229][830]LogModuleManager: Shutting down and abandoning module EpicSurvey (121)
[2017.04.22-22.45.06:229][830]LogModuleManager: Shutting down and abandoning module DesktopPlatform (120)
[2017.04.22-22.45.06:229][830]LogModuleManager: Shutting down and abandoning module VisualStudioSourceCodeAccess (119)
[2017.04.22-22.45.06:229][830]LogModuleManager: Shutting down and abandoning module UObjectPlugin (118)
[2017.04.22-22.45.06:229][830]LogModuleManager: Shutting down and abandoning module SubversionSourceControl (117)
[2017.04.22-22.45.06:229][830]LogModuleManager: Shutting down and abandoning module PerforceSourceControl (116)
[2017.04.22-22.45.06:229][830]LogModuleManager: Shutting down and abandoning module SourceControl (115)
[2017.04.22-22.45.06:230][830]LogModuleManager: Shutting down and abandoning module GitSourceControl (114)
[2017.04.22-22.45.06:230][830]LogModuleManager: Shutting down and abandoning module LightPropagationVolumeEditor (113)
[2017.04.22-22.45.06:230][830]LogModuleManager: Shutting down and abandoning module PaperTiledImporter (112)
[2017.04.22-22.45.06:230][830]LogModuleManager: Shutting down and abandoning module PaperSpriteSheetImporter (111)
[2017.04.22-22.45.06:230][830]LogModuleManager: Shutting down and abandoning module MeshPaint (110)
[2017.04.22-22.45.06:230][830]LogModuleManager: Shutting down and abandoning module PixelInspectorModule (109)
[2017.04.22-22.45.06:230][830]LogModuleManager: Shutting down and abandoning module HotReload (108)
[2017.04.22-22.45.06:230][830]LogModuleManager: Shutting down and abandoning module MainFrame (107)
[2017.04.22-22.45.06:230][830]LogModuleManager: Shutting down and abandoning module LevelEditor (106)
[2017.04.22-22.45.06:231][830]LogModuleManager: Shutting down and abandoning module ContentBrowser (105)
[2017.04.22-22.45.06:232][830]LogModuleManager: Shutting down and abandoning module Paper2DEditor (104)
[2017.04.22-22.45.06:232][830]LogModuleManager: Shutting down and abandoning module UdpMessaging (103)
[2017.04.22-22.45.06:332][830]LogModuleManager: Shutting down and abandoning module TcpMessaging (102)
[2017.04.22-22.45.06:433][830]LogModuleManager: Shutting down and abandoning module LightPropagationVolumeRuntime (101)
[2017.04.22-22.45.06:433][830]LogModuleManager: Shutting down and abandoning module Paper2D (100)
[2017.04.22-22.45.06:433][830]LogModuleManager: Shutting down and abandoning module WindowsMoviePlayer (99)
[2017.04.22-22.45.06:433][830]LogModuleManager: Shutting down and abandoning module WmfMedia (98)
[2017.04.22-22.45.06:433][830]LogModuleManager: Shutting down and abandoning module MediaAssets (97)
[2017.04.22-22.45.06:433][830]LogModuleManager: Shutting down and abandoning module GameLiveStreaming (96)
[2017.04.22-22.45.06:433][830]LogModuleManager: Shutting down and abandoning module GameplayTagsEditor (95)
[2017.04.22-22.45.06:433][830]LogModuleManager: Shutting down and abandoning module VREditor (94)
[2017.04.22-22.45.06:433][830]LogModuleManager: Shutting down and abandoning module GameplayTasksEditor (93)
[2017.04.22-22.45.06:433][830]LogModuleManager: Shutting down and abandoning module BehaviorTreeEditor (92)
[2017.04.22-22.45.06:433][830]LogModuleManager: Shutting down and abandoning module FunctionalTesting (91)
[2017.04.22-22.45.06:433][830]LogModuleManager: Shutting down and abandoning module CollisionAnalyzer (90)
[2017.04.22-22.45.06:433][830]LogModuleManager: Shutting down and abandoning module Sequencer (89)
[2017.04.22-22.45.06:433][830]LogModuleManager: Shutting down and abandoning module WorkspaceMenuStructure (88)
[2017.04.22-22.45.06:433][830]LogModuleManager: Shutting down and abandoning module MessageLog (87)
[2017.04.22-22.45.06:433][830]LogModuleManager: Shutting down and abandoning module AssetTools (86)
[2017.04.22-22.45.06:433][830]LogModuleManager: Shutting down and abandoning module UMGEditor (85)
[2017.04.22-22.45.06:433][830]LogModuleManager: Shutting down and abandoning module UMG (84)
[2017.04.22-22.45.06:433][830]LogModuleManager: Shutting down and abandoning module SlateReflector (83)
[2017.04.22-22.45.06:433][830]LogModuleManager: Shutting down and abandoning module Slate (82)
[2017.04.22-22.45.06:433][830]LogModuleManager: Shutting down and abandoning module EditorStyle (81)
[2017.04.22-22.45.06:435][830]LogModuleManager: Shutting down and abandoning module SourceCodeAccess (80)
[2017.04.22-22.45.06:435][830]LogModuleManager: Shutting down and abandoning module HeadMountedDisplay (79)
[2017.04.22-22.45.06:435][830]LogModuleManager: Shutting down and abandoning module XAudio2 (78)
[2017.04.22-22.45.06:435][830]LogModuleManager: Shutting down and abandoning module Networking (76)
[2017.04.22-22.45.06:435][830]LogModuleManager: Shutting down and abandoning module Core (75)
[2017.04.22-22.45.06:435][830]LogModuleManager: Shutting down and abandoning module DirectoryWatcher (74)
[2017.04.22-22.45.06:435][830]LogDirectoryWatcher: A directory notification for '../../../Engine/Content/' was aborted.
[2017.04.22-22.45.06:435][830]LogDirectoryWatcher: A directory notification for '../../../../../../Users/Sabrina/Documents/Call-Of-Bread/Call_Of_bread/Content/' was aborted.
[2017.04.22-22.45.06:435][830]LogDirectoryWatcher: A directory notification for '../../../Engine/Plugins/2D/Paper2D/Content/' was aborted.
[2017.04.22-22.45.06:436][830]LogModuleManager: Shutting down and abandoning module AssetRegistry (73)
[2017.04.22-22.45.06:548][830]LogModuleManager: Shutting down and abandoning module KismetCompiler (72)
[2017.04.22-22.45.06:548][830]LogModuleManager: Shutting down and abandoning module PhysXFormats (71)
[2017.04.22-22.45.06:548][830]LogModuleManager: Shutting down and abandoning module SimplygonSwarm (70)
[2017.04.22-22.45.06:548][830]LogModuleManager: Shutting down and abandoning module SimplygonMeshReduction (69)
[2017.04.22-22.45.06:548][830]LogModuleManager: Shutting down and abandoning module QuadricMeshReduction (68)
[2017.04.22-22.45.06:548][830]LogModuleManager: Shutting down and abandoning module PropertyEditor (67)
[2017.04.22-22.45.06:548][830]LogModuleManager: Shutting down and abandoning module MeshUtilities (66)
[2017.04.22-22.45.06:548][830]LogModuleManager: Shutting down and abandoning module DerivedDataCache (65)
[2017.04.22-22.45.06:613][830]LogDerivedDataCache: Shutdown
[2017.04.22-22.45.06:613][830]LogModuleManager: Shutting down and abandoning module VulkanShaderFormat (64)
[2017.04.22-22.45.06:613][830]LogModuleManager: Shutting down and abandoning module ShaderFormatOpenGL (63)
[2017.04.22-22.45.06:613][830]LogModuleManager: Shutting down and abandoning module ShaderFormatD3D (62)
[2017.04.22-22.45.06:613][830]LogModuleManager: Shutting down and abandoning module MetalShaderFormat (61)
[2017.04.22-22.45.06:613][830]LogModuleManager: Shutting down and abandoning module TextureFormatUncompressed (60)
[2017.04.22-22.45.06:613][830]LogModuleManager: Shutting down and abandoning module TextureFormatPVR (59)
[2017.04.22-22.45.06:613][830]LogModuleManager: Shutting down and abandoning module TextureFormatDXT (58)
[2017.04.22-22.45.06:613][830]LogModuleManager: Shutting down and abandoning module TextureFormatIntelISPCTexComp (57)
[2017.04.22-22.45.06:613][830]LogModuleManager: Shutting down and abandoning module ImageWrapper (56)
[2017.04.22-22.45.06:613][830]LogModuleManager: Shutting down and abandoning module TextureFormatASTC (55)
[2017.04.22-22.45.06:613][830]LogModuleManager: Shutting down and abandoning module TextureFormatAndroid (54)
[2017.04.22-22.45.06:613][830]LogModuleManager: Shutting down and abandoning module AudioFormatOpus (53)
[2017.04.22-22.45.06:613][830]LogModuleManager: Shutting down and abandoning module AudioFormatOgg (52)
[2017.04.22-22.45.06:613][830]LogModuleManager: Shutting down and abandoning module AudioFormatADPCM (51)
[2017.04.22-22.45.06:613][830]LogModuleManager: Shutting down and abandoning module LinuxTargetPlatform (50)
[2017.04.22-22.45.06:613][830]LogModuleManager: Shutting down and abandoning module LinuxServerTargetPlatform (49)
[2017.04.22-22.45.06:613][830]LogModuleManager: Shutting down and abandoning module LinuxNoEditorTargetPlatform (48)
[2017.04.22-22.45.06:613][830]LogModuleManager: Shutting down and abandoning module LinuxClientTargetPlatform (47)
[2017.04.22-22.45.06:613][830]LogModuleManager: Shutting down and abandoning module TVOSTargetPlatform (46)
[2017.04.22-22.45.06:613][830]LogModuleManager: Shutting down and abandoning module Messaging (45)
[2017.04.22-22.45.06:613][830]LogModuleManager: Shutting down and abandoning module IOSTargetPlatform (44)
[2017.04.22-22.45.06:613][830]LogModuleManager: Shutting down and abandoning module HTML5TargetPlatform (43)
[2017.04.22-22.45.06:613][830]LogModuleManager: Shutting down and abandoning module Android_PVRTCTargetPlatform (42)
[2017.04.22-22.45.06:613][830]LogModuleManager: Shutting down and abandoning module Android_MultiTargetPlatform (41)
[2017.04.22-22.45.06:613][830]LogModuleManager: Shutting down and abandoning module Android_ETC2TargetPlatform (40)
[2017.04.22-22.45.06:613][830]LogModuleManager: Shutting down and abandoning module Android_ETC1TargetPlatform (39)
[2017.04.22-22.45.06:613][830]LogModuleManager: Shutting down and abandoning module Android_DXTTargetPlatform (38)
[2017.04.22-22.45.06:613][830]LogModuleManager: Shutting down and abandoning module Android_ATCTargetPlatform (37)
[2017.04.22-22.45.06:613][830]LogModuleManager: Shutting down and abandoning module Android_ASTCTargetPlatform (36)
[2017.04.22-22.45.06:613][830]LogModuleManager: Shutting down and abandoning module AndroidTargetPlatform (35)
[2017.04.22-22.45.06:613][830]LogModuleManager: Shutting down and abandoning module WindowsTargetPlatform (34)
[2017.04.22-22.45.06:613][830]LogModuleManager: Shutting down and abandoning module WindowsServerTargetPlatform (33)
[2017.04.22-22.45.06:613][830]LogModuleManager: Shutting down and abandoning module WindowsNoEditorTargetPlatform (32)
[2017.04.22-22.45.06:613][830]LogModuleManager: Shutting down and abandoning module WindowsClientTargetPlatform (31)
[2017.04.22-22.45.06:613][830]LogModuleManager: Shutting down and abandoning module MacTargetPlatform (30)
[2017.04.22-22.45.06:613][830]LogModuleManager: Shutting down and abandoning module MacServerTargetPlatform (29)
[2017.04.22-22.45.06:613][830]LogModuleManager: Shutting down and abandoning module MacNoEditorTargetPlatform (28)
[2017.04.22-22.45.06:613][830]LogModuleManager: Shutting down and abandoning module MacClientTargetPlatform (27)
[2017.04.22-22.45.06:613][830]LogModuleManager: Shutting down and abandoning module AllDesktopTargetPlatform (26)
[2017.04.22-22.45.06:613][830]LogModuleManager: Shutting down and abandoning module TargetPlatform (25)
[2017.04.22-22.45.06:613][830]LogModuleManager: Shutting down and abandoning module InputCore (24)
[2017.04.22-22.45.06:613][830]LogModuleManager: Shutting down and abandoning module Settings (23)
[2017.04.22-22.45.06:613][830]LogModuleManager: Shutting down and abandoning module OculusRift (22)
[2017.04.22-22.45.06:613][830]LogModuleManager: Shutting down and abandoning module ExampleDeviceProfileSelector (21)
[2017.04.22-22.45.06:613][830]LogModuleManager: Shutting down and abandoning module OnlineBlueprintSupport (20)
[2017.04.22-22.45.06:613][830]LogModuleManager: Shutting down and abandoning module OnlineSubsystem (18)
[2017.04.22-22.45.06:613][830]LogOnline:Display: Unloading online subsystem: NULL
[2017.04.22-22.45.06:613][830]LogModuleManager: Shutting down and abandoning module SSL (17)
[2017.04.22-22.45.06:615][830]LogModuleManager: Shutting down and abandoning module HTTP (16)
[2017.04.22-22.45.06:615][830]LogModuleManager: Shutting down and abandoning module XMPP (15)
[2017.04.22-22.45.06:615][830]LogModuleManager: Shutting down and abandoning module TextureCompressor (14)
[2017.04.22-22.45.06:616][830]LogModuleManager: Shutting down and abandoning module ShaderCore (13)
[2017.04.22-22.45.06:616][830]LogModuleManager: Shutting down and abandoning module Landscape (12)
[2017.04.22-22.45.06:616][830]LogModuleManager: Shutting down and abandoning module SlateRHIRenderer (11)
[2017.04.22-22.45.06:616][830]LogModuleManager: Shutting down and abandoning module OpenGLDrv (10)
[2017.04.22-22.45.06:616][830]LogModuleManager: Shutting down and abandoning module D3D11RHI (9)
[2017.04.22-22.45.06:616][830]LogModuleManager: Shutting down and abandoning module AnimGraphRuntime (8)
[2017.04.22-22.45.06:616][830]LogModuleManager: Shutting down and abandoning module Renderer (7)
[2017.04.22-22.45.06:616][830]LogModuleManager: Shutting down and abandoning module Engine (6)
[2017.04.22-22.45.06:616][830]LogModuleManager: Shutting down and abandoning module CoreUObject (5)
[2017.04.22-22.45.06:616][830]LogModuleManager: Shutting down and abandoning module NetworkFile (4)
[2017.04.22-22.45.06:616][830]LogModuleManager: Shutting down and abandoning module StreamingFile (3)
[2017.04.22-22.45.06:616][830]LogModuleManager: Shutting down and abandoning module SandboxFile (2)
[2017.04.22-22.45.06:616][830]LogModuleManager: Shutting down and abandoning module PakFile (1)
[2017.04.22-22.45.06:618][830]LogExit: Exiting.
[2017.04.22-22.45.06:640][830]Log file closed, 04/22/17 23:45:06
