Log file open, 04/01/17 22:28:36
LogInit:Display: Running engine for game: Call_Of_bread
LogPlatformFile: Not using cached read wrapper
LogInit:Display: RandInit(1210905322) SRandInit(1210905322).
LogTaskGraph: Started task graph with 5 named threads and 6 total threads with 1 sets of task threads.
LogStats: Stats thread started at 0.074876
LogPluginManager: Loaded Plugin Paper2D, From C:/Program Files (x86)/Epic Games/4.14/Engine/Plugins/2D/Paper2D/Paper2D.uplugin
LogPluginManager: Loaded Plugin LightPropagationVolume, From C:/Program Files (x86)/Epic Games/4.14/Engine/Plugins/Blendables/LightPropagationVolume/LightPropagationVolume.uplugin
LogPluginManager: Loaded Plugin BlankPlugin, From C:/Program Files (x86)/Epic Games/4.14/Engine/Plugins/Developer/BlankPlugin/BlankPlugin.uplugin
LogPluginManager: Loaded Plugin CodeLiteSourceCodeAccess, From C:/Program Files (x86)/Epic Games/4.14/Engine/Plugins/Developer/CodeLiteSourceCodeAccess/CodeLiteSourceCodeAccess.uplugin
LogPluginManager: Loaded Plugin GitSourceControl, From C:/Program Files (x86)/Epic Games/4.14/Engine/Plugins/Developer/GitSourceControl/GitSourceControl.uplugin
LogPluginManager: Loaded Plugin KDevelopSourceCodeAccess, From C:/Program Files (x86)/Epic Games/4.14/Engine/Plugins/Developer/KDevelopSourceCodeAccess/KDevelopSourceCodeAccess.uplugin
LogPluginManager: Loaded Plugin NullSourceCodeAccess, From C:/Program Files (x86)/Epic Games/4.14/Engine/Plugins/Developer/NullSourceCodeAccess/NullSourceCodeAccess.uplugin
LogPluginManager: Loaded Plugin OneSkyLocalizationService, From C:/Program Files (x86)/Epic Games/4.14/Engine/Plugins/Developer/OneSkyLocalizationService/OneSkyLocalizationService.uplugin
LogPluginManager: Loaded Plugin PerforceSourceControl, From C:/Program Files (x86)/Epic Games/4.14/Engine/Plugins/Developer/PerforceSourceControl/PerforceSourceControl.uplugin
LogPluginManager: Loaded Plugin SubversionSourceControl, From C:/Program Files (x86)/Epic Games/4.14/Engine/Plugins/Developer/SubversionSourceControl/SubversionSourceControl.uplugin
LogPluginManager: Loaded Plugin UObjectPlugin, From C:/Program Files (x86)/Epic Games/4.14/Engine/Plugins/Developer/UObjectPlugin/UObjectPlugin.uplugin
LogPluginManager: Loaded Plugin VisualStudioSourceCodeAccess, From C:/Program Files (x86)/Epic Games/4.14/Engine/Plugins/Developer/VisualStudioSourceCodeAccess/VisualStudioSourceCodeAccess.uplugin
LogPluginManager: Loaded Plugin XCodeSourceCodeAccess, From C:/Program Files (x86)/Epic Games/4.14/Engine/Plugins/Developer/XCodeSourceCodeAccess/XCodeSourceCodeAccess.uplugin
LogPluginManager: Loaded Plugin AudioCapture, From C:/Program Files (x86)/Epic Games/4.14/Engine/Plugins/Editor/AudioCapture/AudioCapture.uplugin
LogPluginManager: Loaded Plugin EpicSurvey, From C:/Program Files (x86)/Epic Games/4.14/Engine/Plugins/Editor/EpicSurvey/EpicSurvey.uplugin
LogPluginManager: Loaded Plugin MacGraphicsSwitching, From C:/Program Files (x86)/Epic Games/4.14/Engine/Plugins/Editor/MacGraphicsSwitching/MacGraphicsSwitching.uplugin
LogPluginManager: Loaded Plugin MobileLauncherProfileWizard, From C:/Program Files (x86)/Epic Games/4.14/Engine/Plugins/Editor/MobileLauncherProfileWizard/MobileLauncherProfileWizard.uplugin
LogPluginManager: Loaded Plugin PluginBrowser, From C:/Program Files (x86)/Epic Games/4.14/Engine/Plugins/Editor/PluginBrowser/PluginBrowser.uplugin
LogPluginManager: Loaded Plugin SpeedTreeImporter, From C:/Program Files (x86)/Epic Games/4.14/Engine/Plugins/Editor/SpeedTreeImporter/SpeedTreeImporter.uplugin
LogPluginManager: Loaded Plugin SuperSearchEditor, From C:/Program Files (x86)/Epic Games/4.14/Engine/Plugins/Editor/SuperSearchEditor/SuperSearchEditor.uplugin
LogPluginManager: Loaded Plugin AlembicImporter, From C:/Program Files (x86)/Epic Games/4.14/Engine/Plugins/Experimental/AlembicImporter/AlembicImporter.uplugin
LogPluginManager: Loaded Plugin BlueprintStats, From C:/Program Files (x86)/Epic Games/4.14/Engine/Plugins/Experimental/BlueprintStats/BlueprintStats.uplugin
LogPluginManager: Loaded Plugin CharacterAI, From C:/Program Files (x86)/Epic Games/4.14/Engine/Plugins/Experimental/CharacterAI/CharacterAI.uplugin
LogPluginManager: Loaded Plugin CodeEditor, From C:/Program Files (x86)/Epic Games/4.14/Engine/Plugins/Experimental/CodeEditor/CodeEditor.uplugin
LogPluginManager: Loaded Plugin CodeView, From C:/Program Files (x86)/Epic Games/4.14/Engine/Plugins/Experimental/CodeView/CodeView.uplugin
LogPluginManager: Loaded Plugin HTML5Networking, From C:/Program Files (x86)/Epic Games/4.14/Engine/Plugins/Experimental/HTML5Networking/HTML5Networking.uplugin
LogPluginManager: Loaded Plugin OSVR, From C:/Program Files (x86)/Epic Games/4.14/Engine/Plugins/Experimental/OSVR/OSVR.uplugin
LogPluginManager: Loaded Plugin Phya, From C:/Program Files (x86)/Epic Games/4.14/Engine/Plugins/Experimental/Phya/Phya.uplugin
LogPluginManager: Loaded Plugin SignificanceManager, From C:/Program Files (x86)/Epic Games/4.14/Engine/Plugins/Experimental/SignificanceManager/SignificanceManager.uplugin
LogPluginManager: Loaded Plugin SimpleHMD, From C:/Program Files (x86)/Epic Games/4.14/Engine/Plugins/Experimental/SimpleHMD/SimpleHMD.uplugin
LogPluginManager: Loaded Plugin StereoPanorama, From C:/Program Files (x86)/Epic Games/4.14/Engine/Plugins/Experimental/StereoPanorama/StereoPanorama.uplugin
LogPluginManager: Loaded Plugin StructBox, From C:/Program Files (x86)/Epic Games/4.14/Engine/Plugins/Experimental/StructBox/StructBox.uplugin
LogPluginManager: Loaded Plugin AndroidMedia, From C:/Program Files (x86)/Epic Games/4.14/Engine/Plugins/Media/AndroidMedia/AndroidMedia.uplugin
LogPluginManager: Loaded Plugin AvfMedia, From C:/Program Files (x86)/Epic Games/4.14/Engine/Plugins/Media/AvfMedia/AvfMedia.uplugin
LogPluginManager: Loaded Plugin MediaPlayerEditor, From C:/Program Files (x86)/Epic Games/4.14/Engine/Plugins/Media/MediaPlayerEditor/MediaPlayerEditor.uplugin
LogPluginManager: Loaded Plugin WmfMedia, From C:/Program Files (x86)/Epic Games/4.14/Engine/Plugins/Media/WmfMedia/WmfMedia.uplugin
LogPluginManager: Loaded Plugin MessagingDebugger, From C:/Program Files (x86)/Epic Games/4.14/Engine/Plugins/Messaging/MessagingDebugger/MessagingDebugger.uplugin
LogPluginManager: Loaded Plugin TcpMessaging, From C:/Program Files (x86)/Epic Games/4.14/Engine/Plugins/Messaging/TcpMessaging/TcpMessaging.uplugin
LogPluginManager: Loaded Plugin UdpMessaging, From C:/Program Files (x86)/Epic Games/4.14/Engine/Plugins/Messaging/UdpMessaging/UdpMessaging.uplugin
LogPluginManager: Loaded Plugin LevelSequenceEditor, From C:/Program Files (x86)/Epic Games/4.14/Engine/Plugins/MovieScene/LevelSequenceEditor/LevelSequenceEditor.uplugin
LogPluginManager: Loaded Plugin MatineeToLevelSequence, From C:/Program Files (x86)/Epic Games/4.14/Engine/Plugins/MovieScene/MatineeToLevelSequence/MatineeToLevelSequence.uplugin
LogPluginManager: Loaded Plugin NetcodeUnitTest, From C:/Program Files (x86)/Epic Games/4.14/Engine/Plugins/NetcodeUnitTest/NetcodeUnitTest/NetcodeUnitTest.uplugin
LogPluginManager: Loaded Plugin NUTUnrealEngine4, From C:/Program Files (x86)/Epic Games/4.14/Engine/Plugins/NetcodeUnitTest/NUTUnrealEngine4/NUTUnrealEngine4.uplugin
LogPluginManager: Loaded Plugin OnlineSubsystemGameCircle, From C:/Program Files (x86)/Epic Games/4.14/Engine/Plugins/Online/Android/OnlineSubsystemGameCircle/OnlineSubsystemGameCircle.uplugin
LogPluginManager: Loaded Plugin OnlineSubsystemGooglePlay, From C:/Program Files (x86)/Epic Games/4.14/Engine/Plugins/Online/Android/OnlineSubsystemGooglePlay/OnlineSubsystemGooglePlay.uplugin
LogPluginManager: Loaded Plugin OnlineSubsystemIOS, From C:/Program Files (x86)/Epic Games/4.14/Engine/Plugins/Online/IOS/OnlineSubsystemIOS/OnlineSubsystemIOS.uplugin
LogPluginManager: Loaded Plugin OnlineFramework, From C:/Program Files (x86)/Epic Games/4.14/Engine/Plugins/Online/OnlineFramework/OnlineFramework.uplugin
LogPluginManager: Loaded Plugin OnlineSubsystem, From C:/Program Files (x86)/Epic Games/4.14/Engine/Plugins/Online/OnlineSubsystem/OnlineSubsystem.uplugin
LogPluginManager: Loaded Plugin OnlineSubsystemAmazon, From C:/Program Files (x86)/Epic Games/4.14/Engine/Plugins/Online/OnlineSubsystemAmazon/OnlineSubsystemAmazon.uplugin
LogPluginManager: Loaded Plugin OnlineSubsystemFacebook, From C:/Program Files (x86)/Epic Games/4.14/Engine/Plugins/Online/OnlineSubsystemFacebook/OnlineSubsystemFacebook.uplugin
LogPluginManager: Loaded Plugin OnlineSubsystemNull, From C:/Program Files (x86)/Epic Games/4.14/Engine/Plugins/Online/OnlineSubsystemNull/OnlineSubsystemNull.uplugin
LogPluginManager: Loaded Plugin OnlineSubsystemOculus, From C:/Program Files (x86)/Epic Games/4.14/Engine/Plugins/Online/OnlineSubsystemOculus/OnlineSubsystemOculus.uplugin
LogPluginManager: Loaded Plugin OnlineSubsystemSteam, From C:/Program Files (x86)/Epic Games/4.14/Engine/Plugins/Online/OnlineSubsystemSteam/OnlineSubsystemSteam.uplugin
LogPluginManager: Loaded Plugin OnlineSubsystemUtils, From C:/Program Files (x86)/Epic Games/4.14/Engine/Plugins/Online/OnlineSubsystemUtils/OnlineSubsystemUtils.uplugin
LogPluginManager: Loaded Plugin IOSTapJoy, From C:/Program Files (x86)/Epic Games/4.14/Engine/Plugins/Runtime/Advertising/IOSTapJoy/IOSTapJoy.uplugin
LogPluginManager: Loaded Plugin AnalyticsBlueprintLibrary, From C:/Program Files (x86)/Epic Games/4.14/Engine/Plugins/Runtime/Analytics/AnalyticsBlueprintLibrary/AnalyticsBlueprintLibrary.uplugin
LogPluginManager: Loaded Plugin AnalyticsMulticast, From C:/Program Files (x86)/Epic Games/4.14/Engine/Plugins/Runtime/Analytics/AnalyticsMulticast/AnalyticsMulticast.uplugin
LogPluginManager: Loaded Plugin Apsalar, From C:/Program Files (x86)/Epic Games/4.14/Engine/Plugins/Runtime/Analytics/Apsalar/Apsalar.uplugin
LogPluginManager: Loaded Plugin FileLogging, From C:/Program Files (x86)/Epic Games/4.14/Engine/Plugins/Runtime/Analytics/FileLogging/FileLogging.uplugin
LogPluginManager: Loaded Plugin Flurry, From C:/Program Files (x86)/Epic Games/4.14/Engine/Plugins/Runtime/Analytics/Flurry/Flurry.uplugin
LogPluginManager: Loaded Plugin AndroidDeviceProfileSelector, From C:/Program Files (x86)/Epic Games/4.14/Engine/Plugins/Runtime/AndroidDeviceProfileSelector/AndroidDeviceProfileSelector.uplugin
LogPluginManager: Loaded Plugin AndroidMoviePlayer, From C:/Program Files (x86)/Epic Games/4.14/Engine/Plugins/Runtime/AndroidMoviePlayer/AndroidMoviePlayer.uplugin
LogPluginManager: Loaded Plugin AppleMoviePlayer, From C:/Program Files (x86)/Epic Games/4.14/Engine/Plugins/Runtime/AppleMoviePlayer/AppleMoviePlayer.uplugin
LogPluginManager: Loaded Plugin ArchVisCharacter, From C:/Program Files (x86)/Epic Games/4.14/Engine/Plugins/Runtime/ArchVisCharacter/ArchVisCharacter.uplugin
LogPluginManager: Loaded Plugin CableComponent, From C:/Program Files (x86)/Epic Games/4.14/Engine/Plugins/Runtime/CableComponent/CableComponent.uplugin
LogPluginManager: Loaded Plugin CustomMeshComponent, From C:/Program Files (x86)/Epic Games/4.14/Engine/Plugins/Runtime/CustomMeshComponent/CustomMeshComponent.uplugin
LogPluginManager: Loaded Plugin ExampleDeviceProfileSelector, From C:/Program Files (x86)/Epic Games/4.14/Engine/Plugins/Runtime/ExampleDeviceProfileSelector/ExampleDeviceProfileSelector.uplugin
LogPluginManager: Loaded Plugin GearVR, From C:/Program Files (x86)/Epic Games/4.14/Engine/Plugins/Runtime/GearVR/GearVR.uplugin
LogPluginManager: Loaded Plugin GoogleVRController, From C:/Program Files (x86)/Epic Games/4.14/Engine/Plugins/Runtime/GoogleVR/GoogleVRController/GoogleVRController.uplugin
LogPluginManager: Loaded Plugin GoogleVRHMD, From C:/Program Files (x86)/Epic Games/4.14/Engine/Plugins/Runtime/GoogleVR/GoogleVRHMD/GoogleVRHMD.uplugin
LogPluginManager: Loaded Plugin IOSDeviceProfileSelector, From C:/Program Files (x86)/Epic Games/4.14/Engine/Plugins/Runtime/IOSDeviceProfileSelector/IOSDeviceProfileSelector.uplugin
LogPluginManager: Loaded Plugin LeapMotion, From C:/Program Files (x86)/Epic Games/4.14/Engine/Plugins/Runtime/LeapMotion/LeapMotion.uplugin
LogPluginManager: Loaded Plugin LinuxDeviceProfileSelector, From C:/Program Files (x86)/Epic Games/4.14/Engine/Plugins/Runtime/LinuxDeviceProfileSelector/LinuxDeviceProfileSelector.uplugin
LogPluginManager: Loaded Plugin MIDIDevice, From C:/Program Files (x86)/Epic Games/4.14/Engine/Plugins/Runtime/MIDIDevice/MIDIDevice.uplugin
LogPluginManager: Loaded Plugin MobilePatchingUtils, From C:/Program Files (x86)/Epic Games/4.14/Engine/Plugins/Runtime/MobilePatchingUtils/MobilePatchingUtils.uplugin
LogPluginManager: Loaded Plugin Ansel, From C:/Program Files (x86)/Epic Games/4.14/Engine/Plugins/Runtime/Nvidia/Ansel/Ansel.uplugin
LogPluginManager: Loaded Plugin OculusAudio, From C:/Program Files (x86)/Epic Games/4.14/Engine/Plugins/Runtime/OculusAudio/OculusAudio.uplugin
LogPluginManager: Loaded Plugin OculusInput, From C:/Program Files (x86)/Epic Games/4.14/Engine/Plugins/Runtime/OculusInput/OculusInput.uplugin
LogPluginManager: Loaded Plugin OculusLibrary, From C:/Program Files (x86)/Epic Games/4.14/Engine/Plugins/Runtime/OculusLibrary/OculusLibrary.uplugin
LogPluginManager: Loaded Plugin OculusRift, From C:/Program Files (x86)/Epic Games/4.14/Engine/Plugins/Runtime/OculusRift/OculusRift.uplugin
LogPluginManager: Loaded Plugin Oodle, From C:/Program Files (x86)/Epic Games/4.14/Engine/Plugins/Runtime/PacketHandlers/CompressionComponents/Oodle/Oodle.uplugin
LogPluginManager: Loaded Plugin ProceduralMeshComponent, From C:/Program Files (x86)/Epic Games/4.14/Engine/Plugins/Runtime/ProceduralMeshComponent/ProceduralMeshComponent.uplugin
LogPluginManager: Loaded Plugin SoundMod, From C:/Program Files (x86)/Epic Games/4.14/Engine/Plugins/Runtime/SoundMod/SoundMod.uplugin
LogPluginManager: Loaded Plugin SoundVisualizations, From C:/Program Files (x86)/Epic Games/4.14/Engine/Plugins/Runtime/SoundVisualizations/SoundVisualizations.uplugin
LogPluginManager: Loaded Plugin SteamController, From C:/Program Files (x86)/Epic Games/4.14/Engine/Plugins/Runtime/Steam/SteamController/SteamController.uplugin
LogPluginManager: Loaded Plugin SteamVR, From C:/Program Files (x86)/Epic Games/4.14/Engine/Plugins/Runtime/Steam/SteamVR/SteamVR.uplugin
LogPluginManager: Loaded Plugin WebBrowserWidget, From C:/Program Files (x86)/Epic Games/4.14/Engine/Plugins/Runtime/WebBrowserWidget/WebBrowserWidget.uplugin
LogPluginManager: Loaded Plugin WindowsDeviceProfileSelector, From C:/Program Files (x86)/Epic Games/4.14/Engine/Plugins/Runtime/WindowsDeviceProfileSelector/WindowsDeviceProfileSelector.uplugin
LogPluginManager: Loaded Plugin WindowsMoviePlayer, From C:/Program Files (x86)/Epic Games/4.14/Engine/Plugins/Runtime/WindowsMoviePlayer/WindowsMoviePlayer.uplugin
LogPluginManager: Loaded Plugin ScriptPlugin, From C:/Program Files (x86)/Epic Games/4.14/Engine/Plugins/ScriptPlugin/ScriptPlugin.uplugin
LogPluginManager: Loaded Plugin SlateRemote, From C:/Program Files (x86)/Epic Games/4.14/Engine/Plugins/Slate/SlateRemote/SlateRemote.uplugin
LogPluginManager: Loaded Plugin EditorTests, From C:/Program Files (x86)/Epic Games/4.14/Engine/Plugins/Tests/EditorTests/EditorTests.uplugin
LogPluginManager: Loaded Plugin FbxAutomationTestBuilder, From C:/Program Files (x86)/Epic Games/4.14/Engine/Plugins/Tests/FbxAutomationTestBuilder/FbxAutomationTestBuilder.uplugin
LogPluginManager: Loaded Plugin FunctionalTestingEditor, From C:/Program Files (x86)/Epic Games/4.14/Engine/Plugins/Tests/FunctionalTestingEditor/FunctionalTestingEditor.uplugin
LogPluginManager: Loaded Plugin RuntimeTests, From C:/Program Files (x86)/Epic Games/4.14/Engine/Plugins/Tests/RuntimeTests/RuntimeTests.uplugin
LogPluginManager: Loaded Plugin ScreenshotTools, From C:/Program Files (x86)/Epic Games/4.14/Engine/Plugins/Tests/ScreenshotTools/ScreenshotTools.uplugin
LogInit: Using libcurl 7.47.1
LogInit:  - built for x86_64-pc-win32
LogInit:  - supports SSL with OpenSSL/1.0.2g
LogInit:  - supports HTTP deflate (compression) using libz 1.2.8
LogInit:  - other features:
LogInit:      CURL_VERSION_SSL
LogInit:      CURL_VERSION_LIBZ
LogInit:      CURL_VERSION_IPV6
LogInit:      CURL_VERSION_ASYNCHDNS
LogInit:      CURL_VERSION_LARGEFILE
LogInit:      CURL_VERSION_IDN
LogInit:  CurlRequestOptions (configurable via config and command line):
LogInit:  - bVerifyPeer = false  - Libcurl will NOT verify peer certificate
LogInit:  - bUseHttpProxy = false  - Libcurl will NOT use HTTP proxy
LogInit:  - bDontReuseConnections = false  - Libcurl will reuse connections
LogInit:  - CertBundlePath = nullptr  - Libcurl will use whatever was configured at build time.
LogInit: Build: ++UE4+Release-4.14-CL-3224400
LogInit: Engine Version: 4.14.1-3224400+++UE4+Release-4.14
LogInit: Compatible Engine Version: 4.14.0-3195953+++UE4+Release-4.14
LogInit: Net CL: 3195953
LogDevObjectVersion: Number of dev versions registered: 13
LogDevObjectVersion:   Dev-Blueprints (B0D832E4-1F89-4F0D-ACCF-7EB736FD4AA2): 7
LogDevObjectVersion:   Dev-Build (E1C64328-A22C-4D53-A36C-8E866417BD8C): 0
LogDevObjectVersion:   Dev-Core (375EC13C-06E4-48FB-B500-84F0262A717E): 1
LogDevObjectVersion:   Dev-Editor (E4B068ED-F494-42E9-A231-DA0B2E46BB41): 8
LogDevObjectVersion:   Dev-Framework (CFFC743F-43B0-4480-9391-14DF171D2073): 17
LogDevObjectVersion:   Dev-Mobile (B02B49B5-BB20-44E9-A304-32B752E40360): 0
LogDevObjectVersion:   Dev-Networking (A4E4105C-59A1-49B5-A7C5-40C4547EDFEE): 0
LogDevObjectVersion:   Dev-Online (39C831C9-5AE6-47DC-9A44-9C173E1C8E7C): 0
LogDevObjectVersion:   Dev-Physics (78F01B33-EBEA-4F98-B9B4-84EACCB95AA2): 0
LogDevObjectVersion:   Dev-Platform (6631380F-2D4D-43E0-8009-CF276956A95A): 0
LogDevObjectVersion:   Dev-Rendering (12F88B9F-8875-4AFC-A67C-D90C383ABD29): 12
LogDevObjectVersion:   Dev-Sequencer (7B5AE74C-D270-4C10-A958-57980B212A5A): 1
LogDevObjectVersion:   Dev-VR (D7296918-1DD6-4BDD-9DE2-64A83CC13884): 0
LogInit: Compiled (64-bit): Dec  7 2016 02:14:32
LogInit: Compiled with Visual C++: 19.00.23026.00
LogInit: Build Configuration: Development
LogInit: Branch Name: ++UE4+Release-4.14
LogInit: Command line:  
LogInit: Base directory: C:/Program Files (x86)/Epic Games/4.14/Engine/Binaries/Win64/
LogInit: Installed Engine Build: 1
LogInit: Presizing for max 8388607 objects, including 0 objects not considered by GC, pre-allocating 0 bytes for permanent pool.
LogInit: Object subsystem initialized
[2017.04.01-20.28.36:572][  0]LogInit: Selected Device Profile: [Windows]
[2017.04.01-20.28.36:572][  0]LogInit: Applying CVar settings loaded from the selected device profile: [Windows]
[2017.04.01-20.28.36:629][  0]LogInit: Computer: DESKTOP-VTD5TTC
[2017.04.01-20.28.36:629][  0]LogInit: User: Sabrina
[2017.04.01-20.28.36:629][  0]LogInit: CPU Page size=65536, Cores=2
[2017.04.01-20.28.36:629][  0]LogInit: High frequency timer resolution =2.742187 MHz
[2017.04.01-20.28.36:629][  0]LogMemory: Memory total: Physical=15.9GB (16GB approx)
[2017.04.01-20.28.36:629][  0]LogMemory: Platform Memory Stats for Windows
[2017.04.01-20.28.36:629][  0]LogMemory: Process Physical Memory: 263.50 MB used, 263.50 MB peak
[2017.04.01-20.28.36:629][  0]LogMemory: Process Virtual Memory: 262.42 MB used, 262.42 MB peak
[2017.04.01-20.28.36:629][  0]LogMemory: Physical Memory: 5673.69 MB used,  10636.42 MB free, 16310.11 MB total
[2017.04.01-20.28.36:629][  0]LogMemory: Virtual Memory: 674.74 MB used,  10636.42 MB free, 134217728.00 MB total
[2017.04.01-20.28.36:684][  0]LogTextLocalizationManager: No specific translations for ('en-US') exist, so ('en') translations will be used.
[2017.04.01-20.28.40:078][  0]LogD3D11RHI: D3D11 adapters:
[2017.04.01-20.28.40:769][  0]LogD3D11RHI:    0. 'NVIDIA GeForce GPU' (Feature Level 11_0)
[2017.04.01-20.28.40:769][  0]LogD3D11RHI:       996/0/8155 MB DedicatedVideo/DedicatedSystem/SharedSystem, Outputs:1, VendorId:0x10de
[2017.04.01-20.28.40:809][  0]LogD3D11RHI:    1. 'Intel(R) HD Graphics 520' (Feature Level 11_0)
[2017.04.01-20.28.40:809][  0]LogD3D11RHI:       128/0/8155 MB DedicatedVideo/DedicatedSystem/SharedSystem, Outputs:0, VendorId:0x8086
[2017.04.01-20.28.40:812][  0]LogD3D11RHI:    2. 'Microsoft Basic Render Driver' (Feature Level 11_0)
[2017.04.01-20.28.40:812][  0]LogD3D11RHI:       0/0/8155 MB DedicatedVideo/DedicatedSystem/SharedSystem, Outputs:0, VendorId:0x1414
[2017.04.01-20.28.40:812][  0]LogD3D11RHI: Chosen D3D11 Adapter: 0
[2017.04.01-20.28.40:817][  0]LogD3D11RHI: Creating new Direct3DDevice
[2017.04.01-20.28.40:817][  0]LogD3D11RHI:     GPU DeviceId: 0x134b (for the marketing name, search the web for "GPU Device Id")
[2017.04.01-20.28.40:817][  0]LogWindows: EnumDisplayDevices:
[2017.04.01-20.28.40:817][  0]LogWindows:    0. 'Intel(R) HD Graphics 520' (P:1 D:1)
[2017.04.01-20.28.40:818][  0]LogWindows:    1. 'Intel(R) HD Graphics 520' (P:0 D:0)
[2017.04.01-20.28.40:818][  0]LogWindows:    2. 'Intel(R) HD Graphics 520' (P:0 D:0)
[2017.04.01-20.28.40:818][  0]LogWindows: DebugString: PrimaryIsNotTheChoosenAdapter PrimaryIsNotTheChoosenAdapter PrimaryIsNotTheChoosenAdapter FoundDriverCount:0 
[2017.04.01-20.28.40:818][  0]LogD3D11RHI:     Adapter Name: NVIDIA GeForce GPU
[2017.04.01-20.28.40:818][  0]LogD3D11RHI:   Driver Version: Unknown (internal:Unknown, unified:Unknown)
[2017.04.01-20.28.40:818][  0]LogD3D11RHI:      Driver Date: Unknown
[2017.04.01-20.28.40:818][  0]LogRHI: Texture pool is 697 MB (70% of 996 MB)
[2017.04.01-20.28.40:838][  0]LogD3D11RHI: Async texture creation enabled
[2017.04.01-20.28.40:849][  0]LogD3D11RHI: GPU Timing Frequency: 1000.000000 (Debug: 2 0)
[2017.04.01-20.28.40:849][  0]LogShaderCompilers: Guid format shader working directory is -22 characters bigger than the processId version (../../../../../../Users/Sabrina/Documents/Call-Of-Bread/Call_Of_bread/Intermediate/Shaders/WorkingDirectory/12524/).
[2017.04.01-20.28.40:849][  0]LogShaderCompilers: Cleaned the shader compiler working directory 'C:/Users/Sabrina/AppData/Local/Temp/UnrealShaderWorkingDir/4EC6820C4F0B7CFC3D79A08BA4376428/'.
[2017.04.01-20.28.40:850][  0]LogShaderCompilers:Display: Using Local Shader Compiler.
[2017.04.01-20.28.44:224][  0]LogTemp:Display: Loaded TP AllDesktopTargetPlatform
[2017.04.01-20.28.44:306][  0]LogTemp:Display: Loaded TP MacClientTargetPlatform
[2017.04.01-20.28.44:367][  0]LogTemp:Display: Loaded TP MacNoEditorTargetPlatform
[2017.04.01-20.28.44:460][  0]LogTemp:Display: Loaded TP MacServerTargetPlatform
[2017.04.01-20.28.44:556][  0]LogTemp:Display: Loaded TP MacTargetPlatform
[2017.04.01-20.28.44:645][  0]LogTemp:Display: Loaded TP WindowsClientTargetPlatform
[2017.04.01-20.28.44:709][  0]LogTemp:Display: Loaded TP WindowsNoEditorTargetPlatform
[2017.04.01-20.28.44:770][  0]LogTemp:Display: Loaded TP WindowsServerTargetPlatform
[2017.04.01-20.28.44:819][  0]LogTemp:Display: Loaded TP WindowsTargetPlatform
[2017.04.01-20.28.44:907][  0]LogTemp:Display: Loaded TP AndroidTargetPlatform
[2017.04.01-20.28.44:968][  0]LogTemp:Display: Loaded TP Android_ASTCTargetPlatform
[2017.04.01-20.28.45:026][  0]LogTemp:Display: Loaded TP Android_ATCTargetPlatform
[2017.04.01-20.28.45:098][  0]LogTemp:Display: Loaded TP Android_DXTTargetPlatform
[2017.04.01-20.28.45:158][  0]LogTemp:Display: Loaded TP Android_ETC1TargetPlatform
[2017.04.01-20.28.45:245][  0]LogTemp:Display: Loaded TP Android_ETC2TargetPlatform
[2017.04.01-20.28.45:399][  0]LogTemp:Display: Loaded TP Android_MultiTargetPlatform
[2017.04.01-20.28.45:399][  0]LogTemp:Display: Loaded TP Android_PVRTCTargetPlatform
[2017.04.01-20.28.45:474][  0]LogTemp:Display: Loaded TP HTML5TargetPlatform
[2017.04.01-20.28.45:611][  0]LogTemp:Display: Loaded TP IOSTargetPlatform
[2017.04.01-20.28.45:671][  0]LogTemp:Display: Loaded TP TVOSTargetPlatform
[2017.04.01-20.28.45:739][  0]LogTemp:Display: Loaded TP LinuxClientTargetPlatform
[2017.04.01-20.28.45:803][  0]LogTemp:Display: Loaded TP LinuxNoEditorTargetPlatform
[2017.04.01-20.28.45:868][  0]LogTemp:Display: Loaded TP LinuxServerTargetPlatform
[2017.04.01-20.28.45:953][  0]LogTemp:Display: Loaded TP LinuxTargetPlatform
[2017.04.01-20.28.45:953][  0]LogTargetPlatformManager:Display: Building Assets For Windows
[2017.04.01-20.28.46:543][  0]LogDerivedDataCache:Display: Max Cache Size: 512 MB
[2017.04.01-20.28.46:746][  0]LogDerivedDataCache: Loaded boot cache 0.20s 50MB C:/Users/Sabrina/AppData/Local/UnrealEngine/4.14/DerivedDataCache/Boot.ddc.
[2017.04.01-20.28.46:746][  0]LogDerivedDataCache:Display: Loaded Boot cache: C:/Users/Sabrina/AppData/Local/UnrealEngine/4.14/DerivedDataCache/Boot.ddc
[2017.04.01-20.28.46:746][  0]LogDerivedDataCache: FDerivedDataBackendGraph:  Pak pak cache file ../../../../../../Users/Sabrina/Documents/Call-Of-Bread/Call_Of_bread/DerivedDataCache/DDC.ddp not found, will not use a pak cache.
[2017.04.01-20.28.46:746][  0]LogDerivedDataCache: Unable to find inner node Pak for hierarchical cache Hierarchy.
[2017.04.01-20.28.46:746][  0]LogDerivedDataCache: FDerivedDataBackendGraph:  CompressedPak pak cache file ../../../../../../Users/Sabrina/Documents/Call-Of-Bread/Call_Of_bread/DerivedDataCache/Compressed.ddp not found, will not use a pak cache.
[2017.04.01-20.28.46:746][  0]LogDerivedDataCache: Unable to find inner node CompressedPak for hierarchical cache Hierarchy.
[2017.04.01-20.28.46:776][  0]LogDerivedDataCache:Display: Pak cache opened for reading ../../../Engine/DerivedDataCache/Compressed.ddp.
[2017.04.01-20.28.46:789][  0]LogDerivedDataCache: Using Local data cache path C:/Users/Sabrina/AppData/Local/UnrealEngine/Common/DerivedDataCache: Writable
[2017.04.01-20.28.48:647][  0]LogInit: Selected Device Profile: [Windows]
[2017.04.01-20.28.48:650][  0]LogContentStreaming: Texture pool size is 0.00 MB
[2017.04.01-20.28.48:940][  0]LogMeshUtilities: Using QuadricMeshReduction for automatic static mesh reduction
[2017.04.01-20.28.48:991][  0]LogSimplygon: Simplygon DLL not present - disabling.
[2017.04.01-20.28.49:054][  0]LogMeshUtilities: Using SimplygonSwarm for distributed automatic mesh merging
[2017.04.01-20.28.49:054][  0]LogMeshUtilities: No automatic skeletal mesh reduction module available
[2017.04.01-20.28.49:054][  0]LogMeshUtilities: No automatic mesh merging module available
[2017.04.01-20.28.49:866][  0]LogNetVersion: GetLocalNetworkVersion: CL: 3195953, ProjectName: call_of_bread, ProjectVersion: , EngineNetworkVersion: 2, GameNetworkVersion: 0, NetworkChecksum: 1183517265
[2017.04.01-20.28.49:947][  0]LogAssetRegistry: FAssetRegistry took 0.0216 seconds to start up
[2017.04.01-20.28.50:009][  0]LogPackageLocalizationCache: Processed 3 localized package path(s) for 2 prioritized culture(s) in 0.033753 seconds
[2017.04.01-20.28.50:019][  0]LogUObjectArray: 31946 objects as part of root set at end of initial load.
[2017.04.01-20.28.50:019][  0]LogUObjectAllocator: 6935840 out of 0 bytes used by permanent object pool.
[2017.04.01-20.28.50:019][  0]LogUObjectArray: CloseDisregardForGC: 0/0 objects in disregard for GC pool
[2017.04.01-20.28.50:113][  0]LogInit: WinSock: version 1.1 (2.2), MaxSocks=32767, MaxUdp=65467
[2017.04.01-20.28.51:307][  0]LogSlate: Using Freetype 2.6.0
[2017.04.01-20.28.51:325][  0]LogSlate: SlateFontCache - WITH_FREETYPE: 1, WITH_HARFBUZZ: 1
[2017.04.01-20.28.51:325][  0]LogSlate: SlateFontCache - WITH_FREETYPE: 1, WITH_HARFBUZZ: 1
[2017.04.01-20.28.54:593][  0]LogTcpMessaging: Initializing TcpMessaging bridge
[2017.04.01-20.28.54:655][  0]LogUdpMessaging: Initializing bridge on interface 0.0.0.0:0 to multicast group 230.0.0.1:6666.
[2017.04.01-20.28.55:141][  0]LogMaterial: Uniform references updated for custom material expression Custom.
[2017.04.01-20.28.55:756][  0]SourceControl: Info Source control is disabled
[2017.04.01-20.28.55:811][  0]SourceControl: Info Source control is disabled
[2017.04.01-20.28.55:886][  0]SourceControl: Info Source control is disabled
[2017.04.01-20.28.55:956][  0]SourceControl: Info Source control is disabled
[2017.04.01-20.28.57:928][  0]LogEngine: Initializing Engine...
[2017.04.01-20.28.57:928][  0]LogHMD: Failed to initialize OpenVR with code 110
[2017.04.01-20.28.58:304][  0]LogAIModule: Creating AISystem for world Untitled
[2017.04.01-20.28.58:316][  0]LogInit: XAudio2 using 'Speakers (Realtek High Definition Audio(SST))' : 2 channels at 48 kHz using 32 bits per sample (channel mask 0x3)
[2017.04.01-20.28.58:450][  0]LogInit: FAudioDevice initialized.
[2017.04.01-20.28.58:521][  0]LogDerivedDataCache: Saved boot cache 0.07s 50MB C:/Users/Sabrina/AppData/Local/UnrealEngine/4.14/DerivedDataCache/Boot.ddc.
[2017.04.01-20.28.58:531][  0]LogInit: Texture streaming: Enabled
[2017.04.01-20.28.58:816][  0]LogWindowsTextInputMethodSystem:Display: IME system now deactivated.
[2017.04.01-20.28.58:816][  0]LogWindowsTextInputMethodSystem:Display: IME system now deactivated.
[2017.04.01-20.28.58:861][  0]LogInit: Transaction tracking system initialized
[2017.04.01-20.28.59:442][  0]BlueprintLog: New page: Editor Load
[2017.04.01-20.29.00:908][  0]LocalizationService: Info Localization service is disabled
[2017.04.01-20.29.01:919][  0]LogConsoleResponse:Display: 
[2017.04.01-20.29.02:298][  0]LogCook:Display: Max memory allowance for cook 16384mb min free memory 0mb
[2017.04.01-20.29.02:298][  0]LogCook:Display: Mobile HDR setting 1
[2017.04.01-20.29.02:486][  0]LogFileCache: Scanning file cache for directory 'C:/Users/Sabrina/Documents/Call-Of-Bread/Call_Of_bread/Content/' took 0.02s
[2017.04.01-20.29.03:815][  0]SourceControl: Info Source control is disabled
[2017.04.01-20.29.03:815][  0]Cmd: MAP LOAD FILE="../../../../../../Users/Sabrina/Documents/Call-Of-Bread/Call_Of_bread/Content/ThirdPersonBP/Maps/ThirdPersonExampleMap.umap" TEMPLATE=0 SHOWPROGRESS=1 FEATURELEVEL=3
[2017.04.01-20.29.03:822][  0]LightingResults: New page: Lighting Build
[2017.04.01-20.29.03:894][  0]MapCheck: New page: Map Check
[2017.04.01-20.29.03:894][  0]LightingResults: New page: Lighting Build
[2017.04.01-20.29.04:741][  0]LogAIModule: Creating AISystem for world ThirdPersonExampleMap
[2017.04.01-20.29.05:059][  0]LogEditorServer: Finished looking for orphan Actors (0.000 secs)
[2017.04.01-20.29.05:060][  0]Cmd: MAP CHECKDEP NOCLEARLOG
[2017.04.01-20.29.05:129][  0]MapCheck: Info Map check complete: 0 Error(s), 0 Warning(s), took 69.684ms to complete.
[2017.04.01-20.29.05:129][  0]LogFileHelpers: Loading map 'ThirdPersonExampleMap' took 1.315
[2017.04.01-20.29.05:324][  0]LogCollectionManager: Loaded 0 collections in 0.001962 seconds
[2017.04.01-20.29.05:433][  0]LogFileCache: Scanning file cache for directory 'C:/Users/Sabrina/Documents/Call-Of-Bread/Call_Of_bread/Saved/Collections/' took 0.01s
[2017.04.01-20.29.05:433][  0]LogFileCache: Scanning file cache for directory 'C:/Users/Sabrina/Documents/Call-Of-Bread/Call_Of_bread/Content/Developers/Sabrina/Collections/' took 0.01s
[2017.04.01-20.29.05:433][  0]LogFileCache: Scanning file cache for directory 'C:/Users/Sabrina/Documents/Call-Of-Bread/Call_Of_bread/Content/Collections/' took 0.01s
[2017.04.01-20.29.05:433][  0]LogCollectionManager: Rebuilt the GUID cache for 0 collections in 0.000002 seconds
[2017.04.01-20.29.05:450][  0]LogContentBrowser: Native class hierarchy populated in 0.0169 seconds. Added 2190 classes and 428 folders.
[2017.04.01-20.29.05:529][  0]LogStats: UGameplayTagsManager::ConstructGameplayTagTree: Construct from data asset -  0.000 s
[2017.04.01-20.29.05:529][  0]LogStats: UGameplayTagsManager::ConstructGameplayTagTree: GameplayTagTreeChangedEvent.Broadcast -  0.000 s
[2017.04.01-20.29.05:533][  0]LogContentBrowser: Native class hierarchy updated for 'GameplayTags' in 0.0027 seconds. Added 13 classes and 0 folders.
[2017.04.01-20.29.05:656][  0]LogContentBrowser: Native class hierarchy updated for 'WidgetCarousel' in 0.0008 seconds. Added 0 classes and 0 folders.
[2017.04.01-20.29.06:177][  0]LogContentBrowser: Native class hierarchy updated for 'AddContentDialog' in 0.0009 seconds. Added 0 classes and 0 folders.
[2017.04.01-20.29.06:262][  0]LogContentBrowser: Native class hierarchy updated for 'SceneOutliner' in 0.0009 seconds. Added 1 classes and 2 folders.
[2017.04.01-20.29.06:449][  0]LogCrashTracker: Crashtracker disabled due to settings.
[2017.04.01-20.29.06:458][  0]LogUObjectGlobals:Warning: Failed to find object 'Class None.'
[2017.04.01-20.29.06:573][  0]LogContentBrowser: Native class hierarchy updated for 'HierarchicalLODOutliner' in 0.0010 seconds. Added 1 classes and 2 folders.
[2017.04.01-20.29.06:573][  0]LogLoad: (Engine Initialization) Total time: 32.33 seconds
[2017.04.01-20.29.06:573][  0]LogLoad: (Engine Initialization) Total Blueprint compile time: 0.26 seconds
[2017.04.01-20.29.06:573][  0]LogExternalProfiler: Found external profiler: VSPerf
[2017.04.01-20.29.06:573][  0]LogExternalProfiler: Using external profiler: VSPerf
[2017.04.01-20.29.06:592][  0]LogOcInput: OculusInput pre-init called
[2017.04.01-20.29.06:614][  0]LogContentStreaming: Texture pool size now 1000 MB
[2017.04.01-20.29.06:884][  0]LogRenderer: Reallocating scene render targets to support 1152x544 NumSamples 1 (Frame:2).
[2017.04.01-20.29.07:334][  2]LogAssetRegistry: Asset discovery search completed in 17.4090 seconds
[2017.04.01-20.29.07:335][  2]LogCollectionManager: Rebuilt the object cache for 0 collections in 0.000001 seconds (found 0 objects)
[2017.04.01-20.29.07:335][  2]LogCollectionManager: Fixed up redirectors for 0 collections in 0.000034 seconds (updated 0 objects)
[2017.04.01-20.29.24:544][621]LogFactory: FactoryCreateFile: StaticMesh with FbxFactory (0 0 C:\Users\Sabrina\Desktop\CALL OF BREAD GAME\Fbx files\umbrellastart.fbx)
[2017.04.01-20.29.24:580][621]LogFbx: ItemName: GlobalSettings, ItemCount : 1
[2017.04.01-20.29.24:580][621]LogFbx: ItemName: NodeAttribute, ItemCount : 2
[2017.04.01-20.29.24:580][621]LogFbx: ItemName: Geometry, ItemCount : 1
[2017.04.01-20.29.24:581][621]LogFbx: ItemName: Model, ItemCount : 3
[2017.04.01-20.29.24:581][621]LogFbx: ItemName: Material, ItemCount : 2
[2017.04.01-20.29.24:589][621]LogFbx: Loading FBX Scene from C:\Users\Sabrina\Desktop\CALL OF BREAD GAME\Fbx files\umbrellastart.fbx
[2017.04.01-20.29.24:601][621]LogFbx: FBX Scene Loaded Succesfully
[2017.04.01-20.29.26:116][621]LogFbx: Loading FBX Scene from C:\Users\Sabrina\Desktop\CALL OF BREAD GAME\Fbx files\umbrellastart.fbx
[2017.04.01-20.29.26:125][621]LogFbx: FBX Scene Loaded Succesfully
[2017.04.01-20.29.26:128][621]LogLinker: Can't find file '/Game/Assets/Material'
[2017.04.01-20.29.26:128][621]LogLinker: Can't find file '/Game/Assets/Material'
[2017.04.01-20.29.26:134][621]LogMaterial: Missing cached shader map for material Material, compiling. 
[2017.04.01-20.29.26:167][621]LogLinker: Can't find file '/Game/Assets/Material_001'
[2017.04.01-20.29.26:167][621]LogLinker: Can't find file '/Game/Assets/Material_001'
[2017.04.01-20.29.26:174][621]LogMaterial: Missing cached shader map for material Material_001, compiling. 
[2017.04.01-20.29.26:200][621]LogFbx:Warning: Triangulating static mesh Circle.001
[2017.04.01-20.29.26:233][621]LogStaticMesh: Building static mesh umbrellastart...
[2017.04.01-20.29.26:249][621]LogStaticMesh: Built static mesh [0.02s] /Game/Assets/umbrellastart.umbrellastart
[2017.04.01-20.29.26:259][621]FBXImport:Warning: Warning No smoothing group information was found in this FBX scene.  Please make sure to enable the 'Export Smoothing Groups' option in the FBX Exporter plug-in before exporting the file.  Even for tools that don't support smoothing groups, the FBX Exporter will generate appropriate smoothing data at export-time so that correct vertex normals can be inferred while importing. 
[2017.04.01-20.29.26:259][621]FBXImport:Warning: Warning Warning: The imported mesh is very small. This is most likely an issue with the units used when exporting to FBX. 
[2017.04.01-20.29.36:830][853]LogRenderer: Reallocating scene render targets to support 1152x692 NumSamples 1 (Frame:942).
[2017.04.01-20.31.26:612][858]LogFactory: FactoryCreateFile: StaticMesh with FbxFactory (0 0 C:\Users\Sabrina\Desktop\CALL OF BREAD GAME\Fbx files\Kitchenroll.fbx)
[2017.04.01-20.31.26:629][858]LogFbx: ItemName: GlobalSettings, ItemCount : 1
[2017.04.01-20.31.26:629][858]LogFbx: ItemName: NodeAttribute, ItemCount : 2
[2017.04.01-20.31.26:629][858]LogFbx: ItemName: Geometry, ItemCount : 1
[2017.04.01-20.31.26:629][858]LogFbx: ItemName: Model, ItemCount : 3
[2017.04.01-20.31.26:630][858]LogFbx: ItemName: Material, ItemCount : 2
[2017.04.01-20.31.26:640][858]LogFbx: Loading FBX Scene from C:\Users\Sabrina\Desktop\CALL OF BREAD GAME\Fbx files\Kitchenroll.fbx
[2017.04.01-20.31.26:652][858]LogFbx: FBX Scene Loaded Succesfully
[2017.04.01-20.31.28:102][858]LogFbx: Loading FBX Scene from C:\Users\Sabrina\Desktop\CALL OF BREAD GAME\Fbx files\Kitchenroll.fbx
[2017.04.01-20.31.28:115][858]LogFbx: FBX Scene Loaded Succesfully
[2017.04.01-20.31.28:120][858]LogLinker: Can't find file '/Game/Assets/Kitchencounterclutter/Material_001'
[2017.04.01-20.31.28:121][858]LogLinker: Can't find file '/Game/Assets/Kitchencounterclutter/Material_001'
[2017.04.01-20.31.28:159][858]LogMaterial: Missing cached shader map for material Material_001, compiling. 
[2017.04.01-20.31.28:179][858]LogLinker: Can't find file '/Game/Assets/Kitchencounterclutter/Material_002'
[2017.04.01-20.31.28:180][858]LogLinker: Can't find file '/Game/Assets/Kitchencounterclutter/Material_002'
[2017.04.01-20.31.28:188][858]LogMaterial: Missing cached shader map for material Material_002, compiling. 
[2017.04.01-20.31.28:223][858]LogFbx:Warning: Triangulating static mesh Cylinder
[2017.04.01-20.31.28:309][858]LogStaticMesh: Building static mesh Kitchenroll...
[2017.04.01-20.31.28:329][858]LogStaticMesh: Built static mesh [0.02s] /Game/Assets/Kitchencounterclutter/Kitchenroll.Kitchenroll
[2017.04.01-20.31.28:342][858]FBXImport:Warning: Warning No smoothing group information was found in this FBX scene.  Please make sure to enable the 'Export Smoothing Groups' option in the FBX Exporter plug-in before exporting the file.  Even for tools that don't support smoothing groups, the FBX Exporter will generate appropriate smoothing data at export-time so that correct vertex normals can be inferred while importing. 
[2017.04.01-20.32.20:840][579]LogFactory: FactoryCreateFile: StaticMesh with FbxFactory (0 0 C:\Users\Sabrina\Desktop\CALL OF BREAD GAME\Fbx files\over the counter towel.fbx)
[2017.04.01-20.32.20:854][579]LogFbx: ItemName: GlobalSettings, ItemCount : 1
[2017.04.01-20.32.20:854][579]LogFbx: ItemName: NodeAttribute, ItemCount : 2
[2017.04.01-20.32.20:854][579]LogFbx: ItemName: Geometry, ItemCount : 1
[2017.04.01-20.32.20:855][579]LogFbx: ItemName: Model, ItemCount : 3
[2017.04.01-20.32.20:855][579]LogFbx: ItemName: Material, ItemCount : 1
[2017.04.01-20.32.20:863][579]LogFbx: Loading FBX Scene from C:\Users\Sabrina\Desktop\CALL OF BREAD GAME\Fbx files\over the counter towel.fbx
[2017.04.01-20.32.20:875][579]LogFbx: FBX Scene Loaded Succesfully
[2017.04.01-20.32.22:158][579]LogFbx: Loading FBX Scene from C:\Users\Sabrina\Desktop\CALL OF BREAD GAME\Fbx files\over the counter towel.fbx
[2017.04.01-20.32.22:173][579]LogFbx: FBX Scene Loaded Succesfully
[2017.04.01-20.32.22:178][579]LogFbx:Warning: Triangulating static mesh BezierCurve
[2017.04.01-20.32.22:606][579]LogStaticMesh: Building static mesh over_the_counter_towel...
[2017.04.01-20.32.22:650][579]LogStaticMesh: Built static mesh [0.08s] /Game/Assets/Kitchencounterclutter/over_the_counter_towel.over_the_counter_towel
[2017.04.01-20.32.22:687][579]FBXImport:Warning: Warning No smoothing group information was found in this FBX scene.  Please make sure to enable the 'Export Smoothing Groups' option in the FBX Exporter plug-in before exporting the file.  Even for tools that don't support smoothing groups, the FBX Exporter will generate appropriate smoothing data at export-time so that correct vertex normals can be inferred while importing. 
[2017.04.01-20.32.37:222][849]LogFactory: FactoryCreateFile: StaticMesh with FbxFactory (0 0 C:\Users\Sabrina\Desktop\CALL OF BREAD GAME\Fbx files\folded kitchen towel.fbx)
[2017.04.01-20.32.37:239][849]LogFbx: ItemName: GlobalSettings, ItemCount : 1
[2017.04.01-20.32.37:239][849]LogFbx: ItemName: NodeAttribute, ItemCount : 2
[2017.04.01-20.32.37:239][849]LogFbx: ItemName: Geometry, ItemCount : 1
[2017.04.01-20.32.37:239][849]LogFbx: ItemName: Model, ItemCount : 3
[2017.04.01-20.32.37:239][849]LogFbx: ItemName: Material, ItemCount : 1
[2017.04.01-20.32.37:247][849]LogFbx: Loading FBX Scene from C:\Users\Sabrina\Desktop\CALL OF BREAD GAME\Fbx files\folded kitchen towel.fbx
[2017.04.01-20.32.37:259][849]LogFbx: FBX Scene Loaded Succesfully
[2017.04.01-20.32.38:784][849]LogFbx: Loading FBX Scene from C:\Users\Sabrina\Desktop\CALL OF BREAD GAME\Fbx files\folded kitchen towel.fbx
[2017.04.01-20.32.38:797][849]LogFbx: FBX Scene Loaded Succesfully
[2017.04.01-20.32.38:801][849]LogFbx:Warning: Triangulating static mesh BezierCurve
[2017.04.01-20.32.39:003][849]LogStaticMesh: Building static mesh folded_kitchen_towel...
[2017.04.01-20.32.39:023][849]LogStaticMesh: Built static mesh [0.02s] /Game/Assets/Kitchencounterclutter/folded_kitchen_towel.folded_kitchen_towel
[2017.04.01-20.32.39:036][849]FBXImport:Warning: Warning No smoothing group information was found in this FBX scene.  Please make sure to enable the 'Export Smoothing Groups' option in the FBX Exporter plug-in before exporting the file.  Even for tools that don't support smoothing groups, the FBX Exporter will generate appropriate smoothing data at export-time so that correct vertex normals can be inferred while importing. 
[2017.04.01-20.32.43:438][ 30]LogEditorFactories: Performing atomic reimport of [C:/Users/Sabrina/Desktop/CALL OF BREAD GAME/Fbx files/folded kitchen towel.fbx]
[2017.04.01-20.32.43:467][ 30]LogFbx: Loading FBX Scene from C:/Users/Sabrina/Desktop/CALL OF BREAD GAME/Fbx files/folded kitchen towel.fbx
[2017.04.01-20.32.43:476][ 30]LogFbx: FBX Scene Loaded Succesfully
[2017.04.01-20.32.43:481][ 30]LogFbx:Warning: Warning No smoothing group information was found in this FBX scene.  Please make sure to enable the 'Export Smoothing Groups' option in the FBX Exporter plug-in before exporting the file.  Even for tools that don't support smoothing groups, the FBX Exporter will generate appropriate smoothing data at export-time so that correct vertex normals can be inferred while importing.
[2017.04.01-20.32.43:483][ 30]LogFbx:Warning: Triangulating static mesh BezierCurve
[2017.04.01-20.32.43:655][ 30]LogStaticMesh: Building static mesh folded_kitchen_towel...
[2017.04.01-20.32.43:674][ 30]LogStaticMesh: Built static mesh [0.05s] /Game/Assets/Kitchencounterclutter/folded_kitchen_towel.folded_kitchen_towel
[2017.04.01-20.32.43:686][ 30]LogEditorFactories: -- imported successfully
[2017.04.01-20.33.34:430][127]Cmd: OBJ SAVEPACKAGE PACKAGE="/Game/Assets/umbrellastart" FILE="../../../../../../Users/Sabrina/Documents/Call-Of-Bread/Call_Of_bread/Content/Assets/umbrellastart.uasset" SILENT=true
[2017.04.01-20.33.34:467][127]LogSavePackage: Save=32.89ms
[2017.04.01-20.33.34:467][127]LogSavePackage: Moving '../../../../../../Users/Sabrina/Documents/Call-Of-Bread/Call_Of_bread/Saved/umbrellastart8CF41F2D4D59259FBE4598A2663C59E9.tmp' to '../../../../../../Users/Sabrina/Documents/Call-Of-Bread/Call_Of_bread/Content/Assets/umbrellastart.uasset'
[2017.04.01-20.33.34:478][127]LogSavePackage:Display: Finished SavePackage ../../../../../../Users/Sabrina/Documents/Call-Of-Bread/Call_Of_bread/Content/Assets/umbrellastart.uasset
[2017.04.01-20.33.34:517][127]Cmd: OBJ SAVEPACKAGE PACKAGE="/Game/Assets/Material" FILE="../../../../../../Users/Sabrina/Documents/Call-Of-Bread/Call_Of_bread/Content/Assets/Material.uasset" SILENT=true
[2017.04.01-20.33.34:539][127]LogSavePackage: Save=20.54ms
[2017.04.01-20.33.34:539][127]LogSavePackage: Moving '../../../../../../Users/Sabrina/Documents/Call-Of-Bread/Call_Of_bread/Saved/Material79D4BE15457CC0BFBD7580A6E8016295.tmp' to '../../../../../../Users/Sabrina/Documents/Call-Of-Bread/Call_Of_bread/Content/Assets/Material.uasset'
[2017.04.01-20.33.34:543][127]LogSavePackage:Display: Finished SavePackage ../../../../../../Users/Sabrina/Documents/Call-Of-Bread/Call_Of_bread/Content/Assets/Material.uasset
[2017.04.01-20.33.34:578][127]Cmd: OBJ SAVEPACKAGE PACKAGE="/Game/Assets/Material_001" FILE="../../../../../../Users/Sabrina/Documents/Call-Of-Bread/Call_Of_bread/Content/Assets/Material_001.uasset" SILENT=true
[2017.04.01-20.33.34:601][127]LogSavePackage: Save=20.91ms
[2017.04.01-20.33.34:601][127]LogSavePackage: Moving '../../../../../../Users/Sabrina/Documents/Call-Of-Bread/Call_Of_bread/Saved/Material_001C50E87DA4318E834C39CEAB05F6D3AC6.tmp' to '../../../../../../Users/Sabrina/Documents/Call-Of-Bread/Call_Of_bread/Content/Assets/Material_001.uasset'
[2017.04.01-20.33.34:605][127]LogSavePackage:Display: Finished SavePackage ../../../../../../Users/Sabrina/Documents/Call-Of-Bread/Call_Of_bread/Content/Assets/Material_001.uasset
[2017.04.01-20.33.34:660][127]LogSavePackage: Save=18.51ms
[2017.04.01-20.33.34:660][127]LogSavePackage: Moving '../../../../../../Users/Sabrina/Documents/Call-Of-Bread/Call_Of_bread/Saved/Kitchenroll2368AD504588D13744C78B91826FB989.tmp' to '../../../../../../Users/Sabrina/Documents/Call-Of-Bread/Call_Of_bread/Content/Assets/Kitchencounterclutter/Kitchenroll.uasset'
[2017.04.01-20.33.34:664][127]LogSavePackage:Display: Finished SavePackage ../../../../../../Users/Sabrina/Documents/Call-Of-Bread/Call_Of_bread/Content/Assets/Kitchencounterclutter/Kitchenroll.uasset
[2017.04.01-20.33.34:720][127]LogSavePackage: Save=19.02ms
[2017.04.01-20.33.34:720][127]LogSavePackage: Moving '../../../../../../Users/Sabrina/Documents/Call-Of-Bread/Call_Of_bread/Saved/Material_0018A7C08A2470ADD6C0080D79DD8F5FDFF.tmp' to '../../../../../../Users/Sabrina/Documents/Call-Of-Bread/Call_Of_bread/Content/Assets/Kitchencounterclutter/Material_001.uasset'
[2017.04.01-20.33.34:724][127]LogSavePackage:Display: Finished SavePackage ../../../../../../Users/Sabrina/Documents/Call-Of-Bread/Call_Of_bread/Content/Assets/Kitchencounterclutter/Material_001.uasset
[2017.04.01-20.33.34:777][127]LogSavePackage: Save=19.10ms
[2017.04.01-20.33.34:777][127]LogSavePackage: Moving '../../../../../../Users/Sabrina/Documents/Call-Of-Bread/Call_Of_bread/Saved/Material_0029C29E6CD4C56FFDCFC83C6860569E0A3.tmp' to '../../../../../../Users/Sabrina/Documents/Call-Of-Bread/Call_Of_bread/Content/Assets/Kitchencounterclutter/Material_002.uasset'
[2017.04.01-20.33.34:781][127]LogSavePackage:Display: Finished SavePackage ../../../../../../Users/Sabrina/Documents/Call-Of-Bread/Call_Of_bread/Content/Assets/Kitchencounterclutter/Material_002.uasset
[2017.04.01-20.33.34:852][127]LogSavePackage: Save=29.59ms
[2017.04.01-20.33.34:852][127]LogSavePackage: Moving '../../../../../../Users/Sabrina/Documents/Call-Of-Bread/Call_Of_bread/Saved/over_the_counter_towelD3239A224D11EDCA4E92988EA0B7A4DB.tmp' to '../../../../../../Users/Sabrina/Documents/Call-Of-Bread/Call_Of_bread/Content/Assets/Kitchencounterclutter/over_the_counter_towel.uasset'
[2017.04.01-20.33.34:856][127]LogSavePackage:Display: Finished SavePackage ../../../../../../Users/Sabrina/Documents/Call-Of-Bread/Call_Of_bread/Content/Assets/Kitchencounterclutter/over_the_counter_towel.uasset
[2017.04.01-20.33.34:907][127]LogSavePackage: Save=16.38ms
[2017.04.01-20.33.34:907][127]LogSavePackage: Moving '../../../../../../Users/Sabrina/Documents/Call-Of-Bread/Call_Of_bread/Saved/folded_kitchen_towel986B4E394DDC659D8994688EC6EEE1A4.tmp' to '../../../../../../Users/Sabrina/Documents/Call-Of-Bread/Call_Of_bread/Content/Assets/Kitchencounterclutter/folded_kitchen_towel.uasset'
[2017.04.01-20.33.34:911][127]LogSavePackage:Display: Finished SavePackage ../../../../../../Users/Sabrina/Documents/Call-Of-Bread/Call_Of_bread/Content/Assets/Kitchencounterclutter/folded_kitchen_towel.uasset
[2017.04.01-20.33.37:279][257]LogWindowsTextInputMethodSystem:Display: IME system now deactivated.
[2017.04.01-20.33.37:279][257]LogWindowsTextInputMethodSystem:Display: IME system now deactivated.
[2017.04.01-20.33.37:586][258]Cmd: QUIT_EDITOR
[2017.04.01-20.33.37:733][258]LogExit: Preparing to exit.
[2017.04.01-20.33.38:942][258]LogDirectoryWatcher: A directory notification for 'C:/Users/Sabrina/Documents/Call-Of-Bread/Call_Of_bread/Content/' was aborted.
[2017.04.01-20.33.38:980][258]LogExit: Editor shut down
[2017.04.01-20.33.38:980][258]LogExit: Transaction tracking system shut down
[2017.04.01-20.33.39:207][258]LogObj: Freed 0b from 0 cluster array pools.
[2017.04.01-20.33.39:207][258]LogExit: Object subsystem successfully closed.
[2017.04.01-20.33.39:301][258]LogD3D11RHI: Shutdown
[2017.04.01-20.33.39:301][258]LogD3D11RHI: CleanupD3DDevice
[2017.04.01-20.33.39:522][258]LogD3D11RHI: ~FD3D11DynamicRHI
[2017.04.01-20.33.39:574][258]LogHttp:Display: Http module shutting down, but needs to wait on 2 outstanding Http requests:
[2017.04.01-20.33.39:574][258]LogHttp:Display: 	verb=[POST] url=[https://datarouter.ol.epicgames.com/datarouter/api/v1/public/data?SessionID=%7B3743945E-4BC6-01F3-049C-5D842116231A%7D&AppID=UEEditor.Rocket.Release&AppVersion=4.14.1-3224400%2B%2B%2BUE4%2BRelease-4.14&UserID=c7f13bf945c3301e352a60bf81dddae3%7Cf7698a23ab304a72af95938514704e6f%7Ca4eec51f-45a8-441a-8972-fd03d43fbe44&AppEnvironment=datacollector-binary&UploadType=eteventstream] status=Processing
[2017.04.01-20.33.39:574][258]LogHttp:Display: 	verb=[POST] url=[https://datarouter.ol.epicgames.com/datarouter/api/v1/public/data?SessionID=%7B3743945E-4BC6-01F3-049C-5D842116231A%7D&AppID=UEEditor.Rocket.Release&AppVersion=4.14.1-3224400%2B%2B%2BUE4%2BRelease-4.14&UserID=c7f13bf945c3301e352a60bf81dddae3%7Cf7698a23ab304a72af95938514704e6f%7Ca4eec51f-45a8-441a-8972-fd03d43fbe44&AppEnvironment=datacollector-binary&UploadType=eteventstream] status=Processing
[2017.04.01-20.33.39:599][258]LogModuleManager: Shutting down and abandoning module StaticMeshEditor (242)
[2017.04.01-20.33.39:599][258]LogModuleManager: Shutting down and abandoning module HierarchicalLODOutliner (241)
[2017.04.01-20.33.39:608][258]LogModuleManager: Shutting down and abandoning module CrashTracker (240)
[2017.04.01-20.33.39:616][258]LogModuleManager: Shutting down and abandoning module SceneOutliner (239)
[2017.04.01-20.33.39:617][258]LogModuleManager: Shutting down and abandoning module WidgetCarousel (238)
[2017.04.01-20.33.39:617][258]LogModuleManager: Shutting down and abandoning module AddContentDialog (237)
[2017.04.01-20.33.39:618][258]LogDirectoryWatcher: A directory notification for 'C:/Program Files (x86)/Epic Games/4.14/FeaturePacks/' was aborted.
[2017.04.01-20.33.39:619][258]LogModuleManager: Shutting down and abandoning module GameplayTags (236)
[2017.04.01-20.33.39:619][258]LogModuleManager: Shutting down and abandoning module EditorWidgets (235)
[2017.04.01-20.33.39:619][258]LogModuleManager: Shutting down and abandoning module CollectionManager (234)
[2017.04.01-20.33.39:620][258]LogDirectoryWatcher: A directory notification for 'C:/Users/Sabrina/Documents/Call-Of-Bread/Call_Of_bread/Content/Collections/' was aborted.
[2017.04.01-20.33.39:620][258]LogDirectoryWatcher: A directory notification for 'C:/Users/Sabrina/Documents/Call-Of-Bread/Call_Of_bread/Content/Developers/Sabrina/Collections/' was aborted.
[2017.04.01-20.33.39:620][258]LogDirectoryWatcher: A directory notification for 'C:/Users/Sabrina/Documents/Call-Of-Bread/Call_Of_bread/Saved/Collections/' was aborted.
[2017.04.01-20.33.39:621][258]LogModuleManager: Shutting down and abandoning module StatsViewer (233)
[2017.04.01-20.33.39:621][258]LogModuleManager: Shutting down and abandoning module FoliageEdit (232)
[2017.04.01-20.33.39:622][258]LogModuleManager: Shutting down and abandoning module LandscapeEditor (231)
[2017.04.01-20.33.39:623][258]LogModuleManager: Shutting down and abandoning module SceneDepthPickerMode (230)
[2017.04.01-20.33.39:623][258]LogModuleManager: Shutting down and abandoning module ActorPickerMode (229)
[2017.04.01-20.33.39:623][258]LogModuleManager: Shutting down and abandoning module GeometryMode (228)
[2017.04.01-20.33.39:623][258]LogModuleManager: Shutting down and abandoning module TextureAlignMode (227)
[2017.04.01-20.33.39:623][258]LogModuleManager: Shutting down and abandoning module BspMode (226)
[2017.04.01-20.33.39:623][258]LogModuleManager: Shutting down and abandoning module HardwareSurvey (225)
[2017.04.01-20.33.39:623][258]LogModuleManager: Shutting down and abandoning module SequenceRecorderSections (224)
[2017.04.01-20.33.39:623][258]LogModuleManager: Shutting down and abandoning module AutomationWorker (223)
[2017.04.01-20.33.39:624][258]LogModuleManager: Shutting down and abandoning module MatineeToLevelSequence (222)
[2017.04.01-20.33.39:624][258]LogModuleManager: Shutting down and abandoning module PlacementMode (221)
[2017.04.01-20.33.39:625][258]LogModuleManager: Shutting down and abandoning module LevelSequenceEditor (220)
[2017.04.01-20.33.39:626][258]LogModuleManager: Shutting down and abandoning module WmfMediaFactory (219)
[2017.04.01-20.33.39:626][258]LogModuleManager: Shutting down and abandoning module WmfMediaEditor (218)
[2017.04.01-20.33.39:626][258]LogModuleManager: Shutting down and abandoning module AvfMediaFactory (217)
[2017.04.01-20.33.39:626][258]LogModuleManager: Shutting down and abandoning module AvfMediaEditor (216)
[2017.04.01-20.33.39:626][258]LogModuleManager: Shutting down and abandoning module Media (215)
[2017.04.01-20.33.39:626][258]LogModuleManager: Shutting down and abandoning module AndroidMediaFactory (214)
[2017.04.01-20.33.39:626][258]LogModuleManager: Shutting down and abandoning module AndroidMediaEditor (213)
[2017.04.01-20.33.39:626][258]LogModuleManager: Shutting down and abandoning module CharacterAI (212)
[2017.04.01-20.33.39:626][258]LogModuleManager: Shutting down and abandoning module SequenceRecorder (211)
[2017.04.01-20.33.39:628][258]LogModuleManager: Shutting down and abandoning module AudioCapture (210)
[2017.04.01-20.33.39:628][258]LogModuleManager: Shutting down and abandoning module SmartSnapping (209)
[2017.04.01-20.33.39:628][258]LogModuleManager: Shutting down and abandoning module SessionServices (208)
[2017.04.01-20.33.39:628][258]LogModuleManager: Shutting down and abandoning module ViewportSnapping (207)
[2017.04.01-20.33.39:628][258]LogModuleManager: Shutting down and abandoning module ViewportInteraction (206)
[2017.04.01-20.33.39:628][258]LogModuleManager: Shutting down and abandoning module LogVisualizer (205)
[2017.04.01-20.33.39:629][258]LogModuleManager: Shutting down and abandoning module GameProjectGeneration (204)
[2017.04.01-20.33.39:631][258]LogModuleManager: Shutting down and abandoning module IntroTutorials (203)
[2017.04.01-20.33.39:631][258]LogModuleManager: Shutting down and abandoning module EditorLiveStreaming (202)
[2017.04.01-20.33.39:631][258]LogModuleManager: Shutting down and abandoning module IOSPlatformEditor (201)
[2017.04.01-20.33.39:632][258]LogModuleManager: Shutting down and abandoning module HTML5PlatformEditor (200)
[2017.04.01-20.33.39:632][258]LogModuleManager: Shutting down and abandoning module AndroidDeviceDetection (199)
[2017.04.01-20.33.39:943][258]LogModuleManager: Shutting down and abandoning module AndroidPlatformEditor (198)
[2017.04.01-20.33.39:943][258]LogModuleManager: Shutting down and abandoning module IOSRuntimeSettings (197)
[2017.04.01-20.33.39:943][258]LogModuleManager: Shutting down and abandoning module AndroidRuntimeSettings (196)
[2017.04.01-20.33.39:943][258]LogModuleManager: Shutting down and abandoning module InputBindingEditor (195)
[2017.04.01-20.33.39:944][258]LogModuleManager: Shutting down and abandoning module NiagaraEditor (194)
[2017.04.01-20.33.39:945][258]LogModuleManager: Shutting down and abandoning module MergeActors (193)
[2017.04.01-20.33.39:946][258]LogModuleManager: Shutting down and abandoning module SizeMap (192)
[2017.04.01-20.33.39:946][258]LogModuleManager: Shutting down and abandoning module TreeMap (191)
[2017.04.01-20.33.39:968][258]LogModuleManager: Shutting down and abandoning module ReferenceViewer (190)
[2017.04.01-20.33.39:968][258]LogModuleManager: Shutting down and abandoning module LocalizationService (189)
[2017.04.01-20.33.39:969][258]LogModuleManager: Shutting down and abandoning module LocalizationDashboard (188)
[2017.04.01-20.33.39:996][258]LogModuleManager: Shutting down and abandoning module HardwareTargeting (187)
[2017.04.01-20.33.40:005][258]LogModuleManager: Shutting down and abandoning module DeviceProfileEditor (186)
[2017.04.01-20.33.40:008][258]LogModuleManager: Shutting down and abandoning module UndoHistory (185)
[2017.04.01-20.33.40:008][258]LogModuleManager: Shutting down and abandoning module UserFeedback (184)
[2017.04.01-20.33.40:008][258]LogModuleManager: Shutting down and abandoning module XmlParser (183)
[2017.04.01-20.33.40:009][258]LogModuleManager: Shutting down and abandoning module Blutility (182)
[2017.04.01-20.33.40:009][258]LogModuleManager: Shutting down and abandoning module ProjectTargetPlatformEditor (181)
[2017.04.01-20.33.40:009][258]LogModuleManager: Shutting down and abandoning module ProjectSettingsViewer (180)
[2017.04.01-20.33.40:009][258]LogModuleManager: Shutting down and abandoning module EditorSettingsViewer (179)
[2017.04.01-20.33.40:009][258]LogModuleManager: Shutting down and abandoning module SettingsEditor (178)
[2017.04.01-20.33.40:011][258]LogModuleManager: Shutting down and abandoning module ProjectLauncher (177)
[2017.04.01-20.33.40:012][258]LogModuleManager: Shutting down and abandoning module SessionFrontend (176)
[2017.04.01-20.33.40:012][258]LogModuleManager: Shutting down and abandoning module ProfilerClient (175)
[2017.04.01-20.33.40:013][258]LogModuleManager: Shutting down and abandoning module TargetDeviceServices (174)
[2017.04.01-20.33.40:013][258]LogModuleManager: Shutting down and abandoning module DeviceManager (173)
[2017.04.01-20.33.40:078][258]LogModuleManager: Shutting down and abandoning module AutomationController (172)
[2017.04.01-20.33.40:097][258]LogModuleManager: Shutting down and abandoning module AutomationWindow (171)
[2017.04.01-20.33.40:098][258]LogModuleManager: Shutting down and abandoning module Layers (170)
[2017.04.01-20.33.40:099][258]LogModuleManager: Shutting down and abandoning module ComponentVisualizers (169)
[2017.04.01-20.33.40:099][258]LogModuleManager: Shutting down and abandoning module DetailCustomizations (168)
[2017.04.01-20.33.40:100][258]LogModuleManager: Shutting down and abandoning module PackagesDialog (167)
[2017.04.01-20.33.40:100][258]LogModuleManager: Shutting down and abandoning module AnimGraph (166)
[2017.04.01-20.33.40:100][258]LogModuleManager: Shutting down and abandoning module Persona (165)
[2017.04.01-20.33.40:101][258]LogModuleManager: Shutting down and abandoning module Kismet (164)
[2017.04.01-20.33.40:102][258]LogModuleManager: Shutting down and abandoning module GraphEditor (163)
[2017.04.01-20.33.40:104][258]LogModuleManager: Shutting down and abandoning module ClassViewer (162)
[2017.04.01-20.33.40:105][258]LogModuleManager: Shutting down and abandoning module Toolbox (161)
[2017.04.01-20.33.40:105][258]LogModuleManager: Shutting down and abandoning module ModuleUI (160)
[2017.04.01-20.33.40:106][258]LogModuleManager: Shutting down and abandoning module MovieSceneTools (159)
[2017.04.01-20.33.40:107][258]LogModuleManager: Shutting down and abandoning module OutputLog (158)
[2017.04.01-20.33.40:108][258]LogModuleManager: Shutting down and abandoning module GammaUI (157)
[2017.04.01-20.33.40:108][258]LogModuleManager: Shutting down and abandoning module Documentation (156)
[2017.04.01-20.33.40:108][258]LogModuleManager: Shutting down and abandoning module Niagara (155)
[2017.04.01-20.33.40:108][258]LogModuleManager: Shutting down and abandoning module StreamingPauseRendering (154)
[2017.04.01-20.33.40:108][258]LogModuleManager: Shutting down and abandoning module AnalyticsET (153)
[2017.04.01-20.33.40:108][258]LogModuleManager: Shutting down and abandoning module PortalServices (152)
[2017.04.01-20.33.40:108][258]LogModuleManager: Shutting down and abandoning module PortalRpc (151)
[2017.04.01-20.33.40:108][258]LogModuleManager: Shutting down and abandoning module MessagingRpc (150)
[2017.04.01-20.33.40:108][258]LogModuleManager: Shutting down and abandoning module GameplayDebugger (149)
[2017.04.01-20.33.40:109][258]LogModuleManager: Shutting down and abandoning module AITestSuite (148)
[2017.04.01-20.33.40:109][258]LogModuleManager: Shutting down and abandoning module AIModule (147)
[2017.04.01-20.33.40:109][258]LogModuleManager: Shutting down and abandoning module ProfilerService (146)
[2017.04.01-20.33.40:224][258]LogModuleManager: Shutting down and abandoning module TaskGraph (145)
[2017.04.01-20.33.40:226][258]LogModuleManager: Shutting down and abandoning module SlateRemote (144)
[2017.04.01-20.33.40:226][258]LogModuleManager: Shutting down and abandoning module SteamVRController (143)
[2017.04.01-20.33.40:226][258]LogModuleManager: Shutting down and abandoning module SteamVR (142)
[2017.04.01-20.33.40:226][258]LogModuleManager: Shutting down and abandoning module ProceduralMeshComponentEditor (141)
[2017.04.01-20.33.40:226][258]LogModuleManager: Shutting down and abandoning module ProceduralMeshComponent (140)
[2017.04.01-20.33.40:227][258]LogModuleManager: Shutting down and abandoning module OculusLibrary (139)
[2017.04.01-20.33.40:227][258]LogModuleManager: Shutting down and abandoning module OculusInput (138)
[2017.04.01-20.33.40:227][258]LogModuleManager: Shutting down and abandoning module MobilePatchingUtils (137)
[2017.04.01-20.33.40:227][258]LogModuleManager: Shutting down and abandoning module CustomMeshComponent (136)
[2017.04.01-20.33.40:227][258]LogModuleManager: Shutting down and abandoning module CableComponent (135)
[2017.04.01-20.33.40:227][258]LogModuleManager: Shutting down and abandoning module ArchVisCharacter (134)
[2017.04.01-20.33.40:227][258]LogModuleManager: Shutting down and abandoning module MediaPlayerEditor (132)
[2017.04.01-20.33.40:229][258]LogModuleManager: Shutting down and abandoning module HTML5Networking (131)
[2017.04.01-20.33.40:229][258]LogModuleManager: Shutting down and abandoning module GeometryCacheEd (130)
[2017.04.01-20.33.40:229][258]LogModuleManager: Shutting down and abandoning module GeometryCache (129)
[2017.04.01-20.33.40:230][258]LogModuleManager: Shutting down and abandoning module AlembicLibrary (128)
[2017.04.01-20.33.40:230][258]LogModuleManager: Shutting down and abandoning module AlembicImporter (127)
[2017.04.01-20.33.40:230][258]LogModuleManager: Shutting down and abandoning module SuperSearch (126)
[2017.04.01-20.33.40:230][258]LogModuleManager: Shutting down and abandoning module SuperSearchEditor (125)
[2017.04.01-20.33.40:230][258]LogModuleManager: Shutting down and abandoning module SpeedTreeImporter (124)
[2017.04.01-20.33.40:230][258]LogModuleManager: Shutting down and abandoning module PluginBrowser (123)
[2017.04.01-20.33.40:231][258]LogModuleManager: Shutting down and abandoning module MobileLauncherProfileWizard (122)
[2017.04.01-20.33.40:232][258]LogModuleManager: Shutting down and abandoning module EpicSurvey (121)
[2017.04.01-20.33.40:232][258]LogModuleManager: Shutting down and abandoning module DesktopPlatform (120)
[2017.04.01-20.33.40:232][258]LogModuleManager: Shutting down and abandoning module VisualStudioSourceCodeAccess (119)
[2017.04.01-20.33.40:233][258]LogModuleManager: Shutting down and abandoning module UObjectPlugin (118)
[2017.04.01-20.33.40:233][258]LogModuleManager: Shutting down and abandoning module SubversionSourceControl (117)
[2017.04.01-20.33.40:233][258]LogModuleManager: Shutting down and abandoning module PerforceSourceControl (116)
[2017.04.01-20.33.40:235][258]LogModuleManager: Shutting down and abandoning module SourceControl (115)
[2017.04.01-20.33.40:235][258]LogModuleManager: Shutting down and abandoning module GitSourceControl (114)
[2017.04.01-20.33.40:236][258]LogModuleManager: Shutting down and abandoning module LightPropagationVolumeEditor (113)
[2017.04.01-20.33.40:236][258]LogModuleManager: Shutting down and abandoning module PaperTiledImporter (112)
[2017.04.01-20.33.40:236][258]LogModuleManager: Shutting down and abandoning module PaperSpriteSheetImporter (111)
[2017.04.01-20.33.40:236][258]LogModuleManager: Shutting down and abandoning module MeshPaint (110)
[2017.04.01-20.33.40:236][258]LogModuleManager: Shutting down and abandoning module PixelInspectorModule (109)
[2017.04.01-20.33.40:236][258]LogModuleManager: Shutting down and abandoning module HotReload (108)
[2017.04.01-20.33.40:237][258]LogModuleManager: Shutting down and abandoning module MainFrame (107)
[2017.04.01-20.33.40:237][258]LogModuleManager: Shutting down and abandoning module LevelEditor (106)
[2017.04.01-20.33.40:239][258]LogModuleManager: Shutting down and abandoning module ContentBrowser (105)
[2017.04.01-20.33.40:240][258]LogModuleManager: Shutting down and abandoning module Paper2DEditor (104)
[2017.04.01-20.33.40:241][258]LogModuleManager: Shutting down and abandoning module UdpMessaging (103)
[2017.04.01-20.33.40:352][258]LogModuleManager: Shutting down and abandoning module TcpMessaging (102)
[2017.04.01-20.33.40:464][258]LogModuleManager: Shutting down and abandoning module LightPropagationVolumeRuntime (101)
[2017.04.01-20.33.40:464][258]LogModuleManager: Shutting down and abandoning module Paper2D (100)
[2017.04.01-20.33.40:464][258]LogModuleManager: Shutting down and abandoning module WindowsMoviePlayer (99)
[2017.04.01-20.33.40:464][258]LogModuleManager: Shutting down and abandoning module WmfMedia (98)
[2017.04.01-20.33.40:465][258]LogModuleManager: Shutting down and abandoning module MediaAssets (97)
[2017.04.01-20.33.40:465][258]LogModuleManager: Shutting down and abandoning module GameLiveStreaming (96)
[2017.04.01-20.33.40:465][258]LogModuleManager: Shutting down and abandoning module GameplayTagsEditor (95)
[2017.04.01-20.33.40:465][258]LogModuleManager: Shutting down and abandoning module VREditor (94)
[2017.04.01-20.33.40:465][258]LogModuleManager: Shutting down and abandoning module GameplayTasksEditor (93)
[2017.04.01-20.33.40:465][258]LogModuleManager: Shutting down and abandoning module BehaviorTreeEditor (92)
[2017.04.01-20.33.40:466][258]LogModuleManager: Shutting down and abandoning module FunctionalTesting (91)
[2017.04.01-20.33.40:467][258]LogModuleManager: Shutting down and abandoning module CollisionAnalyzer (90)
[2017.04.01-20.33.40:469][258]LogModuleManager: Shutting down and abandoning module Sequencer (89)
[2017.04.01-20.33.40:470][258]LogModuleManager: Shutting down and abandoning module WorkspaceMenuStructure (88)
[2017.04.01-20.33.40:470][258]LogModuleManager: Shutting down and abandoning module MessageLog (87)
[2017.04.01-20.33.40:470][258]LogModuleManager: Shutting down and abandoning module AssetTools (86)
[2017.04.01-20.33.40:472][258]LogModuleManager: Shutting down and abandoning module UMGEditor (85)
[2017.04.01-20.33.40:473][258]LogModuleManager: Shutting down and abandoning module UMG (84)
[2017.04.01-20.33.40:474][258]LogModuleManager: Shutting down and abandoning module SlateReflector (83)
[2017.04.01-20.33.40:477][258]LogModuleManager: Shutting down and abandoning module Slate (82)
[2017.04.01-20.33.40:477][258]LogModuleManager: Shutting down and abandoning module EditorStyle (81)
[2017.04.01-20.33.40:481][258]LogModuleManager: Shutting down and abandoning module SourceCodeAccess (80)
[2017.04.01-20.33.40:481][258]LogModuleManager: Shutting down and abandoning module HeadMountedDisplay (79)
[2017.04.01-20.33.40:481][258]LogModuleManager: Shutting down and abandoning module XAudio2 (78)
[2017.04.01-20.33.40:481][258]LogModuleManager: Shutting down and abandoning module Networking (76)
[2017.04.01-20.33.40:481][258]LogModuleManager: Shutting down and abandoning module Core (75)
[2017.04.01-20.33.40:481][258]LogModuleManager: Shutting down and abandoning module DirectoryWatcher (74)
[2017.04.01-20.33.40:481][258]LogDirectoryWatcher: A directory notification for '../../../Engine/Content/' was aborted.
[2017.04.01-20.33.40:481][258]LogDirectoryWatcher: A directory notification for '../../../../../../Users/Sabrina/Documents/Call-Of-Bread/Call_Of_bread/Content/' was aborted.
[2017.04.01-20.33.40:482][258]LogDirectoryWatcher: A directory notification for '../../../Engine/Plugins/2D/Paper2D/Content/' was aborted.
[2017.04.01-20.33.40:482][258]LogModuleManager: Shutting down and abandoning module AssetRegistry (73)
[2017.04.01-20.33.40:708][258]LogModuleManager: Shutting down and abandoning module KismetCompiler (72)
[2017.04.01-20.33.40:708][258]LogModuleManager: Shutting down and abandoning module PhysXFormats (71)
[2017.04.01-20.33.40:708][258]LogModuleManager: Shutting down and abandoning module SimplygonSwarm (70)
[2017.04.01-20.33.40:709][258]LogModuleManager: Shutting down and abandoning module SimplygonMeshReduction (69)
[2017.04.01-20.33.40:709][258]LogModuleManager: Shutting down and abandoning module QuadricMeshReduction (68)
[2017.04.01-20.33.40:711][258]LogModuleManager: Shutting down and abandoning module PropertyEditor (67)
[2017.04.01-20.33.40:711][258]LogModuleManager: Shutting down and abandoning module MeshUtilities (66)
[2017.04.01-20.33.40:712][258]LogModuleManager: Shutting down and abandoning module DerivedDataCache (65)
[2017.04.01-20.33.40:770][258]LogDerivedDataCache: Shutdown
[2017.04.01-20.33.40:770][258]LogModuleManager: Shutting down and abandoning module VulkanShaderFormat (64)
[2017.04.01-20.33.40:770][258]LogModuleManager: Shutting down and abandoning module ShaderFormatOpenGL (63)
[2017.04.01-20.33.40:771][258]LogModuleManager: Shutting down and abandoning module ShaderFormatD3D (62)
[2017.04.01-20.33.40:771][258]LogModuleManager: Shutting down and abandoning module MetalShaderFormat (61)
[2017.04.01-20.33.40:772][258]LogModuleManager: Shutting down and abandoning module TextureFormatUncompressed (60)
[2017.04.01-20.33.40:772][258]LogModuleManager: Shutting down and abandoning module TextureFormatPVR (59)
[2017.04.01-20.33.40:772][258]LogModuleManager: Shutting down and abandoning module TextureFormatDXT (58)
[2017.04.01-20.33.40:772][258]LogModuleManager: Shutting down and abandoning module TextureFormatIntelISPCTexComp (57)
[2017.04.01-20.33.40:773][258]LogModuleManager: Shutting down and abandoning module ImageWrapper (56)
[2017.04.01-20.33.40:773][258]LogModuleManager: Shutting down and abandoning module TextureFormatASTC (55)
[2017.04.01-20.33.40:773][258]LogModuleManager: Shutting down and abandoning module TextureFormatAndroid (54)
[2017.04.01-20.33.40:773][258]LogModuleManager: Shutting down and abandoning module AudioFormatOpus (53)
[2017.04.01-20.33.40:774][258]LogModuleManager: Shutting down and abandoning module AudioFormatOgg (52)
[2017.04.01-20.33.40:774][258]LogModuleManager: Shutting down and abandoning module AudioFormatADPCM (51)
[2017.04.01-20.33.40:774][258]LogModuleManager: Shutting down and abandoning module LinuxTargetPlatform (50)
[2017.04.01-20.33.40:774][258]LogModuleManager: Shutting down and abandoning module LinuxServerTargetPlatform (49)
[2017.04.01-20.33.40:774][258]LogModuleManager: Shutting down and abandoning module LinuxNoEditorTargetPlatform (48)
[2017.04.01-20.33.40:775][258]LogModuleManager: Shutting down and abandoning module LinuxClientTargetPlatform (47)
[2017.04.01-20.33.40:775][258]LogModuleManager: Shutting down and abandoning module TVOSTargetPlatform (46)
[2017.04.01-20.33.40:775][258]LogModuleManager: Shutting down and abandoning module Messaging (45)
[2017.04.01-20.33.40:775][258]LogModuleManager: Shutting down and abandoning module IOSTargetPlatform (44)
[2017.04.01-20.33.40:775][258]LogModuleManager: Shutting down and abandoning module HTML5TargetPlatform (43)
[2017.04.01-20.33.40:775][258]LogModuleManager: Shutting down and abandoning module Android_PVRTCTargetPlatform (42)
[2017.04.01-20.33.40:775][258]LogModuleManager: Shutting down and abandoning module Android_MultiTargetPlatform (41)
[2017.04.01-20.33.40:775][258]LogModuleManager: Shutting down and abandoning module Android_ETC2TargetPlatform (40)
[2017.04.01-20.33.40:775][258]LogModuleManager: Shutting down and abandoning module Android_ETC1TargetPlatform (39)
[2017.04.01-20.33.40:775][258]LogModuleManager: Shutting down and abandoning module Android_DXTTargetPlatform (38)
[2017.04.01-20.33.40:775][258]LogModuleManager: Shutting down and abandoning module Android_ATCTargetPlatform (37)
[2017.04.01-20.33.40:775][258]LogModuleManager: Shutting down and abandoning module Android_ASTCTargetPlatform (36)
[2017.04.01-20.33.40:775][258]LogModuleManager: Shutting down and abandoning module AndroidTargetPlatform (35)
[2017.04.01-20.33.40:775][258]LogModuleManager: Shutting down and abandoning module WindowsTargetPlatform (34)
[2017.04.01-20.33.40:775][258]LogModuleManager: Shutting down and abandoning module WindowsServerTargetPlatform (33)
[2017.04.01-20.33.40:776][258]LogModuleManager: Shutting down and abandoning module WindowsNoEditorTargetPlatform (32)
[2017.04.01-20.33.40:776][258]LogModuleManager: Shutting down and abandoning module WindowsClientTargetPlatform (31)
[2017.04.01-20.33.40:777][258]LogModuleManager: Shutting down and abandoning module MacTargetPlatform (30)
[2017.04.01-20.33.40:777][258]LogModuleManager: Shutting down and abandoning module MacServerTargetPlatform (29)
[2017.04.01-20.33.40:777][258]LogModuleManager: Shutting down and abandoning module MacNoEditorTargetPlatform (28)
[2017.04.01-20.33.40:777][258]LogModuleManager: Shutting down and abandoning module MacClientTargetPlatform (27)
[2017.04.01-20.33.40:777][258]LogModuleManager: Shutting down and abandoning module AllDesktopTargetPlatform (26)
[2017.04.01-20.33.40:777][258]LogModuleManager: Shutting down and abandoning module TargetPlatform (25)
[2017.04.01-20.33.40:777][258]LogModuleManager: Shutting down and abandoning module InputCore (24)
[2017.04.01-20.33.40:777][258]LogModuleManager: Shutting down and abandoning module Settings (23)
[2017.04.01-20.33.40:777][258]LogModuleManager: Shutting down and abandoning module OculusRift (22)
[2017.04.01-20.33.40:777][258]LogModuleManager: Shutting down and abandoning module ExampleDeviceProfileSelector (21)
[2017.04.01-20.33.40:777][258]LogModuleManager: Shutting down and abandoning module OnlineBlueprintSupport (20)
[2017.04.01-20.33.40:777][258]LogModuleManager: Shutting down and abandoning module OnlineSubsystem (18)
[2017.04.01-20.33.40:777][258]LogOnline:Display: Unloading online subsystem: NULL
[2017.04.01-20.33.40:778][258]LogModuleManager: Shutting down and abandoning module SSL (17)
[2017.04.01-20.33.40:781][258]LogModuleManager: Shutting down and abandoning module HTTP (16)
[2017.04.01-20.33.40:781][258]LogModuleManager: Shutting down and abandoning module XMPP (15)
[2017.04.01-20.33.40:783][258]LogModuleManager: Shutting down and abandoning module TextureCompressor (14)
[2017.04.01-20.33.40:785][258]LogModuleManager: Shutting down and abandoning module ShaderCore (13)
[2017.04.01-20.33.40:785][258]LogModuleManager: Shutting down and abandoning module Landscape (12)
[2017.04.01-20.33.40:785][258]LogModuleManager: Shutting down and abandoning module SlateRHIRenderer (11)
[2017.04.01-20.33.40:787][258]LogModuleManager: Shutting down and abandoning module OpenGLDrv (10)
[2017.04.01-20.33.40:787][258]LogModuleManager: Shutting down and abandoning module D3D11RHI (9)
[2017.04.01-20.33.40:787][258]LogModuleManager: Shutting down and abandoning module AnimGraphRuntime (8)
[2017.04.01-20.33.40:788][258]LogModuleManager: Shutting down and abandoning module Renderer (7)
[2017.04.01-20.33.40:788][258]LogModuleManager: Shutting down and abandoning module Engine (6)
[2017.04.01-20.33.40:788][258]LogModuleManager: Shutting down and abandoning module CoreUObject (5)
[2017.04.01-20.33.40:788][258]LogModuleManager: Shutting down and abandoning module NetworkFile (4)
[2017.04.01-20.33.40:788][258]LogModuleManager: Shutting down and abandoning module StreamingFile (3)
[2017.04.01-20.33.40:788][258]LogModuleManager: Shutting down and abandoning module SandboxFile (2)
[2017.04.01-20.33.40:789][258]LogModuleManager: Shutting down and abandoning module PakFile (1)
[2017.04.01-20.33.40:792][258]LogExit: Exiting.
[2017.04.01-20.33.40:794][258]Log file closed, 04/01/17 22:33:40
