Log file open, 04/18/17 22:04:46
LogInit:Display: Running engine for game: Call_Of_bread
LogPlatformFile: Not using cached read wrapper
LogInit:Display: RandInit(-1337708485) SRandInit(-1337708485).
LogTaskGraph: Started task graph with 5 named threads and 6 total threads with 1 sets of task threads.
LogStats: Stats thread started at 0.067112
LogPluginManager: Loaded Plugin Paper2D, From C:/Program Files (x86)/Epic Games/4.14/Engine/Plugins/2D/Paper2D/Paper2D.uplugin
LogPluginManager: Loaded Plugin LightPropagationVolume, From C:/Program Files (x86)/Epic Games/4.14/Engine/Plugins/Blendables/LightPropagationVolume/LightPropagationVolume.uplugin
LogPluginManager: Loaded Plugin BlankPlugin, From C:/Program Files (x86)/Epic Games/4.14/Engine/Plugins/Developer/BlankPlugin/BlankPlugin.uplugin
LogPluginManager: Loaded Plugin CodeLiteSourceCodeAccess, From C:/Program Files (x86)/Epic Games/4.14/Engine/Plugins/Developer/CodeLiteSourceCodeAccess/CodeLiteSourceCodeAccess.uplugin
LogPluginManager: Loaded Plugin GitSourceControl, From C:/Program Files (x86)/Epic Games/4.14/Engine/Plugins/Developer/GitSourceControl/GitSourceControl.uplugin
LogPluginManager: Loaded Plugin KDevelopSourceCodeAccess, From C:/Program Files (x86)/Epic Games/4.14/Engine/Plugins/Developer/KDevelopSourceCodeAccess/KDevelopSourceCodeAccess.uplugin
LogPluginManager: Loaded Plugin NullSourceCodeAccess, From C:/Program Files (x86)/Epic Games/4.14/Engine/Plugins/Developer/NullSourceCodeAccess/NullSourceCodeAccess.uplugin
LogPluginManager: Loaded Plugin OneSkyLocalizationService, From C:/Program Files (x86)/Epic Games/4.14/Engine/Plugins/Developer/OneSkyLocalizationService/OneSkyLocalizationService.uplugin
LogPluginManager: Loaded Plugin PerforceSourceControl, From C:/Program Files (x86)/Epic Games/4.14/Engine/Plugins/Developer/PerforceSourceControl/PerforceSourceControl.uplugin
LogPluginManager: Loaded Plugin SubversionSourceControl, From C:/Program Files (x86)/Epic Games/4.14/Engine/Plugins/Developer/SubversionSourceControl/SubversionSourceControl.uplugin
LogPluginManager: Loaded Plugin UObjectPlugin, From C:/Program Files (x86)/Epic Games/4.14/Engine/Plugins/Developer/UObjectPlugin/UObjectPlugin.uplugin
LogPluginManager: Loaded Plugin VisualStudioSourceCodeAccess, From C:/Program Files (x86)/Epic Games/4.14/Engine/Plugins/Developer/VisualStudioSourceCodeAccess/VisualStudioSourceCodeAccess.uplugin
LogPluginManager: Loaded Plugin XCodeSourceCodeAccess, From C:/Program Files (x86)/Epic Games/4.14/Engine/Plugins/Developer/XCodeSourceCodeAccess/XCodeSourceCodeAccess.uplugin
LogPluginManager: Loaded Plugin AudioCapture, From C:/Program Files (x86)/Epic Games/4.14/Engine/Plugins/Editor/AudioCapture/AudioCapture.uplugin
LogPluginManager: Loaded Plugin EpicSurvey, From C:/Program Files (x86)/Epic Games/4.14/Engine/Plugins/Editor/EpicSurvey/EpicSurvey.uplugin
LogPluginManager: Loaded Plugin MacGraphicsSwitching, From C:/Program Files (x86)/Epic Games/4.14/Engine/Plugins/Editor/MacGraphicsSwitching/MacGraphicsSwitching.uplugin
LogPluginManager: Loaded Plugin MobileLauncherProfileWizard, From C:/Program Files (x86)/Epic Games/4.14/Engine/Plugins/Editor/MobileLauncherProfileWizard/MobileLauncherProfileWizard.uplugin
LogPluginManager: Loaded Plugin PluginBrowser, From C:/Program Files (x86)/Epic Games/4.14/Engine/Plugins/Editor/PluginBrowser/PluginBrowser.uplugin
LogPluginManager: Loaded Plugin SpeedTreeImporter, From C:/Program Files (x86)/Epic Games/4.14/Engine/Plugins/Editor/SpeedTreeImporter/SpeedTreeImporter.uplugin
LogPluginManager: Loaded Plugin SuperSearchEditor, From C:/Program Files (x86)/Epic Games/4.14/Engine/Plugins/Editor/SuperSearchEditor/SuperSearchEditor.uplugin
LogPluginManager: Loaded Plugin AlembicImporter, From C:/Program Files (x86)/Epic Games/4.14/Engine/Plugins/Experimental/AlembicImporter/AlembicImporter.uplugin
LogPluginManager: Loaded Plugin BlueprintStats, From C:/Program Files (x86)/Epic Games/4.14/Engine/Plugins/Experimental/BlueprintStats/BlueprintStats.uplugin
LogPluginManager: Loaded Plugin CharacterAI, From C:/Program Files (x86)/Epic Games/4.14/Engine/Plugins/Experimental/CharacterAI/CharacterAI.uplugin
LogPluginManager: Loaded Plugin CodeEditor, From C:/Program Files (x86)/Epic Games/4.14/Engine/Plugins/Experimental/CodeEditor/CodeEditor.uplugin
LogPluginManager: Loaded Plugin CodeView, From C:/Program Files (x86)/Epic Games/4.14/Engine/Plugins/Experimental/CodeView/CodeView.uplugin
LogPluginManager: Loaded Plugin HTML5Networking, From C:/Program Files (x86)/Epic Games/4.14/Engine/Plugins/Experimental/HTML5Networking/HTML5Networking.uplugin
LogPluginManager: Loaded Plugin OSVR, From C:/Program Files (x86)/Epic Games/4.14/Engine/Plugins/Experimental/OSVR/OSVR.uplugin
LogPluginManager: Loaded Plugin Phya, From C:/Program Files (x86)/Epic Games/4.14/Engine/Plugins/Experimental/Phya/Phya.uplugin
LogPluginManager: Loaded Plugin SignificanceManager, From C:/Program Files (x86)/Epic Games/4.14/Engine/Plugins/Experimental/SignificanceManager/SignificanceManager.uplugin
LogPluginManager: Loaded Plugin SimpleHMD, From C:/Program Files (x86)/Epic Games/4.14/Engine/Plugins/Experimental/SimpleHMD/SimpleHMD.uplugin
LogPluginManager: Loaded Plugin StereoPanorama, From C:/Program Files (x86)/Epic Games/4.14/Engine/Plugins/Experimental/StereoPanorama/StereoPanorama.uplugin
LogPluginManager: Loaded Plugin StructBox, From C:/Program Files (x86)/Epic Games/4.14/Engine/Plugins/Experimental/StructBox/StructBox.uplugin
LogPluginManager: Loaded Plugin AndroidMedia, From C:/Program Files (x86)/Epic Games/4.14/Engine/Plugins/Media/AndroidMedia/AndroidMedia.uplugin
LogPluginManager: Loaded Plugin AvfMedia, From C:/Program Files (x86)/Epic Games/4.14/Engine/Plugins/Media/AvfMedia/AvfMedia.uplugin
LogPluginManager: Loaded Plugin MediaPlayerEditor, From C:/Program Files (x86)/Epic Games/4.14/Engine/Plugins/Media/MediaPlayerEditor/MediaPlayerEditor.uplugin
LogPluginManager: Loaded Plugin WmfMedia, From C:/Program Files (x86)/Epic Games/4.14/Engine/Plugins/Media/WmfMedia/WmfMedia.uplugin
LogPluginManager: Loaded Plugin MessagingDebugger, From C:/Program Files (x86)/Epic Games/4.14/Engine/Plugins/Messaging/MessagingDebugger/MessagingDebugger.uplugin
LogPluginManager: Loaded Plugin TcpMessaging, From C:/Program Files (x86)/Epic Games/4.14/Engine/Plugins/Messaging/TcpMessaging/TcpMessaging.uplugin
LogPluginManager: Loaded Plugin UdpMessaging, From C:/Program Files (x86)/Epic Games/4.14/Engine/Plugins/Messaging/UdpMessaging/UdpMessaging.uplugin
LogPluginManager: Loaded Plugin LevelSequenceEditor, From C:/Program Files (x86)/Epic Games/4.14/Engine/Plugins/MovieScene/LevelSequenceEditor/LevelSequenceEditor.uplugin
LogPluginManager: Loaded Plugin MatineeToLevelSequence, From C:/Program Files (x86)/Epic Games/4.14/Engine/Plugins/MovieScene/MatineeToLevelSequence/MatineeToLevelSequence.uplugin
LogPluginManager: Loaded Plugin NetcodeUnitTest, From C:/Program Files (x86)/Epic Games/4.14/Engine/Plugins/NetcodeUnitTest/NetcodeUnitTest/NetcodeUnitTest.uplugin
LogPluginManager: Loaded Plugin NUTUnrealEngine4, From C:/Program Files (x86)/Epic Games/4.14/Engine/Plugins/NetcodeUnitTest/NUTUnrealEngine4/NUTUnrealEngine4.uplugin
LogPluginManager: Loaded Plugin OnlineSubsystemGameCircle, From C:/Program Files (x86)/Epic Games/4.14/Engine/Plugins/Online/Android/OnlineSubsystemGameCircle/OnlineSubsystemGameCircle.uplugin
LogPluginManager: Loaded Plugin OnlineSubsystemGooglePlay, From C:/Program Files (x86)/Epic Games/4.14/Engine/Plugins/Online/Android/OnlineSubsystemGooglePlay/OnlineSubsystemGooglePlay.uplugin
LogPluginManager: Loaded Plugin OnlineSubsystemIOS, From C:/Program Files (x86)/Epic Games/4.14/Engine/Plugins/Online/IOS/OnlineSubsystemIOS/OnlineSubsystemIOS.uplugin
LogPluginManager: Loaded Plugin OnlineFramework, From C:/Program Files (x86)/Epic Games/4.14/Engine/Plugins/Online/OnlineFramework/OnlineFramework.uplugin
LogPluginManager: Loaded Plugin OnlineSubsystem, From C:/Program Files (x86)/Epic Games/4.14/Engine/Plugins/Online/OnlineSubsystem/OnlineSubsystem.uplugin
LogPluginManager: Loaded Plugin OnlineSubsystemAmazon, From C:/Program Files (x86)/Epic Games/4.14/Engine/Plugins/Online/OnlineSubsystemAmazon/OnlineSubsystemAmazon.uplugin
LogPluginManager: Loaded Plugin OnlineSubsystemFacebook, From C:/Program Files (x86)/Epic Games/4.14/Engine/Plugins/Online/OnlineSubsystemFacebook/OnlineSubsystemFacebook.uplugin
LogPluginManager: Loaded Plugin OnlineSubsystemNull, From C:/Program Files (x86)/Epic Games/4.14/Engine/Plugins/Online/OnlineSubsystemNull/OnlineSubsystemNull.uplugin
LogPluginManager: Loaded Plugin OnlineSubsystemOculus, From C:/Program Files (x86)/Epic Games/4.14/Engine/Plugins/Online/OnlineSubsystemOculus/OnlineSubsystemOculus.uplugin
LogPluginManager: Loaded Plugin OnlineSubsystemSteam, From C:/Program Files (x86)/Epic Games/4.14/Engine/Plugins/Online/OnlineSubsystemSteam/OnlineSubsystemSteam.uplugin
LogPluginManager: Loaded Plugin OnlineSubsystemUtils, From C:/Program Files (x86)/Epic Games/4.14/Engine/Plugins/Online/OnlineSubsystemUtils/OnlineSubsystemUtils.uplugin
LogPluginManager: Loaded Plugin IOSTapJoy, From C:/Program Files (x86)/Epic Games/4.14/Engine/Plugins/Runtime/Advertising/IOSTapJoy/IOSTapJoy.uplugin
LogPluginManager: Loaded Plugin AnalyticsBlueprintLibrary, From C:/Program Files (x86)/Epic Games/4.14/Engine/Plugins/Runtime/Analytics/AnalyticsBlueprintLibrary/AnalyticsBlueprintLibrary.uplugin
LogPluginManager: Loaded Plugin AnalyticsMulticast, From C:/Program Files (x86)/Epic Games/4.14/Engine/Plugins/Runtime/Analytics/AnalyticsMulticast/AnalyticsMulticast.uplugin
LogPluginManager: Loaded Plugin Apsalar, From C:/Program Files (x86)/Epic Games/4.14/Engine/Plugins/Runtime/Analytics/Apsalar/Apsalar.uplugin
LogPluginManager: Loaded Plugin FileLogging, From C:/Program Files (x86)/Epic Games/4.14/Engine/Plugins/Runtime/Analytics/FileLogging/FileLogging.uplugin
LogPluginManager: Loaded Plugin Flurry, From C:/Program Files (x86)/Epic Games/4.14/Engine/Plugins/Runtime/Analytics/Flurry/Flurry.uplugin
LogPluginManager: Loaded Plugin AndroidDeviceProfileSelector, From C:/Program Files (x86)/Epic Games/4.14/Engine/Plugins/Runtime/AndroidDeviceProfileSelector/AndroidDeviceProfileSelector.uplugin
LogPluginManager: Loaded Plugin AndroidMoviePlayer, From C:/Program Files (x86)/Epic Games/4.14/Engine/Plugins/Runtime/AndroidMoviePlayer/AndroidMoviePlayer.uplugin
LogPluginManager: Loaded Plugin AppleMoviePlayer, From C:/Program Files (x86)/Epic Games/4.14/Engine/Plugins/Runtime/AppleMoviePlayer/AppleMoviePlayer.uplugin
LogPluginManager: Loaded Plugin ArchVisCharacter, From C:/Program Files (x86)/Epic Games/4.14/Engine/Plugins/Runtime/ArchVisCharacter/ArchVisCharacter.uplugin
LogPluginManager: Loaded Plugin CableComponent, From C:/Program Files (x86)/Epic Games/4.14/Engine/Plugins/Runtime/CableComponent/CableComponent.uplugin
LogPluginManager: Loaded Plugin CustomMeshComponent, From C:/Program Files (x86)/Epic Games/4.14/Engine/Plugins/Runtime/CustomMeshComponent/CustomMeshComponent.uplugin
LogPluginManager: Loaded Plugin ExampleDeviceProfileSelector, From C:/Program Files (x86)/Epic Games/4.14/Engine/Plugins/Runtime/ExampleDeviceProfileSelector/ExampleDeviceProfileSelector.uplugin
LogPluginManager: Loaded Plugin GearVR, From C:/Program Files (x86)/Epic Games/4.14/Engine/Plugins/Runtime/GearVR/GearVR.uplugin
LogPluginManager: Loaded Plugin GoogleVRController, From C:/Program Files (x86)/Epic Games/4.14/Engine/Plugins/Runtime/GoogleVR/GoogleVRController/GoogleVRController.uplugin
LogPluginManager: Loaded Plugin GoogleVRHMD, From C:/Program Files (x86)/Epic Games/4.14/Engine/Plugins/Runtime/GoogleVR/GoogleVRHMD/GoogleVRHMD.uplugin
LogPluginManager: Loaded Plugin IOSDeviceProfileSelector, From C:/Program Files (x86)/Epic Games/4.14/Engine/Plugins/Runtime/IOSDeviceProfileSelector/IOSDeviceProfileSelector.uplugin
LogPluginManager: Loaded Plugin LeapMotion, From C:/Program Files (x86)/Epic Games/4.14/Engine/Plugins/Runtime/LeapMotion/LeapMotion.uplugin
LogPluginManager: Loaded Plugin LinuxDeviceProfileSelector, From C:/Program Files (x86)/Epic Games/4.14/Engine/Plugins/Runtime/LinuxDeviceProfileSelector/LinuxDeviceProfileSelector.uplugin
LogPluginManager: Loaded Plugin MIDIDevice, From C:/Program Files (x86)/Epic Games/4.14/Engine/Plugins/Runtime/MIDIDevice/MIDIDevice.uplugin
LogPluginManager: Loaded Plugin MobilePatchingUtils, From C:/Program Files (x86)/Epic Games/4.14/Engine/Plugins/Runtime/MobilePatchingUtils/MobilePatchingUtils.uplugin
LogPluginManager: Loaded Plugin Ansel, From C:/Program Files (x86)/Epic Games/4.14/Engine/Plugins/Runtime/Nvidia/Ansel/Ansel.uplugin
LogPluginManager: Loaded Plugin OculusAudio, From C:/Program Files (x86)/Epic Games/4.14/Engine/Plugins/Runtime/OculusAudio/OculusAudio.uplugin
LogPluginManager: Loaded Plugin OculusInput, From C:/Program Files (x86)/Epic Games/4.14/Engine/Plugins/Runtime/OculusInput/OculusInput.uplugin
LogPluginManager: Loaded Plugin OculusLibrary, From C:/Program Files (x86)/Epic Games/4.14/Engine/Plugins/Runtime/OculusLibrary/OculusLibrary.uplugin
LogPluginManager: Loaded Plugin OculusRift, From C:/Program Files (x86)/Epic Games/4.14/Engine/Plugins/Runtime/OculusRift/OculusRift.uplugin
LogPluginManager: Loaded Plugin Oodle, From C:/Program Files (x86)/Epic Games/4.14/Engine/Plugins/Runtime/PacketHandlers/CompressionComponents/Oodle/Oodle.uplugin
LogPluginManager: Loaded Plugin ProceduralMeshComponent, From C:/Program Files (x86)/Epic Games/4.14/Engine/Plugins/Runtime/ProceduralMeshComponent/ProceduralMeshComponent.uplugin
LogPluginManager: Loaded Plugin SoundMod, From C:/Program Files (x86)/Epic Games/4.14/Engine/Plugins/Runtime/SoundMod/SoundMod.uplugin
LogPluginManager: Loaded Plugin SoundVisualizations, From C:/Program Files (x86)/Epic Games/4.14/Engine/Plugins/Runtime/SoundVisualizations/SoundVisualizations.uplugin
LogPluginManager: Loaded Plugin SteamController, From C:/Program Files (x86)/Epic Games/4.14/Engine/Plugins/Runtime/Steam/SteamController/SteamController.uplugin
LogPluginManager: Loaded Plugin SteamVR, From C:/Program Files (x86)/Epic Games/4.14/Engine/Plugins/Runtime/Steam/SteamVR/SteamVR.uplugin
LogPluginManager: Loaded Plugin WebBrowserWidget, From C:/Program Files (x86)/Epic Games/4.14/Engine/Plugins/Runtime/WebBrowserWidget/WebBrowserWidget.uplugin
LogPluginManager: Loaded Plugin WindowsDeviceProfileSelector, From C:/Program Files (x86)/Epic Games/4.14/Engine/Plugins/Runtime/WindowsDeviceProfileSelector/WindowsDeviceProfileSelector.uplugin
LogPluginManager: Loaded Plugin WindowsMoviePlayer, From C:/Program Files (x86)/Epic Games/4.14/Engine/Plugins/Runtime/WindowsMoviePlayer/WindowsMoviePlayer.uplugin
LogPluginManager: Loaded Plugin ScriptPlugin, From C:/Program Files (x86)/Epic Games/4.14/Engine/Plugins/ScriptPlugin/ScriptPlugin.uplugin
LogPluginManager: Loaded Plugin SlateRemote, From C:/Program Files (x86)/Epic Games/4.14/Engine/Plugins/Slate/SlateRemote/SlateRemote.uplugin
LogPluginManager: Loaded Plugin EditorTests, From C:/Program Files (x86)/Epic Games/4.14/Engine/Plugins/Tests/EditorTests/EditorTests.uplugin
LogPluginManager: Loaded Plugin FbxAutomationTestBuilder, From C:/Program Files (x86)/Epic Games/4.14/Engine/Plugins/Tests/FbxAutomationTestBuilder/FbxAutomationTestBuilder.uplugin
LogPluginManager: Loaded Plugin FunctionalTestingEditor, From C:/Program Files (x86)/Epic Games/4.14/Engine/Plugins/Tests/FunctionalTestingEditor/FunctionalTestingEditor.uplugin
LogPluginManager: Loaded Plugin RuntimeTests, From C:/Program Files (x86)/Epic Games/4.14/Engine/Plugins/Tests/RuntimeTests/RuntimeTests.uplugin
LogPluginManager: Loaded Plugin ScreenshotTools, From C:/Program Files (x86)/Epic Games/4.14/Engine/Plugins/Tests/ScreenshotTools/ScreenshotTools.uplugin
LogInit: Using libcurl 7.47.1
LogInit:  - built for x86_64-pc-win32
LogInit:  - supports SSL with OpenSSL/1.0.2g
LogInit:  - supports HTTP deflate (compression) using libz 1.2.8
LogInit:  - other features:
LogInit:      CURL_VERSION_SSL
LogInit:      CURL_VERSION_LIBZ
LogInit:      CURL_VERSION_IPV6
LogInit:      CURL_VERSION_ASYNCHDNS
LogInit:      CURL_VERSION_LARGEFILE
LogInit:      CURL_VERSION_IDN
LogInit:  CurlRequestOptions (configurable via config and command line):
LogInit:  - bVerifyPeer = false  - Libcurl will NOT verify peer certificate
LogInit:  - bUseHttpProxy = false  - Libcurl will NOT use HTTP proxy
LogInit:  - bDontReuseConnections = false  - Libcurl will reuse connections
LogInit:  - CertBundlePath = nullptr  - Libcurl will use whatever was configured at build time.
LogInit: Build: ++UE4+Release-4.14-CL-3224400
LogInit: Engine Version: 4.14.1-3224400+++UE4+Release-4.14
LogInit: Compatible Engine Version: 4.14.0-3195953+++UE4+Release-4.14
LogInit: Net CL: 3195953
LogDevObjectVersion: Number of dev versions registered: 13
LogDevObjectVersion:   Dev-Blueprints (B0D832E4-1F89-4F0D-ACCF-7EB736FD4AA2): 7
LogDevObjectVersion:   Dev-Build (E1C64328-A22C-4D53-A36C-8E866417BD8C): 0
LogDevObjectVersion:   Dev-Core (375EC13C-06E4-48FB-B500-84F0262A717E): 1
LogDevObjectVersion:   Dev-Editor (E4B068ED-F494-42E9-A231-DA0B2E46BB41): 8
LogDevObjectVersion:   Dev-Framework (CFFC743F-43B0-4480-9391-14DF171D2073): 17
LogDevObjectVersion:   Dev-Mobile (B02B49B5-BB20-44E9-A304-32B752E40360): 0
LogDevObjectVersion:   Dev-Networking (A4E4105C-59A1-49B5-A7C5-40C4547EDFEE): 0
LogDevObjectVersion:   Dev-Online (39C831C9-5AE6-47DC-9A44-9C173E1C8E7C): 0
LogDevObjectVersion:   Dev-Physics (78F01B33-EBEA-4F98-B9B4-84EACCB95AA2): 0
LogDevObjectVersion:   Dev-Platform (6631380F-2D4D-43E0-8009-CF276956A95A): 0
LogDevObjectVersion:   Dev-Rendering (12F88B9F-8875-4AFC-A67C-D90C383ABD29): 12
LogDevObjectVersion:   Dev-Sequencer (7B5AE74C-D270-4C10-A958-57980B212A5A): 1
LogDevObjectVersion:   Dev-VR (D7296918-1DD6-4BDD-9DE2-64A83CC13884): 0
LogInit: Compiled (64-bit): Dec  7 2016 02:14:32
LogInit: Compiled with Visual C++: 19.00.23026.00
LogInit: Build Configuration: Development
LogInit: Branch Name: ++UE4+Release-4.14
LogInit: Command line: 
LogInit: Base directory: C:/Program Files (x86)/Epic Games/4.14/Engine/Binaries/Win64/
LogInit: Installed Engine Build: 1
LogInit: Presizing for max 8388607 objects, including 0 objects not considered by GC, pre-allocating 0 bytes for permanent pool.
LogInit: Object subsystem initialized
[2017.04.18-21.04.46:568][  0]LogInit: Selected Device Profile: [Windows]
[2017.04.18-21.04.46:568][  0]LogInit: Applying CVar settings loaded from the selected device profile: [Windows]
[2017.04.18-21.04.46:588][  0]LogInit: Computer: DESKTOP-VTD5TTC
[2017.04.18-21.04.46:588][  0]LogInit: User: Sabrina
[2017.04.18-21.04.46:588][  0]LogInit: CPU Page size=65536, Cores=2
[2017.04.18-21.04.46:588][  0]LogInit: High frequency timer resolution =2.742191 MHz
[2017.04.18-21.04.46:588][  0]LogMemory: Memory total: Physical=15.9GB (16GB approx)
[2017.04.18-21.04.46:588][  0]LogMemory: Platform Memory Stats for Windows
[2017.04.18-21.04.46:588][  0]LogMemory: Process Physical Memory: 263.73 MB used, 263.73 MB peak
[2017.04.18-21.04.46:588][  0]LogMemory: Process Virtual Memory: 262.43 MB used, 262.43 MB peak
[2017.04.18-21.04.46:588][  0]LogMemory: Physical Memory: 10318.77 MB used,  5991.34 MB free, 16310.11 MB total
[2017.04.18-21.04.46:588][  0]LogMemory: Virtual Memory: 674.74 MB used,  5991.34 MB free, 134217728.00 MB total
[2017.04.18-21.04.46:629][  0]LogTextLocalizationManager: No specific translations for ('en-US') exist, so ('en') translations will be used.
[2017.04.18-21.04.49:510][  0]LogD3D11RHI: D3D11 adapters:
[2017.04.18-21.04.49:548][  0]LogD3D11RHI:    0. 'NVIDIA GeForce GPU' (Feature Level 11_0)
[2017.04.18-21.04.49:548][  0]LogD3D11RHI:       996/0/8155 MB DedicatedVideo/DedicatedSystem/SharedSystem, Outputs:1, VendorId:0x10de
[2017.04.18-21.04.49:555][  0]LogD3D11RHI:    1. 'Intel(R) HD Graphics 520' (Feature Level 11_0)
[2017.04.18-21.04.49:555][  0]LogD3D11RHI:       128/0/8155 MB DedicatedVideo/DedicatedSystem/SharedSystem, Outputs:0, VendorId:0x8086
[2017.04.18-21.04.49:558][  0]LogD3D11RHI:    2. 'Microsoft Basic Render Driver' (Feature Level 11_0)
[2017.04.18-21.04.49:558][  0]LogD3D11RHI:       0/0/8155 MB DedicatedVideo/DedicatedSystem/SharedSystem, Outputs:0, VendorId:0x1414
[2017.04.18-21.04.49:558][  0]LogD3D11RHI: Chosen D3D11 Adapter: 0
[2017.04.18-21.04.49:565][  0]LogD3D11RHI: Creating new Direct3DDevice
[2017.04.18-21.04.49:565][  0]LogD3D11RHI:     GPU DeviceId: 0x134b (for the marketing name, search the web for "GPU Device Id")
[2017.04.18-21.04.49:565][  0]LogWindows: EnumDisplayDevices:
[2017.04.18-21.04.49:566][  0]LogWindows:    0. 'Intel(R) HD Graphics 520' (P:1 D:1)
[2017.04.18-21.04.49:566][  0]LogWindows:    1. 'Intel(R) HD Graphics 520' (P:0 D:0)
[2017.04.18-21.04.49:566][  0]LogWindows:    2. 'Intel(R) HD Graphics 520' (P:0 D:0)
[2017.04.18-21.04.49:567][  0]LogWindows: DebugString: PrimaryIsNotTheChoosenAdapter PrimaryIsNotTheChoosenAdapter PrimaryIsNotTheChoosenAdapter FoundDriverCount:0 
[2017.04.18-21.04.49:567][  0]LogD3D11RHI:     Adapter Name: NVIDIA GeForce GPU
[2017.04.18-21.04.49:567][  0]LogD3D11RHI:   Driver Version: Unknown (internal:Unknown, unified:Unknown)
[2017.04.18-21.04.49:567][  0]LogD3D11RHI:      Driver Date: Unknown
[2017.04.18-21.04.49:567][  0]LogRHI: Texture pool is 697 MB (70% of 996 MB)
[2017.04.18-21.04.49:586][  0]LogD3D11RHI: Async texture creation enabled
[2017.04.18-21.04.49:599][  0]LogD3D11RHI: GPU Timing Frequency: 1000.000000 (Debug: 2 1)
[2017.04.18-21.04.49:600][  0]LogShaderCompilers: Guid format shader working directory is -22 characters bigger than the processId version (../../../../../../Users/Sabrina/Documents/Call-Of-Bread/Call_Of_bread/Intermediate/Shaders/WorkingDirectory/16980/).
[2017.04.18-21.04.49:600][  0]LogShaderCompilers: Cleaned the shader compiler working directory 'C:/Users/Sabrina/AppData/Local/Temp/UnrealShaderWorkingDir/B4FF4DC5421051E00737F6B588F5A14F/'.
[2017.04.18-21.04.49:600][  0]LogShaderCompilers:Display: Using Local Shader Compiler.
[2017.04.18-21.04.51:660][  0]LogTemp:Display: Loaded TP AllDesktopTargetPlatform
[2017.04.18-21.04.51:711][  0]LogTemp:Display: Loaded TP MacClientTargetPlatform
[2017.04.18-21.04.51:763][  0]LogTemp:Display: Loaded TP MacNoEditorTargetPlatform
[2017.04.18-21.04.51:817][  0]LogTemp:Display: Loaded TP MacServerTargetPlatform
[2017.04.18-21.04.51:882][  0]LogTemp:Display: Loaded TP MacTargetPlatform
[2017.04.18-21.04.51:936][  0]LogTemp:Display: Loaded TP WindowsClientTargetPlatform
[2017.04.18-21.04.51:993][  0]LogTemp:Display: Loaded TP WindowsNoEditorTargetPlatform
[2017.04.18-21.04.52:055][  0]LogTemp:Display: Loaded TP WindowsServerTargetPlatform
[2017.04.18-21.04.52:103][  0]LogTemp:Display: Loaded TP WindowsTargetPlatform
[2017.04.18-21.04.52:163][  0]LogTemp:Display: Loaded TP AndroidTargetPlatform
[2017.04.18-21.04.52:216][  0]LogTemp:Display: Loaded TP Android_ASTCTargetPlatform
[2017.04.18-21.04.52:299][  0]LogTemp:Display: Loaded TP Android_ATCTargetPlatform
[2017.04.18-21.04.52:350][  0]LogTemp:Display: Loaded TP Android_DXTTargetPlatform
[2017.04.18-21.04.52:405][  0]LogTemp:Display: Loaded TP Android_ETC1TargetPlatform
[2017.04.18-21.04.52:459][  0]LogTemp:Display: Loaded TP Android_ETC2TargetPlatform
[2017.04.18-21.04.52:567][  0]LogTemp:Display: Loaded TP Android_MultiTargetPlatform
[2017.04.18-21.04.52:567][  0]LogTemp:Display: Loaded TP Android_PVRTCTargetPlatform
[2017.04.18-21.04.52:613][  0]LogTemp:Display: Loaded TP HTML5TargetPlatform
[2017.04.18-21.04.52:713][  0]LogTemp:Display: Loaded TP IOSTargetPlatform
[2017.04.18-21.04.52:747][  0]LogTemp:Display: Loaded TP TVOSTargetPlatform
[2017.04.18-21.04.52:810][  0]LogTemp:Display: Loaded TP LinuxClientTargetPlatform
[2017.04.18-21.04.52:866][  0]LogTemp:Display: Loaded TP LinuxNoEditorTargetPlatform
[2017.04.18-21.04.52:929][  0]LogTemp:Display: Loaded TP LinuxServerTargetPlatform
[2017.04.18-21.04.52:991][  0]LogTemp:Display: Loaded TP LinuxTargetPlatform
[2017.04.18-21.04.52:991][  0]LogTargetPlatformManager:Display: Building Assets For Windows
[2017.04.18-21.04.53:560][  0]LogDerivedDataCache:Display: Max Cache Size: 512 MB
[2017.04.18-21.04.53:930][  0]LogDerivedDataCache: Loaded boot cache 0.37s 60MB C:/Users/Sabrina/AppData/Local/UnrealEngine/4.14/DerivedDataCache/Boot.ddc.
[2017.04.18-21.04.53:930][  0]LogDerivedDataCache:Display: Loaded Boot cache: C:/Users/Sabrina/AppData/Local/UnrealEngine/4.14/DerivedDataCache/Boot.ddc
[2017.04.18-21.04.53:930][  0]LogDerivedDataCache: FDerivedDataBackendGraph:  Pak pak cache file ../../../../../../Users/Sabrina/Documents/Call-Of-Bread/Call_Of_bread/DerivedDataCache/DDC.ddp not found, will not use a pak cache.
[2017.04.18-21.04.53:930][  0]LogDerivedDataCache: Unable to find inner node Pak for hierarchical cache Hierarchy.
[2017.04.18-21.04.53:930][  0]LogDerivedDataCache: FDerivedDataBackendGraph:  CompressedPak pak cache file ../../../../../../Users/Sabrina/Documents/Call-Of-Bread/Call_Of_bread/DerivedDataCache/Compressed.ddp not found, will not use a pak cache.
[2017.04.18-21.04.53:930][  0]LogDerivedDataCache: Unable to find inner node CompressedPak for hierarchical cache Hierarchy.
[2017.04.18-21.04.53:959][  0]LogDerivedDataCache:Display: Pak cache opened for reading ../../../Engine/DerivedDataCache/Compressed.ddp.
[2017.04.18-21.04.53:971][  0]LogDerivedDataCache: Using Local data cache path C:/Users/Sabrina/AppData/Local/UnrealEngine/Common/DerivedDataCache: Writable
[2017.04.18-21.04.55:438][  0]LogInit: Selected Device Profile: [Windows]
[2017.04.18-21.04.55:472][  0]LogContentStreaming: Texture pool size is 0.00 MB
[2017.04.18-21.04.55:692][  0]LogMeshUtilities: Using QuadricMeshReduction for automatic static mesh reduction
[2017.04.18-21.04.55:736][  0]LogSimplygon: Simplygon DLL not present - disabling.
[2017.04.18-21.04.55:784][  0]LogMeshUtilities: Using SimplygonSwarm for distributed automatic mesh merging
[2017.04.18-21.04.55:784][  0]LogMeshUtilities: No automatic skeletal mesh reduction module available
[2017.04.18-21.04.55:784][  0]LogMeshUtilities: No automatic mesh merging module available
[2017.04.18-21.04.56:389][  0]LogNetVersion: GetLocalNetworkVersion: CL: 3195953, ProjectName: call_of_bread, ProjectVersion: , EngineNetworkVersion: 2, GameNetworkVersion: 0, NetworkChecksum: 1183517265
[2017.04.18-21.04.56:465][  0]LogAssetRegistry: FAssetRegistry took 0.0227 seconds to start up
[2017.04.18-21.04.56:526][  0]LogPackageLocalizationCache: Processed 3 localized package path(s) for 2 prioritized culture(s) in 0.037697 seconds
[2017.04.18-21.04.56:535][  0]LogUObjectArray: 31912 objects as part of root set at end of initial load.
[2017.04.18-21.04.56:535][  0]LogUObjectAllocator: 6925352 out of 0 bytes used by permanent object pool.
[2017.04.18-21.04.56:535][  0]LogUObjectArray: CloseDisregardForGC: 0/0 objects in disregard for GC pool
[2017.04.18-21.04.56:620][  0]LogInit: WinSock: version 1.1 (2.2), MaxSocks=32767, MaxUdp=65467
[2017.04.18-21.04.57:506][  0]LogSlate: Using Freetype 2.6.0
[2017.04.18-21.04.57:507][  0]LogSlate: SlateFontCache - WITH_FREETYPE: 1, WITH_HARFBUZZ: 1
[2017.04.18-21.04.57:507][  0]LogSlate: SlateFontCache - WITH_FREETYPE: 1, WITH_HARFBUZZ: 1
[2017.04.18-21.05.00:696][  0]LogTcpMessaging: Initializing TcpMessaging bridge
[2017.04.18-21.05.00:743][  0]LogUdpMessaging: Initializing bridge on interface 0.0.0.0:0 to multicast group 230.0.0.1:6666.
[2017.04.18-21.05.01:342][  0]LogMaterial: Uniform references updated for custom material expression Custom.
[2017.04.18-21.05.02:180][  0]SourceControl: Info Source control is disabled
[2017.04.18-21.05.02:469][  0]SourceControl: Info Source control is disabled
[2017.04.18-21.05.02:551][  0]SourceControl: Info Source control is disabled
[2017.04.18-21.05.02:629][  0]SourceControl: Info Source control is disabled
[2017.04.18-21.05.04:463][  0]LogEngine: Initializing Engine...
[2017.04.18-21.05.04:463][  0]LogHMD: Failed to initialize OpenVR with code 110
[2017.04.18-21.05.04:767][  0]LogAIModule: Creating AISystem for world Untitled
[2017.04.18-21.05.04:780][  0]LogInit: XAudio2 using 'Speakers (Realtek High Definition Audio(SST))' : 2 channels at 48 kHz using 32 bits per sample (channel mask 0x3)
[2017.04.18-21.05.04:793][  0]LogInit: FAudioDevice initialized.
[2017.04.18-21.05.04:830][  0]LogDerivedDataCache: Saved boot cache 0.04s 60MB C:/Users/Sabrina/AppData/Local/UnrealEngine/4.14/DerivedDataCache/Boot.ddc.
[2017.04.18-21.05.04:843][  0]LogInit: Texture streaming: Enabled
[2017.04.18-21.05.05:083][  0]LogInit: Transaction tracking system initialized
[2017.04.18-21.05.05:494][  0]BlueprintLog: New page: Editor Load
[2017.04.18-21.05.06:457][  0]LocalizationService: Info Localization service is disabled
[2017.04.18-21.05.07:523][  0]LogConsoleResponse:Display: 
[2017.04.18-21.05.07:888][  0]LogCook:Display: Max memory allowance for cook 16384mb min free memory 0mb
[2017.04.18-21.05.07:888][  0]LogCook:Display: Mobile HDR setting 1
[2017.04.18-21.05.08:547][  0]LogFileCache: Scanning file cache for directory 'C:/Users/Sabrina/Documents/Call-Of-Bread/Call_Of_bread/Content/' took 0.02s
[2017.04.18-21.05.09:129][  0]SourceControl: Info Source control is disabled
[2017.04.18-21.08.00:118][  0]LogWindowsTextInputMethodSystem:Display: IME system now deactivated.
[2017.04.18-21.08.00:118][  0]LogWindowsTextInputMethodSystem:Display: IME system now deactivated.
[2017.04.18-21.08.00:160][  0]LogWindowsTextInputMethodSystem:Display: IME system now deactivated.
[2017.04.18-21.08.00:161][  0]LogWindowsTextInputMethodSystem:Display: IME system now deactivated.
[2017.04.18-21.08.06:212][  0]LogWindowsTextInputMethodSystem:Display: IME system now deactivated.
[2017.04.18-21.08.06:212][  0]LogWindowsTextInputMethodSystem:Display: IME system now deactivated.
[2017.04.18-21.08.06:305][  0]LogWindowsTextInputMethodSystem:Display: IME system now deactivated.
[2017.04.18-21.08.06:306][  0]LogWindowsTextInputMethodSystem:Display: IME system now deactivated.
[2017.04.18-21.08.06:307][  0]Cmd: MAP LOAD FILE="../../../../../../Users/Sabrina/Documents/Call-Of-Bread/Call_Of_bread/Content/ThirdPersonBP/Maps/ThirdPersonExampleMap.umap" TEMPLATE=0 SHOWPROGRESS=1 FEATURELEVEL=3
[2017.04.18-21.08.06:329][  0]LightingResults: New page: Lighting Build
[2017.04.18-21.08.06:420][  0]MapCheck: New page: Map Check
[2017.04.18-21.08.06:420][  0]LightingResults: New page: Lighting Build
[2017.04.18-21.08.07:233][  0]LogAIModule: Creating AISystem for world ThirdPersonExampleMap
[2017.04.18-21.08.07:496][  0]LogEditorServer: Finished looking for orphan Actors (0.000 secs)
[2017.04.18-21.08.07:497][  0]Cmd: MAP CHECKDEP NOCLEARLOG
[2017.04.18-21.08.07:594][  0]MapCheck: Info Map check complete: 0 Error(s), 0 Warning(s), took 97.03ms to complete.
[2017.04.18-21.08.07:594][  0]LogFileHelpers: Loading map 'ThirdPersonExampleMap' took 1.288
[2017.04.18-21.08.07:741][  0]LogStats:Warning: MetaData mismatch. Did you assign a stat to two groups? New //STATGROUP_Threads//SplashScreenThread///Thread_3b24_0///####STATCAT_Advanced#### old //STATGROUP_Threads//SplashScreenThread///Thread_31d4_0///####STATCAT_Advanced####
[2017.04.18-21.08.07:741][  0]LogCollectionManager: Loaded 0 collections in 0.002083 seconds
[2017.04.18-21.08.07:826][  0]LogFileCache: Scanning file cache for directory 'C:/Users/Sabrina/Documents/Call-Of-Bread/Call_Of_bread/Saved/Collections/' took 0.01s
[2017.04.18-21.08.07:826][  0]LogFileCache: Scanning file cache for directory 'C:/Users/Sabrina/Documents/Call-Of-Bread/Call_Of_bread/Content/Developers/Sabrina/Collections/' took 0.01s
[2017.04.18-21.08.07:826][  0]LogFileCache: Scanning file cache for directory 'C:/Users/Sabrina/Documents/Call-Of-Bread/Call_Of_bread/Content/Collections/' took 0.01s
[2017.04.18-21.08.07:826][  0]LogCollectionManager: Rebuilt the GUID cache for 0 collections in 0.000003 seconds
[2017.04.18-21.08.07:838][  0]LogContentBrowser: Native class hierarchy populated in 0.0121 seconds. Added 2190 classes and 428 folders.
[2017.04.18-21.08.07:884][  0]LogStats: UGameplayTagsManager::ConstructGameplayTagTree: Construct from data asset -  0.000 s
[2017.04.18-21.08.07:884][  0]LogStats: UGameplayTagsManager::ConstructGameplayTagTree: GameplayTagTreeChangedEvent.Broadcast -  0.000 s
[2017.04.18-21.08.07:885][  0]LogContentBrowser: Native class hierarchy updated for 'GameplayTags' in 0.0005 seconds. Added 13 classes and 0 folders.
[2017.04.18-21.08.07:948][  0]LogContentBrowser: Native class hierarchy updated for 'WidgetCarousel' in 0.0004 seconds. Added 0 classes and 0 folders.
[2017.04.18-21.08.08:358][  0]LogContentBrowser: Native class hierarchy updated for 'AddContentDialog' in 0.0005 seconds. Added 0 classes and 0 folders.
[2017.04.18-21.08.08:403][  0]LogContentBrowser: Native class hierarchy updated for 'SceneOutliner' in 0.0004 seconds. Added 1 classes and 2 folders.
[2017.04.18-21.08.08:503][  0]LogCrashTracker: Crashtracker disabled due to settings.
[2017.04.18-21.08.08:511][  0]LogUObjectGlobals:Warning: Failed to find object 'Class None.'
[2017.04.18-21.08.08:583][  0]LogContentBrowser: Native class hierarchy updated for 'HierarchicalLODOutliner' in 0.0005 seconds. Added 1 classes and 2 folders.
[2017.04.18-21.08.08:583][  0]LogLoad: (Engine Initialization) Total time: 204.21 seconds
[2017.04.18-21.08.08:583][  0]LogLoad: (Engine Initialization) Total Blueprint compile time: 0.22 seconds
[2017.04.18-21.08.08:583][  0]LogExternalProfiler: Found external profiler: VSPerf
[2017.04.18-21.08.08:583][  0]LogExternalProfiler: Using external profiler: VSPerf
[2017.04.18-21.08.08:601][  0]LogOcInput: OculusInput pre-init called
[2017.04.18-21.08.08:624][  0]LogContentStreaming: Texture pool size now 1000 MB
[2017.04.18-21.08.08:794][  0]LogRenderer: Reallocating scene render targets to support 1152x544 NumSamples 1 (Frame:2).
[2017.04.18-21.08.08:959][  1]LogAssetRegistry: Asset discovery search completed in 192.5169 seconds
[2017.04.18-21.08.08:959][  1]LogCollectionManager: Rebuilt the object cache for 0 collections in 0.000000 seconds (found 0 objects)
[2017.04.18-21.08.08:959][  1]LogCollectionManager: Fixed up redirectors for 0 collections in 0.000014 seconds (updated 0 objects)
[2017.04.18-21.08.15:233][241]LogLinker:Warning: Can't find file '/Game/Assets/Blueplastic'
[2017.04.18-21.08.15:233][241]LogLinker:Warning: Can't find file for asset '/Game/Assets/Blueplastic' while loading ../../../../../../Users/Sabrina/Documents/Call-Of-Bread/Call_Of_bread/Content/Assets/Magnets/climbingmagnets2.uasset.
[2017.04.18-21.08.15:233][241]LoadErrors:Error: Error /Game/Assets/Magnets/climbingmagnets2 : Can't find file for asset. /Game/Assets/Blueplastic
[2017.04.18-21.08.15:233][241]LogLinker:Warning: Can't find file '/Game/Assets/Blueplastic'
[2017.04.18-21.08.15:233][241]LogLinker:Warning: Can't find file for asset '/Game/Assets/Blueplastic' while loading ../../../../../../Users/Sabrina/Documents/Call-Of-Bread/Call_Of_bread/Content/Assets/Magnets/climbingmagnets2.uasset.
[2017.04.18-21.08.15:333][241]LogLinker:Warning: Can't find file '/Game/Assets/Blueplastic'
[2017.04.18-21.08.15:333][241]LoadErrors: Info Failed to load /Game/Assets/Blueplastic.Blueplastic Referenced by climbingmagnets2
[2017.04.18-21.08.15:333][241]LogLinker:Warning: Can't find file for asset '/Game/Assets/Blueplastic' while loading NULL.
[2017.04.18-21.08.16:781][241]LogAIModule: Creating AISystem for world test-Level
[2017.04.18-21.08.16:823][241]Cmd: MAP LOAD FILE="../../../../../../Users/Sabrina/Documents/Call-Of-Bread/Call_Of_bread/Content/Test-Level.umap" TEMPLATE=0 SHOWPROGRESS=1 FEATURELEVEL=3
[2017.04.18-21.08.16:823][241]LightingResults: New page: Lighting Build
[2017.04.18-21.08.16:823][241]LoadErrors: New page: Loading map: Test-Level.umap
[2017.04.18-21.08.16:825][241]MapCheck: New page: Map Check
[2017.04.18-21.08.16:825][241]LightingResults: New page: Lighting Build
[2017.04.18-21.08.16:901][241]LogEditorServer: Finished looking for orphan Actors (0.000 secs)
[2017.04.18-21.08.16:930][241]Cmd: MAP CHECKDEP NOCLEARLOG
[2017.04.18-21.08.17:003][241]MapCheck: Info Map check complete: 0 Error(s), 0 Warning(s), took 73.106ms to complete.
[2017.04.18-21.08.17:004][241]LogFileHelpers: Loading map 'Test-Level' took 0.182
[2017.04.18-21.08.30:058][818]LogEditorViewport: Clicking on Actor (context menu): StaticMeshActor (plateuved10)
[2017.04.18-21.08.32:349][946]LogEditorViewport: Clicking on Actor (LMB): StaticMeshActor (plateuved10)
[2017.04.18-21.08.42:791][472]LogEditorViewport: Clicking on Component (LMB): StaticMeshComponent (StaticMeshComponent0)
[2017.04.18-21.08.47:229][671]LogEditorViewport: Clicking on Actor (LMB): StaticMeshActor (healthbottle)
[2017.04.18-21.09.18:358][787]LogEditorViewport: Clicking on Actor (LMB): StaticMeshActor (Call-Of-Bread_table)
[2017.04.18-21.09.19:030][813]LogEditorViewport: Clicking on Actor (LMB): StaticMeshActor (Call-Of-Bread_table)
[2017.04.18-21.09.19:567][835]LogEditorViewport: Clicking on Actor (LMB): StaticMeshActor (Call-Of-Bread_table)
[2017.04.18-21.09.20:222][861]LogEditorViewport: Clicking on Actor (LMB): StaticMeshActor (Call-Of-Bread_table)
[2017.04.18-21.09.20:603][874]LogEditorViewport: Clicking on Component (LMB): StaticMeshComponent (StaticMeshComponent0)
[2017.04.18-21.09.22:016][936]LogEditorViewport: Clicking on Actor (LMB): StaticMeshActor (plateuved10)
[2017.04.18-21.09.28:946][233]Cmd: TRANSACTION UNDO
[2017.04.18-21.09.28:946][233]LogEditorTransaction: Undo Scale Actors
[2017.04.18-21.09.31:463][319]LogEditorViewport: Clicking on Actor (LMB): StaticMeshActor (Call-Of-Bread_table)
[2017.04.18-21.09.32:460][352]LogEditorViewport: Clicking on Actor (LMB): StaticMeshActor (plateuved10)
[2017.04.18-21.09.33:720][405]LogEditorViewport: Clicking on Actor (context menu): StaticMeshActor (plateuved10)
[2017.04.18-21.09.34:516][448]LogEditorViewport: Clicking on Actor (LMB): StaticMeshActor (Call-Of-Bread_table)
[2017.04.18-21.09.35:435][480]LogEditorViewport: Clicking on Actor (LMB): StaticMeshActor (plateuved10)
[2017.04.18-21.09.59:758][480]Cmd: OBJ SAVEPACKAGE PACKAGE="/Game/Test-Level" FILE="../../../../../../Users/Sabrina/Documents/Call-Of-Bread/Call_Of_bread/Content/Test-Level.umap" SILENT=true AUTOSAVING=false KEEPDIRTY=false
[2017.04.18-21.09.59:918][480]LogSavePackage: Save=128.43ms
[2017.04.18-21.09.59:918][480]LogSavePackage: Moving '../../../../../../Users/Sabrina/Documents/Call-Of-Bread/Call_Of_bread/Saved/Test-Level48736FA2429D02C0CA359D827F2F1A47.tmp' to '../../../../../../Users/Sabrina/Documents/Call-Of-Bread/Call_Of_bread/Content/Test-Level.umap'
[2017.04.18-21.09.59:925][480]LogSavePackage:Display: Finished SavePackage ../../../../../../Users/Sabrina/Documents/Call-Of-Bread/Call_Of_bread/Content/Test-Level.umap
[2017.04.18-21.09.59:969][480]Cmd: OBJ SAVEPACKAGE PACKAGE="/Game/Test-Level_BuiltData" FILE="../../../../../../Users/Sabrina/Documents/Call-Of-Bread/Call_Of_bread/Content/Test-Level_BuiltData.uasset" SILENT=true
[2017.04.18-21.10.01:384][480]LogSavePackage: Save=1395.42ms
[2017.04.18-21.10.01:384][480]LogSavePackage: Moving '../../../../../../Users/Sabrina/Documents/Call-Of-Bread/Call_Of_bread/Saved/Test-Level_BuiltData621BD2BF44BC3D7E12263A840CB85244.tmp' to '../../../../../../Users/Sabrina/Documents/Call-Of-Bread/Call_Of_bread/Content/Test-Level_BuiltData.uasset'
[2017.04.18-21.10.01:387][480]LogSavePackage:Display: Finished SavePackage ../../../../../../Users/Sabrina/Documents/Call-Of-Bread/Call_Of_bread/Content/Test-Level_BuiltData.uasset
[2017.04.18-21.11.03:549][338]LogUObjectGlobals:Warning: Guid referenced by BoxComponent /Game/Blueprints/StartPoint.StartPoint_C:Box_GEN_VARIABLE is already used by BoxComponent /Game/Test-Level.test-Level:PersistentLevel.plateuved10.Box, which should never happen in the editor but could happen at runtime with duplicate level loading or PIE
[2017.04.18-21.11.04:192][338]LogContentBrowser: Native class hierarchy updated for 'BlueprintGraph' in 0.0011 seconds. Added 111 classes and 0 folders.
[2017.04.18-21.11.04:933][338]LogTexture:Display: Building textures: TilePatine_N (BC5)
[2017.04.18-21.11.04:992][338]LogTexture:Display: Building textures: TilePatine_D (AutoDXT)
[2017.04.18-21.11.05:583][339]LogRenderer: Reallocating scene render targets to support 1152x668 NumSamples 1 (Frame:5671).
[2017.04.18-21.15.30:138][518]LogEditorTransaction: Undo Create Pin Link
[2017.04.18-21.15.30:984][549]LogEditorTransaction: Undo Add Node
[2017.04.18-21.16.25:603][329]LogEditorTransaction: Undo Add Node
[2017.04.18-21.16.33:767][708]LogEditorTransaction: Undo Add Node
[2017.04.18-21.17.00:754][876]LogEditorTransaction: Undo Add Node
[2017.04.18-21.18.27:616][845]Cmd: OBJ SAVEPACKAGE PACKAGE="/Game/Test-Level" FILE="../../../../../../Users/Sabrina/Documents/Call-Of-Bread/Call_Of_bread/Content/Test-Level.umap" SILENT=true AUTOSAVING=false KEEPDIRTY=false
[2017.04.18-21.18.27:915][845]LogSavePackage: Save=199.12ms
[2017.04.18-21.18.27:915][845]LogSavePackage: Moving '../../../../../../Users/Sabrina/Documents/Call-Of-Bread/Call_Of_bread/Saved/Test-Level37E40F564107AA77E51AF5948A41B023.tmp' to '../../../../../../Users/Sabrina/Documents/Call-Of-Bread/Call_Of_bread/Content/Test-Level.umap'
[2017.04.18-21.18.27:919][845]LogSavePackage:Display: Finished SavePackage ../../../../../../Users/Sabrina/Documents/Call-Of-Bread/Call_Of_bread/Content/Test-Level.umap
[2017.04.18-21.18.27:958][845]Cmd: OBJ SAVEPACKAGE PACKAGE="/Game/Test-Level_BuiltData" FILE="../../../../../../Users/Sabrina/Documents/Call-Of-Bread/Call_Of_bread/Content/Test-Level_BuiltData.uasset" SILENT=true
[2017.04.18-21.18.29:238][845]LogSavePackage: Save=1259.27ms
[2017.04.18-21.18.29:238][845]LogSavePackage: Moving '../../../../../../Users/Sabrina/Documents/Call-Of-Bread/Call_Of_bread/Saved/Test-Level_BuiltData5B2FF13B4DB293E1EC0852AD39BF626C.tmp' to '../../../../../../Users/Sabrina/Documents/Call-Of-Bread/Call_Of_bread/Content/Test-Level_BuiltData.uasset'
[2017.04.18-21.18.29:242][845]LogSavePackage:Display: Finished SavePackage ../../../../../../Users/Sabrina/Documents/Call-Of-Bread/Call_Of_bread/Content/Test-Level_BuiltData.uasset
[2017.04.18-21.22.41:036][467]BlueprintLog: New page: Compile StartPoint
[2017.04.18-21.23.12:351][893]Cmd: OBJ SAVEPACKAGE PACKAGE="/Game/Test-Level" FILE="../../../../../../Users/Sabrina/Documents/Call-Of-Bread/Call_Of_bread/Content/Test-Level.umap" SILENT=true AUTOSAVING=false KEEPDIRTY=false
[2017.04.18-21.23.12:574][893]LogSavePackage: Save=189.67ms
[2017.04.18-21.23.12:575][893]LogSavePackage: Moving '../../../../../../Users/Sabrina/Documents/Call-Of-Bread/Call_Of_bread/Saved/Test-LevelFCCDEBD940B2438D8C06719BE6466141.tmp' to '../../../../../../Users/Sabrina/Documents/Call-Of-Bread/Call_Of_bread/Content/Test-Level.umap'
[2017.04.18-21.23.12:582][893]LogSavePackage:Display: Finished SavePackage ../../../../../../Users/Sabrina/Documents/Call-Of-Bread/Call_Of_bread/Content/Test-Level.umap
[2017.04.18-21.23.12:617][893]Cmd: OBJ SAVEPACKAGE PACKAGE="/Game/Test-Level_BuiltData" FILE="../../../../../../Users/Sabrina/Documents/Call-Of-Bread/Call_Of_bread/Content/Test-Level_BuiltData.uasset" SILENT=true
[2017.04.18-21.23.13:827][893]LogSavePackage: Save=1205.84ms
[2017.04.18-21.23.13:827][893]LogSavePackage: Moving '../../../../../../Users/Sabrina/Documents/Call-Of-Bread/Call_Of_bread/Saved/Test-Level_BuiltDataF1A8D63F49B49D553E4E88B59201E76D.tmp' to '../../../../../../Users/Sabrina/Documents/Call-Of-Bread/Call_Of_bread/Content/Test-Level_BuiltData.uasset'
[2017.04.18-21.23.13:830][893]LogSavePackage:Display: Finished SavePackage ../../../../../../Users/Sabrina/Documents/Call-Of-Bread/Call_Of_bread/Content/Test-Level_BuiltData.uasset
[2017.04.18-21.23.42:360][386]LogContentBrowser: Native class hierarchy updated for 'WorldBrowser' in 0.0005 seconds. Added 1 classes and 3 folders.
[2017.04.18-21.25.36:687][922]LogNavigationPoint: PostEditMove Clear paths rebuilt
[2017.04.18-21.25.38:291][  1]LogNavigationPoint: PostEditMove Clear paths rebuilt
[2017.04.18-21.25.39:975][ 81]LogEditorViewport: Clicking on Actor (LMB): StaticMeshActor (Call-Of-Bread_table)
[2017.04.18-21.25.40:731][115]LogEditorViewport: Clicking on Actor (LMB): StaticMeshActor (Call-Of-Bread_table)
[2017.04.18-21.25.44:269][255]Cmd: OBJ SAVEPACKAGE PACKAGE="/Game/Test-Level" FILE="../../../../../../Users/Sabrina/Documents/Call-Of-Bread/Call_Of_bread/Content/Test-Level.umap" SILENT=true AUTOSAVING=false KEEPDIRTY=false
[2017.04.18-21.25.44:470][255]LogSavePackage: Save=154.85ms
[2017.04.18-21.25.44:471][255]LogSavePackage: Moving '../../../../../../Users/Sabrina/Documents/Call-Of-Bread/Call_Of_bread/Saved/Test-LevelEF30A84243D1B8664F467D953C28429D.tmp' to '../../../../../../Users/Sabrina/Documents/Call-Of-Bread/Call_Of_bread/Content/Test-Level.umap'
[2017.04.18-21.25.44:476][255]LogSavePackage:Display: Finished SavePackage ../../../../../../Users/Sabrina/Documents/Call-Of-Bread/Call_Of_bread/Content/Test-Level.umap
[2017.04.18-21.25.44:517][255]Cmd: OBJ SAVEPACKAGE PACKAGE="/Game/Test-Level_BuiltData" FILE="../../../../../../Users/Sabrina/Documents/Call-Of-Bread/Call_Of_bread/Content/Test-Level_BuiltData.uasset" SILENT=true
[2017.04.18-21.25.45:748][255]LogSavePackage: Save=1208.56ms
[2017.04.18-21.25.45:748][255]LogSavePackage: Moving '../../../../../../Users/Sabrina/Documents/Call-Of-Bread/Call_Of_bread/Saved/Test-Level_BuiltDataC2935FEA474F6F6896469191F0C43149.tmp' to '../../../../../../Users/Sabrina/Documents/Call-Of-Bread/Call_Of_bread/Content/Test-Level_BuiltData.uasset'
[2017.04.18-21.25.45:750][255]LogSavePackage:Display: Finished SavePackage ../../../../../../Users/Sabrina/Documents/Call-Of-Bread/Call_Of_bread/Content/Test-Level_BuiltData.uasset
[2017.04.18-21.27.01:132][861]LogEditorViewport: Clicking on Actor (LMB): PlayerStart (PlayerStart)
[2017.04.18-21.27.10:957][328]LogNavigationPoint: PostEditMove Clear paths rebuilt
[2017.04.18-21.27.20:300][793]LogNavigationPoint: PostEditMove Clear paths rebuilt
[2017.04.18-21.27.23:744][962]LogNavigationPoint: PostEditMove Clear paths rebuilt
[2017.04.18-21.27.26:369][ 93]LogNavigationPoint: PostEditMove Clear paths rebuilt
[2017.04.18-21.27.30:429][308]LogNavigationPoint: PostEditMove Clear paths rebuilt
[2017.04.18-21.27.32:242][399]Cmd: OBJ SAVEPACKAGE PACKAGE="/Game/Test-Level" FILE="../../../../../../Users/Sabrina/Documents/Call-Of-Bread/Call_Of_bread/Content/Test-Level.umap" SILENT=true AUTOSAVING=false KEEPDIRTY=false
[2017.04.18-21.27.32:438][399]LogSavePackage: Save=159.73ms
[2017.04.18-21.27.32:438][399]LogSavePackage: Moving '../../../../../../Users/Sabrina/Documents/Call-Of-Bread/Call_Of_bread/Saved/Test-LevelA059B0544A0337BDD41861ACB3528699.tmp' to '../../../../../../Users/Sabrina/Documents/Call-Of-Bread/Call_Of_bread/Content/Test-Level.umap'
[2017.04.18-21.27.32:445][399]LogSavePackage:Display: Finished SavePackage ../../../../../../Users/Sabrina/Documents/Call-Of-Bread/Call_Of_bread/Content/Test-Level.umap
[2017.04.18-21.27.32:484][399]Cmd: OBJ SAVEPACKAGE PACKAGE="/Game/Test-Level_BuiltData" FILE="../../../../../../Users/Sabrina/Documents/Call-Of-Bread/Call_Of_bread/Content/Test-Level_BuiltData.uasset" SILENT=true
[2017.04.18-21.27.33:711][399]LogSavePackage: Save=1222.33ms
[2017.04.18-21.27.33:711][399]LogSavePackage: Moving '../../../../../../Users/Sabrina/Documents/Call-Of-Bread/Call_Of_bread/Saved/Test-Level_BuiltData182207C2460C4B40D0BB1BA1C1D94B0C.tmp' to '../../../../../../Users/Sabrina/Documents/Call-Of-Bread/Call_Of_bread/Content/Test-Level_BuiltData.uasset'
