Log file open, 04/25/17 11:23:37
LogInit:Display: Running engine for game: Call_Of_bread
LogPlatformFile: Not using cached read wrapper
LogInit:Display: RandInit(-1594732111) SRandInit(-1594732111).
LogTaskGraph: Started task graph with 5 named threads and 6 total threads with 1 sets of task threads.
LogStats: Stats thread started at 0.060128
LogPluginManager: Loaded Plugin Paper2D, From C:/Program Files (x86)/Epic Games/4.14/Engine/Plugins/2D/Paper2D/Paper2D.uplugin
LogPluginManager: Loaded Plugin LightPropagationVolume, From C:/Program Files (x86)/Epic Games/4.14/Engine/Plugins/Blendables/LightPropagationVolume/LightPropagationVolume.uplugin
LogPluginManager: Loaded Plugin BlankPlugin, From C:/Program Files (x86)/Epic Games/4.14/Engine/Plugins/Developer/BlankPlugin/BlankPlugin.uplugin
LogPluginManager: Loaded Plugin CodeLiteSourceCodeAccess, From C:/Program Files (x86)/Epic Games/4.14/Engine/Plugins/Developer/CodeLiteSourceCodeAccess/CodeLiteSourceCodeAccess.uplugin
LogPluginManager: Loaded Plugin GitSourceControl, From C:/Program Files (x86)/Epic Games/4.14/Engine/Plugins/Developer/GitSourceControl/GitSourceControl.uplugin
LogPluginManager: Loaded Plugin KDevelopSourceCodeAccess, From C:/Program Files (x86)/Epic Games/4.14/Engine/Plugins/Developer/KDevelopSourceCodeAccess/KDevelopSourceCodeAccess.uplugin
LogPluginManager: Loaded Plugin NullSourceCodeAccess, From C:/Program Files (x86)/Epic Games/4.14/Engine/Plugins/Developer/NullSourceCodeAccess/NullSourceCodeAccess.uplugin
LogPluginManager: Loaded Plugin OneSkyLocalizationService, From C:/Program Files (x86)/Epic Games/4.14/Engine/Plugins/Developer/OneSkyLocalizationService/OneSkyLocalizationService.uplugin
LogPluginManager: Loaded Plugin PerforceSourceControl, From C:/Program Files (x86)/Epic Games/4.14/Engine/Plugins/Developer/PerforceSourceControl/PerforceSourceControl.uplugin
LogPluginManager: Loaded Plugin SubversionSourceControl, From C:/Program Files (x86)/Epic Games/4.14/Engine/Plugins/Developer/SubversionSourceControl/SubversionSourceControl.uplugin
LogPluginManager: Loaded Plugin UObjectPlugin, From C:/Program Files (x86)/Epic Games/4.14/Engine/Plugins/Developer/UObjectPlugin/UObjectPlugin.uplugin
LogPluginManager: Loaded Plugin VisualStudioSourceCodeAccess, From C:/Program Files (x86)/Epic Games/4.14/Engine/Plugins/Developer/VisualStudioSourceCodeAccess/VisualStudioSourceCodeAccess.uplugin
LogPluginManager: Loaded Plugin XCodeSourceCodeAccess, From C:/Program Files (x86)/Epic Games/4.14/Engine/Plugins/Developer/XCodeSourceCodeAccess/XCodeSourceCodeAccess.uplugin
LogPluginManager: Loaded Plugin AudioCapture, From C:/Program Files (x86)/Epic Games/4.14/Engine/Plugins/Editor/AudioCapture/AudioCapture.uplugin
LogPluginManager: Loaded Plugin EpicSurvey, From C:/Program Files (x86)/Epic Games/4.14/Engine/Plugins/Editor/EpicSurvey/EpicSurvey.uplugin
LogPluginManager: Loaded Plugin MacGraphicsSwitching, From C:/Program Files (x86)/Epic Games/4.14/Engine/Plugins/Editor/MacGraphicsSwitching/MacGraphicsSwitching.uplugin
LogPluginManager: Loaded Plugin MobileLauncherProfileWizard, From C:/Program Files (x86)/Epic Games/4.14/Engine/Plugins/Editor/MobileLauncherProfileWizard/MobileLauncherProfileWizard.uplugin
LogPluginManager: Loaded Plugin PluginBrowser, From C:/Program Files (x86)/Epic Games/4.14/Engine/Plugins/Editor/PluginBrowser/PluginBrowser.uplugin
LogPluginManager: Loaded Plugin SpeedTreeImporter, From C:/Program Files (x86)/Epic Games/4.14/Engine/Plugins/Editor/SpeedTreeImporter/SpeedTreeImporter.uplugin
LogPluginManager: Loaded Plugin SuperSearchEditor, From C:/Program Files (x86)/Epic Games/4.14/Engine/Plugins/Editor/SuperSearchEditor/SuperSearchEditor.uplugin
LogPluginManager: Loaded Plugin AlembicImporter, From C:/Program Files (x86)/Epic Games/4.14/Engine/Plugins/Experimental/AlembicImporter/AlembicImporter.uplugin
LogPluginManager: Loaded Plugin BlueprintStats, From C:/Program Files (x86)/Epic Games/4.14/Engine/Plugins/Experimental/BlueprintStats/BlueprintStats.uplugin
LogPluginManager: Loaded Plugin CharacterAI, From C:/Program Files (x86)/Epic Games/4.14/Engine/Plugins/Experimental/CharacterAI/CharacterAI.uplugin
LogPluginManager: Loaded Plugin CodeEditor, From C:/Program Files (x86)/Epic Games/4.14/Engine/Plugins/Experimental/CodeEditor/CodeEditor.uplugin
LogPluginManager: Loaded Plugin CodeView, From C:/Program Files (x86)/Epic Games/4.14/Engine/Plugins/Experimental/CodeView/CodeView.uplugin
LogPluginManager: Loaded Plugin HTML5Networking, From C:/Program Files (x86)/Epic Games/4.14/Engine/Plugins/Experimental/HTML5Networking/HTML5Networking.uplugin
LogPluginManager: Loaded Plugin OSVR, From C:/Program Files (x86)/Epic Games/4.14/Engine/Plugins/Experimental/OSVR/OSVR.uplugin
LogPluginManager: Loaded Plugin Phya, From C:/Program Files (x86)/Epic Games/4.14/Engine/Plugins/Experimental/Phya/Phya.uplugin
LogPluginManager: Loaded Plugin SignificanceManager, From C:/Program Files (x86)/Epic Games/4.14/Engine/Plugins/Experimental/SignificanceManager/SignificanceManager.uplugin
LogPluginManager: Loaded Plugin SimpleHMD, From C:/Program Files (x86)/Epic Games/4.14/Engine/Plugins/Experimental/SimpleHMD/SimpleHMD.uplugin
LogPluginManager: Loaded Plugin StereoPanorama, From C:/Program Files (x86)/Epic Games/4.14/Engine/Plugins/Experimental/StereoPanorama/StereoPanorama.uplugin
LogPluginManager: Loaded Plugin StructBox, From C:/Program Files (x86)/Epic Games/4.14/Engine/Plugins/Experimental/StructBox/StructBox.uplugin
LogPluginManager: Loaded Plugin AndroidMedia, From C:/Program Files (x86)/Epic Games/4.14/Engine/Plugins/Media/AndroidMedia/AndroidMedia.uplugin
LogPluginManager: Loaded Plugin AvfMedia, From C:/Program Files (x86)/Epic Games/4.14/Engine/Plugins/Media/AvfMedia/AvfMedia.uplugin
LogPluginManager: Loaded Plugin MediaPlayerEditor, From C:/Program Files (x86)/Epic Games/4.14/Engine/Plugins/Media/MediaPlayerEditor/MediaPlayerEditor.uplugin
LogPluginManager: Loaded Plugin WmfMedia, From C:/Program Files (x86)/Epic Games/4.14/Engine/Plugins/Media/WmfMedia/WmfMedia.uplugin
LogPluginManager: Loaded Plugin MessagingDebugger, From C:/Program Files (x86)/Epic Games/4.14/Engine/Plugins/Messaging/MessagingDebugger/MessagingDebugger.uplugin
LogPluginManager: Loaded Plugin TcpMessaging, From C:/Program Files (x86)/Epic Games/4.14/Engine/Plugins/Messaging/TcpMessaging/TcpMessaging.uplugin
LogPluginManager: Loaded Plugin UdpMessaging, From C:/Program Files (x86)/Epic Games/4.14/Engine/Plugins/Messaging/UdpMessaging/UdpMessaging.uplugin
LogPluginManager: Loaded Plugin LevelSequenceEditor, From C:/Program Files (x86)/Epic Games/4.14/Engine/Plugins/MovieScene/LevelSequenceEditor/LevelSequenceEditor.uplugin
LogPluginManager: Loaded Plugin MatineeToLevelSequence, From C:/Program Files (x86)/Epic Games/4.14/Engine/Plugins/MovieScene/MatineeToLevelSequence/MatineeToLevelSequence.uplugin
LogPluginManager: Loaded Plugin NetcodeUnitTest, From C:/Program Files (x86)/Epic Games/4.14/Engine/Plugins/NetcodeUnitTest/NetcodeUnitTest/NetcodeUnitTest.uplugin
LogPluginManager: Loaded Plugin NUTUnrealEngine4, From C:/Program Files (x86)/Epic Games/4.14/Engine/Plugins/NetcodeUnitTest/NUTUnrealEngine4/NUTUnrealEngine4.uplugin
LogPluginManager: Loaded Plugin OnlineSubsystemGameCircle, From C:/Program Files (x86)/Epic Games/4.14/Engine/Plugins/Online/Android/OnlineSubsystemGameCircle/OnlineSubsystemGameCircle.uplugin
LogPluginManager: Loaded Plugin OnlineSubsystemGooglePlay, From C:/Program Files (x86)/Epic Games/4.14/Engine/Plugins/Online/Android/OnlineSubsystemGooglePlay/OnlineSubsystemGooglePlay.uplugin
LogPluginManager: Loaded Plugin OnlineSubsystemIOS, From C:/Program Files (x86)/Epic Games/4.14/Engine/Plugins/Online/IOS/OnlineSubsystemIOS/OnlineSubsystemIOS.uplugin
LogPluginManager: Loaded Plugin OnlineFramework, From C:/Program Files (x86)/Epic Games/4.14/Engine/Plugins/Online/OnlineFramework/OnlineFramework.uplugin
LogPluginManager: Loaded Plugin OnlineSubsystem, From C:/Program Files (x86)/Epic Games/4.14/Engine/Plugins/Online/OnlineSubsystem/OnlineSubsystem.uplugin
LogPluginManager: Loaded Plugin OnlineSubsystemAmazon, From C:/Program Files (x86)/Epic Games/4.14/Engine/Plugins/Online/OnlineSubsystemAmazon/OnlineSubsystemAmazon.uplugin
LogPluginManager: Loaded Plugin OnlineSubsystemFacebook, From C:/Program Files (x86)/Epic Games/4.14/Engine/Plugins/Online/OnlineSubsystemFacebook/OnlineSubsystemFacebook.uplugin
LogPluginManager: Loaded Plugin OnlineSubsystemNull, From C:/Program Files (x86)/Epic Games/4.14/Engine/Plugins/Online/OnlineSubsystemNull/OnlineSubsystemNull.uplugin
LogPluginManager: Loaded Plugin OnlineSubsystemOculus, From C:/Program Files (x86)/Epic Games/4.14/Engine/Plugins/Online/OnlineSubsystemOculus/OnlineSubsystemOculus.uplugin
LogPluginManager: Loaded Plugin OnlineSubsystemSteam, From C:/Program Files (x86)/Epic Games/4.14/Engine/Plugins/Online/OnlineSubsystemSteam/OnlineSubsystemSteam.uplugin
LogPluginManager: Loaded Plugin OnlineSubsystemUtils, From C:/Program Files (x86)/Epic Games/4.14/Engine/Plugins/Online/OnlineSubsystemUtils/OnlineSubsystemUtils.uplugin
LogPluginManager: Loaded Plugin IOSTapJoy, From C:/Program Files (x86)/Epic Games/4.14/Engine/Plugins/Runtime/Advertising/IOSTapJoy/IOSTapJoy.uplugin
LogPluginManager: Loaded Plugin AnalyticsBlueprintLibrary, From C:/Program Files (x86)/Epic Games/4.14/Engine/Plugins/Runtime/Analytics/AnalyticsBlueprintLibrary/AnalyticsBlueprintLibrary.uplugin
LogPluginManager: Loaded Plugin AnalyticsMulticast, From C:/Program Files (x86)/Epic Games/4.14/Engine/Plugins/Runtime/Analytics/AnalyticsMulticast/AnalyticsMulticast.uplugin
LogPluginManager: Loaded Plugin Apsalar, From C:/Program Files (x86)/Epic Games/4.14/Engine/Plugins/Runtime/Analytics/Apsalar/Apsalar.uplugin
LogPluginManager: Loaded Plugin FileLogging, From C:/Program Files (x86)/Epic Games/4.14/Engine/Plugins/Runtime/Analytics/FileLogging/FileLogging.uplugin
LogPluginManager: Loaded Plugin Flurry, From C:/Program Files (x86)/Epic Games/4.14/Engine/Plugins/Runtime/Analytics/Flurry/Flurry.uplugin
LogPluginManager: Loaded Plugin AndroidDeviceProfileSelector, From C:/Program Files (x86)/Epic Games/4.14/Engine/Plugins/Runtime/AndroidDeviceProfileSelector/AndroidDeviceProfileSelector.uplugin
LogPluginManager: Loaded Plugin AndroidMoviePlayer, From C:/Program Files (x86)/Epic Games/4.14/Engine/Plugins/Runtime/AndroidMoviePlayer/AndroidMoviePlayer.uplugin
LogPluginManager: Loaded Plugin AppleMoviePlayer, From C:/Program Files (x86)/Epic Games/4.14/Engine/Plugins/Runtime/AppleMoviePlayer/AppleMoviePlayer.uplugin
LogPluginManager: Loaded Plugin ArchVisCharacter, From C:/Program Files (x86)/Epic Games/4.14/Engine/Plugins/Runtime/ArchVisCharacter/ArchVisCharacter.uplugin
LogPluginManager: Loaded Plugin CableComponent, From C:/Program Files (x86)/Epic Games/4.14/Engine/Plugins/Runtime/CableComponent/CableComponent.uplugin
LogPluginManager: Loaded Plugin CustomMeshComponent, From C:/Program Files (x86)/Epic Games/4.14/Engine/Plugins/Runtime/CustomMeshComponent/CustomMeshComponent.uplugin
LogPluginManager: Loaded Plugin ExampleDeviceProfileSelector, From C:/Program Files (x86)/Epic Games/4.14/Engine/Plugins/Runtime/ExampleDeviceProfileSelector/ExampleDeviceProfileSelector.uplugin
LogPluginManager: Loaded Plugin GearVR, From C:/Program Files (x86)/Epic Games/4.14/Engine/Plugins/Runtime/GearVR/GearVR.uplugin
LogPluginManager: Loaded Plugin GoogleVRController, From C:/Program Files (x86)/Epic Games/4.14/Engine/Plugins/Runtime/GoogleVR/GoogleVRController/GoogleVRController.uplugin
LogPluginManager: Loaded Plugin GoogleVRHMD, From C:/Program Files (x86)/Epic Games/4.14/Engine/Plugins/Runtime/GoogleVR/GoogleVRHMD/GoogleVRHMD.uplugin
LogPluginManager: Loaded Plugin IOSDeviceProfileSelector, From C:/Program Files (x86)/Epic Games/4.14/Engine/Plugins/Runtime/IOSDeviceProfileSelector/IOSDeviceProfileSelector.uplugin
LogPluginManager: Loaded Plugin LeapMotion, From C:/Program Files (x86)/Epic Games/4.14/Engine/Plugins/Runtime/LeapMotion/LeapMotion.uplugin
LogPluginManager: Loaded Plugin LinuxDeviceProfileSelector, From C:/Program Files (x86)/Epic Games/4.14/Engine/Plugins/Runtime/LinuxDeviceProfileSelector/LinuxDeviceProfileSelector.uplugin
LogPluginManager: Loaded Plugin MIDIDevice, From C:/Program Files (x86)/Epic Games/4.14/Engine/Plugins/Runtime/MIDIDevice/MIDIDevice.uplugin
LogPluginManager: Loaded Plugin MobilePatchingUtils, From C:/Program Files (x86)/Epic Games/4.14/Engine/Plugins/Runtime/MobilePatchingUtils/MobilePatchingUtils.uplugin
LogPluginManager: Loaded Plugin Ansel, From C:/Program Files (x86)/Epic Games/4.14/Engine/Plugins/Runtime/Nvidia/Ansel/Ansel.uplugin
LogPluginManager: Loaded Plugin OculusAudio, From C:/Program Files (x86)/Epic Games/4.14/Engine/Plugins/Runtime/OculusAudio/OculusAudio.uplugin
LogPluginManager: Loaded Plugin OculusInput, From C:/Program Files (x86)/Epic Games/4.14/Engine/Plugins/Runtime/OculusInput/OculusInput.uplugin
LogPluginManager: Loaded Plugin OculusLibrary, From C:/Program Files (x86)/Epic Games/4.14/Engine/Plugins/Runtime/OculusLibrary/OculusLibrary.uplugin
LogPluginManager: Loaded Plugin OculusRift, From C:/Program Files (x86)/Epic Games/4.14/Engine/Plugins/Runtime/OculusRift/OculusRift.uplugin
LogPluginManager: Loaded Plugin Oodle, From C:/Program Files (x86)/Epic Games/4.14/Engine/Plugins/Runtime/PacketHandlers/CompressionComponents/Oodle/Oodle.uplugin
LogPluginManager: Loaded Plugin ProceduralMeshComponent, From C:/Program Files (x86)/Epic Games/4.14/Engine/Plugins/Runtime/ProceduralMeshComponent/ProceduralMeshComponent.uplugin
LogPluginManager: Loaded Plugin SoundMod, From C:/Program Files (x86)/Epic Games/4.14/Engine/Plugins/Runtime/SoundMod/SoundMod.uplugin
LogPluginManager: Loaded Plugin SoundVisualizations, From C:/Program Files (x86)/Epic Games/4.14/Engine/Plugins/Runtime/SoundVisualizations/SoundVisualizations.uplugin
LogPluginManager: Loaded Plugin SteamController, From C:/Program Files (x86)/Epic Games/4.14/Engine/Plugins/Runtime/Steam/SteamController/SteamController.uplugin
LogPluginManager: Loaded Plugin SteamVR, From C:/Program Files (x86)/Epic Games/4.14/Engine/Plugins/Runtime/Steam/SteamVR/SteamVR.uplugin
LogPluginManager: Loaded Plugin WebBrowserWidget, From C:/Program Files (x86)/Epic Games/4.14/Engine/Plugins/Runtime/WebBrowserWidget/WebBrowserWidget.uplugin
LogPluginManager: Loaded Plugin WindowsDeviceProfileSelector, From C:/Program Files (x86)/Epic Games/4.14/Engine/Plugins/Runtime/WindowsDeviceProfileSelector/WindowsDeviceProfileSelector.uplugin
LogPluginManager: Loaded Plugin WindowsMoviePlayer, From C:/Program Files (x86)/Epic Games/4.14/Engine/Plugins/Runtime/WindowsMoviePlayer/WindowsMoviePlayer.uplugin
LogPluginManager: Loaded Plugin ScriptPlugin, From C:/Program Files (x86)/Epic Games/4.14/Engine/Plugins/ScriptPlugin/ScriptPlugin.uplugin
LogPluginManager: Loaded Plugin SlateRemote, From C:/Program Files (x86)/Epic Games/4.14/Engine/Plugins/Slate/SlateRemote/SlateRemote.uplugin
LogPluginManager: Loaded Plugin EditorTests, From C:/Program Files (x86)/Epic Games/4.14/Engine/Plugins/Tests/EditorTests/EditorTests.uplugin
LogPluginManager: Loaded Plugin FbxAutomationTestBuilder, From C:/Program Files (x86)/Epic Games/4.14/Engine/Plugins/Tests/FbxAutomationTestBuilder/FbxAutomationTestBuilder.uplugin
LogPluginManager: Loaded Plugin FunctionalTestingEditor, From C:/Program Files (x86)/Epic Games/4.14/Engine/Plugins/Tests/FunctionalTestingEditor/FunctionalTestingEditor.uplugin
LogPluginManager: Loaded Plugin RuntimeTests, From C:/Program Files (x86)/Epic Games/4.14/Engine/Plugins/Tests/RuntimeTests/RuntimeTests.uplugin
LogPluginManager: Loaded Plugin ScreenshotTools, From C:/Program Files (x86)/Epic Games/4.14/Engine/Plugins/Tests/ScreenshotTools/ScreenshotTools.uplugin
LogInit: Using libcurl 7.47.1
LogInit:  - built for x86_64-pc-win32
LogInit:  - supports SSL with OpenSSL/1.0.2g
LogInit:  - supports HTTP deflate (compression) using libz 1.2.8
LogInit:  - other features:
LogInit:      CURL_VERSION_SSL
LogInit:      CURL_VERSION_LIBZ
LogInit:      CURL_VERSION_IPV6
LogInit:      CURL_VERSION_ASYNCHDNS
LogInit:      CURL_VERSION_LARGEFILE
LogInit:      CURL_VERSION_IDN
LogInit:  CurlRequestOptions (configurable via config and command line):
LogInit:  - bVerifyPeer = false  - Libcurl will NOT verify peer certificate
LogInit:  - bUseHttpProxy = false  - Libcurl will NOT use HTTP proxy
LogInit:  - bDontReuseConnections = false  - Libcurl will reuse connections
LogInit:  - CertBundlePath = nullptr  - Libcurl will use whatever was configured at build time.
LogModuleManager:Warning: No filename provided for module OnlineSubsystemLAN
LogModuleManager:Warning: ModuleManager: Unable to load module 'OnlineSubsystemLAN' because the file 'C:/Program Files (x86)/Epic Games/4.14/Engine/Binaries/Win64/' was not found.
LogInit: WinSock: version 1.1 (2.2), MaxSocks=32767, MaxUdp=65467
LogInit: Build: ++UE4+Release-4.14-CL-3224400
LogInit: Engine Version: 4.14.1-3224400+++UE4+Release-4.14
LogInit: Compatible Engine Version: 4.14.0-3195953+++UE4+Release-4.14
LogInit: Net CL: 3195953
LogDevObjectVersion: Number of dev versions registered: 13
LogDevObjectVersion:   Dev-Blueprints (B0D832E4-1F89-4F0D-ACCF-7EB736FD4AA2): 7
LogDevObjectVersion:   Dev-Build (E1C64328-A22C-4D53-A36C-8E866417BD8C): 0
LogDevObjectVersion:   Dev-Core (375EC13C-06E4-48FB-B500-84F0262A717E): 1
LogDevObjectVersion:   Dev-Editor (E4B068ED-F494-42E9-A231-DA0B2E46BB41): 8
LogDevObjectVersion:   Dev-Framework (CFFC743F-43B0-4480-9391-14DF171D2073): 17
LogDevObjectVersion:   Dev-Mobile (B02B49B5-BB20-44E9-A304-32B752E40360): 0
LogDevObjectVersion:   Dev-Networking (A4E4105C-59A1-49B5-A7C5-40C4547EDFEE): 0
LogDevObjectVersion:   Dev-Online (39C831C9-5AE6-47DC-9A44-9C173E1C8E7C): 0
LogDevObjectVersion:   Dev-Physics (78F01B33-EBEA-4F98-B9B4-84EACCB95AA2): 0
LogDevObjectVersion:   Dev-Platform (6631380F-2D4D-43E0-8009-CF276956A95A): 0
LogDevObjectVersion:   Dev-Rendering (12F88B9F-8875-4AFC-A67C-D90C383ABD29): 12
LogDevObjectVersion:   Dev-Sequencer (7B5AE74C-D270-4C10-A958-57980B212A5A): 1
LogDevObjectVersion:   Dev-VR (D7296918-1DD6-4BDD-9DE2-64A83CC13884): 0
LogInit: Compiled (64-bit): Dec  7 2016 02:14:32
LogInit: Compiled with Visual C++: 19.00.23026.00
LogInit: Build Configuration: Development
LogInit: Branch Name: ++UE4+Release-4.14
LogInit: Command line:  
LogInit: Base directory: C:/Program Files (x86)/Epic Games/4.14/Engine/Binaries/Win64/
LogInit: Installed Engine Build: 1
LogInit: Presizing for max 8388607 objects, including 0 objects not considered by GC, pre-allocating 0 bytes for permanent pool.
LogInit: Object subsystem initialized
[2017.04.25-10.23.38:310][  0]LogInit: Selected Device Profile: [Windows]
[2017.04.25-10.23.38:310][  0]LogInit: Applying CVar settings loaded from the selected device profile: [Windows]
[2017.04.25-10.23.38:324][  0]LogInit: Computer: DESKTOP-VTD5TTC
[2017.04.25-10.23.38:324][  0]LogInit: User: Sabrina
[2017.04.25-10.23.38:324][  0]LogInit: CPU Page size=65536, Cores=2
[2017.04.25-10.23.38:324][  0]LogInit: High frequency timer resolution =2.742185 MHz
[2017.04.25-10.23.38:324][  0]LogMemory: Memory total: Physical=15.9GB (16GB approx)
[2017.04.25-10.23.38:324][  0]LogMemory: Platform Memory Stats for Windows
[2017.04.25-10.23.38:324][  0]LogMemory: Process Physical Memory: 266.60 MB used, 266.60 MB peak
[2017.04.25-10.23.38:324][  0]LogMemory: Process Virtual Memory: 275.62 MB used, 275.62 MB peak
[2017.04.25-10.23.38:324][  0]LogMemory: Physical Memory: 5432.18 MB used,  10877.93 MB free, 16310.11 MB total
[2017.04.25-10.23.38:324][  0]LogMemory: Virtual Memory: 689.98 MB used,  10877.93 MB free, 134217728.00 MB total
[2017.04.25-10.23.38:348][  0]LogTextLocalizationManager: No specific translations for ('en-US') exist, so ('en') translations will be used.
[2017.04.25-10.23.38:958][  0]LogD3D11RHI: D3D11 adapters:
[2017.04.25-10.23.39:594][  0]LogD3D11RHI:    0. 'NVIDIA GeForce GPU' (Feature Level 11_0)
[2017.04.25-10.23.39:594][  0]LogD3D11RHI:       996/0/8155 MB DedicatedVideo/DedicatedSystem/SharedSystem, Outputs:1, VendorId:0x10de
[2017.04.25-10.23.39:601][  0]LogD3D11RHI:    1. 'Intel(R) HD Graphics 520' (Feature Level 11_0)
[2017.04.25-10.23.39:601][  0]LogD3D11RHI:       128/0/8155 MB DedicatedVideo/DedicatedSystem/SharedSystem, Outputs:0, VendorId:0x8086
[2017.04.25-10.23.39:602][  0]LogD3D11RHI:    2. 'Microsoft Basic Render Driver' (Feature Level 11_0)
[2017.04.25-10.23.39:602][  0]LogD3D11RHI:       0/0/8155 MB DedicatedVideo/DedicatedSystem/SharedSystem, Outputs:0, VendorId:0x1414
[2017.04.25-10.23.39:602][  0]LogD3D11RHI: Chosen D3D11 Adapter: 0
[2017.04.25-10.23.39:606][  0]LogD3D11RHI: Creating new Direct3DDevice
[2017.04.25-10.23.39:606][  0]LogD3D11RHI:     GPU DeviceId: 0x134b (for the marketing name, search the web for "GPU Device Id")
[2017.04.25-10.23.39:606][  0]LogWindows: EnumDisplayDevices:
[2017.04.25-10.23.39:607][  0]LogWindows:    0. 'Intel(R) HD Graphics 520' (P:1 D:1)
[2017.04.25-10.23.39:607][  0]LogWindows:    1. 'Intel(R) HD Graphics 520' (P:0 D:0)
[2017.04.25-10.23.39:607][  0]LogWindows:    2. 'Intel(R) HD Graphics 520' (P:0 D:0)
[2017.04.25-10.23.39:607][  0]LogWindows: DebugString: PrimaryIsNotTheChoosenAdapter PrimaryIsNotTheChoosenAdapter PrimaryIsNotTheChoosenAdapter FoundDriverCount:0 
[2017.04.25-10.23.39:607][  0]LogD3D11RHI:     Adapter Name: NVIDIA GeForce GPU
[2017.04.25-10.23.39:607][  0]LogD3D11RHI:   Driver Version: Unknown (internal:Unknown, unified:Unknown)
[2017.04.25-10.23.39:607][  0]LogD3D11RHI:      Driver Date: Unknown
[2017.04.25-10.23.39:607][  0]LogRHI: Texture pool is 697 MB (70% of 996 MB)
[2017.04.25-10.23.39:621][  0]LogD3D11RHI: Async texture creation enabled
[2017.04.25-10.23.39:633][  0]LogD3D11RHI: GPU Timing Frequency: 1000.000000 (Debug: 2 1)
[2017.04.25-10.23.39:635][  0]LogShaderCompilers: Guid format shader working directory is -22 characters bigger than the processId version (../../../../../../Users/Sabrina/Documents/Call-Of-Bread/Call_Of_bread/Intermediate/Shaders/WorkingDirectory/11852/).
[2017.04.25-10.23.39:635][  0]LogShaderCompilers: Cleaned the shader compiler working directory 'C:/Users/Sabrina/AppData/Local/Temp/UnrealShaderWorkingDir/78B66BCB474DA54CBA022FB3257EF07D/'.
[2017.04.25-10.23.39:635][  0]LogShaderCompilers:Display: Using Local Shader Compiler.
[2017.04.25-10.23.40:633][  0]LogTemp:Display: Loaded TP AllDesktopTargetPlatform
[2017.04.25-10.23.40:686][  0]LogTemp:Display: Loaded TP MacClientTargetPlatform
[2017.04.25-10.23.40:738][  0]LogTemp:Display: Loaded TP MacNoEditorTargetPlatform
[2017.04.25-10.23.40:789][  0]LogTemp:Display: Loaded TP MacServerTargetPlatform
[2017.04.25-10.23.40:842][  0]LogTemp:Display: Loaded TP MacTargetPlatform
[2017.04.25-10.23.40:892][  0]LogTemp:Display: Loaded TP WindowsClientTargetPlatform
[2017.04.25-10.23.40:942][  0]LogTemp:Display: Loaded TP WindowsNoEditorTargetPlatform
[2017.04.25-10.23.40:997][  0]LogTemp:Display: Loaded TP WindowsServerTargetPlatform
[2017.04.25-10.23.41:043][  0]LogTemp:Display: Loaded TP WindowsTargetPlatform
[2017.04.25-10.23.41:094][  0]LogTemp:Display: Loaded TP AndroidTargetPlatform
[2017.04.25-10.23.41:145][  0]LogTemp:Display: Loaded TP Android_ASTCTargetPlatform
[2017.04.25-10.23.41:194][  0]LogTemp:Display: Loaded TP Android_ATCTargetPlatform
[2017.04.25-10.23.41:244][  0]LogTemp:Display: Loaded TP Android_DXTTargetPlatform
[2017.04.25-10.23.41:294][  0]LogTemp:Display: Loaded TP Android_ETC1TargetPlatform
[2017.04.25-10.23.41:344][  0]LogTemp:Display: Loaded TP Android_ETC2TargetPlatform
[2017.04.25-10.23.41:445][  0]LogTemp:Display: Loaded TP Android_MultiTargetPlatform
[2017.04.25-10.23.41:445][  0]LogTemp:Display: Loaded TP Android_PVRTCTargetPlatform
[2017.04.25-10.23.41:482][  0]LogTemp:Display: Loaded TP HTML5TargetPlatform
[2017.04.25-10.23.41:562][  0]LogTemp:Display: Loaded TP IOSTargetPlatform
[2017.04.25-10.23.41:598][  0]LogTemp:Display: Loaded TP TVOSTargetPlatform
[2017.04.25-10.23.41:652][  0]LogTemp:Display: Loaded TP LinuxClientTargetPlatform
[2017.04.25-10.23.41:702][  0]LogTemp:Display: Loaded TP LinuxNoEditorTargetPlatform
[2017.04.25-10.23.41:751][  0]LogTemp:Display: Loaded TP LinuxServerTargetPlatform
[2017.04.25-10.23.41:802][  0]LogTemp:Display: Loaded TP LinuxTargetPlatform
[2017.04.25-10.23.41:802][  0]LogTargetPlatformManager:Display: Building Assets For Windows
[2017.04.25-10.23.42:155][  0]LogDerivedDataCache:Display: Max Cache Size: 512 MB
[2017.04.25-10.23.42:205][  0]LogDerivedDataCache: Loaded boot cache 0.05s 50MB C:/Users/Sabrina/AppData/Local/UnrealEngine/4.14/DerivedDataCache/Boot.ddc.
[2017.04.25-10.23.42:205][  0]LogDerivedDataCache:Display: Loaded Boot cache: C:/Users/Sabrina/AppData/Local/UnrealEngine/4.14/DerivedDataCache/Boot.ddc
[2017.04.25-10.23.42:205][  0]LogDerivedDataCache: FDerivedDataBackendGraph:  Pak pak cache file ../../../../../../Users/Sabrina/Documents/Call-Of-Bread/Call_Of_bread/DerivedDataCache/DDC.ddp not found, will not use a pak cache.
[2017.04.25-10.23.42:205][  0]LogDerivedDataCache: Unable to find inner node Pak for hierarchical cache Hierarchy.
[2017.04.25-10.23.42:206][  0]LogDerivedDataCache: FDerivedDataBackendGraph:  CompressedPak pak cache file ../../../../../../Users/Sabrina/Documents/Call-Of-Bread/Call_Of_bread/DerivedDataCache/Compressed.ddp not found, will not use a pak cache.
[2017.04.25-10.23.42:206][  0]LogDerivedDataCache: Unable to find inner node CompressedPak for hierarchical cache Hierarchy.
[2017.04.25-10.23.42:223][  0]LogDerivedDataCache:Display: Pak cache opened for reading ../../../Engine/DerivedDataCache/Compressed.ddp.
[2017.04.25-10.23.42:235][  0]LogDerivedDataCache: Using Local data cache path C:/Users/Sabrina/AppData/Local/UnrealEngine/Common/DerivedDataCache: Writable
[2017.04.25-10.23.42:435][  0]LogInit: Selected Device Profile: [Windows]
[2017.04.25-10.23.42:437][  0]LogContentStreaming: Texture pool size is 0.00 MB
[2017.04.25-10.23.42:626][  0]LogMeshUtilities: Using QuadricMeshReduction for automatic static mesh reduction
[2017.04.25-10.23.42:663][  0]LogSimplygon: Simplygon DLL not present - disabling.
[2017.04.25-10.23.42:701][  0]LogMeshUtilities: Using SimplygonSwarm for distributed automatic mesh merging
[2017.04.25-10.23.42:701][  0]LogMeshUtilities: No automatic skeletal mesh reduction module available
[2017.04.25-10.23.42:701][  0]LogMeshUtilities: No automatic mesh merging module available
[2017.04.25-10.23.43:222][  0]LogNetVersion: GetLocalNetworkVersion: CL: 3195953, ProjectName: call_of_bread, ProjectVersion: , EngineNetworkVersion: 2, GameNetworkVersion: 0, NetworkChecksum: 1183517265
[2017.04.25-10.23.43:287][  0]LogAssetRegistry: FAssetRegistry took 0.0219 seconds to start up
[2017.04.25-10.23.43:341][  0]LogPackageLocalizationCache: Processed 3 localized package path(s) for 2 prioritized culture(s) in 0.027971 seconds
[2017.04.25-10.23.43:346][  0]LogUObjectArray: 31912 objects as part of root set at end of initial load.
[2017.04.25-10.23.43:346][  0]LogUObjectAllocator: 6925352 out of 0 bytes used by permanent object pool.
[2017.04.25-10.23.43:346][  0]LogUObjectArray: CloseDisregardForGC: 0/0 objects in disregard for GC pool
[2017.04.25-10.23.44:012][  0]LogSlate: Using Freetype 2.6.0
[2017.04.25-10.23.44:013][  0]LogSlate: SlateFontCache - WITH_FREETYPE: 1, WITH_HARFBUZZ: 1
[2017.04.25-10.23.44:013][  0]LogSlate: SlateFontCache - WITH_FREETYPE: 1, WITH_HARFBUZZ: 1
[2017.04.25-10.23.44:722][  0]LogTcpMessaging: Initializing TcpMessaging bridge
[2017.04.25-10.23.44:759][  0]LogUdpMessaging: Initializing bridge on interface 0.0.0.0:0 to multicast group 230.0.0.1:6666.
[2017.04.25-10.23.45:055][  0]LogMaterial: Uniform references updated for custom material expression Custom.
[2017.04.25-10.23.45:396][  0]SourceControl: Info Source control is disabled
[2017.04.25-10.23.45:424][  0]SourceControl: Info Source control is disabled
[2017.04.25-10.23.45:464][  0]SourceControl: Info Source control is disabled
[2017.04.25-10.23.45:504][  0]SourceControl: Info Source control is disabled
[2017.04.25-10.23.46:569][  0]LogEngine: Initializing Engine...
[2017.04.25-10.23.46:570][  0]LogHMD: Failed to initialize OpenVR with code 110
[2017.04.25-10.23.46:798][  0]LogAIModule: Creating AISystem for world Untitled
[2017.04.25-10.23.46:807][  0]LogInit: XAudio2 using 'Speakers (Realtek High Definition Audio(SST))' : 2 channels at 48 kHz using 32 bits per sample (channel mask 0x3)
[2017.04.25-10.23.46:941][  0]LogInit: FAudioDevice initialized.
[2017.04.25-10.23.46:977][  0]LogDerivedDataCache: Saved boot cache 0.04s 50MB C:/Users/Sabrina/AppData/Local/UnrealEngine/4.14/DerivedDataCache/Boot.ddc.
[2017.04.25-10.23.46:985][  0]LogInit: Texture streaming: Enabled
[2017.04.25-10.23.47:156][  0]LogInit: Transaction tracking system initialized
[2017.04.25-10.23.47:458][  0]BlueprintLog: New page: Editor Load
[2017.04.25-10.23.48:228][  0]LocalizationService: Info Localization service is disabled
[2017.04.25-10.23.48:802][  0]LogConsoleResponse:Display: 
[2017.04.25-10.23.48:937][  0]LogCook:Display: Max memory allowance for cook 16384mb min free memory 0mb
[2017.04.25-10.23.48:937][  0]LogCook:Display: Mobile HDR setting 1
[2017.04.25-10.23.49:758][  0]LogFileCache: Scanning file cache for directory 'C:/Users/Sabrina/Documents/Call-Of-Bread/Call_Of_bread/Content/' took 0.02s
[2017.04.25-10.23.49:758][  0]SourceControl: Info Source control is disabled
[2017.04.25-10.23.49:758][  0]Cmd: MAP LOAD FILE="../../../../../../Users/Sabrina/Documents/Call-Of-Bread/Call_Of_bread/Content/Test-Level.umap" TEMPLATE=0 SHOWPROGRESS=1 FEATURELEVEL=3
[2017.04.25-10.23.49:758][  0]LightingResults: New page: Lighting Build
[2017.04.25-10.23.49:795][  0]MapCheck: New page: Map Check
[2017.04.25-10.23.49:795][  0]LightingResults: New page: Lighting Build
[2017.04.25-10.23.50:672][  0]LogLinker:Warning: Can't find file '/Game/Assets/Sounds/Relaxing_Sounds_of_Birds_Chirping_Passing_Cars_and_Cue'
[2017.04.25-10.23.50:672][  0]LogLinker:Warning: Can't find file for asset '/Game/Assets/Sounds/Relaxing_Sounds_of_Birds_Chirping_Passing_Cars_and_Cue' while loading ../../../../../../Users/Sabrina/Documents/Call-Of-Bread/Call_Of_bread/Content/Test-Level.umap.
[2017.04.25-10.23.50:672][  0]LoadErrors:Error: Error /Game/Test-Level : Can't find file for asset. /Game/Assets/Sounds/Relaxing_Sounds_of_Birds_Chirping_Passing_Cars_and_Cue
[2017.04.25-10.23.50:711][  0]LogLinker:Warning: Can't find file '/Game/Assets/Sounds/Relaxing_Sounds_of_Birds_Chirping_Passing_Cars_and_Cue'
[2017.04.25-10.23.50:711][  0]LogLinker:Warning: Can't find file for asset '/Game/Assets/Sounds/Relaxing_Sounds_of_Birds_Chirping_Passing_Cars_and_Cue' while loading ../../../../../../Users/Sabrina/Documents/Call-Of-Bread/Call_Of_bread/Content/Test-Level.umap.
[2017.04.25-10.23.50:711][  0]LoadErrors:Error: Error /Game/Test-Level : Can't find file for asset. /Game/Assets/Sounds/Relaxing_Sounds_of_Birds_Chirping_Passing_Cars_and_Cue
[2017.04.25-10.23.50:717][  0]LogLinker:Warning: Can't find file '/Game/Assets/Sounds/Relaxing_Sounds_of_Birds_Chirping_Passing_Cars_and_Cue'
[2017.04.25-10.23.50:717][  0]LogLinker:Warning: Can't find file for asset '/Game/Assets/Sounds/Relaxing_Sounds_of_Birds_Chirping_Passing_Cars_and_Cue' while loading NULL.
[2017.04.25-10.23.50:718][  0]LogLinker:Warning: Can't find file '/Game/Assets/Sounds/Relaxing_Sounds_of_Birds_Chirping_Passing_Cars_and_Cue'
[2017.04.25-10.23.50:718][  0]LogLinker:Warning: Can't find file for asset '/Game/Assets/Sounds/Relaxing_Sounds_of_Birds_Chirping_Passing_Cars_and_Cue' while loading NULL.
[2017.04.25-10.23.50:751][  0]LogLinker:Warning: Can't find file '/Game/Assets/Sounds/Relaxing_Sounds_of_Birds_Chirping_Passing_Cars_and_Cue'
[2017.04.25-10.23.50:751][  0]LoadErrors: Info Failed to load /Game/Assets/Sounds/Relaxing_Sounds_of_Birds_Chirping_Passing_Cars_and_Cue.Relaxing_Sounds_of_Birds_Chirping_Passing_Cars_and_Cue Referenced by AudioComponent0
[2017.04.25-10.23.50:751][  0]LogLinker:Warning: Can't find file for asset '/Game/Assets/Sounds/Relaxing_Sounds_of_Birds_Chirping_Passing_Cars_and_Cue' while loading NULL.
[2017.04.25-10.23.50:751][  0]LoadErrors: Info Failed to load /Game/Assets/Sounds/Relaxing_Sounds_of_Birds_Chirping_Passing_Cars_and_Cue.Relaxing_Sounds_of_Birds_Chirping_Passing_Cars_and_Cue Referenced by AudioComponent0
[2017.04.25-10.23.51:491][  0]LogAIModule: Creating AISystem for world test-Level
[2017.04.25-10.23.51:531][  0]LogEditorServer: Finished looking for orphan Actors (0.000 secs)
[2017.04.25-10.23.51:533][  0]Cmd: MAP CHECKDEP NOCLEARLOG
[2017.04.25-10.23.51:614][  0]MapCheck: Info Map check complete: 0 Error(s), 0 Warning(s), took 80.595ms to complete.
[2017.04.25-10.23.51:614][  0]LogFileHelpers: Loading map 'Test-Level' took 1.857
[2017.04.25-10.23.51:666][  0]LogWindowsTextInputMethodSystem:Display: IME system now deactivated.
[2017.04.25-10.23.51:666][  0]LogWindowsTextInputMethodSystem:Display: IME system now deactivated.
[2017.04.25-10.23.51:759][  0]LogCollectionManager: Loaded 1 collections in 0.001722 seconds
[2017.04.25-10.23.51:837][  0]LogFileCache: Scanning file cache for directory 'C:/Users/Sabrina/Documents/Call-Of-Bread/Call_Of_bread/Saved/Collections/' took 0.01s
[2017.04.25-10.23.51:837][  0]LogFileCache: Scanning file cache for directory 'C:/Users/Sabrina/Documents/Call-Of-Bread/Call_Of_bread/Content/Developers/Sabrina/Collections/' took 0.01s
[2017.04.25-10.23.51:837][  0]LogFileCache: Scanning file cache for directory 'C:/Users/Sabrina/Documents/Call-Of-Bread/Call_Of_bread/Content/Collections/' took 0.01s
[2017.04.25-10.23.51:837][  0]LogCollectionManager: Rebuilt the GUID cache for 1 collections in 0.000004 seconds
[2017.04.25-10.23.51:837][  0]LogCollectionManager: Rebuilt the hierarchy cache for 1 collections in 0.000000 seconds
[2017.04.25-10.23.51:849][  0]LogContentBrowser: Native class hierarchy populated in 0.0123 seconds. Added 2190 classes and 428 folders.
[2017.04.25-10.23.51:888][  0]LogStats: UGameplayTagsManager::ConstructGameplayTagTree: Construct from data asset -  0.000 s
[2017.04.25-10.23.51:888][  0]LogStats: UGameplayTagsManager::ConstructGameplayTagTree: GameplayTagTreeChangedEvent.Broadcast -  0.000 s
[2017.04.25-10.23.51:889][  0]LogContentBrowser: Native class hierarchy updated for 'GameplayTags' in 0.0005 seconds. Added 13 classes and 0 folders.
[2017.04.25-10.23.51:944][  0]LogContentBrowser: Native class hierarchy updated for 'WidgetCarousel' in 0.0005 seconds. Added 0 classes and 0 folders.
[2017.04.25-10.23.51:978][  0]LogContentBrowser: Native class hierarchy updated for 'AddContentDialog' in 0.0005 seconds. Added 0 classes and 0 folders.
[2017.04.25-10.23.52:019][  0]LogContentBrowser: Native class hierarchy updated for 'SceneOutliner' in 0.0005 seconds. Added 1 classes and 2 folders.
[2017.04.25-10.23.52:108][  0]LogCrashTracker: Crashtracker disabled due to settings.
[2017.04.25-10.23.52:115][  0]LogUObjectGlobals:Warning: Failed to find object 'Class None.'
[2017.04.25-10.23.52:181][  0]LogContentBrowser: Native class hierarchy updated for 'HierarchicalLODOutliner' in 0.0005 seconds. Added 1 classes and 2 folders.
[2017.04.25-10.23.52:181][  0]LogLoad: (Engine Initialization) Total time: 15.25 seconds
[2017.04.25-10.23.52:181][  0]LogLoad: (Engine Initialization) Total Blueprint compile time: 0.46 seconds
[2017.04.25-10.23.52:181][  0]LogExternalProfiler: Found external profiler: VSPerf
[2017.04.25-10.23.52:181][  0]LogExternalProfiler: Using external profiler: VSPerf
[2017.04.25-10.23.52:200][  0]LogOcInput: OculusInput pre-init called
[2017.04.25-10.23.52:218][  0]LogContentStreaming: Texture pool size now 1000 MB
[2017.04.25-10.23.52:410][  0]LogRenderer: Reallocating scene render targets to support 852x408 NumSamples 1 (Frame:2).
[2017.04.25-10.23.52:693][  2]LogAssetRegistry: Asset discovery search completed in 9.4287 seconds
[2017.04.25-10.23.52:693][  2]LogCollectionManager: Rebuilt the object cache for 1 collections in 0.000014 seconds (found 0 objects)
[2017.04.25-10.23.52:693][  2]LogCollectionManager: Fixed up redirectors for 1 collections in 0.000030 seconds (updated 0 objects)
[2017.04.25-10.23.56:608][223]LogRenderer: Reallocating scene render targets to support 880x544 NumSamples 1 (Frame:7).
[2017.04.25-10.23.57:967][302]LogTemp: Repeting last play command: New Editor Window (PIE)
[2017.04.25-10.23.57:989][302]LogBlueprintUserMessages: Early PlayInEditor Detection: Level '/Game/Test-Level.test-Level:PersistentLevel' has LevelScriptBlueprint '/Game/Test-Level.test-Level:PersistentLevel.Test-Level' with GeneratedClass '/Game/Test-Level.Test-Level_C' with ClassGeneratedBy '/Game/Test-Level.test-Level:PersistentLevel.Test-Level'
[2017.04.25-10.23.57:989][302]LogPlayLevel: PlayLevel: No blueprints needed recompiling
[2017.04.25-10.23.57:989][302]LogOnline:Display: NULL: FOnlineSubsystemNull::Shutdown()
[2017.04.25-10.23.57:990][302]LogModuleManager:Warning: No filename provided for module OnlineSubsystemLAN
[2017.04.25-10.23.57:990][302]LogModuleManager:Warning: ModuleManager: Unable to load module 'OnlineSubsystemLAN' because the file 'C:/Program Files (x86)/Epic Games/4.14/Engine/Binaries/Win64/' was not found.
[2017.04.25-10.23.58:002][302]PIE: New page: PIE session: Test-Level (Apr 25, 2017, 12:23:58 PM)
[2017.04.25-10.23.58:044][302]LogPlayLevel: Creating play world package: /Game/UEDPIE_0_Test-Level
[2017.04.25-10.23.58:072][302]LogPlayLevel: PIE: StaticDuplicateObject took: (0.027872s)
[2017.04.25-10.23.58:072][302]LogAIModule: Creating AISystem for world test-Level
[2017.04.25-10.23.58:073][302]LogPlayLevel: PIE: World Init took: (0.000677s)
[2017.04.25-10.23.58:073][302]LogPlayLevel: PIE: Created PIE world by copying editor world from /Game/Test-Level.test-Level to /Game/UEDPIE_0_Test-Level.test-Level (0.029003s)
[2017.04.25-10.23.58:119][302]LogInit: XAudio2 using 'Speakers (Realtek High Definition Audio(SST))' : 2 channels at 48 kHz using 32 bits per sample (channel mask 0x3)
[2017.04.25-10.23.58:127][302]LogInit: FAudioDevice initialized.
[2017.04.25-10.23.58:163][302]LogStats:Warning: MetaData mismatch. Did you assign a stat to two groups? New //STATGROUP_Threads//OnlineAsyncTaskThreadNull DefaultInstance///Thread_2ec8_0///####STATCAT_Advanced#### old //STATGROUP_Threads//OnlineAsyncTaskThreadNull DefaultInstance///Thread_1ad4_0///####STATCAT_Advanced####
[2017.04.25-10.23.58:190][302]LogLoad: Game class is 'ThirdPersonGameMode_C'
[2017.04.25-10.23.58:200][302]LogWorld: Bringing World /Game/UEDPIE_0_Test-Level.test-Level up for play (max tick rate 60) at 2017.04.25-11.23.58
[2017.04.25-10.23.58:202][302]LogWorld: Bringing up level for play took: 0.010524
[2017.04.25-10.23.58:278][302]LogContentBrowser: Native class hierarchy updated for 'MovieSceneCapture' in 0.0005 seconds. Added 11 classes and 0 folders.
[2017.04.25-10.23.58:278][302]LogGameMode:Display: Match State Changed from EnteringMap to WaitingToStart
[2017.04.25-10.23.58:278][302]LogGameState: Match State Changed from EnteringMap to WaitingToStart
[2017.04.25-10.23.58:278][302]LogGameMode:Display: Match State Changed from WaitingToStart to InProgress
[2017.04.25-10.23.58:284][302]LogScript:Warning: Attempted to access Jam_Ammo_C_4 via property CallFunc_FinishSpawningActor_ReturnValue, but Jam_Ammo_C_4 is pending kill
	Ammo-Spawn-Location_C /Game/UEDPIE_0_Test-Level.test-Level:PersistentLevel.Ammo-Spawn-Location4_17
	Function /Game/Assets/GamePlay-Assets/Ammo-Spawn-Location.Ammo-Spawn-Location_C:ExecuteUbergraph_Ammo-Spawn-Location:0157
[2017.04.25-10.23.58:284][302]PIE:Error: Error Blueprint Runtime Error: Attempted to access Jam_Ammo_C_4 via property CallFunc_FinishSpawningActor_ReturnValue, but Jam_Ammo_C_4 is pending kill from function: 'ExecuteUbergraph_Ammo-Spawn-Location' from node: Bind Event to OnDestroyed in graph: EventGraph in object: Ammo-Spawn-Location with description: Attempted to access Jam_Ammo_C_4 via property CallFunc_FinishSpawningActor_ReturnValue, but Jam_Ammo_C_4 is pending kill
[2017.04.25-10.23.58:284][302]LogGameState: Match State Changed from WaitingToStart to InProgress
[2017.04.25-10.23.58:289][302]PIE: Info Play in editor start time for /Game/UEDPIE_0_Test-Level 0.28
[2017.04.25-10.23.58:290][302]LogBlueprintUserMessages: Late PlayInEditor Detection: Level '/Game/Test-Level.test-Level:PersistentLevel' has LevelScriptBlueprint '/Game/Test-Level.test-Level:PersistentLevel.Test-Level' with GeneratedClass '/Game/Test-Level.Test-Level_C' with ClassGeneratedBy '/Game/Test-Level.test-Level:PersistentLevel.Test-Level'
[2017.04.25-10.23.58:500][302]LogRenderer: Reallocating scene render targets to support 1292x756 NumSamples 1 (Frame:9).
[2017.04.25-10.23.58:575][303]LogCharacterMovement:Warning: GetSimulationTimeStep() - Max iterations 8 hit while remaining time 0.058454 > MaxSimulationTimeStep (0.050) for 'ThirdPersonCharacter_C_0', movement 'Walking'
[2017.04.25-10.24.06:176][454]LogBlueprintUserMessages: Early EndPlayMap Detection: Level '/Game/Test-Level.test-Level:PersistentLevel' has LevelScriptBlueprint '/Game/Test-Level.test-Level:PersistentLevel.Test-Level' with GeneratedClass '/Game/Test-Level.Test-Level_C' with ClassGeneratedBy '/Game/Test-Level.test-Level:PersistentLevel.Test-Level'
[2017.04.25-10.24.06:314][454]LogOnline:Display: NULL: FOnlineSubsystemNull::Shutdown()
[2017.04.25-10.24.06:315][454]LogPlayLevel:Display: Shutting down PIE online subsystems
[2017.04.25-10.24.06:315][454]LogBlueprintUserMessages: Late EndPlayMap Detection: Level '/Game/Test-Level.test-Level:PersistentLevel' has LevelScriptBlueprint '/Game/Test-Level.test-Level:PersistentLevel.Test-Level' with GeneratedClass '/Game/Test-Level.Test-Level_C' with ClassGeneratedBy '/Game/Test-Level.test-Level:PersistentLevel.Test-Level'
[2017.04.25-10.24.06:379][455]LogPlayLevel:Display: Destroying online subsystem :Context_3
[2017.04.25-10.24.06:379][455]LogOnline:Display: NULL: FOnlineSubsystemNull::Shutdown()
[2017.04.25-10.24.08:994][519]LogContentBrowser: Native class hierarchy updated for 'BlueprintGraph' in 0.0009 seconds. Added 111 classes and 0 folders.
[2017.04.25-10.24.21:776][ 66]BlueprintLog: New page: Compile ThirdPersonCharacter
[2017.04.25-10.24.23:146][ 69]LogD3D11RHI: Timed out while waiting for GPU to catch up. (0.5 s)
[2017.04.25-10.24.24:839][163]LogEditorTransaction: Undo Change Bool Pin Value
[2017.04.25-10.24.25:262][165]LogEditorTransaction: Undo Delete current selection
[2017.04.25-10.24.30:530][428]BlueprintLog: New page: Compile ThirdPersonCharacter
[2017.04.25-10.24.31:853][431]LogD3D11RHI: Timed out while waiting for GPU to catch up. (0.5 s)
[2017.04.25-10.24.32:670][462]LogSavePackage: Save=105.76ms
[2017.04.25-10.24.32:670][462]LogSavePackage: Moving '../../../../../../Users/Sabrina/Documents/Call-Of-Bread/Call_Of_bread/Saved/ThirdPersonCharacter8C0A788E4040E59EA5BFA7ADFD467842.tmp' to '../../../../../../Users/Sabrina/Documents/Call-Of-Bread/Call_Of_bread/Content/Blueprints/ThirdPersonBP/Blueprints/ThirdPersonCharacter.uasset'
[2017.04.25-10.24.32:673][462]LogSavePackage:Display: Finished SavePackage ../../../../../../Users/Sabrina/Documents/Call-Of-Bread/Call_Of_bread/Content/Blueprints/ThirdPersonBP/Blueprints/ThirdPersonCharacter.uasset
[2017.04.25-10.24.35:267][611]LogTemp: Repeting last play command: New Editor Window (PIE)
[2017.04.25-10.24.35:295][611]LogBlueprintUserMessages: Early PlayInEditor Detection: Level '/Game/Test-Level.test-Level:PersistentLevel' has LevelScriptBlueprint '/Game/Test-Level.test-Level:PersistentLevel.Test-Level' with GeneratedClass '/Game/Test-Level.Test-Level_C' with ClassGeneratedBy '/Game/Test-Level.test-Level:PersistentLevel.Test-Level'
[2017.04.25-10.24.35:295][611]LogPlayLevel: PlayLevel: No blueprints needed recompiling
[2017.04.25-10.24.35:295][611]PIE: New page: PIE session: Test-Level (Apr 25, 2017, 12:24:35 PM)
[2017.04.25-10.24.35:296][611]LogPlayLevel: Creating play world package: /Game/UEDPIE_0_Test-Level
[2017.04.25-10.24.35:321][611]LogPlayLevel: PIE: StaticDuplicateObject took: (0.024557s)
[2017.04.25-10.24.35:321][611]LogAIModule: Creating AISystem for world test-Level
[2017.04.25-10.24.35:321][611]LogPlayLevel: PIE: World Init took: (0.000756s)
[2017.04.25-10.24.35:322][611]LogPlayLevel: PIE: Created PIE world by copying editor world from /Game/Test-Level.test-Level to /Game/UEDPIE_0_Test-Level.test-Level (0.025790s)
[2017.04.25-10.24.35:360][611]LogInit: XAudio2 using 'Speakers (Realtek High Definition Audio(SST))' : 2 channels at 48 kHz using 32 bits per sample (channel mask 0x3)
[2017.04.25-10.24.35:366][611]LogInit: FAudioDevice initialized.
[2017.04.25-10.24.35:425][611]LogLoad: Game class is 'ThirdPersonGameMode_C'
[2017.04.25-10.24.35:435][611]LogWorld: Bringing World /Game/UEDPIE_0_Test-Level.test-Level up for play (max tick rate 60) at 2017.04.25-11.24.35
[2017.04.25-10.24.35:436][611]LogWorld: Bringing up level for play took: 0.010920
[2017.04.25-10.24.35:449][611]LogGameMode:Display: Match State Changed from EnteringMap to WaitingToStart
[2017.04.25-10.24.35:449][611]LogGameState: Match State Changed from EnteringMap to WaitingToStart
[2017.04.25-10.24.35:449][611]LogGameMode:Display: Match State Changed from WaitingToStart to InProgress
[2017.04.25-10.24.35:453][611]LogScript:Warning: Attempted to access Jam_Ammo_C_0 via property CallFunc_FinishSpawningActor_ReturnValue, but Jam_Ammo_C_0 is pending kill
	Ammo-Spawn-Location_C /Game/UEDPIE_0_Test-Level.test-Level:PersistentLevel.Ammo-Spawn-Location4_17
	Function /Game/Assets/GamePlay-Assets/Ammo-Spawn-Location.Ammo-Spawn-Location_C:ExecuteUbergraph_Ammo-Spawn-Location:0157
[2017.04.25-10.24.35:454][611]PIE:Error: Error Blueprint Runtime Error: Attempted to access Jam_Ammo_C_0 via property CallFunc_FinishSpawningActor_ReturnValue, but Jam_Ammo_C_0 is pending kill from function: 'ExecuteUbergraph_Ammo-Spawn-Location' from node: Bind Event to OnDestroyed in graph: EventGraph in object: Ammo-Spawn-Location with description: Attempted to access Jam_Ammo_C_0 via property CallFunc_FinishSpawningActor_ReturnValue, but Jam_Ammo_C_0 is pending kill
[2017.04.25-10.24.35:455][611]LogGameState: Match State Changed from WaitingToStart to InProgress
[2017.04.25-10.24.35:468][611]PIE: Info Play in editor start time for /Game/UEDPIE_0_Test-Level -0.54
[2017.04.25-10.24.35:469][611]LogBlueprintUserMessages: Late PlayInEditor Detection: Level '/Game/Test-Level.test-Level:PersistentLevel' has LevelScriptBlueprint '/Game/Test-Level.test-Level:PersistentLevel.Test-Level' with GeneratedClass '/Game/Test-Level.Test-Level_C' with ClassGeneratedBy '/Game/Test-Level.test-Level:PersistentLevel.Test-Level'
[2017.04.25-10.24.35:732][612]LogCharacterMovement:Warning: GetSimulationTimeStep() - Max iterations 8 hit while remaining time 0.058454 > MaxSimulationTimeStep (0.050) for 'ThirdPersonCharacter_C_0', movement 'Walking'
[2017.04.25-10.24.39:231][682]LogBlueprintUserMessages: Early EndPlayMap Detection: Level '/Game/Test-Level.test-Level:PersistentLevel' has LevelScriptBlueprint '/Game/Test-Level.test-Level:PersistentLevel.Test-Level' with GeneratedClass '/Game/Test-Level.Test-Level_C' with ClassGeneratedBy '/Game/Test-Level.test-Level:PersistentLevel.Test-Level'
[2017.04.25-10.24.39:397][682]LogOnline:Display: NULL: FOnlineSubsystemNull::Shutdown()
[2017.04.25-10.24.39:397][682]LogPlayLevel:Display: Shutting down PIE online subsystems
[2017.04.25-10.24.39:398][682]LogBlueprintUserMessages: Late EndPlayMap Detection: Level '/Game/Test-Level.test-Level:PersistentLevel' has LevelScriptBlueprint '/Game/Test-Level.test-Level:PersistentLevel.Test-Level' with GeneratedClass '/Game/Test-Level.Test-Level_C' with ClassGeneratedBy '/Game/Test-Level.test-Level:PersistentLevel.Test-Level'
[2017.04.25-10.24.39:728][683]LogPlayLevel:Display: Destroying online subsystem :Context_5
[2017.04.25-10.24.39:729][683]LogOnline:Display: NULL: FOnlineSubsystemNull::Shutdown()
[2017.04.25-10.25.01:798][906]BlueprintLog: New page: Compile ThirdPersonCharacter
[2017.04.25-10.25.03:822][936]LogSavePackage: Save=99.07ms
[2017.04.25-10.25.03:822][936]LogSavePackage: Moving '../../../../../../Users/Sabrina/Documents/Call-Of-Bread/Call_Of_bread/Saved/ThirdPersonCharacter593B292D46FD91A7A7A96DADD44EFF24.tmp' to '../../../../../../Users/Sabrina/Documents/Call-Of-Bread/Call_Of_bread/Content/Blueprints/ThirdPersonBP/Blueprints/ThirdPersonCharacter.uasset'
[2017.04.25-10.25.03:825][936]LogSavePackage:Display: Finished SavePackage ../../../../../../Users/Sabrina/Documents/Call-Of-Bread/Call_Of_bread/Content/Blueprints/ThirdPersonBP/Blueprints/ThirdPersonCharacter.uasset
[2017.04.25-10.25.05:985][ 58]LogTemp: Repeting last play command: New Editor Window (PIE)
[2017.04.25-10.25.06:009][ 58]LogBlueprintUserMessages: Early PlayInEditor Detection: Level '/Game/Test-Level.test-Level:PersistentLevel' has LevelScriptBlueprint '/Game/Test-Level.test-Level:PersistentLevel.Test-Level' with GeneratedClass '/Game/Test-Level.Test-Level_C' with ClassGeneratedBy '/Game/Test-Level.test-Level:PersistentLevel.Test-Level'
[2017.04.25-10.25.06:009][ 58]LogPlayLevel: PlayLevel: No blueprints needed recompiling
[2017.04.25-10.25.06:010][ 58]PIE: New page: PIE session: Test-Level (Apr 25, 2017, 12:25:06 PM)
[2017.04.25-10.25.06:010][ 58]LogPlayLevel: Creating play world package: /Game/UEDPIE_0_Test-Level
[2017.04.25-10.25.06:038][ 58]LogPlayLevel: PIE: StaticDuplicateObject took: (0.027989s)
[2017.04.25-10.25.06:039][ 58]LogAIModule: Creating AISystem for world test-Level
[2017.04.25-10.25.06:039][ 58]LogPlayLevel: PIE: World Init took: (0.000779s)
[2017.04.25-10.25.06:039][ 58]LogPlayLevel: PIE: Created PIE world by copying editor world from /Game/Test-Level.test-Level to /Game/UEDPIE_0_Test-Level.test-Level (0.029194s)
[2017.04.25-10.25.06:081][ 58]LogInit: XAudio2 using 'Speakers (Realtek High Definition Audio(SST))' : 2 channels at 48 kHz using 32 bits per sample (channel mask 0x3)
[2017.04.25-10.25.06:089][ 58]LogInit: FAudioDevice initialized.
[2017.04.25-10.25.06:138][ 58]LogLoad: Game class is 'ThirdPersonGameMode_C'
[2017.04.25-10.25.06:150][ 58]LogWorld: Bringing World /Game/UEDPIE_0_Test-Level.test-Level up for play (max tick rate 60) at 2017.04.25-11.25.06
[2017.04.25-10.25.06:151][ 58]LogWorld: Bringing up level for play took: 0.012009
[2017.04.25-10.25.06:163][ 58]LogGameMode:Display: Match State Changed from EnteringMap to WaitingToStart
[2017.04.25-10.25.06:163][ 58]LogGameState: Match State Changed from EnteringMap to WaitingToStart
[2017.04.25-10.25.06:163][ 58]LogGameMode:Display: Match State Changed from WaitingToStart to InProgress
[2017.04.25-10.25.06:167][ 58]LogScript:Warning: Attempted to access Jam_Ammo_C_0 via property CallFunc_FinishSpawningActor_ReturnValue, but Jam_Ammo_C_0 is pending kill
	Ammo-Spawn-Location_C /Game/UEDPIE_0_Test-Level.test-Level:PersistentLevel.Ammo-Spawn-Location4_17
	Function /Game/Assets/GamePlay-Assets/Ammo-Spawn-Location.Ammo-Spawn-Location_C:ExecuteUbergraph_Ammo-Spawn-Location:0157
[2017.04.25-10.25.06:167][ 58]PIE:Error: Error Blueprint Runtime Error: Attempted to access Jam_Ammo_C_0 via property CallFunc_FinishSpawningActor_ReturnValue, but Jam_Ammo_C_0 is pending kill from function: 'ExecuteUbergraph_Ammo-Spawn-Location' from node: Bind Event to OnDestroyed in graph: EventGraph in object: Ammo-Spawn-Location with description: Attempted to access Jam_Ammo_C_0 via property CallFunc_FinishSpawningActor_ReturnValue, but Jam_Ammo_C_0 is pending kill
[2017.04.25-10.25.06:169][ 58]LogGameState: Match State Changed from WaitingToStart to InProgress
[2017.04.25-10.25.06:175][ 58]PIE: Info Play in editor start time for /Game/UEDPIE_0_Test-Level 0.166
[2017.04.25-10.25.06:175][ 58]LogBlueprintUserMessages: Late PlayInEditor Detection: Level '/Game/Test-Level.test-Level:PersistentLevel' has LevelScriptBlueprint '/Game/Test-Level.test-Level:PersistentLevel.Test-Level' with GeneratedClass '/Game/Test-Level.Test-Level_C' with ClassGeneratedBy '/Game/Test-Level.test-Level:PersistentLevel.Test-Level'
[2017.04.25-10.25.21:219][362]LogBlueprintUserMessages: Early EndPlayMap Detection: Level '/Game/Test-Level.test-Level:PersistentLevel' has LevelScriptBlueprint '/Game/Test-Level.test-Level:PersistentLevel.Test-Level' with GeneratedClass '/Game/Test-Level.Test-Level_C' with ClassGeneratedBy '/Game/Test-Level.test-Level:PersistentLevel.Test-Level'
[2017.04.25-10.25.21:395][362]LogOnline:Display: NULL: FOnlineSubsystemNull::Shutdown()
[2017.04.25-10.25.21:397][362]LogPlayLevel:Display: Shutting down PIE online subsystems
[2017.04.25-10.25.21:398][362]LogBlueprintUserMessages: Late EndPlayMap Detection: Level '/Game/Test-Level.test-Level:PersistentLevel' has LevelScriptBlueprint '/Game/Test-Level.test-Level:PersistentLevel.Test-Level' with GeneratedClass '/Game/Test-Level.Test-Level_C' with ClassGeneratedBy '/Game/Test-Level.test-Level:PersistentLevel.Test-Level'
[2017.04.25-10.25.21:515][363]LogPlayLevel:Display: Destroying online subsystem :Context_6
[2017.04.25-10.25.21:515][363]LogOnline:Display: NULL: FOnlineSubsystemNull::Shutdown()
[2017.04.25-10.25.22:755][412]Cmd: OBJ SAVEPACKAGE PACKAGE="/Game/Test-Level" FILE="../../../../../../Users/Sabrina/Documents/Call-Of-Bread/Call_Of_bread/Content/Test-Level.umap" SILENT=true AUTOSAVING=false KEEPDIRTY=false
[2017.04.25-10.25.23:048][412]LogSavePackage: Save=246.24ms
[2017.04.25-10.25.23:048][412]LogSavePackage: Moving '../../../../../../Users/Sabrina/Documents/Call-Of-Bread/Call_Of_bread/Saved/Test-Level27F15B674BA287683FC5E29156D62B58.tmp' to '../../../../../../Users/Sabrina/Documents/Call-Of-Bread/Call_Of_bread/Content/Test-Level.umap'
[2017.04.25-10.25.23:049][412]LogSavePackage:Display: Finished SavePackage ../../../../../../Users/Sabrina/Documents/Call-Of-Bread/Call_Of_bread/Content/Test-Level.umap
[2017.04.25-10.27.13:041][670]BlueprintLog: New page: Compile Health
[2017.04.25-10.27.13:048][670]LogBlueprint:Error: [Compiler Health] Error Binding: Property ' PercentDelegate ' on Widget ' ProgressBar_66 ': Binding: 'None' : 'None' was not found on 'Health'.
[2017.04.25-10.27.13:337][670]BlueprintEditorCompileResults: Info The execution path doesn't end with a return node.  CastFailed
[2017.04.25-10.27.13:337][670]BlueprintEditorCompileResults:Error: Error Binding: Property ' PercentDelegate ' on Widget ' ProgressBar_66 ': Binding: 'None' : 'None' was not found on 'Health'.
[2017.04.25-10.27.13:338][670]LogBlueprint:Warning: [Compiler Health] Warning [0216.41] Compile of Health failed. 1 Fatal Issue(s) 0 Warning(s) [in 296 ms] (/Game/UIstuff/Health.Health)
[2017.04.25-10.28.47:591][ 12]BlueprintLog: New page: Compile Health
[2017.04.25-10.28.47:600][ 12]LogBlueprint:Error: [Compiler Health] Error Binding: Property ' PercentDelegate ' on Widget ' ProgressBar_66 ': Member:GetPercent_0 Unable to bind Int Property, unsupported type.
[2017.04.25-10.28.47:900][ 12]BlueprintEditorCompileResults: Info The execution path doesn't end with a return node.  CastFailed
[2017.04.25-10.28.47:900][ 12]BlueprintEditorCompileResults: Info The execution path doesn't end with a return node.  CastFailed
[2017.04.25-10.28.47:900][ 12]BlueprintEditorCompileResults:Error: Error Binding: Property ' PercentDelegate ' on Widget ' ProgressBar_66 ': Member:GetPercent_0 Unable to bind Int Property, unsupported type.
[2017.04.25-10.28.47:900][ 12]LogBlueprint:Warning: [Compiler Health] Warning [0310.97] Compile of Health failed. 1 Fatal Issue(s) 0 Warning(s) [in 309 ms] (/Game/UIstuff/Health.Health)
[2017.04.25-10.29.04:041][963]BlueprintLog: New page: Compile Health
[2017.04.25-10.29.04:050][963]LogBlueprint:Error: [Compiler Health] Error Binding: Property ' PercentDelegate ' on Widget ' ProgressBar_66 ': Member:GetPercent_0 Unable to bind Int Property, unsupported type.
[2017.04.25-10.29.04:257][963]BlueprintEditorCompileResults: Info The execution path doesn't end with a return node.  CastFailed
[2017.04.25-10.29.04:257][963]BlueprintEditorCompileResults:Error: Error Binding: Property ' PercentDelegate ' on Widget ' ProgressBar_66 ': Member:GetPercent_0 Unable to bind Int Property, unsupported type.
[2017.04.25-10.29.04:257][963]LogBlueprint:Warning: [Compiler Health] Warning [0327.33] Compile of Health failed. 1 Fatal Issue(s) 0 Warning(s) [in 215 ms] (/Game/UIstuff/Health.Health)
[2017.04.25-10.29.11:687][397]BlueprintLog: New page: Compile Health
[2017.04.25-10.29.11:696][397]LogBlueprint:Error: [Compiler Health] Error Binding: Property ' PercentDelegate ' on Widget ' ProgressBar_66 ': Member:GetPercent_0 Unable to bind Int Property, unsupported type.
[2017.04.25-10.29.11:903][397]BlueprintEditorCompileResults:Error: Error Binding: Property ' PercentDelegate ' on Widget ' ProgressBar_66 ': Member:GetPercent_0 Unable to bind Int Property, unsupported type.
[2017.04.25-10.29.11:903][397]LogBlueprint:Warning: [Compiler Health] Warning [0334.97] Compile of Health failed. 1 Fatal Issue(s) 0 Warning(s) [in 215 ms] (/Game/UIstuff/Health.Health)
[2017.04.25-10.29.40:814][113]BlueprintLog: New page: Compile Health
[2017.04.25-10.29.40:824][113]LogBlueprint:Error: [Compiler Health] Error Binding: Property ' PercentDelegate ' on Widget ' ProgressBar_66 ': Member:GetPercent_0 Unable to bind Int Property, unsupported type.
[2017.04.25-10.29.41:035][113]BlueprintEditorCompileResults:Error: Error Binding: Property ' PercentDelegate ' on Widget ' ProgressBar_66 ': Member:GetPercent_0 Unable to bind Int Property, unsupported type.
[2017.04.25-10.29.41:036][113]LogBlueprint:Warning: [Compiler Health] Warning [0364.11] Compile of Health failed. 1 Fatal Issue(s) 0 Warning(s) [in 221 ms] (/Game/UIstuff/Health.Health)
[2017.04.25-10.35.23:422][108]LogFileHelpers: Editor autosave (incl. sublevels) for '/Game/Test-Level' took 0.059
[2017.04.25-10.35.23:424][108]OBJ SavePackage: Generating thumbnails for [0] asset(s) in package [/Game/UIstuff/Health] ([1] browsable assets)...
[2017.04.25-10.35.23:424][108]OBJ SavePackage: Finished generating thumbnails for package [/Game/UIstuff/Health]
[2017.04.25-10.35.23:455][108]LogSavePackage: Save=17.02ms
[2017.04.25-10.35.23:455][108]LogSavePackage: Moving '../../../../../../Users/Sabrina/Documents/Call-Of-Bread/Call_Of_bread/Saved/Health_Auto149E1CCA0436FA5C2D3EA469B1726609C.tmp' to '../../../../../../Users/Sabrina/Documents/Call-Of-Bread/Call_Of_bread/Saved/Autosaves/Game/UIstuff/Health_Auto1.uasset'
[2017.04.25-10.35.23:457][108]LogSavePackage:Display: Finished SavePackage ../../../../../../Users/Sabrina/Documents/Call-Of-Bread/Call_Of_bread/Saved/Autosaves/Game/UIstuff/Health_Auto1.uasset
[2017.04.25-10.35.23:457][108]LogFileHelpers: Auto-saving content packages took 0.034
[2017.04.25-10.38.10:436][773]BlueprintLog: New page: Compile Health
[2017.04.25-10.38.10:446][773]LogBlueprint:Error: [Compiler Health] Error Binding: Property ' PercentDelegate ' on Widget ' ProgressBar_66 ': Member:GetPercent_0 Unable to bind Int Property, unsupported type.
[2017.04.25-10.38.11:039][773]BlueprintEditorCompileResults:Error: Error Binding: Property ' PercentDelegate ' on Widget ' ProgressBar_66 ': Member:GetPercent_0 Unable to bind Int Property, unsupported type.
[2017.04.25-10.38.11:040][773]LogBlueprint:Warning: [Compiler Health] Warning [0874.11] Compile of Health failed. 1 Fatal Issue(s) 0 Warning(s) [in 603 ms] (/Game/UIstuff/Health.Health)
[2017.04.25-10.38.53:102][244]LogD3D11RHI:Error: Result failed 
 at D:\Build\++UE4+Release-4.14+Compile\Sync\Engine\Source\Runtime\Windows\D3D11RHI\Private\D3D11Query.cpp:134 
 with error DXGI_ERROR_DEVICE_REMOVED DXGI_ERROR_DEVICE_REMOVED
[2017.04.25-10.38.53:105][244]LogWindows: Windows GetLastError: The operation completed successfully. (0)
