Log file open, 04/25/17 10:48:58
LogInit:Display: Running engine for game: Call_Of_bread
LogPlatformFile: Not using cached read wrapper
LogInit:Display: RandInit(1286956475) SRandInit(1286956475).
LogTaskGraph: Started task graph with 5 named threads and 6 total threads with 1 sets of task threads.
LogStats: Stats thread started at 0.162973
LogPluginManager: Loaded Plugin Paper2D, From C:/Program Files (x86)/Epic Games/4.14/Engine/Plugins/2D/Paper2D/Paper2D.uplugin
LogPluginManager: Loaded Plugin LightPropagationVolume, From C:/Program Files (x86)/Epic Games/4.14/Engine/Plugins/Blendables/LightPropagationVolume/LightPropagationVolume.uplugin
LogPluginManager: Loaded Plugin BlankPlugin, From C:/Program Files (x86)/Epic Games/4.14/Engine/Plugins/Developer/BlankPlugin/BlankPlugin.uplugin
LogPluginManager: Loaded Plugin CodeLiteSourceCodeAccess, From C:/Program Files (x86)/Epic Games/4.14/Engine/Plugins/Developer/CodeLiteSourceCodeAccess/CodeLiteSourceCodeAccess.uplugin
LogPluginManager: Loaded Plugin GitSourceControl, From C:/Program Files (x86)/Epic Games/4.14/Engine/Plugins/Developer/GitSourceControl/GitSourceControl.uplugin
LogPluginManager: Loaded Plugin KDevelopSourceCodeAccess, From C:/Program Files (x86)/Epic Games/4.14/Engine/Plugins/Developer/KDevelopSourceCodeAccess/KDevelopSourceCodeAccess.uplugin
LogPluginManager: Loaded Plugin NullSourceCodeAccess, From C:/Program Files (x86)/Epic Games/4.14/Engine/Plugins/Developer/NullSourceCodeAccess/NullSourceCodeAccess.uplugin
LogPluginManager: Loaded Plugin OneSkyLocalizationService, From C:/Program Files (x86)/Epic Games/4.14/Engine/Plugins/Developer/OneSkyLocalizationService/OneSkyLocalizationService.uplugin
LogPluginManager: Loaded Plugin PerforceSourceControl, From C:/Program Files (x86)/Epic Games/4.14/Engine/Plugins/Developer/PerforceSourceControl/PerforceSourceControl.uplugin
LogPluginManager: Loaded Plugin SubversionSourceControl, From C:/Program Files (x86)/Epic Games/4.14/Engine/Plugins/Developer/SubversionSourceControl/SubversionSourceControl.uplugin
LogPluginManager: Loaded Plugin UObjectPlugin, From C:/Program Files (x86)/Epic Games/4.14/Engine/Plugins/Developer/UObjectPlugin/UObjectPlugin.uplugin
LogPluginManager: Loaded Plugin VisualStudioSourceCodeAccess, From C:/Program Files (x86)/Epic Games/4.14/Engine/Plugins/Developer/VisualStudioSourceCodeAccess/VisualStudioSourceCodeAccess.uplugin
LogPluginManager: Loaded Plugin XCodeSourceCodeAccess, From C:/Program Files (x86)/Epic Games/4.14/Engine/Plugins/Developer/XCodeSourceCodeAccess/XCodeSourceCodeAccess.uplugin
LogPluginManager: Loaded Plugin AudioCapture, From C:/Program Files (x86)/Epic Games/4.14/Engine/Plugins/Editor/AudioCapture/AudioCapture.uplugin
LogPluginManager: Loaded Plugin EpicSurvey, From C:/Program Files (x86)/Epic Games/4.14/Engine/Plugins/Editor/EpicSurvey/EpicSurvey.uplugin
LogPluginManager: Loaded Plugin MacGraphicsSwitching, From C:/Program Files (x86)/Epic Games/4.14/Engine/Plugins/Editor/MacGraphicsSwitching/MacGraphicsSwitching.uplugin
LogPluginManager: Loaded Plugin MobileLauncherProfileWizard, From C:/Program Files (x86)/Epic Games/4.14/Engine/Plugins/Editor/MobileLauncherProfileWizard/MobileLauncherProfileWizard.uplugin
LogPluginManager: Loaded Plugin PluginBrowser, From C:/Program Files (x86)/Epic Games/4.14/Engine/Plugins/Editor/PluginBrowser/PluginBrowser.uplugin
LogPluginManager: Loaded Plugin SpeedTreeImporter, From C:/Program Files (x86)/Epic Games/4.14/Engine/Plugins/Editor/SpeedTreeImporter/SpeedTreeImporter.uplugin
LogPluginManager: Loaded Plugin SuperSearchEditor, From C:/Program Files (x86)/Epic Games/4.14/Engine/Plugins/Editor/SuperSearchEditor/SuperSearchEditor.uplugin
LogPluginManager: Loaded Plugin AlembicImporter, From C:/Program Files (x86)/Epic Games/4.14/Engine/Plugins/Experimental/AlembicImporter/AlembicImporter.uplugin
LogPluginManager: Loaded Plugin BlueprintStats, From C:/Program Files (x86)/Epic Games/4.14/Engine/Plugins/Experimental/BlueprintStats/BlueprintStats.uplugin
LogPluginManager: Loaded Plugin CharacterAI, From C:/Program Files (x86)/Epic Games/4.14/Engine/Plugins/Experimental/CharacterAI/CharacterAI.uplugin
LogPluginManager: Loaded Plugin CodeEditor, From C:/Program Files (x86)/Epic Games/4.14/Engine/Plugins/Experimental/CodeEditor/CodeEditor.uplugin
LogPluginManager: Loaded Plugin CodeView, From C:/Program Files (x86)/Epic Games/4.14/Engine/Plugins/Experimental/CodeView/CodeView.uplugin
LogPluginManager: Loaded Plugin HTML5Networking, From C:/Program Files (x86)/Epic Games/4.14/Engine/Plugins/Experimental/HTML5Networking/HTML5Networking.uplugin
LogPluginManager: Loaded Plugin OSVR, From C:/Program Files (x86)/Epic Games/4.14/Engine/Plugins/Experimental/OSVR/OSVR.uplugin
LogPluginManager: Loaded Plugin Phya, From C:/Program Files (x86)/Epic Games/4.14/Engine/Plugins/Experimental/Phya/Phya.uplugin
LogPluginManager: Loaded Plugin SignificanceManager, From C:/Program Files (x86)/Epic Games/4.14/Engine/Plugins/Experimental/SignificanceManager/SignificanceManager.uplugin
LogPluginManager: Loaded Plugin SimpleHMD, From C:/Program Files (x86)/Epic Games/4.14/Engine/Plugins/Experimental/SimpleHMD/SimpleHMD.uplugin
LogPluginManager: Loaded Plugin StereoPanorama, From C:/Program Files (x86)/Epic Games/4.14/Engine/Plugins/Experimental/StereoPanorama/StereoPanorama.uplugin
LogPluginManager: Loaded Plugin StructBox, From C:/Program Files (x86)/Epic Games/4.14/Engine/Plugins/Experimental/StructBox/StructBox.uplugin
LogPluginManager: Loaded Plugin AndroidMedia, From C:/Program Files (x86)/Epic Games/4.14/Engine/Plugins/Media/AndroidMedia/AndroidMedia.uplugin
LogPluginManager: Loaded Plugin AvfMedia, From C:/Program Files (x86)/Epic Games/4.14/Engine/Plugins/Media/AvfMedia/AvfMedia.uplugin
LogPluginManager: Loaded Plugin MediaPlayerEditor, From C:/Program Files (x86)/Epic Games/4.14/Engine/Plugins/Media/MediaPlayerEditor/MediaPlayerEditor.uplugin
LogPluginManager: Loaded Plugin WmfMedia, From C:/Program Files (x86)/Epic Games/4.14/Engine/Plugins/Media/WmfMedia/WmfMedia.uplugin
LogPluginManager: Loaded Plugin MessagingDebugger, From C:/Program Files (x86)/Epic Games/4.14/Engine/Plugins/Messaging/MessagingDebugger/MessagingDebugger.uplugin
LogPluginManager: Loaded Plugin TcpMessaging, From C:/Program Files (x86)/Epic Games/4.14/Engine/Plugins/Messaging/TcpMessaging/TcpMessaging.uplugin
LogPluginManager: Loaded Plugin UdpMessaging, From C:/Program Files (x86)/Epic Games/4.14/Engine/Plugins/Messaging/UdpMessaging/UdpMessaging.uplugin
LogPluginManager: Loaded Plugin LevelSequenceEditor, From C:/Program Files (x86)/Epic Games/4.14/Engine/Plugins/MovieScene/LevelSequenceEditor/LevelSequenceEditor.uplugin
LogPluginManager: Loaded Plugin MatineeToLevelSequence, From C:/Program Files (x86)/Epic Games/4.14/Engine/Plugins/MovieScene/MatineeToLevelSequence/MatineeToLevelSequence.uplugin
LogPluginManager: Loaded Plugin NetcodeUnitTest, From C:/Program Files (x86)/Epic Games/4.14/Engine/Plugins/NetcodeUnitTest/NetcodeUnitTest/NetcodeUnitTest.uplugin
LogPluginManager: Loaded Plugin NUTUnrealEngine4, From C:/Program Files (x86)/Epic Games/4.14/Engine/Plugins/NetcodeUnitTest/NUTUnrealEngine4/NUTUnrealEngine4.uplugin
LogPluginManager: Loaded Plugin OnlineSubsystemGameCircle, From C:/Program Files (x86)/Epic Games/4.14/Engine/Plugins/Online/Android/OnlineSubsystemGameCircle/OnlineSubsystemGameCircle.uplugin
LogPluginManager: Loaded Plugin OnlineSubsystemGooglePlay, From C:/Program Files (x86)/Epic Games/4.14/Engine/Plugins/Online/Android/OnlineSubsystemGooglePlay/OnlineSubsystemGooglePlay.uplugin
LogPluginManager: Loaded Plugin OnlineSubsystemIOS, From C:/Program Files (x86)/Epic Games/4.14/Engine/Plugins/Online/IOS/OnlineSubsystemIOS/OnlineSubsystemIOS.uplugin
LogPluginManager: Loaded Plugin OnlineFramework, From C:/Program Files (x86)/Epic Games/4.14/Engine/Plugins/Online/OnlineFramework/OnlineFramework.uplugin
LogPluginManager: Loaded Plugin OnlineSubsystem, From C:/Program Files (x86)/Epic Games/4.14/Engine/Plugins/Online/OnlineSubsystem/OnlineSubsystem.uplugin
LogPluginManager: Loaded Plugin OnlineSubsystemAmazon, From C:/Program Files (x86)/Epic Games/4.14/Engine/Plugins/Online/OnlineSubsystemAmazon/OnlineSubsystemAmazon.uplugin
LogPluginManager: Loaded Plugin OnlineSubsystemFacebook, From C:/Program Files (x86)/Epic Games/4.14/Engine/Plugins/Online/OnlineSubsystemFacebook/OnlineSubsystemFacebook.uplugin
LogPluginManager: Loaded Plugin OnlineSubsystemNull, From C:/Program Files (x86)/Epic Games/4.14/Engine/Plugins/Online/OnlineSubsystemNull/OnlineSubsystemNull.uplugin
LogPluginManager: Loaded Plugin OnlineSubsystemOculus, From C:/Program Files (x86)/Epic Games/4.14/Engine/Plugins/Online/OnlineSubsystemOculus/OnlineSubsystemOculus.uplugin
LogPluginManager: Loaded Plugin OnlineSubsystemSteam, From C:/Program Files (x86)/Epic Games/4.14/Engine/Plugins/Online/OnlineSubsystemSteam/OnlineSubsystemSteam.uplugin
LogPluginManager: Loaded Plugin OnlineSubsystemUtils, From C:/Program Files (x86)/Epic Games/4.14/Engine/Plugins/Online/OnlineSubsystemUtils/OnlineSubsystemUtils.uplugin
LogPluginManager: Loaded Plugin IOSTapJoy, From C:/Program Files (x86)/Epic Games/4.14/Engine/Plugins/Runtime/Advertising/IOSTapJoy/IOSTapJoy.uplugin
LogPluginManager: Loaded Plugin AnalyticsBlueprintLibrary, From C:/Program Files (x86)/Epic Games/4.14/Engine/Plugins/Runtime/Analytics/AnalyticsBlueprintLibrary/AnalyticsBlueprintLibrary.uplugin
LogPluginManager: Loaded Plugin AnalyticsMulticast, From C:/Program Files (x86)/Epic Games/4.14/Engine/Plugins/Runtime/Analytics/AnalyticsMulticast/AnalyticsMulticast.uplugin
LogPluginManager: Loaded Plugin Apsalar, From C:/Program Files (x86)/Epic Games/4.14/Engine/Plugins/Runtime/Analytics/Apsalar/Apsalar.uplugin
LogPluginManager: Loaded Plugin FileLogging, From C:/Program Files (x86)/Epic Games/4.14/Engine/Plugins/Runtime/Analytics/FileLogging/FileLogging.uplugin
LogPluginManager: Loaded Plugin Flurry, From C:/Program Files (x86)/Epic Games/4.14/Engine/Plugins/Runtime/Analytics/Flurry/Flurry.uplugin
LogPluginManager: Loaded Plugin AndroidDeviceProfileSelector, From C:/Program Files (x86)/Epic Games/4.14/Engine/Plugins/Runtime/AndroidDeviceProfileSelector/AndroidDeviceProfileSelector.uplugin
LogPluginManager: Loaded Plugin AndroidMoviePlayer, From C:/Program Files (x86)/Epic Games/4.14/Engine/Plugins/Runtime/AndroidMoviePlayer/AndroidMoviePlayer.uplugin
LogPluginManager: Loaded Plugin AppleMoviePlayer, From C:/Program Files (x86)/Epic Games/4.14/Engine/Plugins/Runtime/AppleMoviePlayer/AppleMoviePlayer.uplugin
LogPluginManager: Loaded Plugin ArchVisCharacter, From C:/Program Files (x86)/Epic Games/4.14/Engine/Plugins/Runtime/ArchVisCharacter/ArchVisCharacter.uplugin
LogPluginManager: Loaded Plugin CableComponent, From C:/Program Files (x86)/Epic Games/4.14/Engine/Plugins/Runtime/CableComponent/CableComponent.uplugin
LogPluginManager: Loaded Plugin CustomMeshComponent, From C:/Program Files (x86)/Epic Games/4.14/Engine/Plugins/Runtime/CustomMeshComponent/CustomMeshComponent.uplugin
LogPluginManager: Loaded Plugin ExampleDeviceProfileSelector, From C:/Program Files (x86)/Epic Games/4.14/Engine/Plugins/Runtime/ExampleDeviceProfileSelector/ExampleDeviceProfileSelector.uplugin
LogPluginManager: Loaded Plugin GearVR, From C:/Program Files (x86)/Epic Games/4.14/Engine/Plugins/Runtime/GearVR/GearVR.uplugin
LogPluginManager: Loaded Plugin GoogleVRController, From C:/Program Files (x86)/Epic Games/4.14/Engine/Plugins/Runtime/GoogleVR/GoogleVRController/GoogleVRController.uplugin
LogPluginManager: Loaded Plugin GoogleVRHMD, From C:/Program Files (x86)/Epic Games/4.14/Engine/Plugins/Runtime/GoogleVR/GoogleVRHMD/GoogleVRHMD.uplugin
LogPluginManager: Loaded Plugin IOSDeviceProfileSelector, From C:/Program Files (x86)/Epic Games/4.14/Engine/Plugins/Runtime/IOSDeviceProfileSelector/IOSDeviceProfileSelector.uplugin
LogPluginManager: Loaded Plugin LeapMotion, From C:/Program Files (x86)/Epic Games/4.14/Engine/Plugins/Runtime/LeapMotion/LeapMotion.uplugin
LogPluginManager: Loaded Plugin LinuxDeviceProfileSelector, From C:/Program Files (x86)/Epic Games/4.14/Engine/Plugins/Runtime/LinuxDeviceProfileSelector/LinuxDeviceProfileSelector.uplugin
LogPluginManager: Loaded Plugin MIDIDevice, From C:/Program Files (x86)/Epic Games/4.14/Engine/Plugins/Runtime/MIDIDevice/MIDIDevice.uplugin
LogPluginManager: Loaded Plugin MobilePatchingUtils, From C:/Program Files (x86)/Epic Games/4.14/Engine/Plugins/Runtime/MobilePatchingUtils/MobilePatchingUtils.uplugin
LogPluginManager: Loaded Plugin Ansel, From C:/Program Files (x86)/Epic Games/4.14/Engine/Plugins/Runtime/Nvidia/Ansel/Ansel.uplugin
LogPluginManager: Loaded Plugin OculusAudio, From C:/Program Files (x86)/Epic Games/4.14/Engine/Plugins/Runtime/OculusAudio/OculusAudio.uplugin
LogPluginManager: Loaded Plugin OculusInput, From C:/Program Files (x86)/Epic Games/4.14/Engine/Plugins/Runtime/OculusInput/OculusInput.uplugin
LogPluginManager: Loaded Plugin OculusLibrary, From C:/Program Files (x86)/Epic Games/4.14/Engine/Plugins/Runtime/OculusLibrary/OculusLibrary.uplugin
LogPluginManager: Loaded Plugin OculusRift, From C:/Program Files (x86)/Epic Games/4.14/Engine/Plugins/Runtime/OculusRift/OculusRift.uplugin
LogPluginManager: Loaded Plugin Oodle, From C:/Program Files (x86)/Epic Games/4.14/Engine/Plugins/Runtime/PacketHandlers/CompressionComponents/Oodle/Oodle.uplugin
LogPluginManager: Loaded Plugin ProceduralMeshComponent, From C:/Program Files (x86)/Epic Games/4.14/Engine/Plugins/Runtime/ProceduralMeshComponent/ProceduralMeshComponent.uplugin
LogPluginManager: Loaded Plugin SoundMod, From C:/Program Files (x86)/Epic Games/4.14/Engine/Plugins/Runtime/SoundMod/SoundMod.uplugin
LogPluginManager: Loaded Plugin SoundVisualizations, From C:/Program Files (x86)/Epic Games/4.14/Engine/Plugins/Runtime/SoundVisualizations/SoundVisualizations.uplugin
LogPluginManager: Loaded Plugin SteamController, From C:/Program Files (x86)/Epic Games/4.14/Engine/Plugins/Runtime/Steam/SteamController/SteamController.uplugin
LogPluginManager: Loaded Plugin SteamVR, From C:/Program Files (x86)/Epic Games/4.14/Engine/Plugins/Runtime/Steam/SteamVR/SteamVR.uplugin
LogPluginManager: Loaded Plugin WebBrowserWidget, From C:/Program Files (x86)/Epic Games/4.14/Engine/Plugins/Runtime/WebBrowserWidget/WebBrowserWidget.uplugin
LogPluginManager: Loaded Plugin WindowsDeviceProfileSelector, From C:/Program Files (x86)/Epic Games/4.14/Engine/Plugins/Runtime/WindowsDeviceProfileSelector/WindowsDeviceProfileSelector.uplugin
LogPluginManager: Loaded Plugin WindowsMoviePlayer, From C:/Program Files (x86)/Epic Games/4.14/Engine/Plugins/Runtime/WindowsMoviePlayer/WindowsMoviePlayer.uplugin
LogPluginManager: Loaded Plugin ScriptPlugin, From C:/Program Files (x86)/Epic Games/4.14/Engine/Plugins/ScriptPlugin/ScriptPlugin.uplugin
LogPluginManager: Loaded Plugin SlateRemote, From C:/Program Files (x86)/Epic Games/4.14/Engine/Plugins/Slate/SlateRemote/SlateRemote.uplugin
LogPluginManager: Loaded Plugin EditorTests, From C:/Program Files (x86)/Epic Games/4.14/Engine/Plugins/Tests/EditorTests/EditorTests.uplugin
LogPluginManager: Loaded Plugin FbxAutomationTestBuilder, From C:/Program Files (x86)/Epic Games/4.14/Engine/Plugins/Tests/FbxAutomationTestBuilder/FbxAutomationTestBuilder.uplugin
LogPluginManager: Loaded Plugin FunctionalTestingEditor, From C:/Program Files (x86)/Epic Games/4.14/Engine/Plugins/Tests/FunctionalTestingEditor/FunctionalTestingEditor.uplugin
LogPluginManager: Loaded Plugin RuntimeTests, From C:/Program Files (x86)/Epic Games/4.14/Engine/Plugins/Tests/RuntimeTests/RuntimeTests.uplugin
LogPluginManager: Loaded Plugin ScreenshotTools, From C:/Program Files (x86)/Epic Games/4.14/Engine/Plugins/Tests/ScreenshotTools/ScreenshotTools.uplugin
LogInit: Using libcurl 7.47.1
LogInit:  - built for x86_64-pc-win32
LogInit:  - supports SSL with OpenSSL/1.0.2g
LogInit:  - supports HTTP deflate (compression) using libz 1.2.8
LogInit:  - other features:
LogInit:      CURL_VERSION_SSL
LogInit:      CURL_VERSION_LIBZ
LogInit:      CURL_VERSION_IPV6
LogInit:      CURL_VERSION_ASYNCHDNS
LogInit:      CURL_VERSION_LARGEFILE
LogInit:      CURL_VERSION_IDN
LogInit:  CurlRequestOptions (configurable via config and command line):
LogInit:  - bVerifyPeer = false  - Libcurl will NOT verify peer certificate
LogInit:  - bUseHttpProxy = false  - Libcurl will NOT use HTTP proxy
LogInit:  - bDontReuseConnections = false  - Libcurl will reuse connections
LogInit:  - CertBundlePath = nullptr  - Libcurl will use whatever was configured at build time.
LogModuleManager:Warning: No filename provided for module OnlineSubsystemLAN
LogModuleManager:Warning: ModuleManager: Unable to load module 'OnlineSubsystemLAN' because the file 'C:/Program Files (x86)/Epic Games/4.14/Engine/Binaries/Win64/' was not found.
LogInit: WinSock: version 1.1 (2.2), MaxSocks=32767, MaxUdp=65467
LogInit: Build: ++UE4+Release-4.14-CL-3224400
LogInit: Engine Version: 4.14.1-3224400+++UE4+Release-4.14
LogInit: Compatible Engine Version: 4.14.0-3195953+++UE4+Release-4.14
LogInit: Net CL: 3195953
LogDevObjectVersion: Number of dev versions registered: 13
LogDevObjectVersion:   Dev-Blueprints (B0D832E4-1F89-4F0D-ACCF-7EB736FD4AA2): 7
LogDevObjectVersion:   Dev-Build (E1C64328-A22C-4D53-A36C-8E866417BD8C): 0
LogDevObjectVersion:   Dev-Core (375EC13C-06E4-48FB-B500-84F0262A717E): 1
LogDevObjectVersion:   Dev-Editor (E4B068ED-F494-42E9-A231-DA0B2E46BB41): 8
LogDevObjectVersion:   Dev-Framework (CFFC743F-43B0-4480-9391-14DF171D2073): 17
LogDevObjectVersion:   Dev-Mobile (B02B49B5-BB20-44E9-A304-32B752E40360): 0
LogDevObjectVersion:   Dev-Networking (A4E4105C-59A1-49B5-A7C5-40C4547EDFEE): 0
LogDevObjectVersion:   Dev-Online (39C831C9-5AE6-47DC-9A44-9C173E1C8E7C): 0
LogDevObjectVersion:   Dev-Physics (78F01B33-EBEA-4F98-B9B4-84EACCB95AA2): 0
LogDevObjectVersion:   Dev-Platform (6631380F-2D4D-43E0-8009-CF276956A95A): 0
LogDevObjectVersion:   Dev-Rendering (12F88B9F-8875-4AFC-A67C-D90C383ABD29): 12
LogDevObjectVersion:   Dev-Sequencer (7B5AE74C-D270-4C10-A958-57980B212A5A): 1
LogDevObjectVersion:   Dev-VR (D7296918-1DD6-4BDD-9DE2-64A83CC13884): 0
LogInit: Compiled (64-bit): Dec  7 2016 02:14:32
LogInit: Compiled with Visual C++: 19.00.23026.00
LogInit: Build Configuration: Development
LogInit: Branch Name: ++UE4+Release-4.14
LogInit: Command line:  
LogInit: Base directory: C:/Program Files (x86)/Epic Games/4.14/Engine/Binaries/Win64/
LogInit: Installed Engine Build: 1
LogInit: Presizing for max 8388607 objects, including 0 objects not considered by GC, pre-allocating 0 bytes for permanent pool.
LogInit: Object subsystem initialized
[2017.04.25-09.48.58:925][  0]LogInit: Selected Device Profile: [Windows]
[2017.04.25-09.48.58:925][  0]LogInit: Applying CVar settings loaded from the selected device profile: [Windows]
[2017.04.25-09.48.58:963][  0]LogInit: Computer: DESKTOP-VTD5TTC
[2017.04.25-09.48.58:963][  0]LogInit: User: Sabrina
[2017.04.25-09.48.58:963][  0]LogInit: CPU Page size=65536, Cores=2
[2017.04.25-09.48.58:963][  0]LogInit: High frequency timer resolution =2.742185 MHz
[2017.04.25-09.48.58:964][  0]LogMemory: Memory total: Physical=15.9GB (16GB approx)
[2017.04.25-09.48.58:964][  0]LogMemory: Platform Memory Stats for Windows
[2017.04.25-09.48.58:964][  0]LogMemory: Process Physical Memory: 266.49 MB used, 266.49 MB peak
[2017.04.25-09.48.58:964][  0]LogMemory: Process Virtual Memory: 259.46 MB used, 259.46 MB peak
[2017.04.25-09.48.58:964][  0]LogMemory: Physical Memory: 6024.97 MB used,  10285.13 MB free, 16310.11 MB total
[2017.04.25-09.48.58:964][  0]LogMemory: Virtual Memory: 673.98 MB used,  10285.13 MB free, 134217728.00 MB total
[2017.04.25-09.48.59:353][  0]LogTextLocalizationManager: No specific translations for ('en-US') exist, so ('en') translations will be used.
[2017.04.25-09.49.02:454][  0]LogD3D11RHI: D3D11 adapters:
[2017.04.25-09.49.03:127][  0]LogD3D11RHI:    0. 'NVIDIA GeForce GPU' (Feature Level 11_0)
[2017.04.25-09.49.03:127][  0]LogD3D11RHI:       996/0/8155 MB DedicatedVideo/DedicatedSystem/SharedSystem, Outputs:1, VendorId:0x10de
[2017.04.25-09.49.03:134][  0]LogD3D11RHI:    1. 'Intel(R) HD Graphics 520' (Feature Level 11_0)
[2017.04.25-09.49.03:134][  0]LogD3D11RHI:       128/0/8155 MB DedicatedVideo/DedicatedSystem/SharedSystem, Outputs:0, VendorId:0x8086
[2017.04.25-09.49.03:136][  0]LogD3D11RHI:    2. 'Microsoft Basic Render Driver' (Feature Level 11_0)
[2017.04.25-09.49.03:136][  0]LogD3D11RHI:       0/0/8155 MB DedicatedVideo/DedicatedSystem/SharedSystem, Outputs:0, VendorId:0x1414
[2017.04.25-09.49.03:136][  0]LogD3D11RHI: Chosen D3D11 Adapter: 0
[2017.04.25-09.49.03:144][  0]LogD3D11RHI: Creating new Direct3DDevice
[2017.04.25-09.49.03:144][  0]LogD3D11RHI:     GPU DeviceId: 0x134b (for the marketing name, search the web for "GPU Device Id")
[2017.04.25-09.49.03:144][  0]LogWindows: EnumDisplayDevices:
[2017.04.25-09.49.03:144][  0]LogWindows:    0. 'Intel(R) HD Graphics 520' (P:1 D:1)
[2017.04.25-09.49.03:144][  0]LogWindows:    1. 'Intel(R) HD Graphics 520' (P:0 D:0)
[2017.04.25-09.49.03:144][  0]LogWindows:    2. 'Intel(R) HD Graphics 520' (P:0 D:0)
[2017.04.25-09.49.03:144][  0]LogWindows: DebugString: PrimaryIsNotTheChoosenAdapter PrimaryIsNotTheChoosenAdapter PrimaryIsNotTheChoosenAdapter FoundDriverCount:0 
[2017.04.25-09.49.03:144][  0]LogD3D11RHI:     Adapter Name: NVIDIA GeForce GPU
[2017.04.25-09.49.03:145][  0]LogD3D11RHI:   Driver Version: Unknown (internal:Unknown, unified:Unknown)
[2017.04.25-09.49.03:145][  0]LogD3D11RHI:      Driver Date: Unknown
[2017.04.25-09.49.03:145][  0]LogRHI: Texture pool is 697 MB (70% of 996 MB)
[2017.04.25-09.49.03:160][  0]LogD3D11RHI: Async texture creation enabled
[2017.04.25-09.49.03:230][  0]LogD3D11RHI: GPU Timing Frequency: 1000.000000 (Debug: 2 2)
[2017.04.25-09.49.03:247][  0]LogShaderCompilers: Guid format shader working directory is -20 characters bigger than the processId version (../../../../../../Users/Sabrina/Documents/Call-Of-Bread/Call_Of_bread/Intermediate/Shaders/WorkingDirectory/152/).
[2017.04.25-09.49.03:247][  0]LogShaderCompilers: Cleaned the shader compiler working directory 'C:/Users/Sabrina/AppData/Local/Temp/UnrealShaderWorkingDir/96CD62D44EF14289D70235AFF9752C91/'.
[2017.04.25-09.49.03:248][  0]LogShaderCompilers:Display: Using Local Shader Compiler.
[2017.04.25-09.49.05:960][  0]LogTemp:Display: Loaded TP AllDesktopTargetPlatform
[2017.04.25-09.49.06:016][  0]LogTemp:Display: Loaded TP MacClientTargetPlatform
[2017.04.25-09.49.06:071][  0]LogTemp:Display: Loaded TP MacNoEditorTargetPlatform
[2017.04.25-09.49.06:122][  0]LogTemp:Display: Loaded TP MacServerTargetPlatform
[2017.04.25-09.49.06:211][  0]LogTemp:Display: Loaded TP MacTargetPlatform
[2017.04.25-09.49.06:264][  0]LogTemp:Display: Loaded TP WindowsClientTargetPlatform
[2017.04.25-09.49.06:313][  0]LogTemp:Display: Loaded TP WindowsNoEditorTargetPlatform
[2017.04.25-09.49.06:362][  0]LogTemp:Display: Loaded TP WindowsServerTargetPlatform
[2017.04.25-09.49.06:402][  0]LogTemp:Display: Loaded TP WindowsTargetPlatform
[2017.04.25-09.49.06:489][  0]LogTemp:Display: Loaded TP AndroidTargetPlatform
[2017.04.25-09.49.06:538][  0]LogTemp:Display: Loaded TP Android_ASTCTargetPlatform
[2017.04.25-09.49.06:589][  0]LogTemp:Display: Loaded TP Android_ATCTargetPlatform
[2017.04.25-09.49.06:641][  0]LogTemp:Display: Loaded TP Android_DXTTargetPlatform
[2017.04.25-09.49.06:692][  0]LogTemp:Display: Loaded TP Android_ETC1TargetPlatform
[2017.04.25-09.49.06:741][  0]LogTemp:Display: Loaded TP Android_ETC2TargetPlatform
[2017.04.25-09.49.06:844][  0]LogTemp:Display: Loaded TP Android_MultiTargetPlatform
[2017.04.25-09.49.06:844][  0]LogTemp:Display: Loaded TP Android_PVRTCTargetPlatform
[2017.04.25-09.49.06:878][  0]LogTemp:Display: Loaded TP HTML5TargetPlatform
[2017.04.25-09.49.06:991][  0]LogTemp:Display: Loaded TP IOSTargetPlatform
[2017.04.25-09.49.07:029][  0]LogTemp:Display: Loaded TP TVOSTargetPlatform
[2017.04.25-09.49.07:082][  0]LogTemp:Display: Loaded TP LinuxClientTargetPlatform
[2017.04.25-09.49.07:134][  0]LogTemp:Display: Loaded TP LinuxNoEditorTargetPlatform
[2017.04.25-09.49.07:182][  0]LogTemp:Display: Loaded TP LinuxServerTargetPlatform
[2017.04.25-09.49.07:264][  0]LogTemp:Display: Loaded TP LinuxTargetPlatform
[2017.04.25-09.49.07:264][  0]LogTargetPlatformManager:Display: Building Assets For Windows
[2017.04.25-09.49.07:973][  0]LogDerivedDataCache:Display: Max Cache Size: 512 MB
[2017.04.25-09.49.08:179][  0]LogDerivedDataCache: Loaded boot cache 0.21s 60MB C:/Users/Sabrina/AppData/Local/UnrealEngine/4.14/DerivedDataCache/Boot.ddc.
[2017.04.25-09.49.08:179][  0]LogDerivedDataCache:Display: Loaded Boot cache: C:/Users/Sabrina/AppData/Local/UnrealEngine/4.14/DerivedDataCache/Boot.ddc
[2017.04.25-09.49.08:179][  0]LogDerivedDataCache: FDerivedDataBackendGraph:  Pak pak cache file ../../../../../../Users/Sabrina/Documents/Call-Of-Bread/Call_Of_bread/DerivedDataCache/DDC.ddp not found, will not use a pak cache.
[2017.04.25-09.49.08:179][  0]LogDerivedDataCache: Unable to find inner node Pak for hierarchical cache Hierarchy.
[2017.04.25-09.49.08:179][  0]LogDerivedDataCache: FDerivedDataBackendGraph:  CompressedPak pak cache file ../../../../../../Users/Sabrina/Documents/Call-Of-Bread/Call_Of_bread/DerivedDataCache/Compressed.ddp not found, will not use a pak cache.
[2017.04.25-09.49.08:179][  0]LogDerivedDataCache: Unable to find inner node CompressedPak for hierarchical cache Hierarchy.
[2017.04.25-09.49.08:209][  0]LogDerivedDataCache:Display: Pak cache opened for reading ../../../Engine/DerivedDataCache/Compressed.ddp.
[2017.04.25-09.49.08:223][  0]LogDerivedDataCache: Using Local data cache path C:/Users/Sabrina/AppData/Local/UnrealEngine/Common/DerivedDataCache: Writable
[2017.04.25-09.49.11:819][  0]LogInit: Selected Device Profile: [Windows]
[2017.04.25-09.49.11:830][  0]LogContentStreaming: Texture pool size is 0.00 MB
[2017.04.25-09.49.12:144][  0]LogMeshUtilities: Using QuadricMeshReduction for automatic static mesh reduction
[2017.04.25-09.49.12:202][  0]LogSimplygon: Simplygon DLL not present - disabling.
[2017.04.25-09.49.12:250][  0]LogMeshUtilities: Using SimplygonSwarm for distributed automatic mesh merging
[2017.04.25-09.49.12:250][  0]LogMeshUtilities: No automatic skeletal mesh reduction module available
[2017.04.25-09.49.12:250][  0]LogMeshUtilities: No automatic mesh merging module available
[2017.04.25-09.49.14:032][  0]LogNetVersion: GetLocalNetworkVersion: CL: 3195953, ProjectName: call_of_bread, ProjectVersion: , EngineNetworkVersion: 2, GameNetworkVersion: 0, NetworkChecksum: 1183517265
[2017.04.25-09.49.14:150][  0]LogAssetRegistry: FAssetRegistry took 0.0265 seconds to start up
[2017.04.25-09.49.14:221][  0]LogPackageLocalizationCache: Processed 3 localized package path(s) for 2 prioritized culture(s) in 0.043609 seconds
[2017.04.25-09.49.14:229][  0]LogUObjectArray: 31912 objects as part of root set at end of initial load.
[2017.04.25-09.49.14:229][  0]LogUObjectAllocator: 6925344 out of 0 bytes used by permanent object pool.
[2017.04.25-09.49.14:229][  0]LogUObjectArray: CloseDisregardForGC: 0/0 objects in disregard for GC pool
[2017.04.25-09.49.15:203][  0]LogSlate: Using Freetype 2.6.0
[2017.04.25-09.49.15:218][  0]LogSlate: SlateFontCache - WITH_FREETYPE: 1, WITH_HARFBUZZ: 1
[2017.04.25-09.49.15:218][  0]LogSlate: SlateFontCache - WITH_FREETYPE: 1, WITH_HARFBUZZ: 1
[2017.04.25-09.49.18:224][  0]LogTcpMessaging: Initializing TcpMessaging bridge
[2017.04.25-09.49.18:266][  0]LogUdpMessaging: Initializing bridge on interface 0.0.0.0:0 to multicast group 230.0.0.1:6666.
[2017.04.25-09.49.18:834][  0]LogMaterial: Uniform references updated for custom material expression Custom.
[2017.04.25-09.49.19:380][  0]SourceControl: Info Source control is disabled
[2017.04.25-09.49.19:445][  0]SourceControl: Info Source control is disabled
[2017.04.25-09.49.19:502][  0]SourceControl: Info Source control is disabled
[2017.04.25-09.49.19:550][  0]SourceControl: Info Source control is disabled
[2017.04.25-09.49.20:960][  0]LogEngine: Initializing Engine...
[2017.04.25-09.49.20:963][  0]LogHMD: Failed to initialize OpenVR with code 110
[2017.04.25-09.49.21:432][  0]LogAIModule: Creating AISystem for world Untitled
[2017.04.25-09.49.21:494][  0]LogInit: XAudio2 using 'Speakers (Realtek High Definition Audio(SST))' : 2 channels at 48 kHz using 32 bits per sample (channel mask 0x3)
[2017.04.25-09.49.21:621][  0]LogInit: FAudioDevice initialized.
[2017.04.25-09.49.21:657][  0]LogDerivedDataCache: Saved boot cache 0.04s 60MB C:/Users/Sabrina/AppData/Local/UnrealEngine/4.14/DerivedDataCache/Boot.ddc.
[2017.04.25-09.49.21:667][  0]LogInit: Texture streaming: Enabled
[2017.04.25-09.49.21:860][  0]LogWindowsTextInputMethodSystem:Display: IME system now deactivated.
[2017.04.25-09.49.21:861][  0]LogWindowsTextInputMethodSystem:Display: IME system now deactivated.
[2017.04.25-09.49.21:907][  0]LogInit: Transaction tracking system initialized
[2017.04.25-09.49.22:428][  0]BlueprintLog: New page: Editor Load
[2017.04.25-09.49.23:570][  0]LocalizationService: Info Localization service is disabled
[2017.04.25-09.49.24:388][  0]LogConsoleResponse:Display: 
[2017.04.25-09.49.24:994][  0]LogCook:Display: Max memory allowance for cook 16384mb min free memory 0mb
[2017.04.25-09.49.24:994][  0]LogCook:Display: Mobile HDR setting 1
[2017.04.25-09.49.26:117][  0]LogFileCache: Scanning file cache for directory 'C:/Users/Sabrina/Documents/Call-Of-Bread/Call_Of_bread/Content/' took 0.02s
[2017.04.25-09.49.26:195][  0]SourceControl: Info Source control is disabled
[2017.04.25-09.49.26:198][  0]Cmd: MAP LOAD FILE="../../../../../../Users/Sabrina/Documents/Call-Of-Bread/Call_Of_bread/Content/Test-Level.umap" TEMPLATE=0 SHOWPROGRESS=1 FEATURELEVEL=3
[2017.04.25-09.49.26:201][  0]LightingResults: New page: Lighting Build
[2017.04.25-09.49.26:253][  0]MapCheck: New page: Map Check
[2017.04.25-09.49.26:253][  0]LightingResults: New page: Lighting Build
[2017.04.25-09.49.32:311][  0]LogAIModule: Creating AISystem for world test-Level
[2017.04.25-09.49.32:592][  0]LogEditorServer: Finished looking for orphan Actors (0.000 secs)
[2017.04.25-09.49.32:602][  0]Cmd: MAP CHECKDEP NOCLEARLOG
[2017.04.25-09.49.32:701][  0]MapCheck: Info Map check complete: 0 Error(s), 0 Warning(s), took 98.887ms to complete.
[2017.04.25-09.49.32:701][  0]LogFileHelpers: Loading map 'Test-Level' took 6.504
[2017.04.25-09.49.32:968][  0]LogCollectionManager: Loaded 1 collections in 0.007156 seconds
[2017.04.25-09.49.33:102][  0]LogFileCache: Scanning file cache for directory 'C:/Users/Sabrina/Documents/Call-Of-Bread/Call_Of_bread/Saved/Collections/' took 0.01s
[2017.04.25-09.49.33:102][  0]LogFileCache: Scanning file cache for directory 'C:/Users/Sabrina/Documents/Call-Of-Bread/Call_Of_bread/Content/Developers/Sabrina/Collections/' took 0.01s
[2017.04.25-09.49.33:102][  0]LogFileCache: Scanning file cache for directory 'C:/Users/Sabrina/Documents/Call-Of-Bread/Call_Of_bread/Content/Collections/' took 0.01s
[2017.04.25-09.49.33:102][  0]LogCollectionManager: Rebuilt the GUID cache for 1 collections in 0.000004 seconds
[2017.04.25-09.49.33:102][  0]LogCollectionManager: Rebuilt the hierarchy cache for 1 collections in 0.000001 seconds
[2017.04.25-09.49.33:120][  0]LogContentBrowser: Native class hierarchy populated in 0.0151 seconds. Added 2190 classes and 428 folders.
[2017.04.25-09.49.33:169][  0]LogStats: UGameplayTagsManager::ConstructGameplayTagTree: Construct from data asset -  0.000 s
[2017.04.25-09.49.33:169][  0]LogStats: UGameplayTagsManager::ConstructGameplayTagTree: GameplayTagTreeChangedEvent.Broadcast -  0.000 s
[2017.04.25-09.49.33:170][  0]LogContentBrowser: Native class hierarchy updated for 'GameplayTags' in 0.0008 seconds. Added 13 classes and 0 folders.
[2017.04.25-09.49.33:244][  0]LogContentBrowser: Native class hierarchy updated for 'WidgetCarousel' in 0.0005 seconds. Added 0 classes and 0 folders.
[2017.04.25-09.49.33:649][  0]LogContentBrowser: Native class hierarchy updated for 'AddContentDialog' in 0.0005 seconds. Added 0 classes and 0 folders.
[2017.04.25-09.49.33:704][  0]LogContentBrowser: Native class hierarchy updated for 'SceneOutliner' in 0.0006 seconds. Added 1 classes and 2 folders.
[2017.04.25-09.49.33:938][  0]LogCrashTracker: Crashtracker disabled due to settings.
[2017.04.25-09.49.33:953][  0]LogUObjectGlobals:Warning: Failed to find object 'Class None.'
[2017.04.25-09.49.34:067][  0]LogContentBrowser: Native class hierarchy updated for 'HierarchicalLODOutliner' in 0.0006 seconds. Added 1 classes and 2 folders.
[2017.04.25-09.49.34:068][  0]LogLoad: (Engine Initialization) Total time: 38.88 seconds
[2017.04.25-09.49.34:068][  0]LogLoad: (Engine Initialization) Total Blueprint compile time: 0.68 seconds
[2017.04.25-09.49.34:068][  0]LogExternalProfiler: Found external profiler: VSPerf
[2017.04.25-09.49.34:068][  0]LogExternalProfiler: Using external profiler: VSPerf
[2017.04.25-09.49.34:087][  0]LogOcInput: OculusInput pre-init called
[2017.04.25-09.49.34:116][  0]LogContentStreaming: Texture pool size now 1000 MB
[2017.04.25-09.49.34:407][  0]LogRenderer: Reallocating scene render targets to support 852x408 NumSamples 1 (Frame:2).
[2017.04.25-09.49.34:639][  2]LogAssetRegistry: Asset discovery search completed in 20.5121 seconds
[2017.04.25-09.49.34:639][  2]LogCollectionManager: Rebuilt the object cache for 1 collections in 0.000008 seconds (found 0 objects)
[2017.04.25-09.49.34:639][  2]LogCollectionManager: Fixed up redirectors for 1 collections in 0.000030 seconds (updated 0 objects)
[2017.04.25-09.49.42:828][356]LogContentBrowser: Native class hierarchy updated for 'BlueprintGraph' in 0.0010 seconds. Added 111 classes and 0 folders.
[2017.04.25-09.52.44:247][751]LogFactory: FactoryCreateFile: SoundWave with ReimportSoundFactory (0 0 C:\Users\Sabrina\Desktop\Relaxing_Sounds_of_Birds_Chirping_Passing_Cars_and.wav)
[2017.04.25-09.52.44:396][751]LogAudioDerivedData:Display: Building compressed audio format OGG wave Relaxing_Sounds_of_Birds_Chirping_Passing_Cars_and...
[2017.04.25-09.52.46:884][751]LogAudioDerivedData:Warning: Updated SoundWave->RawPCMDataSize during cooking SoundWave /Game/Assets/Sounds/Relaxing_Sounds_of_Birds_Chirping_Passing_Cars_and.Relaxing_Sounds_of_Birds_Chirping_Passing_Cars_and.
[2017.04.25-09.53.22:200][920]LogRenderer: Reallocating scene render targets to support 880x544 NumSamples 1 (Frame:1308).
[2017.04.25-09.53.24:042][ 17]LogTemp: Repeting last play command: Selected Viewport
[2017.04.25-09.53.24:089][ 17]LogBlueprintUserMessages: Early PlayInEditor Detection: Level '/Game/Test-Level.test-Level:PersistentLevel' has LevelScriptBlueprint '/Game/Test-Level.test-Level:PersistentLevel.Test-Level' with GeneratedClass '/Game/Test-Level.Test-Level_C' with ClassGeneratedBy '/Game/Test-Level.test-Level:PersistentLevel.Test-Level'
[2017.04.25-09.53.24:090][ 17]BlueprintLog: New page: Pre-Play auto-recompile
[2017.04.25-09.53.24:090][ 17]LogPlayLevel: [PlayLevel] Compiling ThirdPersonCharacter before play...
[2017.04.25-09.53.24:254][ 17]LogPlayLevel: [PlayLevel]   Compiling ThirdPerson_AnimBP as a dependent...
[2017.04.25-09.53.24:288][ 17]LogPlayLevel: [PlayLevel]   Compiling Bread_Animtion_Blue_print as a dependent...
[2017.04.25-09.53.24:915][ 17]LogPlayLevel: PlayLevel: Blueprint regeneration took 824 ms (3 blueprints)
[2017.04.25-09.53.24:915][ 17]LogOnline:Display: NULL: FOnlineSubsystemNull::Shutdown()
[2017.04.25-09.53.24:916][ 17]LogModuleManager:Warning: No filename provided for module OnlineSubsystemLAN
[2017.04.25-09.53.24:916][ 17]LogModuleManager:Warning: ModuleManager: Unable to load module 'OnlineSubsystemLAN' because the file 'C:/Program Files (x86)/Epic Games/4.14/Engine/Binaries/Win64/' was not found.
[2017.04.25-09.53.24:928][ 17]PIE: New page: PIE session: Test-Level (Apr 25, 2017, 11:53:24 AM)
[2017.04.25-09.53.24:979][ 17]LogPlayLevel: Creating play world package: /Game/UEDPIE_0_Test-Level
[2017.04.25-09.53.25:003][ 17]LogPlayLevel: PIE: StaticDuplicateObject took: (0.024479s)
[2017.04.25-09.53.25:004][ 17]LogAIModule: Creating AISystem for world test-Level
[2017.04.25-09.53.25:004][ 17]LogPlayLevel: PIE: World Init took: (0.000899s)
[2017.04.25-09.53.25:005][ 17]LogPlayLevel: PIE: Created PIE world by copying editor world from /Game/Test-Level.test-Level to /Game/UEDPIE_0_Test-Level.test-Level (0.025850s)
[2017.04.25-09.53.25:043][ 17]LogInit: XAudio2 using 'Speakers (Realtek High Definition Audio(SST))' : 2 channels at 48 kHz using 32 bits per sample (channel mask 0x3)
[2017.04.25-09.53.25:051][ 17]LogInit: FAudioDevice initialized.
[2017.04.25-09.53.25:069][ 17]LogStats:Warning: MetaData mismatch. Did you assign a stat to two groups? New //STATGROUP_Threads//OnlineAsyncTaskThreadNull DefaultInstance///Thread_2fac_0///####STATCAT_Advanced#### old //STATGROUP_Threads//OnlineAsyncTaskThreadNull DefaultInstance///Thread_2c98_0///####STATCAT_Advanced####
[2017.04.25-09.53.25:109][ 17]LogLoad: Game class is 'ThirdPersonGameMode_C'
[2017.04.25-09.53.25:119][ 17]LogWorld: Bringing World /Game/UEDPIE_0_Test-Level.test-Level up for play (max tick rate 60) at 2017.04.25-10.53.25
[2017.04.25-09.53.25:123][ 17]LogWorld: Bringing up level for play took: 0.012146
[2017.04.25-09.53.25:203][ 17]LogContentBrowser: Native class hierarchy updated for 'MovieSceneCapture' in 0.0006 seconds. Added 11 classes and 0 folders.
[2017.04.25-09.53.25:203][ 17]LogGameMode:Display: Match State Changed from EnteringMap to WaitingToStart
[2017.04.25-09.53.25:203][ 17]LogGameState: Match State Changed from EnteringMap to WaitingToStart
[2017.04.25-09.53.25:203][ 17]LogGameMode:Display: Match State Changed from WaitingToStart to InProgress
[2017.04.25-09.53.25:219][ 17]LogScript:Warning: Attempted to access Jam_Ammo_C_0 via property CallFunc_FinishSpawningActor_ReturnValue, but Jam_Ammo_C_0 is pending kill
	Ammo-Spawn-Location_C /Game/UEDPIE_0_Test-Level.test-Level:PersistentLevel.Ammo-Spawn-Location_2
	Function /Game/Assets/GamePlay-Assets/Ammo-Spawn-Location.Ammo-Spawn-Location_C:ExecuteUbergraph_Ammo-Spawn-Location:0157
[2017.04.25-09.53.25:220][ 17]PIE:Error: Error Blueprint Runtime Error: Attempted to access Jam_Ammo_C_0 via property CallFunc_FinishSpawningActor_ReturnValue, but Jam_Ammo_C_0 is pending kill from function: 'ExecuteUbergraph_Ammo-Spawn-Location' from node: Bind Event to OnDestroyed in graph: EventGraph in object: Ammo-Spawn-Location with description: Attempted to access Jam_Ammo_C_0 via property CallFunc_FinishSpawningActor_ReturnValue, but Jam_Ammo_C_0 is pending kill
[2017.04.25-09.53.25:221][ 17]LogScript:Warning: Attempted to access Jam_Ammo_C_1 via property CallFunc_FinishSpawningActor_ReturnValue, but Jam_Ammo_C_1 is pending kill
	Ammo-Spawn-Location_C /Game/UEDPIE_0_Test-Level.test-Level:PersistentLevel.Ammo-Spawn-Location2_6
	Function /Game/Assets/GamePlay-Assets/Ammo-Spawn-Location.Ammo-Spawn-Location_C:ExecuteUbergraph_Ammo-Spawn-Location:0157
[2017.04.25-09.53.25:221][ 17]PIE:Error: Error Blueprint Runtime Error: Attempted to access Jam_Ammo_C_1 via property CallFunc_FinishSpawningActor_ReturnValue, but Jam_Ammo_C_1 is pending kill from function: 'ExecuteUbergraph_Ammo-Spawn-Location' from node: Bind Event to OnDestroyed in graph: EventGraph in object: Ammo-Spawn-Location with description: Attempted to access Jam_Ammo_C_1 via property CallFunc_FinishSpawningActor_ReturnValue, but Jam_Ammo_C_1 is pending kill
[2017.04.25-09.53.25:223][ 17]LogScript:Warning: Attempted to access Jam_Ammo_C_4 via property CallFunc_FinishSpawningActor_ReturnValue, but Jam_Ammo_C_4 is pending kill
	Ammo-Spawn-Location_C /Game/UEDPIE_0_Test-Level.test-Level:PersistentLevel.Ammo-Spawn-Location4_17
	Function /Game/Assets/GamePlay-Assets/Ammo-Spawn-Location.Ammo-Spawn-Location_C:ExecuteUbergraph_Ammo-Spawn-Location:0157
[2017.04.25-09.53.25:223][ 17]PIE:Error: Error Blueprint Runtime Error: Attempted to access Jam_Ammo_C_4 via property CallFunc_FinishSpawningActor_ReturnValue, but Jam_Ammo_C_4 is pending kill from function: 'ExecuteUbergraph_Ammo-Spawn-Location' from node: Bind Event to OnDestroyed in graph: EventGraph in object: Ammo-Spawn-Location with description: Attempted to access Jam_Ammo_C_4 via property CallFunc_FinishSpawningActor_ReturnValue, but Jam_Ammo_C_4 is pending kill
[2017.04.25-09.53.25:223][ 17]LogGameState: Match State Changed from WaitingToStart to InProgress
[2017.04.25-09.53.25:223][ 17]PIE: Info Play in editor start time for /Game/UEDPIE_0_Test-Level 1.214
[2017.04.25-09.53.25:223][ 17]LogBlueprintUserMessages: Late PlayInEditor Detection: Level '/Game/Test-Level.test-Level:PersistentLevel' has LevelScriptBlueprint '/Game/Test-Level.test-Level:PersistentLevel.Test-Level' with GeneratedClass '/Game/Test-Level.Test-Level_C' with ClassGeneratedBy '/Game/Test-Level.test-Level:PersistentLevel.Test-Level'
[2017.04.25-09.53.25:283][ 18]LogCharacterMovement:Warning: GetSimulationTimeStep() - Max iterations 8 hit while remaining time 0.058454 > MaxSimulationTimeStep (0.050) for 'ThirdPersonCharacter_C_0', movement 'Walking'
[2017.04.25-09.53.40:401][415]LogBlueprintUserMessages: Early EndPlayMap Detection: Level '/Game/Test-Level.test-Level:PersistentLevel' has LevelScriptBlueprint '/Game/Test-Level.test-Level:PersistentLevel.Test-Level' with GeneratedClass '/Game/Test-Level.Test-Level_C' with ClassGeneratedBy '/Game/Test-Level.test-Level:PersistentLevel.Test-Level'
[2017.04.25-09.53.40:557][415]LogOnline:Display: NULL: FOnlineSubsystemNull::Shutdown()
[2017.04.25-09.53.40:558][415]LogPlayLevel:Display: Shutting down PIE online subsystems
[2017.04.25-09.53.40:559][415]LogBlueprintUserMessages: Late EndPlayMap Detection: Level '/Game/Test-Level.test-Level:PersistentLevel' has LevelScriptBlueprint '/Game/Test-Level.test-Level:PersistentLevel.Test-Level' with GeneratedClass '/Game/Test-Level.Test-Level_C' with ClassGeneratedBy '/Game/Test-Level.test-Level:PersistentLevel.Test-Level'
[2017.04.25-09.53.40:885][416]LogPlayLevel:Display: Destroying online subsystem :Context_4
[2017.04.25-09.53.40:885][416]LogOnline:Display: NULL: FOnlineSubsystemNull::Shutdown()
[2017.04.25-09.53.57:569][ 82]BlueprintLog: New page: Compile ThirdPersonCharacter
[2017.04.25-09.53.59:110][100]LogSavePackage: Save=115.65ms
[2017.04.25-09.53.59:110][100]LogSavePackage: Moving '../../../../../../Users/Sabrina/Documents/Call-Of-Bread/Call_Of_bread/Saved/ThirdPersonCharacter556E97414A42C4B99C93D9A281E2403F.tmp' to '../../../../../../Users/Sabrina/Documents/Call-Of-Bread/Call_Of_bread/Content/Blueprints/ThirdPersonBP/Blueprints/ThirdPersonCharacter.uasset'
[2017.04.25-09.53.59:113][100]LogSavePackage:Display: Finished SavePackage ../../../../../../Users/Sabrina/Documents/Call-Of-Bread/Call_Of_bread/Content/Blueprints/ThirdPersonBP/Blueprints/ThirdPersonCharacter.uasset
[2017.04.25-09.54.02:453][289]LogTemp: Repeting last play command: Selected Viewport
[2017.04.25-09.54.02:494][289]LogBlueprintUserMessages: Early PlayInEditor Detection: Level '/Game/Test-Level.test-Level:PersistentLevel' has LevelScriptBlueprint '/Game/Test-Level.test-Level:PersistentLevel.Test-Level' with GeneratedClass '/Game/Test-Level.Test-Level_C' with ClassGeneratedBy '/Game/Test-Level.test-Level:PersistentLevel.Test-Level'
[2017.04.25-09.54.02:495][289]LogPlayLevel: PlayLevel: No blueprints needed recompiling
[2017.04.25-09.54.02:495][289]PIE: New page: PIE session: Test-Level (Apr 25, 2017, 11:54:02 AM)
[2017.04.25-09.54.02:495][289]LogPlayLevel: Creating play world package: /Game/UEDPIE_0_Test-Level
[2017.04.25-09.54.02:529][289]LogPlayLevel: PIE: StaticDuplicateObject took: (0.033261s)
[2017.04.25-09.54.02:530][289]LogAIModule: Creating AISystem for world test-Level
[2017.04.25-09.54.02:530][289]LogPlayLevel: PIE: World Init took: (0.000840s)
[2017.04.25-09.54.02:530][289]LogPlayLevel: PIE: Created PIE world by copying editor world from /Game/Test-Level.test-Level to /Game/UEDPIE_0_Test-Level.test-Level (0.034576s)
[2017.04.25-09.54.02:569][289]LogInit: XAudio2 using 'Speakers (Realtek High Definition Audio(SST))' : 2 channels at 48 kHz using 32 bits per sample (channel mask 0x3)
[2017.04.25-09.54.02:576][289]LogInit: FAudioDevice initialized.
[2017.04.25-09.54.02:611][289]LogLoad: Game class is 'ThirdPersonGameMode_C'
[2017.04.25-09.54.02:618][289]LogWorld: Bringing World /Game/UEDPIE_0_Test-Level.test-Level up for play (max tick rate 60) at 2017.04.25-10.54.02
[2017.04.25-09.54.02:619][289]LogWorld: Bringing up level for play took: 0.008100
[2017.04.25-09.54.02:631][289]LogGameMode:Display: Match State Changed from EnteringMap to WaitingToStart
[2017.04.25-09.54.02:631][289]LogGameState: Match State Changed from EnteringMap to WaitingToStart
[2017.04.25-09.54.02:631][289]LogGameMode:Display: Match State Changed from WaitingToStart to InProgress
[2017.04.25-09.54.02:636][289]LogScript:Warning: Attempted to access Jam_Ammo_C_0 via property CallFunc_FinishSpawningActor_ReturnValue, but Jam_Ammo_C_0 is pending kill
	Ammo-Spawn-Location_C /Game/UEDPIE_0_Test-Level.test-Level:PersistentLevel.Ammo-Spawn-Location_2
	Function /Game/Assets/GamePlay-Assets/Ammo-Spawn-Location.Ammo-Spawn-Location_C:ExecuteUbergraph_Ammo-Spawn-Location:0157
[2017.04.25-09.54.02:636][289]PIE:Error: Error Blueprint Runtime Error: Attempted to access Jam_Ammo_C_0 via property CallFunc_FinishSpawningActor_ReturnValue, but Jam_Ammo_C_0 is pending kill from function: 'ExecuteUbergraph_Ammo-Spawn-Location' from node: Bind Event to OnDestroyed in graph: EventGraph in object: Ammo-Spawn-Location with description: Attempted to access Jam_Ammo_C_0 via property CallFunc_FinishSpawningActor_ReturnValue, but Jam_Ammo_C_0 is pending kill
[2017.04.25-09.54.02:637][289]LogScript:Warning: Attempted to access Jam_Ammo_C_1 via property CallFunc_FinishSpawningActor_ReturnValue, but Jam_Ammo_C_1 is pending kill
	Ammo-Spawn-Location_C /Game/UEDPIE_0_Test-Level.test-Level:PersistentLevel.Ammo-Spawn-Location2_6
	Function /Game/Assets/GamePlay-Assets/Ammo-Spawn-Location.Ammo-Spawn-Location_C:ExecuteUbergraph_Ammo-Spawn-Location:0157
[2017.04.25-09.54.02:637][289]PIE:Error: Error Blueprint Runtime Error: Attempted to access Jam_Ammo_C_1 via property CallFunc_FinishSpawningActor_ReturnValue, but Jam_Ammo_C_1 is pending kill from function: 'ExecuteUbergraph_Ammo-Spawn-Location' from node: Bind Event to OnDestroyed in graph: EventGraph in object: Ammo-Spawn-Location with description: Attempted to access Jam_Ammo_C_1 via property CallFunc_FinishSpawningActor_ReturnValue, but Jam_Ammo_C_1 is pending kill
[2017.04.25-09.54.02:639][289]LogScript:Warning: Attempted to access Jam_Ammo_C_4 via property CallFunc_FinishSpawningActor_ReturnValue, but Jam_Ammo_C_4 is pending kill
	Ammo-Spawn-Location_C /Game/UEDPIE_0_Test-Level.test-Level:PersistentLevel.Ammo-Spawn-Location4_17
	Function /Game/Assets/GamePlay-Assets/Ammo-Spawn-Location.Ammo-Spawn-Location_C:ExecuteUbergraph_Ammo-Spawn-Location:0157
[2017.04.25-09.54.02:639][289]PIE:Error: Error Blueprint Runtime Error: Attempted to access Jam_Ammo_C_4 via property CallFunc_FinishSpawningActor_ReturnValue, but Jam_Ammo_C_4 is pending kill from function: 'ExecuteUbergraph_Ammo-Spawn-Location' from node: Bind Event to OnDestroyed in graph: EventGraph in object: Ammo-Spawn-Location with description: Attempted to access Jam_Ammo_C_4 via property CallFunc_FinishSpawningActor_ReturnValue, but Jam_Ammo_C_4 is pending kill
[2017.04.25-09.54.02:639][289]LogGameState: Match State Changed from WaitingToStart to InProgress
[2017.04.25-09.54.02:639][289]PIE: Info Play in editor start time for /Game/UEDPIE_0_Test-Level 0.63
[2017.04.25-09.54.02:640][289]LogBlueprintUserMessages: Late PlayInEditor Detection: Level '/Game/Test-Level.test-Level:PersistentLevel' has LevelScriptBlueprint '/Game/Test-Level.test-Level:PersistentLevel.Test-Level' with GeneratedClass '/Game/Test-Level.Test-Level_C' with ClassGeneratedBy '/Game/Test-Level.test-Level:PersistentLevel.Test-Level'
[2017.04.25-09.54.09:018][469]LogBlueprintUserMessages: Early EndPlayMap Detection: Level '/Game/Test-Level.test-Level:PersistentLevel' has LevelScriptBlueprint '/Game/Test-Level.test-Level:PersistentLevel.Test-Level' with GeneratedClass '/Game/Test-Level.Test-Level_C' with ClassGeneratedBy '/Game/Test-Level.test-Level:PersistentLevel.Test-Level'
[2017.04.25-09.54.09:089][469]LogOnline:Display: NULL: FOnlineSubsystemNull::Shutdown()
[2017.04.25-09.54.09:089][469]LogPlayLevel:Display: Shutting down PIE online subsystems
[2017.04.25-09.54.09:090][469]LogBlueprintUserMessages: Late EndPlayMap Detection: Level '/Game/Test-Level.test-Level:PersistentLevel' has LevelScriptBlueprint '/Game/Test-Level.test-Level:PersistentLevel.Test-Level' with GeneratedClass '/Game/Test-Level.Test-Level_C' with ClassGeneratedBy '/Game/Test-Level.test-Level:PersistentLevel.Test-Level'
[2017.04.25-09.54.09:402][470]LogPlayLevel:Display: Destroying online subsystem :Context_12
[2017.04.25-09.54.09:402][470]LogOnline:Display: NULL: FOnlineSubsystemNull::Shutdown()
[2017.04.25-09.54.11:102][556]LogTemp: Repeting last play command: Selected Viewport
[2017.04.25-09.54.11:137][556]LogBlueprintUserMessages: Early PlayInEditor Detection: Level '/Game/Test-Level.test-Level:PersistentLevel' has LevelScriptBlueprint '/Game/Test-Level.test-Level:PersistentLevel.Test-Level' with GeneratedClass '/Game/Test-Level.Test-Level_C' with ClassGeneratedBy '/Game/Test-Level.test-Level:PersistentLevel.Test-Level'
[2017.04.25-09.54.11:137][556]LogPlayLevel: PlayLevel: No blueprints needed recompiling
[2017.04.25-09.54.11:137][556]PIE: New page: PIE session: Test-Level (Apr 25, 2017, 11:54:11 AM)
[2017.04.25-09.54.11:138][556]LogPlayLevel: Creating play world package: /Game/UEDPIE_0_Test-Level
[2017.04.25-09.54.11:163][556]LogPlayLevel: PIE: StaticDuplicateObject took: (0.025550s)
[2017.04.25-09.54.11:164][556]LogAIModule: Creating AISystem for world test-Level
[2017.04.25-09.54.11:164][556]LogPlayLevel: PIE: World Init took: (0.000804s)
[2017.04.25-09.54.11:164][556]LogPlayLevel: PIE: Created PIE world by copying editor world from /Game/Test-Level.test-Level to /Game/UEDPIE_0_Test-Level.test-Level (0.026767s)
[2017.04.25-09.54.11:209][556]LogInit: XAudio2 using 'Speakers (Realtek High Definition Audio(SST))' : 2 channels at 48 kHz using 32 bits per sample (channel mask 0x3)
[2017.04.25-09.54.11:216][556]LogInit: FAudioDevice initialized.
[2017.04.25-09.54.11:247][556]LogLoad: Game class is 'ThirdPersonGameMode_C'
[2017.04.25-09.54.11:254][556]LogWorld: Bringing World /Game/UEDPIE_0_Test-Level.test-Level up for play (max tick rate 60) at 2017.04.25-10.54.11
[2017.04.25-09.54.11:255][556]LogWorld: Bringing up level for play took: 0.007951
[2017.04.25-09.54.11:267][556]LogGameMode:Display: Match State Changed from EnteringMap to WaitingToStart
[2017.04.25-09.54.11:267][556]LogGameState: Match State Changed from EnteringMap to WaitingToStart
[2017.04.25-09.54.11:267][556]LogGameMode:Display: Match State Changed from WaitingToStart to InProgress
[2017.04.25-09.54.11:271][556]LogScript:Warning: Attempted to access Jam_Ammo_C_0 via property CallFunc_FinishSpawningActor_ReturnValue, but Jam_Ammo_C_0 is pending kill
	Ammo-Spawn-Location_C /Game/UEDPIE_0_Test-Level.test-Level:PersistentLevel.Ammo-Spawn-Location_2
	Function /Game/Assets/GamePlay-Assets/Ammo-Spawn-Location.Ammo-Spawn-Location_C:ExecuteUbergraph_Ammo-Spawn-Location:0157
[2017.04.25-09.54.11:272][556]PIE:Error: Error Blueprint Runtime Error: Attempted to access Jam_Ammo_C_0 via property CallFunc_FinishSpawningActor_ReturnValue, but Jam_Ammo_C_0 is pending kill from function: 'ExecuteUbergraph_Ammo-Spawn-Location' from node: Bind Event to OnDestroyed in graph: EventGraph in object: Ammo-Spawn-Location with description: Attempted to access Jam_Ammo_C_0 via property CallFunc_FinishSpawningActor_ReturnValue, but Jam_Ammo_C_0 is pending kill
[2017.04.25-09.54.11:273][556]LogScript:Warning: Attempted to access Jam_Ammo_C_1 via property CallFunc_FinishSpawningActor_ReturnValue, but Jam_Ammo_C_1 is pending kill
	Ammo-Spawn-Location_C /Game/UEDPIE_0_Test-Level.test-Level:PersistentLevel.Ammo-Spawn-Location2_6
	Function /Game/Assets/GamePlay-Assets/Ammo-Spawn-Location.Ammo-Spawn-Location_C:ExecuteUbergraph_Ammo-Spawn-Location:0157
[2017.04.25-09.54.11:273][556]PIE:Error: Error Blueprint Runtime Error: Attempted to access Jam_Ammo_C_1 via property CallFunc_FinishSpawningActor_ReturnValue, but Jam_Ammo_C_1 is pending kill from function: 'ExecuteUbergraph_Ammo-Spawn-Location' from node: Bind Event to OnDestroyed in graph: EventGraph in object: Ammo-Spawn-Location with description: Attempted to access Jam_Ammo_C_1 via property CallFunc_FinishSpawningActor_ReturnValue, but Jam_Ammo_C_1 is pending kill
[2017.04.25-09.54.11:274][556]LogScript:Warning: Attempted to access Jam_Ammo_C_4 via property CallFunc_FinishSpawningActor_ReturnValue, but Jam_Ammo_C_4 is pending kill
	Ammo-Spawn-Location_C /Game/UEDPIE_0_Test-Level.test-Level:PersistentLevel.Ammo-Spawn-Location4_17
	Function /Game/Assets/GamePlay-Assets/Ammo-Spawn-Location.Ammo-Spawn-Location_C:ExecuteUbergraph_Ammo-Spawn-Location:0157
[2017.04.25-09.54.11:274][556]PIE:Error: Error Blueprint Runtime Error: Attempted to access Jam_Ammo_C_4 via property CallFunc_FinishSpawningActor_ReturnValue, but Jam_Ammo_C_4 is pending kill from function: 'ExecuteUbergraph_Ammo-Spawn-Location' from node: Bind Event to OnDestroyed in graph: EventGraph in object: Ammo-Spawn-Location with description: Attempted to access Jam_Ammo_C_4 via property CallFunc_FinishSpawningActor_ReturnValue, but Jam_Ammo_C_4 is pending kill
[2017.04.25-09.54.11:275][556]LogGameState: Match State Changed from WaitingToStart to InProgress
[2017.04.25-09.54.11:275][556]PIE: Info Play in editor start time for /Game/UEDPIE_0_Test-Level -0.734
[2017.04.25-09.54.11:275][556]LogBlueprintUserMessages: Late PlayInEditor Detection: Level '/Game/Test-Level.test-Level:PersistentLevel' has LevelScriptBlueprint '/Game/Test-Level.test-Level:PersistentLevel.Test-Level' with GeneratedClass '/Game/Test-Level.Test-Level_C' with ClassGeneratedBy '/Game/Test-Level.test-Level:PersistentLevel.Test-Level'
[2017.04.25-09.54.18:330][739]LogAudio:Warning: Detected orphaned looping sound 'Old_Time_Radio_Broadcast_Cue'.
[2017.04.25-09.54.25:265][933]LogBlueprintUserMessages: Early EndPlayMap Detection: Level '/Game/Test-Level.test-Level:PersistentLevel' has LevelScriptBlueprint '/Game/Test-Level.test-Level:PersistentLevel.Test-Level' with GeneratedClass '/Game/Test-Level.Test-Level_C' with ClassGeneratedBy '/Game/Test-Level.test-Level:PersistentLevel.Test-Level'
[2017.04.25-09.54.25:367][933]LogOnline:Display: NULL: FOnlineSubsystemNull::Shutdown()
[2017.04.25-09.54.25:368][933]LogPlayLevel:Display: Shutting down PIE online subsystems
[2017.04.25-09.54.25:369][933]LogBlueprintUserMessages: Late EndPlayMap Detection: Level '/Game/Test-Level.test-Level:PersistentLevel' has LevelScriptBlueprint '/Game/Test-Level.test-Level:PersistentLevel.Test-Level' with GeneratedClass '/Game/Test-Level.Test-Level_C' with ClassGeneratedBy '/Game/Test-Level.test-Level:PersistentLevel.Test-Level'
[2017.04.25-09.54.25:674][934]LogPlayLevel:Display: Destroying online subsystem :Context_13
[2017.04.25-09.54.25:674][934]LogOnline:Display: NULL: FOnlineSubsystemNull::Shutdown()
[2017.04.25-09.55.59:000][406]LogEditorViewport: Clicking on Actor (LMB): HealthPickup_C (HealthPickup3)
[2017.04.25-09.56.17:872][247]LogActorComponent: ReregisterComponent: (/Game/Test-Level.test-Level:PersistentLevel.HealthPickup2.Sphere) Not currently registered. Aborting.
[2017.04.25-09.56.17:872][247]LogActorComponent: ReregisterComponent: (/Game/Test-Level.test-Level:PersistentLevel.HealthPickup3.Sphere) Not currently registered. Aborting.
[2017.04.25-09.56.17:872][247]LogActorComponent: ReregisterComponent: (/Game/Test-Level.test-Level:PersistentLevel.HealthPickup_306.Sphere) Not currently registered. Aborting.
[2017.04.25-09.56.17:872][247]LogActorComponent: ReregisterComponent: (/Engine/Transient.World_5:PersistentLevel.HealthPickup_C_0.Sphere) Not currently registered. Aborting.
[2017.04.25-09.56.17:872][247]LogActorComponent: ReregisterComponent: (/Engine/Transient.World_10:PersistentLevel.HealthPickup_C_0.Sphere) Not currently registered. Aborting.
[2017.04.25-09.56.18:409][265]LogActorComponent: ReregisterComponent: (/Game/Test-Level.test-Level:PersistentLevel.HealthPickup2.Sphere) Not currently registered. Aborting.
[2017.04.25-09.56.18:409][265]LogActorComponent: ReregisterComponent: (/Game/Test-Level.test-Level:PersistentLevel.HealthPickup3.Sphere) Not currently registered. Aborting.
[2017.04.25-09.56.18:409][265]LogActorComponent: ReregisterComponent: (/Game/Test-Level.test-Level:PersistentLevel.HealthPickup_306.Sphere) Not currently registered. Aborting.
[2017.04.25-09.56.18:409][265]LogActorComponent: ReregisterComponent: (/Engine/Transient.World_5:PersistentLevel.HealthPickup_C_0.Sphere) Not currently registered. Aborting.
[2017.04.25-09.56.18:409][265]LogActorComponent: ReregisterComponent: (/Engine/Transient.World_10:PersistentLevel.HealthPickup_C_0.Sphere) Not currently registered. Aborting.
[2017.04.25-09.56.18:755][278]LogActorComponent: ReregisterComponent: (/Game/Test-Level.test-Level:PersistentLevel.HealthPickup2.Sphere) Not currently registered. Aborting.
[2017.04.25-09.56.18:755][278]LogActorComponent: ReregisterComponent: (/Game/Test-Level.test-Level:PersistentLevel.HealthPickup3.Sphere) Not currently registered. Aborting.
[2017.04.25-09.56.18:755][278]LogActorComponent: ReregisterComponent: (/Game/Test-Level.test-Level:PersistentLevel.HealthPickup_306.Sphere) Not currently registered. Aborting.
[2017.04.25-09.56.18:755][278]LogActorComponent: ReregisterComponent: (/Engine/Transient.World_5:PersistentLevel.HealthPickup_C_0.Sphere) Not currently registered. Aborting.
[2017.04.25-09.56.18:755][278]LogActorComponent: ReregisterComponent: (/Engine/Transient.World_10:PersistentLevel.HealthPickup_C_0.Sphere) Not currently registered. Aborting.
[2017.04.25-09.56.19:302][302]LogActorComponent: ReregisterComponent: (/Game/Test-Level.test-Level:PersistentLevel.HealthPickup2.Sphere) Not currently registered. Aborting.
[2017.04.25-09.56.19:302][302]LogActorComponent: ReregisterComponent: (/Game/Test-Level.test-Level:PersistentLevel.HealthPickup3.Sphere) Not currently registered. Aborting.
[2017.04.25-09.56.19:302][302]LogActorComponent: ReregisterComponent: (/Game/Test-Level.test-Level:PersistentLevel.HealthPickup_306.Sphere) Not currently registered. Aborting.
[2017.04.25-09.56.19:302][302]LogActorComponent: ReregisterComponent: (/Engine/Transient.World_5:PersistentLevel.HealthPickup_C_0.Sphere) Not currently registered. Aborting.
[2017.04.25-09.56.19:302][302]LogActorComponent: ReregisterComponent: (/Engine/Transient.World_10:PersistentLevel.HealthPickup_C_0.Sphere) Not currently registered. Aborting.
[2017.04.25-09.56.20:758][369]LogActorComponent: ReregisterComponent: (/Game/Test-Level.test-Level:PersistentLevel.HealthPickup2.Sphere) Not currently registered. Aborting.
[2017.04.25-09.56.20:758][369]LogActorComponent: ReregisterComponent: (/Game/Test-Level.test-Level:PersistentLevel.HealthPickup3.Sphere) Not currently registered. Aborting.
[2017.04.25-09.56.20:758][369]LogActorComponent: ReregisterComponent: (/Game/Test-Level.test-Level:PersistentLevel.HealthPickup_306.Sphere) Not currently registered. Aborting.
[2017.04.25-09.56.20:758][369]LogActorComponent: ReregisterComponent: (/Engine/Transient.World_5:PersistentLevel.HealthPickup_C_0.Sphere) Not currently registered. Aborting.
[2017.04.25-09.56.20:758][369]LogActorComponent: ReregisterComponent: (/Engine/Transient.World_10:PersistentLevel.HealthPickup_C_0.Sphere) Not currently registered. Aborting.
[2017.04.25-09.56.24:314][534]LogActorComponent: ReregisterComponent: (/Game/Test-Level.test-Level:PersistentLevel.HealthPickup2.Sphere) Not currently registered. Aborting.
[2017.04.25-09.56.24:314][534]LogActorComponent: ReregisterComponent: (/Game/Test-Level.test-Level:PersistentLevel.HealthPickup3.Sphere) Not currently registered. Aborting.
[2017.04.25-09.56.24:314][534]LogActorComponent: ReregisterComponent: (/Game/Test-Level.test-Level:PersistentLevel.HealthPickup_306.Sphere) Not currently registered. Aborting.
[2017.04.25-09.56.24:314][534]LogActorComponent: ReregisterComponent: (/Engine/Transient.World_5:PersistentLevel.HealthPickup_C_0.Sphere) Not currently registered. Aborting.
[2017.04.25-09.56.24:314][534]LogActorComponent: ReregisterComponent: (/Engine/Transient.World_10:PersistentLevel.HealthPickup_C_0.Sphere) Not currently registered. Aborting.
[2017.04.25-09.56.24:907][560]LogActorComponent: ReregisterComponent: (/Game/Test-Level.test-Level:PersistentLevel.HealthPickup2.Sphere) Not currently registered. Aborting.
[2017.04.25-09.56.24:907][560]LogActorComponent: ReregisterComponent: (/Game/Test-Level.test-Level:PersistentLevel.HealthPickup3.Sphere) Not currently registered. Aborting.
[2017.04.25-09.56.24:907][560]LogActorComponent: ReregisterComponent: (/Game/Test-Level.test-Level:PersistentLevel.HealthPickup_306.Sphere) Not currently registered. Aborting.
[2017.04.25-09.56.24:907][560]LogActorComponent: ReregisterComponent: (/Engine/Transient.World_5:PersistentLevel.HealthPickup_C_0.Sphere) Not currently registered. Aborting.
[2017.04.25-09.56.24:907][560]LogActorComponent: ReregisterComponent: (/Engine/Transient.World_10:PersistentLevel.HealthPickup_C_0.Sphere) Not currently registered. Aborting.
[2017.04.25-09.56.25:601][592]LogActorComponent: ReregisterComponent: (/Game/Test-Level.test-Level:PersistentLevel.HealthPickup2.Sphere) Not currently registered. Aborting.
[2017.04.25-09.56.25:601][592]LogActorComponent: ReregisterComponent: (/Game/Test-Level.test-Level:PersistentLevel.HealthPickup3.Sphere) Not currently registered. Aborting.
[2017.04.25-09.56.25:601][592]LogActorComponent: ReregisterComponent: (/Game/Test-Level.test-Level:PersistentLevel.HealthPickup_306.Sphere) Not currently registered. Aborting.
[2017.04.25-09.56.25:601][592]LogActorComponent: ReregisterComponent: (/Engine/Transient.World_5:PersistentLevel.HealthPickup_C_0.Sphere) Not currently registered. Aborting.
[2017.04.25-09.56.25:601][592]LogActorComponent: ReregisterComponent: (/Engine/Transient.World_10:PersistentLevel.HealthPickup_C_0.Sphere) Not currently registered. Aborting.
[2017.04.25-09.56.26:449][631]LogActorComponent: ReregisterComponent: (/Game/Test-Level.test-Level:PersistentLevel.HealthPickup2.Sphere) Not currently registered. Aborting.
[2017.04.25-09.56.26:449][631]LogActorComponent: ReregisterComponent: (/Game/Test-Level.test-Level:PersistentLevel.HealthPickup3.Sphere) Not currently registered. Aborting.
[2017.04.25-09.56.26:449][631]LogActorComponent: ReregisterComponent: (/Game/Test-Level.test-Level:PersistentLevel.HealthPickup_306.Sphere) Not currently registered. Aborting.
[2017.04.25-09.56.26:449][631]LogActorComponent: ReregisterComponent: (/Engine/Transient.World_5:PersistentLevel.HealthPickup_C_0.Sphere) Not currently registered. Aborting.
[2017.04.25-09.56.26:449][631]LogActorComponent: ReregisterComponent: (/Engine/Transient.World_10:PersistentLevel.HealthPickup_C_0.Sphere) Not currently registered. Aborting.
[2017.04.25-09.56.27:630][685]BlueprintLog: New page: Compile HealthPickup
[2017.04.25-09.56.28:706][719]Cmd: OBJ SAVEPACKAGE PACKAGE="/Game/Blueprints/HealthPickup" FILE="../../../../../../Users/Sabrina/Documents/Call-Of-Bread/Call_Of_bread/Content/Blueprints/HealthPickup.uasset" SILENT=true
[2017.04.25-09.56.28:744][719]LogSavePackage: Save=24.99ms
[2017.04.25-09.56.28:744][719]LogSavePackage: Moving '../../../../../../Users/Sabrina/Documents/Call-Of-Bread/Call_Of_bread/Saved/HealthPickup0121FF1E4374748BDF6FC5ABCECEE2A0.tmp' to '../../../../../../Users/Sabrina/Documents/Call-Of-Bread/Call_Of_bread/Content/Blueprints/HealthPickup.uasset'
[2017.04.25-09.56.28:748][719]LogSavePackage:Display: Finished SavePackage ../../../../../../Users/Sabrina/Documents/Call-Of-Bread/Call_Of_bread/Content/Blueprints/HealthPickup.uasset
[2017.04.25-09.56.38:976][187]LogTemp: Repeting last play command: Selected Viewport
[2017.04.25-09.56.39:001][187]LogBlueprintUserMessages: Early PlayInEditor Detection: Level '/Game/Test-Level.test-Level:PersistentLevel' has LevelScriptBlueprint '/Game/Test-Level.test-Level:PersistentLevel.Test-Level' with GeneratedClass '/Game/Test-Level.Test-Level_C' with ClassGeneratedBy '/Game/Test-Level.test-Level:PersistentLevel.Test-Level'
[2017.04.25-09.56.39:001][187]BlueprintLog: New page: Pre-Play auto-recompile
[2017.04.25-09.56.39:001][187]LogPlayLevel: [PlayLevel] Compiling ThirdPersonCharacter before play...
[2017.04.25-09.56.39:114][187]LogPlayLevel: [PlayLevel]   Compiling ThirdPerson_AnimBP as a dependent...
[2017.04.25-09.56.39:145][187]LogPlayLevel: [PlayLevel]   Compiling Bread_Animtion_Blue_print as a dependent...
[2017.04.25-09.56.39:621][187]LogPlayLevel: PlayLevel: Blueprint regeneration took 619 ms (3 blueprints)
[2017.04.25-09.56.39:621][187]PIE: New page: PIE session: Test-Level (Apr 25, 2017, 11:56:39 AM)
[2017.04.25-09.56.39:622][187]LogPlayLevel: Creating play world package: /Game/UEDPIE_0_Test-Level
[2017.04.25-09.56.39:645][187]LogPlayLevel: PIE: StaticDuplicateObject took: (0.023144s)
[2017.04.25-09.56.39:646][187]LogAIModule: Creating AISystem for world test-Level
[2017.04.25-09.56.39:646][187]LogPlayLevel: PIE: World Init took: (0.001030s)
[2017.04.25-09.56.39:647][187]LogPlayLevel: PIE: Created PIE world by copying editor world from /Game/Test-Level.test-Level to /Game/UEDPIE_0_Test-Level.test-Level (0.024528s)
[2017.04.25-09.56.39:691][187]LogInit: XAudio2 using 'Speakers (Realtek High Definition Audio(SST))' : 2 channels at 48 kHz using 32 bits per sample (channel mask 0x3)
[2017.04.25-09.56.39:699][187]LogInit: FAudioDevice initialized.
[2017.04.25-09.56.39:730][187]LogLoad: Game class is 'ThirdPersonGameMode_C'
[2017.04.25-09.56.39:737][187]LogWorld: Bringing World /Game/UEDPIE_0_Test-Level.test-Level up for play (max tick rate 60) at 2017.04.25-10.56.39
[2017.04.25-09.56.39:738][187]LogWorld: Bringing up level for play took: 0.008215
[2017.04.25-09.56.39:751][187]LogGameMode:Display: Match State Changed from EnteringMap to WaitingToStart
[2017.04.25-09.56.39:751][187]LogGameState: Match State Changed from EnteringMap to WaitingToStart
[2017.04.25-09.56.39:751][187]LogGameMode:Display: Match State Changed from WaitingToStart to InProgress
[2017.04.25-09.56.39:755][187]LogScript:Warning: Attempted to access Jam_Ammo_C_1 via property CallFunc_FinishSpawningActor_ReturnValue, but Jam_Ammo_C_1 is pending kill
	Ammo-Spawn-Location_C /Game/UEDPIE_0_Test-Level.test-Level:PersistentLevel.Ammo-Spawn-Location2_6
	Function /Game/Assets/GamePlay-Assets/Ammo-Spawn-Location.Ammo-Spawn-Location_C:ExecuteUbergraph_Ammo-Spawn-Location:0157
[2017.04.25-09.56.39:755][187]PIE:Error: Error Blueprint Runtime Error: Attempted to access Jam_Ammo_C_1 via property CallFunc_FinishSpawningActor_ReturnValue, but Jam_Ammo_C_1 is pending kill from function: 'ExecuteUbergraph_Ammo-Spawn-Location' from node: Bind Event to OnDestroyed in graph: EventGraph in object: Ammo-Spawn-Location with description: Attempted to access Jam_Ammo_C_1 via property CallFunc_FinishSpawningActor_ReturnValue, but Jam_Ammo_C_1 is pending kill
[2017.04.25-09.56.39:757][187]LogScript:Warning: Attempted to access Jam_Ammo_C_4 via property CallFunc_FinishSpawningActor_ReturnValue, but Jam_Ammo_C_4 is pending kill
	Ammo-Spawn-Location_C /Game/UEDPIE_0_Test-Level.test-Level:PersistentLevel.Ammo-Spawn-Location4_17
	Function /Game/Assets/GamePlay-Assets/Ammo-Spawn-Location.Ammo-Spawn-Location_C:ExecuteUbergraph_Ammo-Spawn-Location:0157
[2017.04.25-09.56.39:757][187]PIE:Error: Error Blueprint Runtime Error: Attempted to access Jam_Ammo_C_4 via property CallFunc_FinishSpawningActor_ReturnValue, but Jam_Ammo_C_4 is pending kill from function: 'ExecuteUbergraph_Ammo-Spawn-Location' from node: Bind Event to OnDestroyed in graph: EventGraph in object: Ammo-Spawn-Location with description: Attempted to access Jam_Ammo_C_4 via property CallFunc_FinishSpawningActor_ReturnValue, but Jam_Ammo_C_4 is pending kill
[2017.04.25-09.56.39:757][187]LogGameState: Match State Changed from WaitingToStart to InProgress
[2017.04.25-09.56.39:758][187]PIE: Info Play in editor start time for /Game/UEDPIE_0_Test-Level 1.749
[2017.04.25-09.56.39:758][187]LogBlueprintUserMessages: Late PlayInEditor Detection: Level '/Game/Test-Level.test-Level:PersistentLevel' has LevelScriptBlueprint '/Game/Test-Level.test-Level:PersistentLevel.Test-Level' with GeneratedClass '/Game/Test-Level.Test-Level_C' with ClassGeneratedBy '/Game/Test-Level.test-Level:PersistentLevel.Test-Level'
[2017.04.25-09.56.41:430][205]LogD3D11RHI: Timed out while waiting for GPU to catch up. (0.5 s)
[2017.04.25-09.56.41:932][206]LogD3D11RHI: Timed out while waiting for GPU to catch up. (0.5 s)
[2017.04.25-09.56.42:432][206]LogD3D11RHI: Timed out while waiting for GPU to catch up. (0.5 s)
[2017.04.25-09.56.43:158][206]LogD3D11RHI: Timed out while waiting for GPU to catch up. (0.5 s)
[2017.04.25-09.56.43:521][206]LogD3D11RHI: Timed out while waiting for GPU to catch up. (0.5 s)
[2017.04.25-09.56.43:932][206]LogD3D11RHI: Timed out while waiting for GPU to catch up. (0.5 s)
[2017.04.25-09.56.44:432][206]LogD3D11RHI: Timed out while waiting for GPU to catch up. (0.5 s)
[2017.04.25-09.56.44:932][206]LogD3D11RHI: Timed out while waiting for GPU to catch up. (0.5 s)
[2017.04.25-09.56.45:433][206]LogD3D11RHI: Timed out while waiting for GPU to catch up. (0.5 s)
[2017.04.25-09.56.45:932][206]LogD3D11RHI: Timed out while waiting for GPU to catch up. (0.5 s)
[2017.04.25-09.56.45:935][206]LogD3D11RHI:Error: Result failed 
 at D:\Build\++UE4+Release-4.14+Compile\Sync\Engine\Source\Runtime\Windows\D3D11RHI\Private\D3D11Viewport.cpp:275 
 with error DXGI_ERROR_DEVICE_REMOVED DXGI_ERROR_DEVICE_REMOVED
[2017.04.25-09.56.45:943][206]LogWindows: Windows GetLastError: The operation completed successfully. (0)
